{"header": {"activity_id": "{00000000-0000-0000-0000-000000000000}", "event_flags": 576, "event_id": 5, "event_name": "", "event_opcode": 0, "event_version": 0, "process_id": 4636, "provider_name": "Microsoft-Windows-Kernel-Audit-API-Calls", "task_name": "", "thread_id": 3892, "timestamp": "2025-10-30 03:48:20Z", "trace_name": "AuditAPITrace01"}, "properties": {"DesiredAccess": 2147483648, "ReturnCode": 0, "TargetProcessId": 4636}, "property_types": {"DesiredAccess": "UINT32", "ReturnCode": "UINT32", "TargetProcessId": "UINT32"}}
{"header": {"activity_id": "{00000000-0000-0000-0000-000000000000}", "event_flags": 576, "event_id": 5, "event_name": "", "event_opcode": 0, "event_version": 0, "process_id": 4636, "provider_name": "Microsoft-Windows-Kernel-Audit-API-Calls", "task_name": "", "thread_id": 3892, "timestamp": "2025-10-30 03:48:20Z", "trace_name": "AuditAPITrace01"}, "properties": {"DesiredAccess": 2147483648, "ReturnCode": 0, "TargetProcessId": 4636}, "property_types": {"DesiredAccess": "UINT32", "ReturnCode": "UINT32", "TargetProcessId": "UINT32"}}
{"header": {"activity_id": "{00000000-0000-0000-0000-000000000000}", "event_flags": 576, "event_id": 5, "event_name": "", "event_opcode": 0, "event_version": 0, "process_id": 4636, "provider_name": "Microsoft-Windows-Kernel-Audit-API-Calls", "task_name": "", "thread_id": 3892, "timestamp": "2025-10-30 03:48:20Z", "trace_name": "AuditAPITrace01"}, "properties": {"DesiredAccess": 0, "ReturnCode": 0, "TargetProcessId": 4636}, "property_types": {"DesiredAccess": "UINT32", "ReturnCode": "UINT32", "TargetProcessId": "UINT32"}}
{"header": {"activity_id": "{00000000-0000-0000-0000-000000000000}", "event_flags": 576, "event_id": 5, "event_name": "", "event_opcode": 0, "event_version": 3, "process_id": 3856, "provider_name": "Microsoft-Windows-Sysmon", "task_name": "Process terminated (rule: ProcessTerminate) ", "thread_id": 5992, "timestamp": "2025-10-30 03:48:20Z", "trace_name": "codeintegrity"}, "properties": {"Image": "C:\\Windows\\System32\\sc.exe", "ProcessGuid": "{39898580-E003-6902-0301-000000000300}", "ProcessId": 4636, "RuleName": "-", "User": "DESKTOP-3AERCN7\\cyb3r", "UtcTime": "2025-10-30 03:48:20.023"}, "property_types": {"Image": "STRINGW", "ProcessGuid": "GUID", "ProcessId": "UINT32", "RuleName": "STRINGW", "User": "STRINGW", "UtcTime": "STRINGW"}}
{"header": {"activity_id": "{00000000-0000-0000-0000-000000000000}", "event_flags": 576, "event_id": 5, "event_name": "", "event_opcode": 0, "event_version": 0, "process_id": 2144, "provider_name": "Microsoft-Windows-Kernel-Audit-API-Calls", "task_name": "", "thread_id": 2240, "timestamp": "2025-10-30 03:48:20Z", "trace_name": "AuditAPITrace01"}, "properties": {"DesiredAccess": 0, "ReturnCode": 0, "TargetProcessId": 2144}, "property_types": {"DesiredAccess": "UINT32", "ReturnCode": "UINT32", "TargetProcessId": "UINT32"}}
{"header": {"activity_id": "{00000000-0000-0000-0000-000000000000}", "event_flags": 576, "event_id": 12, "event_name": "", "event_opcode": 0, "event_version": 2, "process_id": 3856, "provider_name": "Microsoft-Windows-Sysmon", "task_name": "Registry object added or deleted (rule: RegistryEvent) ", "thread_id": 5992, "timestamp": "2025-10-30 03:48:20Z", "trace_name": "codeintegrity"}, "properties": {"EventType": "CreateKey", "Image": "C:\\Windows\\system32\\svchost.exe", "ProcessGuid": "{39898580-DB71-6902-3400-000000000300}", "ProcessId": 2144, "RuleName": "-", "TargetObject": "HKU\\.DEFAULT\\Software\\Microsoft\\Windows\\CurrentVersion\\Internet Settings\\Connections", "User": "NT AUTHORITY\\LOCAL SERVICE", "UtcTime": "2025-10-30 03:48:20.038"}, "property_types": {"EventType": "STRINGW", "Image": "STRINGW", "ProcessGuid": "GUID", "ProcessId": "UINT32", "RuleName": "STRINGW", "TargetObject": "STRINGW", "User": "STRINGW", "UtcTime": "STRINGW"}}
{"header": {"activity_id": "{00000000-0000-0000-0000-000000000000}", "event_flags": 576, "event_id": 5, "event_name": "", "event_opcode": 0, "event_version": 0, "process_id": 3856, "provider_name": "Microsoft-Windows-Kernel-Audit-API-Calls", "task_name": "", "thread_id": 7964, "timestamp": "2025-10-30 03:48:20Z", "trace_name": "AuditAPITrace01"}, "properties": {"DesiredAccess": 2147483648, "ReturnCode": 0, "TargetProcessId": 3856}, "property_types": {"DesiredAccess": "UINT32", "ReturnCode": "UINT32", "TargetProcessId": "UINT32"}}
{"header": {"activity_id": "{00000000-0000-0000-0000-000000000000}", "event_flags": 576, "event_id": 5, "event_name": "", "event_opcode": 0, "event_version": 0, "process_id": 3856, "provider_name": "Microsoft-Windows-Kernel-Audit-API-Calls", "task_name": "", "thread_id": 7964, "timestamp": "2025-10-30 03:48:20Z", "trace_name": "AuditAPITrace01"}, "properties": {"DesiredAccess": 2147483648, "ReturnCode": 0, "TargetProcessId": 3856}, "property_types": {"DesiredAccess": "UINT32", "ReturnCode": "UINT32", "TargetProcessId": "UINT32"}}
{"header": {"activity_id": "{3A71319B-494D-0000-764F-713A4D49DC01}", "event_flags": 576, "event_id": 3038, "event_name": "", "event_opcode": 1, "event_version": 2, "process_id": 3856, "provider_name": "Microsoft-Windows-CodeIntegrity", "task_name": "ValidateImageHeader", "thread_id": 4696, "timestamp": "2025-10-30 03:48:20Z", "trace_name": "codeintegrity"}, "properties": {"FileNameBuffer": "\\Windows\\System32\\OnDemandConnRouteHelper.dll", "FileNameLength": 45, "ProcessNameBuffer": "\\Device\\HarddiskVolume2\\Windows\\Sysmon64.exe", "ProcessNameLength": 44, "RequestedSigningLevel": 7, "SecureRequired": "00000000"}, "property_types": {"FileNameBuffer": "STRINGW", "FileNameLength": "UINT16", "ProcessNameBuffer": "STRINGW", "ProcessNameLength": "UINT16", "RequestedSigningLevel": "UINT8", "SecureRequired": "OTHER"}}
{"header": {"activity_id": "{3A71319B-494D-0000-764F-713A4D49DC01}", "event_flags": 576, "event_id": 3040, "event_name": "", "event_opcode": 1, "event_version": 0, "process_id": 3856, "provider_name": "Microsoft-Windows-CodeIntegrity", "task_name": "GetFileCache", "thread_id": 4696, "timestamp": "2025-10-30 03:48:20Z", "trace_name": "codeintegrity"}, "properties": {"FileNameBuffer": "\\Windows\\System32\\OnDemandConnRouteHelper.dll", "FileNameLength": 45}, "property_types": {"FileNameBuffer": "STRINGW", "FileNameLength": "UINT16"}}
{"header": {"activity_id": "{3A71319B-494D-0000-764F-713A4D49DC01}", "event_flags": 576, "event_id": 3041, "event_name": "", "event_opcode": 2, "event_version": 2, "process_id": 3856, "provider_name": "Microsoft-Windows-CodeIntegrity", "task_name": "GetFileCache", "thread_id": 4696, "timestamp": "2025-10-30 03:48:20Z", "trace_name": "codeintegrity"}, "properties": {"CacheSource": 0, "CachedFlags": "42000000", "CachedPolicy": 12, "Status": "00000000"}, "property_types": {"CacheSource": "UINT8", "CachedFlags": "OTHER", "CachedPolicy": "UINT8", "Status": "OTHER"}}
{"header": {"activity_id": "{3A71319B-494D-0000-764F-713A4D49DC01}", "event_flags": 576, "event_id": 3039, "event_name": "", "event_opcode": 2, "event_version": 1, "process_id": 3856, "provider_name": "Microsoft-Windows-CodeIntegrity", "task_name": "ValidateImageHeader", "thread_id": 4696, "timestamp": "2025-10-30 03:48:20Z", "trace_name": "codeintegrity"}, "properties": {"Status": "00000000"}, "property_types": {"Status": "OTHER"}}
{"header": {"activity_id": "{00000000-0000-0000-0000-000000000000}", "event_flags": 576, "event_id": 5, "event_name": "", "event_opcode": 0, "event_version": 0, "process_id": 3856, "provider_name": "Microsoft-Windows-Kernel-Audit-API-Calls", "task_name": "", "thread_id": 4696, "timestamp": "2025-10-30 03:48:20Z", "trace_name": "AuditAPITrace01"}, "properties": {"DesiredAccess": 2147483648, "ReturnCode": 0, "TargetProcessId": 3856}, "property_types": {"DesiredAccess": "UINT32", "ReturnCode": "UINT32", "TargetProcessId": "UINT32"}}
{"header": {"activity_id": "{00000000-0000-0000-0000-000000000000}", "event_flags": 576, "event_id": 5, "event_name": "", "event_opcode": 0, "event_version": 0, "process_id": 3856, "provider_name": "Microsoft-Windows-Kernel-Audit-API-Calls", "task_name": "", "thread_id": 4696, "timestamp": "2025-10-30 03:48:20Z", "trace_name": "AuditAPITrace01"}, "properties": {"DesiredAccess": 0, "ReturnCode": 0, "TargetProcessId": 3856}, "property_types": {"DesiredAccess": "UINT32", "ReturnCode": "UINT32", "TargetProcessId": "UINT32"}}
{"header": {"activity_id": "{00000000-0000-0000-0000-000000000000}", "event_flags": 576, "event_id": 5, "event_name": "", "event_opcode": 0, "event_version": 0, "process_id": 3856, "provider_name": "Microsoft-Windows-Kernel-Audit-API-Calls", "task_name": "", "thread_id": 4892, "timestamp": "2025-10-30 03:48:20Z", "trace_name": "AuditAPITrace01"}, "properties": {"DesiredAccess": 0, "ReturnCode": 0, "TargetProcessId": 3856}, "property_types": {"DesiredAccess": "UINT32", "ReturnCode": "UINT32", "TargetProcessId": "UINT32"}}
{"header": {"activity_id": "{00000000-0000-0000-0000-000000000000}", "event_flags": 576, "event_id": 5, "event_name": "", "event_opcode": 0, "event_version": 0, "process_id": 3856, "provider_name": "Microsoft-Windows-Kernel-Audit-API-Calls", "task_name": "", "thread_id": 4892, "timestamp": "2025-10-30 03:48:20Z", "trace_name": "AuditAPITrace01"}, "properties": {"DesiredAccess": 0, "ReturnCode": 0, "TargetProcessId": 3856}, "property_types": {"DesiredAccess": "UINT32", "ReturnCode": "UINT32", "TargetProcessId": "UINT32"}}
{"header": {"activity_id": "{00000000-0000-0000-0000-000000000000}", "event_flags": 576, "event_id": 5, "event_name": "", "event_opcode": 0, "event_version": 0, "process_id": 2144, "provider_name": "Microsoft-Windows-Kernel-Audit-API-Calls", "task_name": "", "thread_id": 2240, "timestamp": "2025-10-30 03:48:20Z", "trace_name": "AuditAPITrace01"}, "properties": {"DesiredAccess": 0, "ReturnCode": 0, "TargetProcessId": 2144}, "property_types": {"DesiredAccess": "UINT32", "ReturnCode": "UINT32", "TargetProcessId": "UINT32"}}
{"header": {"activity_id": "{00000000-0000-0000-0000-000000000000}", "event_flags": 576, "event_id": 12, "event_name": "", "event_opcode": 0, "event_version": 2, "process_id": 3856, "provider_name": "Microsoft-Windows-Sysmon", "task_name": "Registry object added or deleted (rule: RegistryEvent) ", "thread_id": 5992, "timestamp": "2025-10-30 03:48:20Z", "trace_name": "codeintegrity"}, "properties": {"EventType": "CreateKey", "Image": "C:\\Windows\\system32\\svchost.exe", "ProcessGuid": "{39898580-DB71-6902-3400-000000000300}", "ProcessId": 2144, "RuleName": "-", "TargetObject": "HKU\\.DEFAULT\\Software\\Microsoft\\Windows\\CurrentVersion\\Internet Settings\\Connections", "User": "NT AUTHORITY\\LOCAL SERVICE", "UtcTime": "2025-10-30 03:48:20.038"}, "property_types": {"EventType": "STRINGW", "Image": "STRINGW", "ProcessGuid": "GUID", "ProcessId": "UINT32", "RuleName": "STRINGW", "TargetObject": "STRINGW", "User": "STRINGW", "UtcTime": "STRINGW"}}
{"header": {"activity_id": "{00000000-0000-0000-0000-000000000000}", "event_flags": 576, "event_id": 5, "event_name": "", "event_opcode": 0, "event_version": 0, "process_id": 3856, "provider_name": "Microsoft-Windows-Kernel-Audit-API-Calls", "task_name": "", "thread_id": 7964, "timestamp": "2025-10-30 03:48:20Z", "trace_name": "AuditAPITrace01"}, "properties": {"DesiredAccess": 2147483648, "ReturnCode": 0, "TargetProcessId": 3856}, "property_types": {"DesiredAccess": "UINT32", "ReturnCode": "UINT32", "TargetProcessId": "UINT32"}}
{"header": {"activity_id": "{00000000-0000-0000-0000-000000000000}", "event_flags": 576, "event_id": 5, "event_name": "", "event_opcode": 0, "event_version": 0, "process_id": 3856, "provider_name": "Microsoft-Windows-Kernel-Audit-API-Calls", "task_name": "", "thread_id": 7964, "timestamp": "2025-10-30 03:48:20Z", "trace_name": "AuditAPITrace01"}, "properties": {"DesiredAccess": 2147483648, "ReturnCode": 0, "TargetProcessId": 3856}, "property_types": {"DesiredAccess": "UINT32", "ReturnCode": "UINT32", "TargetProcessId": "UINT32"}}
{"header": {"activity_id": "{3A71319B-494D-0001-384E-713A4D49DC01}", "event_flags": 576, "event_id": 3038, "event_name": "", "event_opcode": 1, "event_version": 2, "process_id": 3856, "provider_name": "Microsoft-Windows-CodeIntegrity", "task_name": "ValidateImageHeader", "thread_id": 4760, "timestamp": "2025-10-30 03:48:20Z", "trace_name": "codeintegrity"}, "properties": {"FileNameBuffer": "\\Windows\\System32\\OnDemandConnRouteHelper.dll", "FileNameLength": 45, "ProcessNameBuffer": "\\Device\\HarddiskVolume2\\Windows\\Sysmon64.exe", "ProcessNameLength": 44, "RequestedSigningLevel": 7, "SecureRequired": "00000000"}, "property_types": {"FileNameBuffer": "STRINGW", "FileNameLength": "UINT16", "ProcessNameBuffer": "STRINGW", "ProcessNameLength": "UINT16", "RequestedSigningLevel": "UINT8", "SecureRequired": "OTHER"}}
{"header": {"activity_id": "{3A71319B-494D-0001-384E-713A4D49DC01}", "event_flags": 576, "event_id": 3040, "event_name": "", "event_opcode": 1, "event_version": 0, "process_id": 3856, "provider_name": "Microsoft-Windows-CodeIntegrity", "task_name": "GetFileCache", "thread_id": 4760, "timestamp": "2025-10-30 03:48:20Z", "trace_name": "codeintegrity"}, "properties": {"FileNameBuffer": "\\Windows\\System32\\OnDemandConnRouteHelper.dll", "FileNameLength": 45}, "property_types": {"FileNameBuffer": "STRINGW", "FileNameLength": "UINT16"}}
{"header": {"activity_id": "{3A71319B-494D-0001-384E-713A4D49DC01}", "event_flags": 576, "event_id": 3041, "event_name": "", "event_opcode": 2, "event_version": 2, "process_id": 3856, "provider_name": "Microsoft-Windows-CodeIntegrity", "task_name": "GetFileCache", "thread_id": 4760, "timestamp": "2025-10-30 03:48:20Z", "trace_name": "codeintegrity"}, "properties": {"CacheSource": 0, "CachedFlags": "42000000", "CachedPolicy": 12, "Status": "00000000"}, "property_types": {"CacheSource": "UINT8", "CachedFlags": "OTHER", "CachedPolicy": "UINT8", "Status": "OTHER"}}
{"header": {"activity_id": "{3A71319B-494D-0001-384E-713A4D49DC01}", "event_flags": 576, "event_id": 3039, "event_name": "", "event_opcode": 2, "event_version": 1, "process_id": 3856, "provider_name": "Microsoft-Windows-CodeIntegrity", "task_name": "ValidateImageHeader", "thread_id": 4760, "timestamp": "2025-10-30 03:48:20Z", "trace_name": "codeintegrity"}, "properties": {"Status": "00000000"}, "property_types": {"Status": "OTHER"}}
{"header": {"activity_id": "{00000000-0000-0000-0000-000000000000}", "event_flags": 576, "event_id": 5, "event_name": "", "event_opcode": 0, "event_version": 0, "process_id": 3856, "provider_name": "Microsoft-Windows-Kernel-Audit-API-Calls", "task_name": "", "thread_id": 4760, "timestamp": "2025-10-30 03:48:20Z", "trace_name": "AuditAPITrace01"}, "properties": {"DesiredAccess": 2147483648, "ReturnCode": 0, "TargetProcessId": 3856}, "property_types": {"DesiredAccess": "UINT32", "ReturnCode": "UINT32", "TargetProcessId": "UINT32"}}
{"header": {"activity_id": "{00000000-0000-0000-0000-000000000000}", "event_flags": 576, "event_id": 5, "event_name": "", "event_opcode": 0, "event_version": 0, "process_id": 3856, "provider_name": "Microsoft-Windows-Kernel-Audit-API-Calls", "task_name": "", "thread_id": 4760, "timestamp": "2025-10-30 03:48:20Z", "trace_name": "AuditAPITrace01"}, "properties": {"DesiredAccess": 0, "ReturnCode": 0, "TargetProcessId": 3856}, "property_types": {"DesiredAccess": "UINT32", "ReturnCode": "UINT32", "TargetProcessId": "UINT32"}}
{"header": {"activity_id": "{00000000-0000-0000-0000-000000000000}", "event_flags": 576, "event_id": 5, "event_name": "", "event_opcode": 0, "event_version": 0, "process_id": 3856, "provider_name": "Microsoft-Windows-Kernel-Audit-API-Calls", "task_name": "", "thread_id": 4892, "timestamp": "2025-10-30 03:48:20Z", "trace_name": "AuditAPITrace01"}, "properties": {"DesiredAccess": 0, "ReturnCode": 0, "TargetProcessId": 3856}, "property_types": {"DesiredAccess": "UINT32", "ReturnCode": "UINT32", "TargetProcessId": "UINT32"}}
{"header": {"activity_id": "{00000000-0000-0000-0000-000000000000}", "event_flags": 576, "event_id": 5, "event_name": "", "event_opcode": 0, "event_version": 0, "process_id": 3856, "provider_name": "Microsoft-Windows-Kernel-Audit-API-Calls", "task_name": "", "thread_id": 4892, "timestamp": "2025-10-30 03:48:20Z", "trace_name": "AuditAPITrace01"}, "properties": {"DesiredAccess": 0, "ReturnCode": 0, "TargetProcessId": 3856}, "property_types": {"DesiredAccess": "UINT32", "ReturnCode": "UINT32", "TargetProcessId": "UINT32"}}
{"header": {"activity_id": "{00000000-0000-0000-0000-000000000000}", "event_flags": 576, "event_id": 5, "event_name": "", "event_opcode": 0, "event_version": 0, "process_id": 2144, "provider_name": "Microsoft-Windows-Kernel-Audit-API-Calls", "task_name": "", "thread_id": 2240, "timestamp": "2025-10-30 03:48:20Z", "trace_name": "AuditAPITrace01"}, "properties": {"DesiredAccess": 0, "ReturnCode": 0, "TargetProcessId": 2144}, "property_types": {"DesiredAccess": "UINT32", "ReturnCode": "UINT32", "TargetProcessId": "UINT32"}}
{"header": {"activity_id": "{00000000-0000-0000-0000-000000000000}", "event_flags": 576, "event_id": 12, "event_name": "", "event_opcode": 0, "event_version": 2, "process_id": 3856, "provider_name": "Microsoft-Windows-Sysmon", "task_name": "Registry object added or deleted (rule: RegistryEvent) ", "thread_id": 5992, "timestamp": "2025-10-30 03:48:20Z", "trace_name": "codeintegrity"}, "properties": {"EventType": "CreateKey", "Image": "C:\\Windows\\system32\\svchost.exe", "ProcessGuid": "{39898580-DB71-6902-3400-000000000300}", "ProcessId": 2144, "RuleName": "-", "TargetObject": "HKU\\.DEFAULT\\Software\\Microsoft\\Windows\\CurrentVersion\\Internet Settings\\Connections", "User": "NT AUTHORITY\\LOCAL SERVICE", "UtcTime": "2025-10-30 03:48:20.038"}, "property_types": {"EventType": "STRINGW", "Image": "STRINGW", "ProcessGuid": "GUID", "ProcessId": "UINT32", "RuleName": "STRINGW", "TargetObject": "STRINGW", "User": "STRINGW", "UtcTime": "STRINGW"}}
{"header": {"activity_id": "{00000000-0000-0000-0000-000000000000}", "event_flags": 576, "event_id": 5, "event_name": "", "event_opcode": 0, "event_version": 0, "process_id": 3856, "provider_name": "Microsoft-Windows-Kernel-Audit-API-Calls", "task_name": "", "thread_id": 7964, "timestamp": "2025-10-30 03:48:20Z", "trace_name": "AuditAPITrace01"}, "properties": {"DesiredAccess": 0, "ReturnCode": 0, "TargetProcessId": 3856}, "property_types": {"DesiredAccess": "UINT32", "ReturnCode": "UINT32", "TargetProcessId": "UINT32"}}
{"header": {"activity_id": "{00000000-0000-0000-0000-000000000000}", "event_flags": 576, "event_id": 5, "event_name": "", "event_opcode": 0, "event_version": 0, "process_id": 3856, "provider_name": "Microsoft-Windows-Kernel-Audit-API-Calls", "task_name": "", "thread_id": 7964, "timestamp": "2025-10-30 03:48:20Z", "trace_name": "AuditAPITrace01"}, "properties": {"DesiredAccess": 0, "ReturnCode": 0, "TargetProcessId": 3856}, "property_types": {"DesiredAccess": "UINT32", "ReturnCode": "UINT32", "TargetProcessId": "UINT32"}}
{"header": {"activity_id": "{00000000-0000-0000-0000-000000000000}", "event_flags": 576, "event_id": 5, "event_name": "", "event_opcode": 0, "event_version": 0, "process_id": 3856, "provider_name": "Microsoft-Windows-Kernel-Audit-API-Calls", "task_name": "", "thread_id": 7964, "timestamp": "2025-10-30 03:48:20Z", "trace_name": "AuditAPITrace01"}, "properties": {"DesiredAccess": 0, "ReturnCode": 0, "TargetProcessId": 3856}, "property_types": {"DesiredAccess": "UINT32", "ReturnCode": "UINT32", "TargetProcessId": "UINT32"}}
{"header": {"activity_id": "{00000000-0000-0000-0000-000000000000}", "event_flags": 576, "event_id": 5, "event_name": "", "event_opcode": 0, "event_version": 0, "process_id": 3856, "provider_name": "Microsoft-Windows-Kernel-Audit-API-Calls", "task_name": "", "thread_id": 7964, "timestamp": "2025-10-30 03:48:20Z", "trace_name": "AuditAPITrace01"}, "properties": {"DesiredAccess": 0, "ReturnCode": 0, "TargetProcessId": 3856}, "property_types": {"DesiredAccess": "UINT32", "ReturnCode": "UINT32", "TargetProcessId": "UINT32"}}
{"header": {"activity_id": "{00000000-0000-0000-0000-000000000000}", "event_flags": 576, "event_id": 5, "event_name": "", "event_opcode": 0, "event_version": 0, "process_id": 3856, "provider_name": "Microsoft-Windows-Kernel-Audit-API-Calls", "task_name": "", "thread_id": 7964, "timestamp": "2025-10-30 03:48:20Z", "trace_name": "AuditAPITrace01"}, "properties": {"DesiredAccess": 0, "ReturnCode": 0, "TargetProcessId": 3856}, "property_types": {"DesiredAccess": "UINT32", "ReturnCode": "UINT32", "TargetProcessId": "UINT32"}}
{"header": {"activity_id": "{00000000-0000-0000-0000-000000000000}", "event_flags": 576, "event_id": 5, "event_name": "", "event_opcode": 0, "event_version": 0, "process_id": 3856, "provider_name": "Microsoft-Windows-Kernel-Audit-API-Calls", "task_name": "", "thread_id": 7964, "timestamp": "2025-10-30 03:48:20Z", "trace_name": "AuditAPITrace01"}, "properties": {"DesiredAccess": 0, "ReturnCode": 0, "TargetProcessId": 3856}, "property_types": {"DesiredAccess": "UINT32", "ReturnCode": "UINT32", "TargetProcessId": "UINT32"}}
{"header": {"activity_id": "{00000000-0000-0000-0000-000000000000}", "event_flags": 576, "event_id": 5, "event_name": "", "event_opcode": 0, "event_version": 0, "process_id": 3856, "provider_name": "Microsoft-Windows-Kernel-Audit-API-Calls", "task_name": "", "thread_id": 7964, "timestamp": "2025-10-30 03:48:20Z", "trace_name": "AuditAPITrace01"}, "properties": {"DesiredAccess": 0, "ReturnCode": 0, "TargetProcessId": 3856}, "property_types": {"DesiredAccess": "UINT32", "ReturnCode": "UINT32", "TargetProcessId": "UINT32"}}
{"header": {"activity_id": "{00000000-0000-0000-0000-000000000000}", "event_flags": 576, "event_id": 5, "event_name": "", "event_opcode": 0, "event_version": 0, "process_id": 3856, "provider_name": "Microsoft-Windows-Kernel-Audit-API-Calls", "task_name": "", "thread_id": 7964, "timestamp": "2025-10-30 03:48:20Z", "trace_name": "AuditAPITrace01"}, "properties": {"DesiredAccess": 0, "ReturnCode": 0, "TargetProcessId": 3856}, "property_types": {"DesiredAccess": "UINT32", "ReturnCode": "UINT32", "TargetProcessId": "UINT32"}}
{"header": {"activity_id": "{00000000-0000-0000-0000-000000000000}", "event_flags": 576, "event_id": 5, "event_name": "", "event_opcode": 0, "event_version": 0, "process_id": 3856, "provider_name": "Microsoft-Windows-Kernel-Audit-API-Calls", "task_name": "", "thread_id": 7964, "timestamp": "2025-10-30 03:48:20Z", "trace_name": "AuditAPITrace01"}, "properties": {"DesiredAccess": 0, "ReturnCode": 0, "TargetProcessId": 3856}, "property_types": {"DesiredAccess": "UINT32", "ReturnCode": "UINT32", "TargetProcessId": "UINT32"}}
{"header": {"activity_id": "{00000000-0000-0000-0000-000000000000}", "event_flags": 576, "event_id": 5, "event_name": "", "event_opcode": 0, "event_version": 0, "process_id": 3856, "provider_name": "Microsoft-Windows-Kernel-Audit-API-Calls", "task_name": "", "thread_id": 7964, "timestamp": "2025-10-30 03:48:20Z", "trace_name": "AuditAPITrace01"}, "properties": {"DesiredAccess": 0, "ReturnCode": 0, "TargetProcessId": 3856}, "property_types": {"DesiredAccess": "UINT32", "ReturnCode": "UINT32", "TargetProcessId": "UINT32"}}
{"header": {"activity_id": "{00000000-0000-0000-0000-000000000000}", "event_flags": 576, "event_id": 5, "event_name": "", "event_opcode": 0, "event_version": 0, "process_id": 3856, "provider_name": "Microsoft-Windows-Kernel-Audit-API-Calls", "task_name": "", "thread_id": 7964, "timestamp": "2025-10-30 03:48:20Z", "trace_name": "AuditAPITrace01"}, "properties": {"DesiredAccess": 0, "ReturnCode": 0, "TargetProcessId": 3856}, "property_types": {"DesiredAccess": "UINT32", "ReturnCode": "UINT32", "TargetProcessId": "UINT32"}}
{"header": {"activity_id": "{00000000-0000-0000-0000-000000000000}", "event_flags": 576, "event_id": 5, "event_name": "", "event_opcode": 0, "event_version": 0, "process_id": 3856, "provider_name": "Microsoft-Windows-Kernel-Audit-API-Calls", "task_name": "", "thread_id": 7964, "timestamp": "2025-10-30 03:48:20Z", "trace_name": "AuditAPITrace01"}, "properties": {"DesiredAccess": 0, "ReturnCode": 0, "TargetProcessId": 3856}, "property_types": {"DesiredAccess": "UINT32", "ReturnCode": "UINT32", "TargetProcessId": "UINT32"}}
{"header": {"activity_id": "{00000000-0000-0000-0000-000000000000}", "event_flags": 576, "event_id": 5, "event_name": "", "event_opcode": 0, "event_version": 0, "process_id": 3856, "provider_name": "Microsoft-Windows-Kernel-Audit-API-Calls", "task_name": "", "thread_id": 7964, "timestamp": "2025-10-30 03:48:20Z", "trace_name": "AuditAPITrace01"}, "properties": {"DesiredAccess": 0, "ReturnCode": 0, "TargetProcessId": 3856}, "property_types": {"DesiredAccess": "UINT32", "ReturnCode": "UINT32", "TargetProcessId": "UINT32"}}
{"header": {"activity_id": "{00000000-0000-0000-0000-000000000000}", "event_flags": 576, "event_id": 5, "event_name": "", "event_opcode": 0, "event_version": 0, "process_id": 3856, "provider_name": "Microsoft-Windows-Kernel-Audit-API-Calls", "task_name": "", "thread_id": 7964, "timestamp": "2025-10-30 03:48:20Z", "trace_name": "AuditAPITrace01"}, "properties": {"DesiredAccess": 0, "ReturnCode": 0, "TargetProcessId": 3856}, "property_types": {"DesiredAccess": "UINT32", "ReturnCode": "UINT32", "TargetProcessId": "UINT32"}}
{"header": {"activity_id": "{00000000-0000-0000-0000-000000000000}", "event_flags": 576, "event_id": 5, "event_name": "", "event_opcode": 0, "event_version": 0, "process_id": 3856, "provider_name": "Microsoft-Windows-Kernel-Audit-API-Calls", "task_name": "", "thread_id": 7964, "timestamp": "2025-10-30 03:48:20Z", "trace_name": "AuditAPITrace01"}, "properties": {"DesiredAccess": 0, "ReturnCode": 0, "TargetProcessId": 3856}, "property_types": {"DesiredAccess": "UINT32", "ReturnCode": "UINT32", "TargetProcessId": "UINT32"}}
{"header": {"activity_id": "{00000000-0000-0000-0000-000000000000}", "event_flags": 576, "event_id": 5, "event_name": "", "event_opcode": 0, "event_version": 0, "process_id": 3856, "provider_name": "Microsoft-Windows-Kernel-Audit-API-Calls", "task_name": "", "thread_id": 7964, "timestamp": "2025-10-30 03:48:20Z", "trace_name": "AuditAPITrace01"}, "properties": {"DesiredAccess": 0, "ReturnCode": 0, "TargetProcessId": 3856}, "property_types": {"DesiredAccess": "UINT32", "ReturnCode": "UINT32", "TargetProcessId": "UINT32"}}
{"header": {"activity_id": "{00000000-0000-0000-0000-000000000000}", "event_flags": 576, "event_id": 5, "event_name": "", "event_opcode": 0, "event_version": 0, "process_id": 3856, "provider_name": "Microsoft-Windows-Kernel-Audit-API-Calls", "task_name": "", "thread_id": 7964, "timestamp": "2025-10-30 03:48:20Z", "trace_name": "AuditAPITrace01"}, "properties": {"DesiredAccess": 0, "ReturnCode": 0, "TargetProcessId": 3856}, "property_types": {"DesiredAccess": "UINT32", "ReturnCode": "UINT32", "TargetProcessId": "UINT32"}}
{"header": {"activity_id": "{00000000-0000-0000-0000-000000000000}", "event_flags": 576, "event_id": 5, "event_name": "", "event_opcode": 0, "event_version": 0, "process_id": 3856, "provider_name": "Microsoft-Windows-Kernel-Audit-API-Calls", "task_name": "", "thread_id": 7964, "timestamp": "2025-10-30 03:48:20Z", "trace_name": "AuditAPITrace01"}, "properties": {"DesiredAccess": 0, "ReturnCode": 0, "TargetProcessId": 3856}, "property_types": {"DesiredAccess": "UINT32", "ReturnCode": "UINT32", "TargetProcessId": "UINT32"}}
{"header": {"activity_id": "{00000000-0000-0000-0000-000000000000}", "event_flags": 576, "event_id": 5, "event_name": "", "event_opcode": 0, "event_version": 0, "process_id": 3856, "provider_name": "Microsoft-Windows-Kernel-Audit-API-Calls", "task_name": "", "thread_id": 7964, "timestamp": "2025-10-30 03:48:20Z", "trace_name": "AuditAPITrace01"}, "properties": {"DesiredAccess": 0, "ReturnCode": 0, "TargetProcessId": 3856}, "property_types": {"DesiredAccess": "UINT32", "ReturnCode": "UINT32", "TargetProcessId": "UINT32"}}
{"header": {"activity_id": "{00000000-0000-0000-0000-000000000000}", "event_flags": 576, "event_id": 5, "event_name": "", "event_opcode": 0, "event_version": 0, "process_id": 3856, "provider_name": "Microsoft-Windows-Kernel-Audit-API-Calls", "task_name": "", "thread_id": 7964, "timestamp": "2025-10-30 03:48:20Z", "trace_name": "AuditAPITrace01"}, "properties": {"DesiredAccess": 0, "ReturnCode": 0, "TargetProcessId": 3856}, "property_types": {"DesiredAccess": "UINT32", "ReturnCode": "UINT32", "TargetProcessId": "UINT32"}}
{"header": {"activity_id": "{00000000-0000-0000-0000-000000000000}", "event_flags": 576, "event_id": 5, "event_name": "", "event_opcode": 0, "event_version": 0, "process_id": 3856, "provider_name": "Microsoft-Windows-Kernel-Audit-API-Calls", "task_name": "", "thread_id": 7964, "timestamp": "2025-10-30 03:48:20Z", "trace_name": "AuditAPITrace01"}, "properties": {"DesiredAccess": 0, "ReturnCode": 0, "TargetProcessId": 3856}, "property_types": {"DesiredAccess": "UINT32", "ReturnCode": "UINT32", "TargetProcessId": "UINT32"}}
{"header": {"activity_id": "{00000000-0000-0000-0000-000000000000}", "event_flags": 576, "event_id": 5, "event_name": "", "event_opcode": 0, "event_version": 0, "process_id": 3856, "provider_name": "Microsoft-Windows-Kernel-Audit-API-Calls", "task_name": "", "thread_id": 7964, "timestamp": "2025-10-30 03:48:20Z", "trace_name": "AuditAPITrace01"}, "properties": {"DesiredAccess": 0, "ReturnCode": 0, "TargetProcessId": 3856}, "property_types": {"DesiredAccess": "UINT32", "ReturnCode": "UINT32", "TargetProcessId": "UINT32"}}
{"header": {"activity_id": "{00000000-0000-0000-0000-000000000000}", "event_flags": 576, "event_id": 5, "event_name": "", "event_opcode": 0, "event_version": 0, "process_id": 3856, "provider_name": "Microsoft-Windows-Kernel-Audit-API-Calls", "task_name": "", "thread_id": 7964, "timestamp": "2025-10-30 03:48:20Z", "trace_name": "AuditAPITrace01"}, "properties": {"DesiredAccess": 0, "ReturnCode": 0, "TargetProcessId": 3856}, "property_types": {"DesiredAccess": "UINT32", "ReturnCode": "UINT32", "TargetProcessId": "UINT32"}}
{"header": {"activity_id": "{00000000-0000-0000-0000-000000000000}", "event_flags": 576, "event_id": 5, "event_name": "", "event_opcode": 0, "event_version": 0, "process_id": 3856, "provider_name": "Microsoft-Windows-Kernel-Audit-API-Calls", "task_name": "", "thread_id": 7964, "timestamp": "2025-10-30 03:48:20Z", "trace_name": "AuditAPITrace01"}, "properties": {"DesiredAccess": 0, "ReturnCode": 0, "TargetProcessId": 3856}, "property_types": {"DesiredAccess": "UINT32", "ReturnCode": "UINT32", "TargetProcessId": "UINT32"}}
{"header": {"activity_id": "{00000000-0000-0000-0000-000000000000}", "event_flags": 576, "event_id": 5, "event_name": "", "event_opcode": 0, "event_version": 0, "process_id": 3856, "provider_name": "Microsoft-Windows-Kernel-Audit-API-Calls", "task_name": "", "thread_id": 7964, "timestamp": "2025-10-30 03:48:20Z", "trace_name": "AuditAPITrace01"}, "properties": {"DesiredAccess": 0, "ReturnCode": 0, "TargetProcessId": 3856}, "property_types": {"DesiredAccess": "UINT32", "ReturnCode": "UINT32", "TargetProcessId": "UINT32"}}
{"header": {"activity_id": "{00000000-0000-0000-0000-000000000000}", "event_flags": 576, "event_id": 5, "event_name": "", "event_opcode": 0, "event_version": 0, "process_id": 3856, "provider_name": "Microsoft-Windows-Kernel-Audit-API-Calls", "task_name": "", "thread_id": 7964, "timestamp": "2025-10-30 03:48:20Z", "trace_name": "AuditAPITrace01"}, "properties": {"DesiredAccess": 0, "ReturnCode": 0, "TargetProcessId": 3856}, "property_types": {"DesiredAccess": "UINT32", "ReturnCode": "UINT32", "TargetProcessId": "UINT32"}}
{"header": {"activity_id": "{00000000-0000-0000-0000-000000000000}", "event_flags": 576, "event_id": 6, "event_name": "", "event_opcode": 0, "event_version": 4, "process_id": 3856, "provider_name": "Microsoft-Windows-Sysmon", "task_name": "Driver loaded (rule: DriverLoad) ", "thread_id": 7964, "timestamp": "2025-10-30 03:48:20Z", "trace_name": "codeintegrity"}, "properties": {"Hashes": "SHA1=C881F43C7FE94A6F056A84DA8E9A32FE56D8DD9C,MD5=761F2E2B759389A472BD3D94141742B9,SHA256=1C1A4CA2CBAC9FE5954763A20AEB82DA9B10D028824F42FFF071503DCBE15856,IMPHASH=9E7C36FF0DC8862002283773ACE05F9E", "ImageLoaded": "C:\\Users\\cyb3r\\Downloads\\Sysnom.exe", "RuleName": "-", "Signature": "PC Tools", "SignatureStatus": "Valid", "Signed": "true", "UtcTime": "2025-10-30 03:48:20.023"}, "property_types": {"Hashes": "STRINGW", "ImageLoaded": "STRINGW", "RuleName": "STRINGW", "Signature": "STRINGW", "SignatureStatus": "STRINGW", "Signed": "STRINGW", "UtcTime": "STRINGW"}}
{"header": {"activity_id": "{00000000-0000-0000-0000-000000000000}", "event_flags": 576, "event_id": 5, "event_name": "", "event_opcode": 0, "event_version": 0, "process_id": 1640, "provider_name": "Microsoft-Windows-Kernel-Audit-API-Calls", "task_name": "", "thread_id": 1716, "timestamp": "2025-10-30 03:48:20Z", "trace_name": "AuditAPITrace01"}, "properties": {"DesiredAccess": 0, "ReturnCode": 0, "TargetProcessId": 1640}, "property_types": {"DesiredAccess": "UINT32", "ReturnCode": "UINT32", "TargetProcessId": "UINT32"}}
{"header": {"activity_id": "{00000000-0000-0000-0000-000000000000}", "event_flags": 576, "event_id": 5, "event_name": "", "event_opcode": 0, "event_version": 0, "process_id": 1640, "provider_name": "Microsoft-Windows-Kernel-Audit-API-Calls", "task_name": "", "thread_id": 1716, "timestamp": "2025-10-30 03:48:20Z", "trace_name": "AuditAPITrace01"}, "properties": {"DesiredAccess": 0, "ReturnCode": 0, "TargetProcessId": 1640}, "property_types": {"DesiredAccess": "UINT32", "ReturnCode": "UINT32", "TargetProcessId": "UINT32"}}
{"header": {"activity_id": "{00000000-0000-0000-0000-000000000000}", "event_flags": 576, "event_id": 5, "event_name": "", "event_opcode": 0, "event_version": 0, "process_id": 1640, "provider_name": "Microsoft-Windows-Kernel-Audit-API-Calls", "task_name": "", "thread_id": 1716, "timestamp": "2025-10-30 03:48:20Z", "trace_name": "AuditAPITrace01"}, "properties": {"DesiredAccess": 0, "ReturnCode": 0, "TargetProcessId": 1640}, "property_types": {"DesiredAccess": "UINT32", "ReturnCode": "UINT32", "TargetProcessId": "UINT32"}}
{"header": {"activity_id": "{00000000-0000-0000-0000-000000000000}", "event_flags": 576, "event_id": 26, "event_name": "", "event_opcode": 0, "event_version": 5, "process_id": 3856, "provider_name": "Microsoft-Windows-Sysmon", "task_name": "File Delete logged (rule: FileDeleteDetected) ", "thread_id": 5992, "timestamp": "2025-10-30 03:48:20Z", "trace_name": "codeintegrity"}, "properties": {"Hashes": "SHA1=380BD210F131EF93ECF1B0FB45681994B0188A89,MD5=AB990D80C5BCB95B7E98D03AB3381FBE,SHA256=CDF01721029786E7B88B83154D18AEF03BC1E84B7C9B042DCB0CA269D0CD3CA6,IMPHASH=00000000000000000000000000000000", "Image": "C:\\Windows\\system32\\svchost.exe", "IsExecutable": false, "ProcessGuid": "{39898580-DB71-6902-2500-000000000300}", "ProcessId": 1640, "RuleName": "-", "TargetFilename": "C:\\Windows\\Prefetch\\SC.EXE-945D79AE.pf", "User": "NT AUTHORITY\\SYSTEM", "UtcTime": "2025-10-30 03:48:20.054"}, "property_types": {"Hashes": "STRINGW", "Image": "STRINGW", "IsExecutable": "BOOLEAN", "ProcessGuid": "GUID", "ProcessId": "UINT32", "RuleName": "STRINGW", "TargetFilename": "STRINGW", "User": "STRINGW", "UtcTime": "STRINGW"}}
{"header": {"activity_id": "{00000000-0000-0000-0000-000000000000}", "event_flags": 576, "event_id": 5, "event_name": "", "event_opcode": 0, "event_version": 0, "process_id": 1640, "provider_name": "Microsoft-Windows-Kernel-Audit-API-Calls", "task_name": "", "thread_id": 1716, "timestamp": "2025-10-30 03:48:20Z", "trace_name": "AuditAPITrace01"}, "properties": {"DesiredAccess": 0, "ReturnCode": 0, "TargetProcessId": 1640}, "property_types": {"DesiredAccess": "UINT32", "ReturnCode": "UINT32", "TargetProcessId": "UINT32"}}
{"header": {"activity_id": "{00000000-0000-0000-0000-000000000000}", "event_flags": 576, "event_id": 11, "event_name": "", "event_opcode": 0, "event_version": 2, "process_id": 3856, "provider_name": "Microsoft-Windows-Sysmon", "task_name": "File created (rule: FileCreate) ", "thread_id": 5992, "timestamp": "2025-10-30 03:48:20Z", "trace_name": "codeintegrity"}, "properties": {"CreationUtcTime": "2025-10-30 03:47:38.114", "Image": "C:\\Windows\\system32\\svchost.exe", "ProcessGuid": "{39898580-DB71-6902-2500-000000000300}", "ProcessId": 1640, "RuleName": "-", "TargetFilename": "C:\\Windows\\Prefetch\\SC.EXE-945D79AE.pf", "User": "NT AUTHORITY\\SYSTEM", "UtcTime": "2025-10-30 03:48:20.054"}, "property_types": {"CreationUtcTime": "STRINGW", "Image": "STRINGW", "ProcessGuid": "GUID", "ProcessId": "UINT32", "RuleName": "STRINGW", "TargetFilename": "STRINGW", "User": "STRINGW", "UtcTime": "STRINGW"}}
{"header": {"activity_id": "{00000000-0000-0000-0000-000000000000}", "event_flags": 576, "event_id": 5, "event_name": "", "event_opcode": 0, "event_version": 0, "process_id": 1640, "provider_name": "Microsoft-Windows-Kernel-Audit-API-Calls", "task_name": "", "thread_id": 1716, "timestamp": "2025-10-30 03:48:20Z", "trace_name": "AuditAPITrace01"}, "properties": {"DesiredAccess": 0, "ReturnCode": 0, "TargetProcessId": 1640}, "property_types": {"DesiredAccess": "UINT32", "ReturnCode": "UINT32", "TargetProcessId": "UINT32"}}
{"header": {"activity_id": "{00000000-0000-0000-0000-000000000000}", "event_flags": 576, "event_id": 5, "event_name": "", "event_opcode": 0, "event_version": 0, "process_id": 1640, "provider_name": "Microsoft-Windows-Kernel-Audit-API-Calls", "task_name": "", "thread_id": 1716, "timestamp": "2025-10-30 03:48:20Z", "trace_name": "AuditAPITrace01"}, "properties": {"DesiredAccess": 0, "ReturnCode": 0, "TargetProcessId": 1640}, "property_types": {"DesiredAccess": "UINT32", "ReturnCode": "UINT32", "TargetProcessId": "UINT32"}}
{"header": {"activity_id": "{00000000-0000-0000-0000-000000000000}", "event_flags": 576, "event_id": 22, "event_name": "", "event_opcode": 0, "event_version": 5, "process_id": 3856, "provider_name": "Microsoft-Windows-Sysmon", "task_name": "Dns query (rule: DnsQuery) ", "thread_id": 4408, "timestamp": "2025-10-30 03:48:21Z", "trace_name": "codeintegrity"}, "properties": {"Image": "C:\\Windows\\Sysmon64.exe", "ProcessGuid": "{39898580-DE23-6902-ED00-000000000300}", "ProcessId": 3856, "QueryName": "crl.verisign.com", "QueryResults": "-", "QueryStatus": "9852", "RuleName": "-", "User": "NT AUTHORITY\\SYSTEM", "UtcTime": "2025-10-30 03:48:20.041"}, "property_types": {"Image": "STRINGW", "ProcessGuid": "GUID", "ProcessId": "UINT32", "QueryName": "STRINGW", "QueryResults": "STRINGW", "QueryStatus": "STRINGW", "RuleName": "STRINGW", "User": "STRINGW", "UtcTime": "STRINGW"}}
{"header": {"activity_id": "{00000000-0000-0000-0000-000000000000}", "event_flags": 576, "event_id": 22, "event_name": "", "event_opcode": 0, "event_version": 5, "process_id": 3856, "provider_name": "Microsoft-Windows-Sysmon", "task_name": "Dns query (rule: DnsQuery) ", "thread_id": 4408, "timestamp": "2025-10-30 03:48:21Z", "trace_name": "codeintegrity"}, "properties": {"Image": "C:\\Windows\\Sysmon64.exe", "ProcessGuid": "{39898580-DE23-6902-ED00-000000000300}", "ProcessId": 3856, "QueryName": "ocsp.verisign.com", "QueryResults": "-", "QueryStatus": "9852", "RuleName": "-", "User": "NT AUTHORITY\\SYSTEM", "UtcTime": "2025-10-30 03:48:20.046"}, "property_types": {"Image": "STRINGW", "ProcessGuid": "GUID", "ProcessId": "UINT32", "QueryName": "STRINGW", "QueryResults": "STRINGW", "QueryStatus": "STRINGW", "RuleName": "STRINGW", "User": "STRINGW", "UtcTime": "STRINGW"}}
{"header": {"activity_id": "{00000000-0000-0000-0000-000000000000}", "event_flags": 576, "event_id": 11, "event_name": "", "event_opcode": 0, "event_version": 0, "process_id": 4, "provider_name": "Microsoft-Windows-Kernel-File", "task_name": "NameDelete", "thread_id": 6972, "timestamp": "2025-10-30 03:48:21Z", "trace_name": "File_Registry01"}, "properties": {"FileKey": "0xFFFFBF8650043170", "FileName": "\\Device\\HarddiskVolume2\\Windows\\INF\\WmiApRpl\\WmiApRpl.ini"}, "property_types": {"FileKey": "POINTER", "FileName": "STRINGW"}}
{"header": {"activity_id": "{00000000-0000-0000-0000-000000000000}", "event_flags": 576, "event_id": 11, "event_name": "", "event_opcode": 0, "event_version": 0, "process_id": 4, "provider_name": "Microsoft-Windows-Kernel-File", "task_name": "NameDelete", "thread_id": 6972, "timestamp": "2025-10-30 03:48:21Z", "trace_name": "File_Registry01"}, "properties": {"FileKey": "0xFFFFBF864FEC6170", "FileName": "\\Device\\HarddiskVolume2\\Windows\\System32\\PerfStringBackup.INI"}, "property_types": {"FileKey": "POINTER", "FileName": "STRINGW"}}
{"header": {"activity_id": "{00000000-0000-0000-0000-000000000000}", "event_flags": 576, "event_id": 11, "event_name": "", "event_opcode": 0, "event_version": 0, "process_id": 4, "provider_name": "Microsoft-Windows-Kernel-File", "task_name": "NameDelete", "thread_id": 6972, "timestamp": "2025-10-30 03:48:21Z", "trace_name": "File_Registry01"}, "properties": {"FileKey": "0xFFFFBF86500397C0", "FileName": "\\Device\\HarddiskVolume2\\ProgramData\\Microsoft\\Windows\\WER\\ReportQueue\\NonCritical_Update;_61344eefbc364e3ef63c3ff5198e2b773c2837c_00000000_c66ac711-e909-405c-9d1e-e71657b27da3"}, "property_types": {"FileKey": "POINTER", "FileName": "STRINGW"}}
{"header": {"activity_id": "{00000000-0000-0000-0000-000000000000}", "event_flags": 576, "event_id": 11, "event_name": "", "event_opcode": 0, "event_version": 0, "process_id": 4, "provider_name": "Microsoft-Windows-Kernel-File", "task_name": "NameDelete", "thread_id": 6972, "timestamp": "2025-10-30 03:48:21Z", "trace_name": "File_Registry01"}, "properties": {"FileKey": "0xFFFFBF8650039170", "FileName": "\\Device\\HarddiskVolume2\\ProgramData\\Microsoft\\Windows\\WER\\ReportQueue\\NonCritical_MicrosoftEdgeUpd_c8d65f9edea2620c5c87a1a12725a9535348a67_00000000_ef9aae17-a47e-4400-84d2-c0a58a2b452e"}, "property_types": {"FileKey": "POINTER", "FileName": "STRINGW"}}
{"header": {"activity_id": "{00000000-0000-0000-0000-000000000000}", "event_flags": 576, "event_id": 22, "event_name": "", "event_opcode": 0, "event_version": 5, "process_id": 3856, "provider_name": "Microsoft-Windows-Sysmon", "task_name": "Dns query (rule: DnsQuery) ", "thread_id": 4408, "timestamp": "2025-10-30 03:48:22Z", "trace_name": "codeintegrity"}, "properties": {"Image": "C:\\Windows\\Sysmon64.exe", "ProcessGuid": "{39898580-DE23-6902-ED00-000000000300}", "ProcessId": 3856, "QueryName": "csc3-2004-crl.verisign.com", "QueryResults": "-", "QueryStatus": "9852", "RuleName": "-", "User": "NT AUTHORITY\\SYSTEM", "UtcTime": "2025-10-30 03:48:20.050"}, "property_types": {"Image": "STRINGW", "ProcessGuid": "GUID", "ProcessId": "UINT32", "QueryName": "STRINGW", "QueryResults": "STRINGW", "QueryStatus": "STRINGW", "RuleName": "STRINGW", "User": "STRINGW", "UtcTime": "STRINGW"}}
{"header": {"activity_id": "{00000000-0000-0000-0000-000000000000}", "event_flags": 576, "event_id": 11, "event_name": "", "event_opcode": 0, "event_version": 0, "process_id": 4, "provider_name": "Microsoft-Windows-Kernel-File", "task_name": "NameDelete", "thread_id": 6972, "timestamp": "2025-10-30 03:48:22Z", "trace_name": "File_Registry01"}, "properties": {"FileKey": "0xFFFFBF864F57E700", "FileName": "\\Device\\HarddiskVolume2\\Windows\\System32\\Tasks\\Microsoft\\Windows\\SoftwareProtectionPlatform\\SvcRestartTask"}, "property_types": {"FileKey": "POINTER", "FileName": "STRINGW"}}
{"header": {"activity_id": "{00000000-0000-0000-0000-000000000000}", "event_flags": 576, "event_id": 5, "event_name": "", "event_opcode": 0, "event_version": 0, "process_id": 2816, "provider_name": "Microsoft-Windows-Kernel-Audit-API-Calls", "task_name": "", "thread_id": 3140, "timestamp": "2025-10-30 03:48:24Z", "trace_name": "AuditAPITrace01"}, "properties": {"DesiredAccess": 0, "ReturnCode": 0, "TargetProcessId": 2816}, "property_types": {"DesiredAccess": "UINT32", "ReturnCode": "UINT32", "TargetProcessId": "UINT32"}}
{"header": {"activity_id": "{00000000-0000-0000-0000-000000000000}", "event_flags": 576, "event_id": 5, "event_name": "", "event_opcode": 0, "event_version": 0, "process_id": 2816, "provider_name": "Microsoft-Windows-Kernel-Audit-API-Calls", "task_name": "", "thread_id": 3140, "timestamp": "2025-10-30 03:48:24Z", "trace_name": "AuditAPITrace01"}, "properties": {"DesiredAccess": 0, "ReturnCode": 0, "TargetProcessId": 2816}, "property_types": {"DesiredAccess": "UINT32", "ReturnCode": "UINT32", "TargetProcessId": "UINT32"}}
{"header": {"activity_id": "{00000000-0000-0000-0000-000000000000}", "event_flags": 576, "event_id": 5, "event_name": "", "event_opcode": 0, "event_version": 0, "process_id": 2816, "provider_name": "Microsoft-Windows-Kernel-Audit-API-Calls", "task_name": "", "thread_id": 3140, "timestamp": "2025-10-30 03:48:24Z", "trace_name": "AuditAPITrace01"}, "properties": {"DesiredAccess": 0, "ReturnCode": 0, "TargetProcessId": 2816}, "property_types": {"DesiredAccess": "UINT32", "ReturnCode": "UINT32", "TargetProcessId": "UINT32"}}
{"header": {"activity_id": "{00000000-0000-0000-0000-000000000000}", "event_flags": 576, "event_id": 12, "event_name": "", "event_opcode": 0, "event_version": 2, "process_id": 3856, "provider_name": "Microsoft-Windows-Sysmon", "task_name": "Registry object added or deleted (rule: RegistryEvent) ", "thread_id": 5992, "timestamp": "2025-10-30 03:48:24Z", "trace_name": "codeintegrity"}, "properties": {"EventType": "CreateKey", "Image": "C:\\Program Files\\VMware\\VMware Tools\\vmtoolsd.exe", "ProcessGuid": "{39898580-DB72-6902-4300-000000000300}", "ProcessId": 2816, "RuleName": "-", "TargetObject": "HKLM\\System\\CurrentControlSet\\Services\\Tcpip\\Parameters", "User": "NT AUTHORITY\\SYSTEM", "UtcTime": "2025-10-30 03:48:24.128"}, "property_types": {"EventType": "STRINGW", "Image": "STRINGW", "ProcessGuid": "GUID", "ProcessId": "UINT32", "RuleName": "STRINGW", "TargetObject": "STRINGW", "User": "STRINGW", "UtcTime": "STRINGW"}}
{"header": {"activity_id": "{00000000-0000-0000-0000-000000000000}", "event_flags": 576, "event_id": 12, "event_name": "", "event_opcode": 0, "event_version": 2, "process_id": 3856, "provider_name": "Microsoft-Windows-Sysmon", "task_name": "Registry object added or deleted (rule: RegistryEvent) ", "thread_id": 5992, "timestamp": "2025-10-30 03:48:24Z", "trace_name": "codeintegrity"}, "properties": {"EventType": "CreateKey", "Image": "C:\\Program Files\\VMware\\VMware Tools\\vmtoolsd.exe", "ProcessGuid": "{39898580-DB72-6902-4300-000000000300}", "ProcessId": 2816, "RuleName": "-", "TargetObject": "HKLM\\System\\CurrentControlSet\\Services\\Tcpip\\Parameters", "User": "NT AUTHORITY\\SYSTEM", "UtcTime": "2025-10-30 03:48:24.128"}, "property_types": {"EventType": "STRINGW", "Image": "STRINGW", "ProcessGuid": "GUID", "ProcessId": "UINT32", "RuleName": "STRINGW", "TargetObject": "STRINGW", "User": "STRINGW", "UtcTime": "STRINGW"}}
{"header": {"activity_id": "{00000000-0000-0000-0000-000000000000}", "event_flags": 576, "event_id": 12, "event_name": "", "event_opcode": 0, "event_version": 2, "process_id": 3856, "provider_name": "Microsoft-Windows-Sysmon", "task_name": "Registry object added or deleted (rule: RegistryEvent) ", "thread_id": 5992, "timestamp": "2025-10-30 03:48:24Z", "trace_name": "codeintegrity"}, "properties": {"EventType": "CreateKey", "Image": "C:\\Program Files\\VMware\\VMware Tools\\vmtoolsd.exe", "ProcessGuid": "{39898580-DB72-6902-4300-000000000300}", "ProcessId": 2816, "RuleName": "-", "TargetObject": "HKLM\\System\\CurrentControlSet\\Services\\Tcpip\\Parameters", "User": "NT AUTHORITY\\SYSTEM", "UtcTime": "2025-10-30 03:48:24.128"}, "property_types": {"EventType": "STRINGW", "Image": "STRINGW", "ProcessGuid": "GUID", "ProcessId": "UINT32", "RuleName": "STRINGW", "TargetObject": "STRINGW", "User": "STRINGW", "UtcTime": "STRINGW"}}
{"header": {"activity_id": "{00000000-0000-0000-0000-000000000000}", "event_flags": 576, "event_id": 5, "event_name": "", "event_opcode": 0, "event_version": 0, "process_id": 4496, "provider_name": "Microsoft-Windows-Kernel-Audit-API-Calls", "task_name": "", "thread_id": 4968, "timestamp": "2025-10-30 03:48:26Z", "trace_name": "AuditAPITrace01"}, "properties": {"DesiredAccess": 1040, "ReturnCode": 3221225506, "TargetProcessId": 7588}, "property_types": {"DesiredAccess": "UINT32", "ReturnCode": "UINT32", "TargetProcessId": "UINT32"}}
{"header": {"activity_id": "{00000000-0000-0000-0000-000000000000}", "event_flags": 576, "event_id": 5, "event_name": "", "event_opcode": 0, "event_version": 0, "process_id": 4200, "provider_name": "Microsoft-Windows-Kernel-Audit-API-Calls", "task_name": "", "thread_id": 4328, "timestamp": "2025-10-30 03:48:26Z", "trace_name": "AuditAPITrace01"}, "properties": {"DesiredAccess": 0, "ReturnCode": 0, "TargetProcessId": 7588}, "property_types": {"DesiredAccess": "UINT32", "ReturnCode": "UINT32", "TargetProcessId": "UINT32"}}
{"header": {"activity_id": "{00000000-0000-0000-0000-000000000000}", "event_flags": 576, "event_id": 5, "event_name": "", "event_opcode": 0, "event_version": 0, "process_id": 4200, "provider_name": "Microsoft-Windows-Kernel-Audit-API-Calls", "task_name": "", "thread_id": 4328, "timestamp": "2025-10-30 03:48:26Z", "trace_name": "AuditAPITrace01"}, "properties": {"DesiredAccess": 0, "ReturnCode": 0, "TargetProcessId": 4200}, "property_types": {"DesiredAccess": "UINT32", "ReturnCode": "UINT32", "TargetProcessId": "UINT32"}}
{"header": {"activity_id": "{00000000-0000-0000-0000-000000000000}", "event_flags": 576, "event_id": 5, "event_name": "", "event_opcode": 0, "event_version": 0, "process_id": 4200, "provider_name": "Microsoft-Windows-Kernel-Audit-API-Calls", "task_name": "", "thread_id": 4328, "timestamp": "2025-10-30 03:48:26Z", "trace_name": "AuditAPITrace01"}, "properties": {"DesiredAccess": 0, "ReturnCode": 0, "TargetProcessId": 4200}, "property_types": {"DesiredAccess": "UINT32", "ReturnCode": "UINT32", "TargetProcessId": "UINT32"}}
