{"header": {"activity_id": "{3A71319B-494D-0000-674F-713A4D49DC01}", "event_flags": 576, "event_id": 3040, "event_name": "", "event_opcode": 1, "event_version": 0, "process_id": 3856, "provider_name": "Microsoft-Windows-CodeIntegrity", "task_name": "GetFileCache", "thread_id": 1996, "timestamp": "2025-10-30 03:47:34Z", "trace_name": "codeintegrity"}, "properties": {"FileNameBuffer": "\\Windows\\System32\\OnDemandConnRouteHelper.dll", "FileNameLength": 45}, "property_types": {"FileNameBuffer": "STRINGW", "FileNameLength": "UINT16"}}
{"header": {"activity_id": "{3A71319B-494D-0000-674F-713A4D49DC01}", "event_flags": 576, "event_id": 3041, "event_name": "", "event_opcode": 2, "event_version": 2, "process_id": 3856, "provider_name": "Microsoft-Windows-CodeIntegrity", "task_name": "GetFileCache", "thread_id": 1996, "timestamp": "2025-10-30 03:47:34Z", "trace_name": "codeintegrity"}, "properties": {"CacheSource": 0, "CachedFlags": "42000000", "CachedPolicy": 12, "Status": "00000000"}, "property_types": {"CacheSource": "UINT8", "CachedFlags": "OTHER", "CachedPolicy": "UINT8", "Status": "OTHER"}}
{"header": {"activity_id": "{3A71319B-494D-0000-674F-713A4D49DC01}", "event_flags": 576, "event_id": 3039, "event_name": "", "event_opcode": 2, "event_version": 1, "process_id": 3856, "provider_name": "Microsoft-Windows-CodeIntegrity", "task_name": "ValidateImageHeader", "thread_id": 1996, "timestamp": "2025-10-30 03:47:34Z", "trace_name": "codeintegrity"}, "properties": {"Status": "00000000"}, "property_types": {"Status": "OTHER"}}
{"header": {"activity_id": "{00000000-0000-0000-0000-000000000000}", "event_flags": 576, "event_id": 5, "event_name": "", "event_opcode": 0, "event_version": 0, "process_id": 3856, "provider_name": "Microsoft-Windows-Kernel-Audit-API-Calls", "task_name": "", "thread_id": 1996, "timestamp": "2025-10-30 03:47:34Z", "trace_name": "AuditAPITrace01"}, "properties": {"DesiredAccess": 2147483648, "ReturnCode": 0, "TargetProcessId": 3856}, "property_types": {"DesiredAccess": "UINT32", "ReturnCode": "UINT32", "TargetProcessId": "UINT32"}}
{"header": {"activity_id": "{00000000-0000-0000-0000-000000000000}", "event_flags": 576, "event_id": 5, "event_name": "", "event_opcode": 0, "event_version": 0, "process_id": 3856, "provider_name": "Microsoft-Windows-Kernel-Audit-API-Calls", "task_name": "", "thread_id": 1996, "timestamp": "2025-10-30 03:47:34Z", "trace_name": "AuditAPITrace01"}, "properties": {"DesiredAccess": 0, "ReturnCode": 0, "TargetProcessId": 3856}, "property_types": {"DesiredAccess": "UINT32", "ReturnCode": "UINT32", "TargetProcessId": "UINT32"}}
{"header": {"activity_id": "{00000000-0000-0000-0000-000000000000}", "event_flags": 576, "event_id": 5, "event_name": "", "event_opcode": 0, "event_version": 0, "process_id": 3856, "provider_name": "Microsoft-Windows-Kernel-Audit-API-Calls", "task_name": "", "thread_id": 6712, "timestamp": "2025-10-30 03:47:34Z", "trace_name": "AuditAPITrace01"}, "properties": {"DesiredAccess": 0, "ReturnCode": 0, "TargetProcessId": 3856}, "property_types": {"DesiredAccess": "UINT32", "ReturnCode": "UINT32", "TargetProcessId": "UINT32"}}
{"header": {"activity_id": "{00000000-0000-0000-0000-000000000000}", "event_flags": 576, "event_id": 5, "event_name": "", "event_opcode": 0, "event_version": 0, "process_id": 3856, "provider_name": "Microsoft-Windows-Kernel-Audit-API-Calls", "task_name": "", "thread_id": 6712, "timestamp": "2025-10-30 03:47:34Z", "trace_name": "AuditAPITrace01"}, "properties": {"DesiredAccess": 0, "ReturnCode": 0, "TargetProcessId": 3856}, "property_types": {"DesiredAccess": "UINT32", "ReturnCode": "UINT32", "TargetProcessId": "UINT32"}}
{"header": {"activity_id": "{00000000-0000-0000-0000-000000000000}", "event_flags": 576, "event_id": 5, "event_name": "", "event_opcode": 0, "event_version": 0, "process_id": 2144, "provider_name": "Microsoft-Windows-Kernel-Audit-API-Calls", "task_name": "", "thread_id": 2240, "timestamp": "2025-10-30 03:47:34Z", "trace_name": "AuditAPITrace01"}, "properties": {"DesiredAccess": 0, "ReturnCode": 0, "TargetProcessId": 2144}, "property_types": {"DesiredAccess": "UINT32", "ReturnCode": "UINT32", "TargetProcessId": "UINT32"}}
{"header": {"activity_id": "{00000000-0000-0000-0000-000000000000}", "event_flags": 576, "event_id": 12, "event_name": "", "event_opcode": 0, "event_version": 2, "process_id": 3856, "provider_name": "Microsoft-Windows-Sysmon", "task_name": "Registry object added or deleted (rule: RegistryEvent) ", "thread_id": 5992, "timestamp": "2025-10-30 03:47:34Z", "trace_name": "codeintegrity"}, "properties": {"EventType": "CreateKey", "Image": "C:\\Windows\\system32\\svchost.exe", "ProcessGuid": "{39898580-DB71-6902-3400-000000000300}", "ProcessId": 2144, "RuleName": "-", "TargetObject": "HKU\\.DEFAULT\\Software\\Microsoft\\Windows\\CurrentVersion\\Internet Settings\\Connections", "User": "NT AUTHORITY\\LOCAL SERVICE", "UtcTime": "2025-10-30 03:47:34.083"}, "property_types": {"EventType": "STRINGW", "Image": "STRINGW", "ProcessGuid": "GUID", "ProcessId": "UINT32", "RuleName": "STRINGW", "TargetObject": "STRINGW", "User": "STRINGW", "UtcTime": "STRINGW"}}
{"header": {"activity_id": "{00000000-0000-0000-0000-000000000000}", "event_flags": 576, "event_id": 5, "event_name": "", "event_opcode": 0, "event_version": 0, "process_id": 3856, "provider_name": "Microsoft-Windows-Kernel-Audit-API-Calls", "task_name": "", "thread_id": 7964, "timestamp": "2025-10-30 03:47:34Z", "trace_name": "AuditAPITrace01"}, "properties": {"DesiredAccess": 2147483648, "ReturnCode": 0, "TargetProcessId": 3856}, "property_types": {"DesiredAccess": "UINT32", "ReturnCode": "UINT32", "TargetProcessId": "UINT32"}}
{"header": {"activity_id": "{00000000-0000-0000-0000-000000000000}", "event_flags": 576, "event_id": 5, "event_name": "", "event_opcode": 0, "event_version": 0, "process_id": 3856, "provider_name": "Microsoft-Windows-Kernel-Audit-API-Calls", "task_name": "", "thread_id": 7964, "timestamp": "2025-10-30 03:47:34Z", "trace_name": "AuditAPITrace01"}, "properties": {"DesiredAccess": 2147483648, "ReturnCode": 0, "TargetProcessId": 3856}, "property_types": {"DesiredAccess": "UINT32", "ReturnCode": "UINT32", "TargetProcessId": "UINT32"}}
{"header": {"activity_id": "{3A71319B-494D-0000-684F-713A4D49DC01}", "event_flags": 576, "event_id": 3038, "event_name": "", "event_opcode": 1, "event_version": 2, "process_id": 3856, "provider_name": "Microsoft-Windows-CodeIntegrity", "task_name": "ValidateImageHeader", "thread_id": 3632, "timestamp": "2025-10-30 03:47:34Z", "trace_name": "codeintegrity"}, "properties": {"FileNameBuffer": "\\Windows\\System32\\OnDemandConnRouteHelper.dll", "FileNameLength": 45, "ProcessNameBuffer": "\\Device\\HarddiskVolume2\\Windows\\Sysmon64.exe", "ProcessNameLength": 44, "RequestedSigningLevel": 7, "SecureRequired": "00000000"}, "property_types": {"FileNameBuffer": "STRINGW", "FileNameLength": "UINT16", "ProcessNameBuffer": "STRINGW", "ProcessNameLength": "UINT16", "RequestedSigningLevel": "UINT8", "SecureRequired": "OTHER"}}
{"header": {"activity_id": "{3A71319B-494D-0000-684F-713A4D49DC01}", "event_flags": 576, "event_id": 3040, "event_name": "", "event_opcode": 1, "event_version": 0, "process_id": 3856, "provider_name": "Microsoft-Windows-CodeIntegrity", "task_name": "GetFileCache", "thread_id": 3632, "timestamp": "2025-10-30 03:47:34Z", "trace_name": "codeintegrity"}, "properties": {"FileNameBuffer": "\\Windows\\System32\\OnDemandConnRouteHelper.dll", "FileNameLength": 45}, "property_types": {"FileNameBuffer": "STRINGW", "FileNameLength": "UINT16"}}
{"header": {"activity_id": "{3A71319B-494D-0000-684F-713A4D49DC01}", "event_flags": 576, "event_id": 3041, "event_name": "", "event_opcode": 2, "event_version": 2, "process_id": 3856, "provider_name": "Microsoft-Windows-CodeIntegrity", "task_name": "GetFileCache", "thread_id": 3632, "timestamp": "2025-10-30 03:47:34Z", "trace_name": "codeintegrity"}, "properties": {"CacheSource": 0, "CachedFlags": "42000000", "CachedPolicy": 12, "Status": "00000000"}, "property_types": {"CacheSource": "UINT8", "CachedFlags": "OTHER", "CachedPolicy": "UINT8", "Status": "OTHER"}}
{"header": {"activity_id": "{3A71319B-494D-0000-684F-713A4D49DC01}", "event_flags": 576, "event_id": 3039, "event_name": "", "event_opcode": 2, "event_version": 1, "process_id": 3856, "provider_name": "Microsoft-Windows-CodeIntegrity", "task_name": "ValidateImageHeader", "thread_id": 3632, "timestamp": "2025-10-30 03:47:34Z", "trace_name": "codeintegrity"}, "properties": {"Status": "00000000"}, "property_types": {"Status": "OTHER"}}
{"header": {"activity_id": "{00000000-0000-0000-0000-000000000000}", "event_flags": 576, "event_id": 5, "event_name": "", "event_opcode": 0, "event_version": 0, "process_id": 3856, "provider_name": "Microsoft-Windows-Kernel-Audit-API-Calls", "task_name": "", "thread_id": 3632, "timestamp": "2025-10-30 03:47:34Z", "trace_name": "AuditAPITrace01"}, "properties": {"DesiredAccess": 2147483648, "ReturnCode": 0, "TargetProcessId": 3856}, "property_types": {"DesiredAccess": "UINT32", "ReturnCode": "UINT32", "TargetProcessId": "UINT32"}}
{"header": {"activity_id": "{00000000-0000-0000-0000-000000000000}", "event_flags": 576, "event_id": 5, "event_name": "", "event_opcode": 0, "event_version": 0, "process_id": 3856, "provider_name": "Microsoft-Windows-Kernel-Audit-API-Calls", "task_name": "", "thread_id": 3632, "timestamp": "2025-10-30 03:47:34Z", "trace_name": "AuditAPITrace01"}, "properties": {"DesiredAccess": 0, "ReturnCode": 0, "TargetProcessId": 3856}, "property_types": {"DesiredAccess": "UINT32", "ReturnCode": "UINT32", "TargetProcessId": "UINT32"}}
{"header": {"activity_id": "{00000000-0000-0000-0000-000000000000}", "event_flags": 576, "event_id": 5, "event_name": "", "event_opcode": 0, "event_version": 0, "process_id": 3856, "provider_name": "Microsoft-Windows-Kernel-Audit-API-Calls", "task_name": "", "thread_id": 4892, "timestamp": "2025-10-30 03:47:34Z", "trace_name": "AuditAPITrace01"}, "properties": {"DesiredAccess": 0, "ReturnCode": 0, "TargetProcessId": 3856}, "property_types": {"DesiredAccess": "UINT32", "ReturnCode": "UINT32", "TargetProcessId": "UINT32"}}
{"header": {"activity_id": "{00000000-0000-0000-0000-000000000000}", "event_flags": 576, "event_id": 5, "event_name": "", "event_opcode": 0, "event_version": 0, "process_id": 3856, "provider_name": "Microsoft-Windows-Kernel-Audit-API-Calls", "task_name": "", "thread_id": 4892, "timestamp": "2025-10-30 03:47:34Z", "trace_name": "AuditAPITrace01"}, "properties": {"DesiredAccess": 0, "ReturnCode": 0, "TargetProcessId": 3856}, "property_types": {"DesiredAccess": "UINT32", "ReturnCode": "UINT32", "TargetProcessId": "UINT32"}}
{"header": {"activity_id": "{00000000-0000-0000-0000-000000000000}", "event_flags": 576, "event_id": 5, "event_name": "", "event_opcode": 0, "event_version": 0, "process_id": 2144, "provider_name": "Microsoft-Windows-Kernel-Audit-API-Calls", "task_name": "", "thread_id": 3792, "timestamp": "2025-10-30 03:47:34Z", "trace_name": "AuditAPITrace01"}, "properties": {"DesiredAccess": 0, "ReturnCode": 0, "TargetProcessId": 2144}, "property_types": {"DesiredAccess": "UINT32", "ReturnCode": "UINT32", "TargetProcessId": "UINT32"}}
{"header": {"activity_id": "{00000000-0000-0000-0000-000000000000}", "event_flags": 576, "event_id": 12, "event_name": "", "event_opcode": 0, "event_version": 2, "process_id": 3856, "provider_name": "Microsoft-Windows-Sysmon", "task_name": "Registry object added or deleted (rule: RegistryEvent) ", "thread_id": 5992, "timestamp": "2025-10-30 03:47:34Z", "trace_name": "codeintegrity"}, "properties": {"EventType": "CreateKey", "Image": "C:\\Windows\\system32\\svchost.exe", "ProcessGuid": "{39898580-DB71-6902-3400-000000000300}", "ProcessId": 2144, "RuleName": "-", "TargetObject": "HKU\\.DEFAULT\\Software\\Microsoft\\Windows\\CurrentVersion\\Internet Settings\\Connections", "User": "NT AUTHORITY\\LOCAL SERVICE", "UtcTime": "2025-10-30 03:47:34.099"}, "property_types": {"EventType": "STRINGW", "Image": "STRINGW", "ProcessGuid": "GUID", "ProcessId": "UINT32", "RuleName": "STRINGW", "TargetObject": "STRINGW", "User": "STRINGW", "UtcTime": "STRINGW"}}
{"header": {"activity_id": "{00000000-0000-0000-0000-000000000000}", "event_flags": 576, "event_id": 5, "event_name": "", "event_opcode": 0, "event_version": 0, "process_id": 3856, "provider_name": "Microsoft-Windows-Kernel-Audit-API-Calls", "task_name": "", "thread_id": 7964, "timestamp": "2025-10-30 03:47:34Z", "trace_name": "AuditAPITrace01"}, "properties": {"DesiredAccess": 0, "ReturnCode": 0, "TargetProcessId": 3856}, "property_types": {"DesiredAccess": "UINT32", "ReturnCode": "UINT32", "TargetProcessId": "UINT32"}}
{"header": {"activity_id": "{00000000-0000-0000-0000-000000000000}", "event_flags": 576, "event_id": 5, "event_name": "", "event_opcode": 0, "event_version": 0, "process_id": 3856, "provider_name": "Microsoft-Windows-Kernel-Audit-API-Calls", "task_name": "", "thread_id": 7964, "timestamp": "2025-10-30 03:47:34Z", "trace_name": "AuditAPITrace01"}, "properties": {"DesiredAccess": 0, "ReturnCode": 0, "TargetProcessId": 3856}, "property_types": {"DesiredAccess": "UINT32", "ReturnCode": "UINT32", "TargetProcessId": "UINT32"}}
{"header": {"activity_id": "{00000000-0000-0000-0000-000000000000}", "event_flags": 576, "event_id": 5, "event_name": "", "event_opcode": 0, "event_version": 0, "process_id": 3856, "provider_name": "Microsoft-Windows-Kernel-Audit-API-Calls", "task_name": "", "thread_id": 7964, "timestamp": "2025-10-30 03:47:34Z", "trace_name": "AuditAPITrace01"}, "properties": {"DesiredAccess": 0, "ReturnCode": 0, "TargetProcessId": 3856}, "property_types": {"DesiredAccess": "UINT32", "ReturnCode": "UINT32", "TargetProcessId": "UINT32"}}
{"header": {"activity_id": "{00000000-0000-0000-0000-000000000000}", "event_flags": 576, "event_id": 5, "event_name": "", "event_opcode": 0, "event_version": 0, "process_id": 3856, "provider_name": "Microsoft-Windows-Kernel-Audit-API-Calls", "task_name": "", "thread_id": 7964, "timestamp": "2025-10-30 03:47:34Z", "trace_name": "AuditAPITrace01"}, "properties": {"DesiredAccess": 0, "ReturnCode": 0, "TargetProcessId": 3856}, "property_types": {"DesiredAccess": "UINT32", "ReturnCode": "UINT32", "TargetProcessId": "UINT32"}}
{"header": {"activity_id": "{00000000-0000-0000-0000-000000000000}", "event_flags": 576, "event_id": 5, "event_name": "", "event_opcode": 0, "event_version": 0, "process_id": 3856, "provider_name": "Microsoft-Windows-Kernel-Audit-API-Calls", "task_name": "", "thread_id": 7964, "timestamp": "2025-10-30 03:47:34Z", "trace_name": "AuditAPITrace01"}, "properties": {"DesiredAccess": 0, "ReturnCode": 0, "TargetProcessId": 3856}, "property_types": {"DesiredAccess": "UINT32", "ReturnCode": "UINT32", "TargetProcessId": "UINT32"}}
{"header": {"activity_id": "{00000000-0000-0000-0000-000000000000}", "event_flags": 576, "event_id": 5, "event_name": "", "event_opcode": 0, "event_version": 0, "process_id": 3856, "provider_name": "Microsoft-Windows-Kernel-Audit-API-Calls", "task_name": "", "thread_id": 7964, "timestamp": "2025-10-30 03:47:34Z", "trace_name": "AuditAPITrace01"}, "properties": {"DesiredAccess": 0, "ReturnCode": 0, "TargetProcessId": 3856}, "property_types": {"DesiredAccess": "UINT32", "ReturnCode": "UINT32", "TargetProcessId": "UINT32"}}
{"header": {"activity_id": "{00000000-0000-0000-0000-000000000000}", "event_flags": 576, "event_id": 5, "event_name": "", "event_opcode": 0, "event_version": 0, "process_id": 3856, "provider_name": "Microsoft-Windows-Kernel-Audit-API-Calls", "task_name": "", "thread_id": 7964, "timestamp": "2025-10-30 03:47:34Z", "trace_name": "AuditAPITrace01"}, "properties": {"DesiredAccess": 0, "ReturnCode": 0, "TargetProcessId": 3856}, "property_types": {"DesiredAccess": "UINT32", "ReturnCode": "UINT32", "TargetProcessId": "UINT32"}}
{"header": {"activity_id": "{00000000-0000-0000-0000-000000000000}", "event_flags": 576, "event_id": 5, "event_name": "", "event_opcode": 0, "event_version": 0, "process_id": 3856, "provider_name": "Microsoft-Windows-Kernel-Audit-API-Calls", "task_name": "", "thread_id": 7964, "timestamp": "2025-10-30 03:47:34Z", "trace_name": "AuditAPITrace01"}, "properties": {"DesiredAccess": 0, "ReturnCode": 0, "TargetProcessId": 3856}, "property_types": {"DesiredAccess": "UINT32", "ReturnCode": "UINT32", "TargetProcessId": "UINT32"}}
{"header": {"activity_id": "{00000000-0000-0000-0000-000000000000}", "event_flags": 576, "event_id": 5, "event_name": "", "event_opcode": 0, "event_version": 0, "process_id": 3856, "provider_name": "Microsoft-Windows-Kernel-Audit-API-Calls", "task_name": "", "thread_id": 7964, "timestamp": "2025-10-30 03:47:34Z", "trace_name": "AuditAPITrace01"}, "properties": {"DesiredAccess": 0, "ReturnCode": 0, "TargetProcessId": 3856}, "property_types": {"DesiredAccess": "UINT32", "ReturnCode": "UINT32", "TargetProcessId": "UINT32"}}
{"header": {"activity_id": "{00000000-0000-0000-0000-000000000000}", "event_flags": 576, "event_id": 5, "event_name": "", "event_opcode": 0, "event_version": 0, "process_id": 3856, "provider_name": "Microsoft-Windows-Kernel-Audit-API-Calls", "task_name": "", "thread_id": 7964, "timestamp": "2025-10-30 03:47:34Z", "trace_name": "AuditAPITrace01"}, "properties": {"DesiredAccess": 0, "ReturnCode": 0, "TargetProcessId": 3856}, "property_types": {"DesiredAccess": "UINT32", "ReturnCode": "UINT32", "TargetProcessId": "UINT32"}}
{"header": {"activity_id": "{00000000-0000-0000-0000-000000000000}", "event_flags": 576, "event_id": 5, "event_name": "", "event_opcode": 0, "event_version": 0, "process_id": 3856, "provider_name": "Microsoft-Windows-Kernel-Audit-API-Calls", "task_name": "", "thread_id": 7964, "timestamp": "2025-10-30 03:47:34Z", "trace_name": "AuditAPITrace01"}, "properties": {"DesiredAccess": 0, "ReturnCode": 0, "TargetProcessId": 3856}, "property_types": {"DesiredAccess": "UINT32", "ReturnCode": "UINT32", "TargetProcessId": "UINT32"}}
{"header": {"activity_id": "{00000000-0000-0000-0000-000000000000}", "event_flags": 576, "event_id": 5, "event_name": "", "event_opcode": 0, "event_version": 0, "process_id": 3856, "provider_name": "Microsoft-Windows-Kernel-Audit-API-Calls", "task_name": "", "thread_id": 7964, "timestamp": "2025-10-30 03:47:34Z", "trace_name": "AuditAPITrace01"}, "properties": {"DesiredAccess": 0, "ReturnCode": 0, "TargetProcessId": 3856}, "property_types": {"DesiredAccess": "UINT32", "ReturnCode": "UINT32", "TargetProcessId": "UINT32"}}
{"header": {"activity_id": "{00000000-0000-0000-0000-000000000000}", "event_flags": 576, "event_id": 5, "event_name": "", "event_opcode": 0, "event_version": 0, "process_id": 3856, "provider_name": "Microsoft-Windows-Kernel-Audit-API-Calls", "task_name": "", "thread_id": 7964, "timestamp": "2025-10-30 03:47:34Z", "trace_name": "AuditAPITrace01"}, "properties": {"DesiredAccess": 0, "ReturnCode": 0, "TargetProcessId": 3856}, "property_types": {"DesiredAccess": "UINT32", "ReturnCode": "UINT32", "TargetProcessId": "UINT32"}}
{"header": {"activity_id": "{00000000-0000-0000-0000-000000000000}", "event_flags": 576, "event_id": 5, "event_name": "", "event_opcode": 0, "event_version": 0, "process_id": 3856, "provider_name": "Microsoft-Windows-Kernel-Audit-API-Calls", "task_name": "", "thread_id": 7964, "timestamp": "2025-10-30 03:47:34Z", "trace_name": "AuditAPITrace01"}, "properties": {"DesiredAccess": 0, "ReturnCode": 0, "TargetProcessId": 3856}, "property_types": {"DesiredAccess": "UINT32", "ReturnCode": "UINT32", "TargetProcessId": "UINT32"}}
{"header": {"activity_id": "{00000000-0000-0000-0000-000000000000}", "event_flags": 576, "event_id": 5, "event_name": "", "event_opcode": 0, "event_version": 0, "process_id": 3856, "provider_name": "Microsoft-Windows-Kernel-Audit-API-Calls", "task_name": "", "thread_id": 7964, "timestamp": "2025-10-30 03:47:34Z", "trace_name": "AuditAPITrace01"}, "properties": {"DesiredAccess": 0, "ReturnCode": 0, "TargetProcessId": 3856}, "property_types": {"DesiredAccess": "UINT32", "ReturnCode": "UINT32", "TargetProcessId": "UINT32"}}
{"header": {"activity_id": "{00000000-0000-0000-0000-000000000000}", "event_flags": 576, "event_id": 5, "event_name": "", "event_opcode": 0, "event_version": 0, "process_id": 3856, "provider_name": "Microsoft-Windows-Kernel-Audit-API-Calls", "task_name": "", "thread_id": 7964, "timestamp": "2025-10-30 03:47:34Z", "trace_name": "AuditAPITrace01"}, "properties": {"DesiredAccess": 0, "ReturnCode": 0, "TargetProcessId": 3856}, "property_types": {"DesiredAccess": "UINT32", "ReturnCode": "UINT32", "TargetProcessId": "UINT32"}}
{"header": {"activity_id": "{00000000-0000-0000-0000-000000000000}", "event_flags": 576, "event_id": 5, "event_name": "", "event_opcode": 0, "event_version": 0, "process_id": 3856, "provider_name": "Microsoft-Windows-Kernel-Audit-API-Calls", "task_name": "", "thread_id": 7964, "timestamp": "2025-10-30 03:47:34Z", "trace_name": "AuditAPITrace01"}, "properties": {"DesiredAccess": 0, "ReturnCode": 0, "TargetProcessId": 3856}, "property_types": {"DesiredAccess": "UINT32", "ReturnCode": "UINT32", "TargetProcessId": "UINT32"}}
{"header": {"activity_id": "{00000000-0000-0000-0000-000000000000}", "event_flags": 576, "event_id": 5, "event_name": "", "event_opcode": 0, "event_version": 0, "process_id": 3856, "provider_name": "Microsoft-Windows-Kernel-Audit-API-Calls", "task_name": "", "thread_id": 7964, "timestamp": "2025-10-30 03:47:34Z", "trace_name": "AuditAPITrace01"}, "properties": {"DesiredAccess": 0, "ReturnCode": 0, "TargetProcessId": 3856}, "property_types": {"DesiredAccess": "UINT32", "ReturnCode": "UINT32", "TargetProcessId": "UINT32"}}
{"header": {"activity_id": "{00000000-0000-0000-0000-000000000000}", "event_flags": 576, "event_id": 5, "event_name": "", "event_opcode": 0, "event_version": 0, "process_id": 3856, "provider_name": "Microsoft-Windows-Kernel-Audit-API-Calls", "task_name": "", "thread_id": 7964, "timestamp": "2025-10-30 03:47:34Z", "trace_name": "AuditAPITrace01"}, "properties": {"DesiredAccess": 0, "ReturnCode": 0, "TargetProcessId": 3856}, "property_types": {"DesiredAccess": "UINT32", "ReturnCode": "UINT32", "TargetProcessId": "UINT32"}}
{"header": {"activity_id": "{00000000-0000-0000-0000-000000000000}", "event_flags": 576, "event_id": 5, "event_name": "", "event_opcode": 0, "event_version": 0, "process_id": 3856, "provider_name": "Microsoft-Windows-Kernel-Audit-API-Calls", "task_name": "", "thread_id": 7964, "timestamp": "2025-10-30 03:47:34Z", "trace_name": "AuditAPITrace01"}, "properties": {"DesiredAccess": 0, "ReturnCode": 0, "TargetProcessId": 3856}, "property_types": {"DesiredAccess": "UINT32", "ReturnCode": "UINT32", "TargetProcessId": "UINT32"}}
{"header": {"activity_id": "{00000000-0000-0000-0000-000000000000}", "event_flags": 576, "event_id": 5, "event_name": "", "event_opcode": 0, "event_version": 0, "process_id": 3856, "provider_name": "Microsoft-Windows-Kernel-Audit-API-Calls", "task_name": "", "thread_id": 7964, "timestamp": "2025-10-30 03:47:34Z", "trace_name": "AuditAPITrace01"}, "properties": {"DesiredAccess": 0, "ReturnCode": 0, "TargetProcessId": 3856}, "property_types": {"DesiredAccess": "UINT32", "ReturnCode": "UINT32", "TargetProcessId": "UINT32"}}
{"header": {"activity_id": "{00000000-0000-0000-0000-000000000000}", "event_flags": 576, "event_id": 5, "event_name": "", "event_opcode": 0, "event_version": 0, "process_id": 3856, "provider_name": "Microsoft-Windows-Kernel-Audit-API-Calls", "task_name": "", "thread_id": 7964, "timestamp": "2025-10-30 03:47:34Z", "trace_name": "AuditAPITrace01"}, "properties": {"DesiredAccess": 0, "ReturnCode": 0, "TargetProcessId": 3856}, "property_types": {"DesiredAccess": "UINT32", "ReturnCode": "UINT32", "TargetProcessId": "UINT32"}}
{"header": {"activity_id": "{00000000-0000-0000-0000-000000000000}", "event_flags": 576, "event_id": 5, "event_name": "", "event_opcode": 0, "event_version": 0, "process_id": 3856, "provider_name": "Microsoft-Windows-Kernel-Audit-API-Calls", "task_name": "", "thread_id": 7964, "timestamp": "2025-10-30 03:47:34Z", "trace_name": "AuditAPITrace01"}, "properties": {"DesiredAccess": 0, "ReturnCode": 0, "TargetProcessId": 3856}, "property_types": {"DesiredAccess": "UINT32", "ReturnCode": "UINT32", "TargetProcessId": "UINT32"}}
{"header": {"activity_id": "{00000000-0000-0000-0000-000000000000}", "event_flags": 576, "event_id": 6, "event_name": "", "event_opcode": 0, "event_version": 4, "process_id": 3856, "provider_name": "Microsoft-Windows-Sysmon", "task_name": "Driver loaded (rule: DriverLoad) ", "thread_id": 7964, "timestamp": "2025-10-30 03:47:34Z", "trace_name": "codeintegrity"}, "properties": {"Hashes": "SHA1=B0B912A3FD1C05D72080848EC4C92880004021A1,MD5=80961850786D6531F075B8A6F9A756AD,SHA256=206F27AE820783B7755BCA89F83A0FE096DBB510018DD65B63FC80BD20C03261,IMPHASH=FDBDF8EA09A9AF32D54979C574260475", "ImageLoaded": "C:\\Users\\cyb3r\\Downloads\\NSecKrnl.sys", "RuleName": "-", "Signature": "Shandong Anzai Information Technology CO.,Ltd.", "SignatureStatus": "Valid", "Signed": "true", "UtcTime": "2025-10-30 03:47:33.953"}, "property_types": {"Hashes": "STRINGW", "ImageLoaded": "STRINGW", "RuleName": "STRINGW", "Signature": "STRINGW", "SignatureStatus": "STRINGW", "Signed": "STRINGW", "UtcTime": "STRINGW"}}
{"header": {"activity_id": "{00000000-0000-0000-0000-000000000000}", "event_flags": 576, "event_id": 5, "event_name": "", "event_opcode": 0, "event_version": 0, "process_id": 2648, "provider_name": "Microsoft-Windows-Kernel-Audit-API-Calls", "task_name": "", "thread_id": 3688, "timestamp": "2025-10-30 03:47:34Z", "trace_name": "AuditAPITrace01"}, "properties": {"DesiredAccess": 2147483648, "ReturnCode": 0, "TargetProcessId": 2648}, "property_types": {"DesiredAccess": "UINT32", "ReturnCode": "UINT32", "TargetProcessId": "UINT32"}}
{"header": {"activity_id": "{00000000-0000-0000-0000-000000000000}", "event_flags": 576, "event_id": 6, "event_name": "", "event_opcode": 0, "event_version": 0, "process_id": 6796, "provider_name": "Microsoft-Windows-Kernel-Audit-API-Calls", "task_name": "", "thread_id": 4064, "timestamp": "2025-10-30 03:47:34Z", "trace_name": "AuditAPITrace01"}, "properties": {"DesiredAccess": 1048592, "ReturnCode": 0, "TargetProcessId": 6796, "TargetThreatId": 4064}, "property_types": {"DesiredAccess": "UINT32", "ReturnCode": "UINT32", "TargetProcessId": "UINT32", "TargetThreatId": "UINT32"}}
{"header": {"activity_id": "{00000000-0000-0000-0000-000000000000}", "event_flags": 576, "event_id": 6, "event_name": "", "event_opcode": 0, "event_version": 0, "process_id": 3700, "provider_name": "Microsoft-Windows-Kernel-Audit-API-Calls", "task_name": "", "thread_id": 7040, "timestamp": "2025-10-30 03:47:34Z", "trace_name": "AuditAPITrace01"}, "properties": {"DesiredAccess": 1048592, "ReturnCode": 0, "TargetProcessId": 3700, "TargetThreatId": 7040}, "property_types": {"DesiredAccess": "UINT32", "ReturnCode": "UINT32", "TargetProcessId": "UINT32", "TargetThreatId": "UINT32"}}
{"header": {"activity_id": "{00000000-0000-0000-0000-000000000000}", "event_flags": 576, "event_id": 5, "event_name": "", "event_opcode": 0, "event_version": 0, "process_id": 6796, "provider_name": "Microsoft-Windows-Kernel-Audit-API-Calls", "task_name": "", "thread_id": 4396, "timestamp": "2025-10-30 03:47:34Z", "trace_name": "AuditAPITrace01"}, "properties": {"DesiredAccess": 2147483648, "ReturnCode": 0, "TargetProcessId": 6796}, "property_types": {"DesiredAccess": "UINT32", "ReturnCode": "UINT32", "TargetProcessId": "UINT32"}}
{"header": {"activity_id": "{00000000-0000-0000-0000-000000000000}", "event_flags": 576, "event_id": 5, "event_name": "", "event_opcode": 0, "event_version": 0, "process_id": 6796, "provider_name": "Microsoft-Windows-Kernel-Audit-API-Calls", "task_name": "", "thread_id": 4396, "timestamp": "2025-10-30 03:47:34Z", "trace_name": "AuditAPITrace01"}, "properties": {"DesiredAccess": 2147483648, "ReturnCode": 0, "TargetProcessId": 6796}, "property_types": {"DesiredAccess": "UINT32", "ReturnCode": "UINT32", "TargetProcessId": "UINT32"}}
{"header": {"activity_id": "{00000000-0000-0000-0000-000000000000}", "event_flags": 576, "event_id": 6, "event_name": "", "event_opcode": 0, "event_version": 0, "process_id": 6796, "provider_name": "Microsoft-Windows-Kernel-Audit-API-Calls", "task_name": "", "thread_id": 3832, "timestamp": "2025-10-30 03:47:34Z", "trace_name": "AuditAPITrace01"}, "properties": {"DesiredAccess": 1048592, "ReturnCode": 0, "TargetProcessId": 6796, "TargetThreatId": 3832}, "property_types": {"DesiredAccess": "UINT32", "ReturnCode": "UINT32", "TargetProcessId": "UINT32", "TargetThreatId": "UINT32"}}
{"header": {"activity_id": "{00000000-0000-0000-0000-000000000000}", "event_flags": 576, "event_id": 5, "event_name": "", "event_opcode": 0, "event_version": 0, "process_id": 6760, "provider_name": "Microsoft-Windows-Kernel-Audit-API-Calls", "task_name": "", "thread_id": 4364, "timestamp": "2025-10-30 03:47:34Z", "trace_name": "AuditAPITrace01"}, "properties": {"DesiredAccess": 2147483648, "ReturnCode": 0, "TargetProcessId": 6760}, "property_types": {"DesiredAccess": "UINT32", "ReturnCode": "UINT32", "TargetProcessId": "UINT32"}}
{"header": {"activity_id": "{00000000-0000-0000-0000-000000000000}", "event_flags": 576, "event_id": 5, "event_name": "", "event_opcode": 0, "event_version": 0, "process_id": 6760, "provider_name": "Microsoft-Windows-Kernel-Audit-API-Calls", "task_name": "", "thread_id": 4364, "timestamp": "2025-10-30 03:47:34Z", "trace_name": "AuditAPITrace01"}, "properties": {"DesiredAccess": 2147483648, "ReturnCode": 0, "TargetProcessId": 6760}, "property_types": {"DesiredAccess": "UINT32", "ReturnCode": "UINT32", "TargetProcessId": "UINT32"}}
{"header": {"activity_id": "{00000000-0000-0000-0000-000000000000}", "event_flags": 576, "event_id": 5, "event_name": "", "event_opcode": 0, "event_version": 0, "process_id": 6796, "provider_name": "Microsoft-Windows-Kernel-Audit-API-Calls", "task_name": "", "thread_id": 1432, "timestamp": "2025-10-30 03:47:34Z", "trace_name": "AuditAPITrace01"}, "properties": {"DesiredAccess": 2147483648, "ReturnCode": 0, "TargetProcessId": 6796}, "property_types": {"DesiredAccess": "UINT32", "ReturnCode": "UINT32", "TargetProcessId": "UINT32"}}
{"header": {"activity_id": "{00000000-0000-0000-0000-000000000000}", "event_flags": 576, "event_id": 5, "event_name": "", "event_opcode": 0, "event_version": 0, "process_id": 6796, "provider_name": "Microsoft-Windows-Kernel-Audit-API-Calls", "task_name": "", "thread_id": 1432, "timestamp": "2025-10-30 03:47:34Z", "trace_name": "AuditAPITrace01"}, "properties": {"DesiredAccess": 2147483648, "ReturnCode": 0, "TargetProcessId": 6796}, "property_types": {"DesiredAccess": "UINT32", "ReturnCode": "UINT32", "TargetProcessId": "UINT32"}}
{"header": {"activity_id": "{00000000-0000-0000-0000-000000000000}", "event_flags": 576, "event_id": 5, "event_name": "", "event_opcode": 0, "event_version": 0, "process_id": 6796, "provider_name": "Microsoft-Windows-Kernel-Audit-API-Calls", "task_name": "", "thread_id": 4396, "timestamp": "2025-10-30 03:47:34Z", "trace_name": "AuditAPITrace01"}, "properties": {"DesiredAccess": 2147483648, "ReturnCode": 0, "TargetProcessId": 6796}, "property_types": {"DesiredAccess": "UINT32", "ReturnCode": "UINT32", "TargetProcessId": "UINT32"}}
{"header": {"activity_id": "{00000000-0000-0000-0000-000000000000}", "event_flags": 576, "event_id": 5, "event_name": "", "event_opcode": 0, "event_version": 0, "process_id": 6796, "provider_name": "Microsoft-Windows-Kernel-Audit-API-Calls", "task_name": "", "thread_id": 4396, "timestamp": "2025-10-30 03:47:34Z", "trace_name": "AuditAPITrace01"}, "properties": {"DesiredAccess": 2147483648, "ReturnCode": 0, "TargetProcessId": 6796}, "property_types": {"DesiredAccess": "UINT32", "ReturnCode": "UINT32", "TargetProcessId": "UINT32"}}
{"header": {"activity_id": "{00000000-0000-0000-0000-000000000000}", "event_flags": 576, "event_id": 6, "event_name": "", "event_opcode": 0, "event_version": 0, "process_id": 6796, "provider_name": "Microsoft-Windows-Kernel-Audit-API-Calls", "task_name": "", "thread_id": 4396, "timestamp": "2025-10-30 03:47:34Z", "trace_name": "AuditAPITrace01"}, "properties": {"DesiredAccess": 1048592, "ReturnCode": 0, "TargetProcessId": 6796, "TargetThreatId": 4396}, "property_types": {"DesiredAccess": "UINT32", "ReturnCode": "UINT32", "TargetProcessId": "UINT32", "TargetThreatId": "UINT32"}}
{"header": {"activity_id": "{00000000-0000-0000-0000-000000000000}", "event_flags": 576, "event_id": 5, "event_name": "", "event_opcode": 0, "event_version": 0, "process_id": 2516, "provider_name": "Microsoft-Windows-Kernel-Audit-API-Calls", "task_name": "", "thread_id": 3064, "timestamp": "2025-10-30 03:47:34Z", "trace_name": "AuditAPITrace01"}, "properties": {"DesiredAccess": 2147483648, "ReturnCode": 0, "TargetProcessId": 2516}, "property_types": {"DesiredAccess": "UINT32", "ReturnCode": "UINT32", "TargetProcessId": "UINT32"}}
{"header": {"activity_id": "{00000000-0000-0000-0000-000000000000}", "event_flags": 576, "event_id": 5, "event_name": "", "event_opcode": 0, "event_version": 0, "process_id": 2516, "provider_name": "Microsoft-Windows-Kernel-Audit-API-Calls", "task_name": "", "thread_id": 3064, "timestamp": "2025-10-30 03:47:34Z", "trace_name": "AuditAPITrace01"}, "properties": {"DesiredAccess": 2147483648, "ReturnCode": 0, "TargetProcessId": 2516}, "property_types": {"DesiredAccess": "UINT32", "ReturnCode": "UINT32", "TargetProcessId": "UINT32"}}
{"header": {"activity_id": "{00000000-0000-0000-0000-000000000000}", "event_flags": 576, "event_id": 5, "event_name": "", "event_opcode": 0, "event_version": 0, "process_id": 2516, "provider_name": "Microsoft-Windows-Kernel-Audit-API-Calls", "task_name": "", "thread_id": 3064, "timestamp": "2025-10-30 03:47:34Z", "trace_name": "AuditAPITrace01"}, "properties": {"DesiredAccess": 2147483648, "ReturnCode": 0, "TargetProcessId": 2516}, "property_types": {"DesiredAccess": "UINT32", "ReturnCode": "UINT32", "TargetProcessId": "UINT32"}}
{"header": {"activity_id": "{00000000-0000-0000-0000-000000000000}", "event_flags": 576, "event_id": 5, "event_name": "", "event_opcode": 0, "event_version": 0, "process_id": 2516, "provider_name": "Microsoft-Windows-Kernel-Audit-API-Calls", "task_name": "", "thread_id": 3064, "timestamp": "2025-10-30 03:47:34Z", "trace_name": "AuditAPITrace01"}, "properties": {"DesiredAccess": 2147483648, "ReturnCode": 0, "TargetProcessId": 2516}, "property_types": {"DesiredAccess": "UINT32", "ReturnCode": "UINT32", "TargetProcessId": "UINT32"}}
{"header": {"activity_id": "{00000000-0000-0000-0000-000000000000}", "event_flags": 576, "event_id": 5, "event_name": "", "event_opcode": 0, "event_version": 0, "process_id": 704, "provider_name": "Microsoft-Windows-Kernel-Audit-API-Calls", "task_name": "", "thread_id": 4616, "timestamp": "2025-10-30 03:47:34Z", "trace_name": "AuditAPITrace01"}, "properties": {"DesiredAccess": 0, "ReturnCode": 0, "TargetProcessId": 3528}, "property_types": {"DesiredAccess": "UINT32", "ReturnCode": "UINT32", "TargetProcessId": "UINT32"}}
{"header": {"activity_id": "{00000000-0000-0000-0000-000000000000}", "event_flags": 576, "event_id": 5, "event_name": "", "event_opcode": 0, "event_version": 0, "process_id": 704, "provider_name": "Microsoft-Windows-Kernel-Audit-API-Calls", "task_name": "", "thread_id": 4616, "timestamp": "2025-10-30 03:47:34Z", "trace_name": "AuditAPITrace01"}, "properties": {"DesiredAccess": 0, "ReturnCode": 0, "TargetProcessId": 704}, "property_types": {"DesiredAccess": "UINT32", "ReturnCode": "UINT32", "TargetProcessId": "UINT32"}}
{"header": {"activity_id": "{00000000-0000-0000-0000-000000000000}", "event_flags": 576, "event_id": 5, "event_name": "", "event_opcode": 0, "event_version": 0, "process_id": 704, "provider_name": "Microsoft-Windows-Kernel-Audit-API-Calls", "task_name": "", "thread_id": 4616, "timestamp": "2025-10-30 03:47:34Z", "trace_name": "AuditAPITrace01"}, "properties": {"DesiredAccess": 0, "ReturnCode": 0, "TargetProcessId": 704}, "property_types": {"DesiredAccess": "UINT32", "ReturnCode": "UINT32", "TargetProcessId": "UINT32"}}
{"header": {"activity_id": "{00000000-0000-0000-0000-000000000000}", "event_flags": 576, "event_id": 5, "event_name": "", "event_opcode": 0, "event_version": 0, "process_id": 704, "provider_name": "Microsoft-Windows-Kernel-Audit-API-Calls", "task_name": "", "thread_id": 4616, "timestamp": "2025-10-30 03:47:34Z", "trace_name": "AuditAPITrace01"}, "properties": {"DesiredAccess": 0, "ReturnCode": 0, "TargetProcessId": 3528}, "property_types": {"DesiredAccess": "UINT32", "ReturnCode": "UINT32", "TargetProcessId": "UINT32"}}
{"header": {"activity_id": "{00000000-0000-0000-0000-000000000000}", "event_flags": 576, "event_id": 5, "event_name": "", "event_opcode": 0, "event_version": 0, "process_id": 704, "provider_name": "Microsoft-Windows-Kernel-Audit-API-Calls", "task_name": "", "thread_id": 4616, "timestamp": "2025-10-30 03:47:34Z", "trace_name": "AuditAPITrace01"}, "properties": {"DesiredAccess": 0, "ReturnCode": 0, "TargetProcessId": 3528}, "property_types": {"DesiredAccess": "UINT32", "ReturnCode": "UINT32", "TargetProcessId": "UINT32"}}
{"header": {"activity_id": "{00000000-0000-0000-0000-000000000000}", "event_flags": 576, "event_id": 5, "event_name": "", "event_opcode": 0, "event_version": 0, "process_id": 704, "provider_name": "Microsoft-Windows-Kernel-Audit-API-Calls", "task_name": "", "thread_id": 4616, "timestamp": "2025-10-30 03:47:34Z", "trace_name": "AuditAPITrace01"}, "properties": {"DesiredAccess": 4096, "ReturnCode": 0, "TargetProcessId": 3528}, "property_types": {"DesiredAccess": "UINT32", "ReturnCode": "UINT32", "TargetProcessId": "UINT32"}}
{"header": {"activity_id": "{00000000-0000-0000-0000-000000000000}", "event_flags": 576, "event_id": 9, "event_name": "", "event_opcode": 40, "event_version": 0, "process_id": 3528, "provider_name": "Microsoft-Windows-Kernel-Registry", "task_name": "", "thread_id": 3564, "timestamp": "2025-10-30 03:47:34Z", "trace_name": "Kernel_Registry01"}, "properties": {"CapturedData": "", "CapturedDataSize": 0, "DataSize": 54, "Index": 0, "InfoClass": 1, "KeyName": "", "KeyObject": "0xFFFFBF864E3A0DF0", "Status": 0}, "property_types": {"CapturedData": "BINARY", "CapturedDataSize": "UINT16", "DataSize": "UINT32", "Index": "UINT32", "InfoClass": "UINT32", "KeyName": "STRINGW", "KeyObject": "POINTER", "Status": "UINT32"}}
{"header": {"activity_id": "{00000000-0000-0000-0000-000000000000}", "event_flags": 576, "event_id": 9, "event_name": "", "event_opcode": 40, "event_version": 0, "process_id": 3528, "provider_name": "Microsoft-Windows-Kernel-Registry", "task_name": "", "thread_id": 3564, "timestamp": "2025-10-30 03:47:34Z", "trace_name": "Kernel_Registry01"}, "properties": {"CapturedData": "", "CapturedDataSize": 0, "DataSize": 54, "Index": 1, "InfoClass": 1, "KeyName": "", "KeyObject": "0xFFFFBF864E3A0DF0", "Status": 0}, "property_types": {"CapturedData": "BINARY", "CapturedDataSize": "UINT16", "DataSize": "UINT32", "Index": "UINT32", "InfoClass": "UINT32", "KeyName": "STRINGW", "KeyObject": "POINTER", "Status": "UINT32"}}
{"header": {"activity_id": "{00000000-0000-0000-0000-000000000000}", "event_flags": 576, "event_id": 9, "event_name": "", "event_opcode": 40, "event_version": 0, "process_id": 3528, "provider_name": "Microsoft-Windows-Kernel-Registry", "task_name": "", "thread_id": 3564, "timestamp": "2025-10-30 03:47:34Z", "trace_name": "Kernel_Registry01"}, "properties": {"CapturedData": "", "CapturedDataSize": 0, "DataSize": 64, "Index": 2, "InfoClass": 1, "KeyName": "", "KeyObject": "0xFFFFBF864E3A0DF0", "Status": 0}, "property_types": {"CapturedData": "BINARY", "CapturedDataSize": "UINT16", "DataSize": "UINT32", "Index": "UINT32", "InfoClass": "UINT32", "KeyName": "STRINGW", "KeyObject": "POINTER", "Status": "UINT32"}}
{"header": {"activity_id": "{00000000-0000-0000-0000-000000000000}", "event_flags": 576, "event_id": 9, "event_name": "", "event_opcode": 40, "event_version": 0, "process_id": 3528, "provider_name": "Microsoft-Windows-Kernel-Registry", "task_name": "", "thread_id": 3564, "timestamp": "2025-10-30 03:47:34Z", "trace_name": "Kernel_Registry01"}, "properties": {"CapturedData": "", "CapturedDataSize": 0, "DataSize": 54, "Index": 3, "InfoClass": 1, "KeyName": "", "KeyObject": "0xFFFFBF864E3A0DF0", "Status": 0}, "property_types": {"CapturedData": "BINARY", "CapturedDataSize": "UINT16", "DataSize": "UINT32", "Index": "UINT32", "InfoClass": "UINT32", "KeyName": "STRINGW", "KeyObject": "POINTER", "Status": "UINT32"}}
{"header": {"activity_id": "{00000000-0000-0000-0000-000000000000}", "event_flags": 576, "event_id": 9, "event_name": "", "event_opcode": 40, "event_version": 0, "process_id": 3528, "provider_name": "Microsoft-Windows-Kernel-Registry", "task_name": "", "thread_id": 3564, "timestamp": "2025-10-30 03:47:34Z", "trace_name": "Kernel_Registry01"}, "properties": {"CapturedData": "", "CapturedDataSize": 0, "DataSize": 74, "Index": 4, "InfoClass": 1, "KeyName": "", "KeyObject": "0xFFFFBF864E3A0DF0", "Status": 0}, "property_types": {"CapturedData": "BINARY", "CapturedDataSize": "UINT16", "DataSize": "UINT32", "Index": "UINT32", "InfoClass": "UINT32", "KeyName": "STRINGW", "KeyObject": "POINTER", "Status": "UINT32"}}
{"header": {"activity_id": "{00000000-0000-0000-0000-000000000000}", "event_flags": 576, "event_id": 9, "event_name": "", "event_opcode": 40, "event_version": 0, "process_id": 3528, "provider_name": "Microsoft-Windows-Kernel-Registry", "task_name": "", "thread_id": 3564, "timestamp": "2025-10-30 03:47:34Z", "trace_name": "Kernel_Registry01"}, "properties": {"CapturedData": "", "CapturedDataSize": 0, "DataSize": 72, "Index": 5, "InfoClass": 1, "KeyName": "", "KeyObject": "0xFFFFBF864E3A0DF0", "Status": 0}, "property_types": {"CapturedData": "BINARY", "CapturedDataSize": "UINT16", "DataSize": "UINT32", "Index": "UINT32", "InfoClass": "UINT32", "KeyName": "STRINGW", "KeyObject": "POINTER", "Status": "UINT32"}}
{"header": {"activity_id": "{00000000-0000-0000-0000-000000000000}", "event_flags": 576, "event_id": 9, "event_name": "", "event_opcode": 40, "event_version": 0, "process_id": 3528, "provider_name": "Microsoft-Windows-Kernel-Registry", "task_name": "", "thread_id": 3564, "timestamp": "2025-10-30 03:47:34Z", "trace_name": "Kernel_Registry01"}, "properties": {"CapturedData": "", "CapturedDataSize": 0, "DataSize": 70, "Index": 6, "InfoClass": 1, "KeyName": "", "KeyObject": "0xFFFFBF864E3A0DF0", "Status": 0}, "property_types": {"CapturedData": "BINARY", "CapturedDataSize": "UINT16", "DataSize": "UINT32", "Index": "UINT32", "InfoClass": "UINT32", "KeyName": "STRINGW", "KeyObject": "POINTER", "Status": "UINT32"}}
{"header": {"activity_id": "{00000000-0000-0000-0000-000000000000}", "event_flags": 576, "event_id": 9, "event_name": "", "event_opcode": 40, "event_version": 0, "process_id": 3528, "provider_name": "Microsoft-Windows-Kernel-Registry", "task_name": "", "thread_id": 3564, "timestamp": "2025-10-30 03:47:34Z", "trace_name": "Kernel_Registry01"}, "properties": {"CapturedData": "", "CapturedDataSize": 0, "DataSize": 72, "Index": 7, "InfoClass": 1, "KeyName": "", "KeyObject": "0xFFFFBF864E3A0DF0", "Status": 0}, "property_types": {"CapturedData": "BINARY", "CapturedDataSize": "UINT16", "DataSize": "UINT32", "Index": "UINT32", "InfoClass": "UINT32", "KeyName": "STRINGW", "KeyObject": "POINTER", "Status": "UINT32"}}
{"header": {"activity_id": "{00000000-0000-0000-0000-000000000000}", "event_flags": 576, "event_id": 9, "event_name": "", "event_opcode": 40, "event_version": 0, "process_id": 3528, "provider_name": "Microsoft-Windows-Kernel-Registry", "task_name": "", "thread_id": 3564, "timestamp": "2025-10-30 03:47:34Z", "trace_name": "Kernel_Registry01"}, "properties": {"CapturedData": "", "CapturedDataSize": 0, "DataSize": 64, "Index": 8, "InfoClass": 1, "KeyName": "", "KeyObject": "0xFFFFBF864E3A0DF0", "Status": 0}, "property_types": {"CapturedData": "BINARY", "CapturedDataSize": "UINT16", "DataSize": "UINT32", "Index": "UINT32", "InfoClass": "UINT32", "KeyName": "STRINGW", "KeyObject": "POINTER", "Status": "UINT32"}}
{"header": {"activity_id": "{00000000-0000-0000-0000-000000000000}", "event_flags": 576, "event_id": 9, "event_name": "", "event_opcode": 40, "event_version": 0, "process_id": 3528, "provider_name": "Microsoft-Windows-Kernel-Registry", "task_name": "", "thread_id": 3564, "timestamp": "2025-10-30 03:47:34Z", "trace_name": "Kernel_Registry01"}, "properties": {"CapturedData": "", "CapturedDataSize": 0, "DataSize": 64, "Index": 9, "InfoClass": 1, "KeyName": "", "KeyObject": "0xFFFFBF864E3A0DF0", "Status": 0}, "property_types": {"CapturedData": "BINARY", "CapturedDataSize": "UINT16", "DataSize": "UINT32", "Index": "UINT32", "InfoClass": "UINT32", "KeyName": "STRINGW", "KeyObject": "POINTER", "Status": "UINT32"}}
{"header": {"activity_id": "{00000000-0000-0000-0000-000000000000}", "event_flags": 576, "event_id": 9, "event_name": "", "event_opcode": 40, "event_version": 0, "process_id": 3528, "provider_name": "Microsoft-Windows-Kernel-Registry", "task_name": "", "thread_id": 3564, "timestamp": "2025-10-30 03:47:34Z", "trace_name": "Kernel_Registry01"}, "properties": {"CapturedData": "", "CapturedDataSize": 0, "DataSize": 64, "Index": 10, "InfoClass": 1, "KeyName": "", "KeyObject": "0xFFFFBF864E3A0DF0", "Status": 0}, "property_types": {"CapturedData": "BINARY", "CapturedDataSize": "UINT16", "DataSize": "UINT32", "Index": "UINT32", "InfoClass": "UINT32", "KeyName": "STRINGW", "KeyObject": "POINTER", "Status": "UINT32"}}
{"header": {"activity_id": "{00000000-0000-0000-0000-000000000000}", "event_flags": 576, "event_id": 9, "event_name": "", "event_opcode": 40, "event_version": 0, "process_id": 3528, "provider_name": "Microsoft-Windows-Kernel-Registry", "task_name": "", "thread_id": 3564, "timestamp": "2025-10-30 03:47:34Z", "trace_name": "Kernel_Registry01"}, "properties": {"CapturedData": "", "CapturedDataSize": 0, "DataSize": 66, "Index": 11, "InfoClass": 1, "KeyName": "", "KeyObject": "0xFFFFBF864E3A0DF0", "Status": 0}, "property_types": {"CapturedData": "BINARY", "CapturedDataSize": "UINT16", "DataSize": "UINT32", "Index": "UINT32", "InfoClass": "UINT32", "KeyName": "STRINGW", "KeyObject": "POINTER", "Status": "UINT32"}}
{"header": {"activity_id": "{00000000-0000-0000-0000-000000000000}", "event_flags": 576, "event_id": 9, "event_name": "", "event_opcode": 40, "event_version": 0, "process_id": 3528, "provider_name": "Microsoft-Windows-Kernel-Registry", "task_name": "", "thread_id": 3564, "timestamp": "2025-10-30 03:47:34Z", "trace_name": "Kernel_Registry01"}, "properties": {"CapturedData": "", "CapturedDataSize": 0, "DataSize": 60, "Index": 12, "InfoClass": 1, "KeyName": "", "KeyObject": "0xFFFFBF864E3A0DF0", "Status": 0}, "property_types": {"CapturedData": "BINARY", "CapturedDataSize": "UINT16", "DataSize": "UINT32", "Index": "UINT32", "InfoClass": "UINT32", "KeyName": "STRINGW", "KeyObject": "POINTER", "Status": "UINT32"}}
{"header": {"activity_id": "{00000000-0000-0000-0000-000000000000}", "event_flags": 576, "event_id": 9, "event_name": "", "event_opcode": 40, "event_version": 0, "process_id": 3528, "provider_name": "Microsoft-Windows-Kernel-Registry", "task_name": "", "thread_id": 3564, "timestamp": "2025-10-30 03:47:34Z", "trace_name": "Kernel_Registry01"}, "properties": {"CapturedData": "", "CapturedDataSize": 0, "DataSize": 60, "Index": 13, "InfoClass": 1, "KeyName": "", "KeyObject": "0xFFFFBF864E3A0DF0", "Status": 0}, "property_types": {"CapturedData": "BINARY", "CapturedDataSize": "UINT16", "DataSize": "UINT32", "Index": "UINT32", "InfoClass": "UINT32", "KeyName": "STRINGW", "KeyObject": "POINTER", "Status": "UINT32"}}
{"header": {"activity_id": "{00000000-0000-0000-0000-000000000000}", "event_flags": 576, "event_id": 9, "event_name": "", "event_opcode": 40, "event_version": 0, "process_id": 3528, "provider_name": "Microsoft-Windows-Kernel-Registry", "task_name": "", "thread_id": 3564, "timestamp": "2025-10-30 03:47:34Z", "trace_name": "Kernel_Registry01"}, "properties": {"CapturedData": "", "CapturedDataSize": 0, "DataSize": 62, "Index": 14, "InfoClass": 1, "KeyName": "", "KeyObject": "0xFFFFBF864E3A0DF0", "Status": 0}, "property_types": {"CapturedData": "BINARY", "CapturedDataSize": "UINT16", "DataSize": "UINT32", "Index": "UINT32", "InfoClass": "UINT32", "KeyName": "STRINGW", "KeyObject": "POINTER", "Status": "UINT32"}}
{"header": {"activity_id": "{00000000-0000-0000-0000-000000000000}", "event_flags": 576, "event_id": 9, "event_name": "", "event_opcode": 40, "event_version": 0, "process_id": 3528, "provider_name": "Microsoft-Windows-Kernel-Registry", "task_name": "", "thread_id": 3564, "timestamp": "2025-10-30 03:47:34Z", "trace_name": "Kernel_Registry01"}, "properties": {"CapturedData": "", "CapturedDataSize": 0, "DataSize": 60, "Index": 15, "InfoClass": 1, "KeyName": "", "KeyObject": "0xFFFFBF864E3A0DF0", "Status": 0}, "property_types": {"CapturedData": "BINARY", "CapturedDataSize": "UINT16", "DataSize": "UINT32", "Index": "UINT32", "InfoClass": "UINT32", "KeyName": "STRINGW", "KeyObject": "POINTER", "Status": "UINT32"}}
{"header": {"activity_id": "{00000000-0000-0000-0000-000000000000}", "event_flags": 576, "event_id": 9, "event_name": "", "event_opcode": 40, "event_version": 0, "process_id": 3528, "provider_name": "Microsoft-Windows-Kernel-Registry", "task_name": "", "thread_id": 3564, "timestamp": "2025-10-30 03:47:34Z", "trace_name": "Kernel_Registry01"}, "properties": {"CapturedData": "", "CapturedDataSize": 0, "DataSize": 54, "Index": 16, "InfoClass": 1, "KeyName": "", "KeyObject": "0xFFFFBF864E3A0DF0", "Status": 0}, "property_types": {"CapturedData": "BINARY", "CapturedDataSize": "UINT16", "DataSize": "UINT32", "Index": "UINT32", "InfoClass": "UINT32", "KeyName": "STRINGW", "KeyObject": "POINTER", "Status": "UINT32"}}
