{"header": {"activity_id": "{00000000-0000-0000-0000-000000000000}", "event_flags": 576, "event_id": 2, "event_name": "", "event_opcode": 2, "event_version": 2, "process_id": 272, "provider_name": "Microsoft-Windows-Kernel-Process", "task_name": "ProcessStop", "thread_id": 6488, "timestamp": "2025-10-30 03:48:09Z", "trace_name": "ProcTrace01"}, "properties": {"CPUCycleCount": 11673312, "CommitCharge": 643072, "CommitPeak": 643072, "CreateTime": "2025-10-30 03:48:09Z", "ExitCode": 0, "ExitTime": "2025-10-30 03:48:09Z", "HandleCount": 44, "HardFaultCount": 0, "ImageName": "sc.exe", "ProcessID": 272, "ProcessSequenceNumber": 258, "ReadOperationCount": 0, "ReadTransferKiloBytes": 0, "TokenElevationType": 2, "WriteOperationCount": 0, "WriteTransferKiloBytes": 0}, "property_types": {"CPUCycleCount": "UINT64", "CommitCharge": "UINT64", "CommitPeak": "UINT64", "CreateTime": "FILETIME", "ExitCode": "UINT32", "ExitTime": "FILETIME", "HandleCount": "UINT32", "HardFaultCount": "UINT32", "ImageName": "STRINGA", "ProcessID": "UINT32", "ProcessSequenceNumber": "UINT64", "ReadOperationCount": "UINT32", "ReadTransferKiloBytes": "UINT32", "TokenElevationType": "UINT32", "WriteOperationCount": "UINT32", "WriteTransferKiloBytes": "UINT32"}}
{"header": {"activity_id": "{00000000-0000-0000-0000-000000000000}", "event_flags": 576, "event_id": 5, "event_name": "", "event_opcode": 0, "event_version": 0, "process_id": 272, "provider_name": "Microsoft-Windows-Kernel-Audit-API-Calls", "task_name": "", "thread_id": 6488, "timestamp": "2025-10-30 03:48:09Z", "trace_name": "AuditAPITrace01"}, "properties": {"DesiredAccess": 2147483648, "ReturnCode": 0, "TargetProcessId": 272}, "property_types": {"DesiredAccess": "UINT32", "ReturnCode": "UINT32", "TargetProcessId": "UINT32"}}
{"header": {"activity_id": "{00000000-0000-0000-0000-000000000000}", "event_flags": 576, "event_id": 5, "event_name": "", "event_opcode": 0, "event_version": 0, "process_id": 272, "provider_name": "Microsoft-Windows-Kernel-Audit-API-Calls", "task_name": "", "thread_id": 6488, "timestamp": "2025-10-30 03:48:09Z", "trace_name": "AuditAPITrace01"}, "properties": {"DesiredAccess": 2147483648, "ReturnCode": 0, "TargetProcessId": 272}, "property_types": {"DesiredAccess": "UINT32", "ReturnCode": "UINT32", "TargetProcessId": "UINT32"}}
{"header": {"activity_id": "{00000000-0000-0000-0000-000000000000}", "event_flags": 576, "event_id": 5, "event_name": "", "event_opcode": 0, "event_version": 0, "process_id": 272, "provider_name": "Microsoft-Windows-Kernel-Audit-API-Calls", "task_name": "", "thread_id": 6488, "timestamp": "2025-10-30 03:48:09Z", "trace_name": "AuditAPITrace01"}, "properties": {"DesiredAccess": 2147483648, "ReturnCode": 0, "TargetProcessId": 272}, "property_types": {"DesiredAccess": "UINT32", "ReturnCode": "UINT32", "TargetProcessId": "UINT32"}}
{"header": {"activity_id": "{00000000-0000-0000-0000-000000000000}", "event_flags": 576, "event_id": 5, "event_name": "", "event_opcode": 0, "event_version": 0, "process_id": 272, "provider_name": "Microsoft-Windows-Kernel-Audit-API-Calls", "task_name": "", "thread_id": 6488, "timestamp": "2025-10-30 03:48:09Z", "trace_name": "AuditAPITrace01"}, "properties": {"DesiredAccess": 0, "ReturnCode": 0, "TargetProcessId": 272}, "property_types": {"DesiredAccess": "UINT32", "ReturnCode": "UINT32", "TargetProcessId": "UINT32"}}
{"header": {"activity_id": "{00000000-0000-0000-0000-000000000000}", "event_flags": 576, "event_id": 5, "event_name": "", "event_opcode": 0, "event_version": 3, "process_id": 3856, "provider_name": "Microsoft-Windows-Sysmon", "task_name": "Process terminated (rule: ProcessTerminate) ", "thread_id": 5992, "timestamp": "2025-10-30 03:48:09Z", "trace_name": "codeintegrity"}, "properties": {"Image": "C:\\Windows\\System32\\sc.exe", "ProcessGuid": "{39898580-DFF9-6902-0201-000000000300}", "ProcessId": 272, "RuleName": "-", "User": "DESKTOP-3AERCN7\\cyb3r", "UtcTime": "2025-10-30 03:48:09.827"}, "property_types": {"Image": "STRINGW", "ProcessGuid": "GUID", "ProcessId": "UINT32", "RuleName": "STRINGW", "User": "STRINGW", "UtcTime": "STRINGW"}}
{"header": {"activity_id": "{00000000-0000-0000-0000-000000000000}", "event_flags": 576, "event_id": 5, "event_name": "", "event_opcode": 0, "event_version": 0, "process_id": 1640, "provider_name": "Microsoft-Windows-Kernel-Audit-API-Calls", "task_name": "", "thread_id": 1716, "timestamp": "2025-10-30 03:48:09Z", "trace_name": "AuditAPITrace01"}, "properties": {"DesiredAccess": 0, "ReturnCode": 0, "TargetProcessId": 1640}, "property_types": {"DesiredAccess": "UINT32", "ReturnCode": "UINT32", "TargetProcessId": "UINT32"}}
{"header": {"activity_id": "{00000000-0000-0000-0000-000000000000}", "event_flags": 576, "event_id": 5, "event_name": "", "event_opcode": 0, "event_version": 0, "process_id": 1640, "provider_name": "Microsoft-Windows-Kernel-Audit-API-Calls", "task_name": "", "thread_id": 1716, "timestamp": "2025-10-30 03:48:09Z", "trace_name": "AuditAPITrace01"}, "properties": {"DesiredAccess": 0, "ReturnCode": 0, "TargetProcessId": 1640}, "property_types": {"DesiredAccess": "UINT32", "ReturnCode": "UINT32", "TargetProcessId": "UINT32"}}
{"header": {"activity_id": "{00000000-0000-0000-0000-000000000000}", "event_flags": 576, "event_id": 5, "event_name": "", "event_opcode": 0, "event_version": 0, "process_id": 1640, "provider_name": "Microsoft-Windows-Kernel-Audit-API-Calls", "task_name": "", "thread_id": 1716, "timestamp": "2025-10-30 03:48:09Z", "trace_name": "AuditAPITrace01"}, "properties": {"DesiredAccess": 0, "ReturnCode": 0, "TargetProcessId": 1640}, "property_types": {"DesiredAccess": "UINT32", "ReturnCode": "UINT32", "TargetProcessId": "UINT32"}}
{"header": {"activity_id": "{00000000-0000-0000-0000-000000000000}", "event_flags": 576, "event_id": 26, "event_name": "", "event_opcode": 0, "event_version": 5, "process_id": 3856, "provider_name": "Microsoft-Windows-Sysmon", "task_name": "File Delete logged (rule: FileDeleteDetected) ", "thread_id": 5992, "timestamp": "2025-10-30 03:48:09Z", "trace_name": "codeintegrity"}, "properties": {"Hashes": "SHA1=972F268F9543C03CD5A973B840E974340EC4C700,MD5=30463C09093148B114FCD234242B5496,SHA256=166978B9E78B5767D923AF967F2F562B91B81F0D7F480B8C515FCBA46EED6434,IMPHASH=00000000000000000000000000000000", "Image": "C:\\Windows\\system32\\svchost.exe", "IsExecutable": false, "ProcessGuid": "{39898580-DB71-6902-2500-000000000300}", "ProcessId": 1640, "RuleName": "-", "TargetFilename": "C:\\Windows\\Prefetch\\SC.EXE-945D79AE.pf", "User": "NT AUTHORITY\\SYSTEM", "UtcTime": "2025-10-30 03:48:09.827"}, "property_types": {"Hashes": "STRINGW", "Image": "STRINGW", "IsExecutable": "BOOLEAN", "ProcessGuid": "GUID", "ProcessId": "UINT32", "RuleName": "STRINGW", "TargetFilename": "STRINGW", "User": "STRINGW", "UtcTime": "STRINGW"}}
{"header": {"activity_id": "{00000000-0000-0000-0000-000000000000}", "event_flags": 576, "event_id": 5, "event_name": "", "event_opcode": 0, "event_version": 0, "process_id": 1640, "provider_name": "Microsoft-Windows-Kernel-Audit-API-Calls", "task_name": "", "thread_id": 1716, "timestamp": "2025-10-30 03:48:09Z", "trace_name": "AuditAPITrace01"}, "properties": {"DesiredAccess": 0, "ReturnCode": 0, "TargetProcessId": 1640}, "property_types": {"DesiredAccess": "UINT32", "ReturnCode": "UINT32", "TargetProcessId": "UINT32"}}
{"header": {"activity_id": "{00000000-0000-0000-0000-000000000000}", "event_flags": 576, "event_id": 11, "event_name": "", "event_opcode": 0, "event_version": 2, "process_id": 3856, "provider_name": "Microsoft-Windows-Sysmon", "task_name": "File created (rule: FileCreate) ", "thread_id": 5992, "timestamp": "2025-10-30 03:48:09Z", "trace_name": "codeintegrity"}, "properties": {"CreationUtcTime": "2025-10-30 03:47:38.114", "Image": "C:\\Windows\\system32\\svchost.exe", "ProcessGuid": "{39898580-DB71-6902-2500-000000000300}", "ProcessId": 1640, "RuleName": "-", "TargetFilename": "C:\\Windows\\Prefetch\\SC.EXE-945D79AE.pf", "User": "NT AUTHORITY\\SYSTEM", "UtcTime": "2025-10-30 03:48:09.827"}, "property_types": {"CreationUtcTime": "STRINGW", "Image": "STRINGW", "ProcessGuid": "GUID", "ProcessId": "UINT32", "RuleName": "STRINGW", "TargetFilename": "STRINGW", "User": "STRINGW", "UtcTime": "STRINGW"}}
{"header": {"activity_id": "{00000000-0000-0000-0000-000000000000}", "event_flags": 576, "event_id": 5, "event_name": "", "event_opcode": 0, "event_version": 0, "process_id": 1640, "provider_name": "Microsoft-Windows-Kernel-Audit-API-Calls", "task_name": "", "thread_id": 1716, "timestamp": "2025-10-30 03:48:09Z", "trace_name": "AuditAPITrace01"}, "properties": {"DesiredAccess": 0, "ReturnCode": 0, "TargetProcessId": 1640}, "property_types": {"DesiredAccess": "UINT32", "ReturnCode": "UINT32", "TargetProcessId": "UINT32"}}
{"header": {"activity_id": "{00000000-0000-0000-0000-000000000000}", "event_flags": 576, "event_id": 5, "event_name": "", "event_opcode": 0, "event_version": 0, "process_id": 1640, "provider_name": "Microsoft-Windows-Kernel-Audit-API-Calls", "task_name": "", "thread_id": 1716, "timestamp": "2025-10-30 03:48:09Z", "trace_name": "AuditAPITrace01"}, "properties": {"DesiredAccess": 0, "ReturnCode": 0, "TargetProcessId": 1640}, "property_types": {"DesiredAccess": "UINT32", "ReturnCode": "UINT32", "TargetProcessId": "UINT32"}}
{"header": {"activity_id": "{00000000-0000-0000-0000-000000000000}", "event_flags": 576, "event_id": 5, "event_name": "", "event_opcode": 0, "event_version": 0, "process_id": 2192, "provider_name": "Microsoft-Windows-Kernel-Audit-API-Calls", "task_name": "", "thread_id": 2292, "timestamp": "2025-10-30 03:48:10Z", "trace_name": "AuditAPITrace01"}, "properties": {"DesiredAccess": 2147483648, "ReturnCode": 0, "TargetProcessId": 2192}, "property_types": {"DesiredAccess": "UINT32", "ReturnCode": "UINT32", "TargetProcessId": "UINT32"}}
{"header": {"activity_id": "{00000000-0000-0000-0000-000000000000}", "event_flags": 576, "event_id": 5, "event_name": "", "event_opcode": 0, "event_version": 0, "process_id": 2192, "provider_name": "Microsoft-Windows-Kernel-Audit-API-Calls", "task_name": "", "thread_id": 2292, "timestamp": "2025-10-30 03:48:10Z", "trace_name": "AuditAPITrace01"}, "properties": {"DesiredAccess": 2147483648, "ReturnCode": 0, "TargetProcessId": 2192}, "property_types": {"DesiredAccess": "UINT32", "ReturnCode": "UINT32", "TargetProcessId": "UINT32"}}
{"header": {"activity_id": "{00000000-0000-0000-0000-000000000000}", "event_flags": 576, "event_id": 5, "event_name": "", "event_opcode": 0, "event_version": 0, "process_id": 5796, "provider_name": "Microsoft-Windows-Kernel-Audit-API-Calls", "task_name": "", "thread_id": 4608, "timestamp": "2025-10-30 03:48:10Z", "trace_name": "AuditAPITrace01"}, "properties": {"DesiredAccess": 2147483648, "ReturnCode": 0, "TargetProcessId": 5796}, "property_types": {"DesiredAccess": "UINT32", "ReturnCode": "UINT32", "TargetProcessId": "UINT32"}}
{"header": {"activity_id": "{00000000-0000-0000-0000-000000000000}", "event_flags": 576, "event_id": 5, "event_name": "", "event_opcode": 0, "event_version": 0, "process_id": 5796, "provider_name": "Microsoft-Windows-Kernel-Audit-API-Calls", "task_name": "", "thread_id": 4608, "timestamp": "2025-10-30 03:48:10Z", "trace_name": "AuditAPITrace01"}, "properties": {"DesiredAccess": 2147483648, "ReturnCode": 0, "TargetProcessId": 5796}, "property_types": {"DesiredAccess": "UINT32", "ReturnCode": "UINT32", "TargetProcessId": "UINT32"}}
{"header": {"activity_id": "{00000000-0000-0000-0000-000000000000}", "event_flags": 576, "event_id": 5, "event_name": "", "event_opcode": 0, "event_version": 0, "process_id": 4056, "provider_name": "Microsoft-Windows-Kernel-Audit-API-Calls", "task_name": "", "thread_id": 3084, "timestamp": "2025-10-30 03:48:10Z", "trace_name": "AuditAPITrace01"}, "properties": {"DesiredAccess": 2147483648, "ReturnCode": 0, "TargetProcessId": 4056}, "property_types": {"DesiredAccess": "UINT32", "ReturnCode": "UINT32", "TargetProcessId": "UINT32"}}
{"header": {"activity_id": "{00000000-0000-0000-0000-000000000000}", "event_flags": 576, "event_id": 5, "event_name": "", "event_opcode": 0, "event_version": 0, "process_id": 4056, "provider_name": "Microsoft-Windows-Kernel-Audit-API-Calls", "task_name": "", "thread_id": 3084, "timestamp": "2025-10-30 03:48:10Z", "trace_name": "AuditAPITrace01"}, "properties": {"DesiredAccess": 2147483648, "ReturnCode": 0, "TargetProcessId": 4056}, "property_types": {"DesiredAccess": "UINT32", "ReturnCode": "UINT32", "TargetProcessId": "UINT32"}}
{"header": {"activity_id": "{00000000-0000-0000-0000-000000000000}", "event_flags": 576, "event_id": 5, "event_name": "", "event_opcode": 0, "event_version": 0, "process_id": 5140, "provider_name": "Microsoft-Windows-Kernel-Audit-API-Calls", "task_name": "", "thread_id": 4684, "timestamp": "2025-10-30 03:48:10Z", "trace_name": "AuditAPITrace01"}, "properties": {"DesiredAccess": 2147483648, "ReturnCode": 0, "TargetProcessId": 5140}, "property_types": {"DesiredAccess": "UINT32", "ReturnCode": "UINT32", "TargetProcessId": "UINT32"}}
{"header": {"activity_id": "{00000000-0000-0000-0000-000000000000}", "event_flags": 576, "event_id": 5, "event_name": "", "event_opcode": 0, "event_version": 0, "process_id": 5140, "provider_name": "Microsoft-Windows-Kernel-Audit-API-Calls", "task_name": "", "thread_id": 4684, "timestamp": "2025-10-30 03:48:10Z", "trace_name": "AuditAPITrace01"}, "properties": {"DesiredAccess": 2147483648, "ReturnCode": 0, "TargetProcessId": 5140}, "property_types": {"DesiredAccess": "UINT32", "ReturnCode": "UINT32", "TargetProcessId": "UINT32"}}
{"header": {"activity_id": "{00000000-0000-0000-0000-000000000000}", "event_flags": 576, "event_id": 5, "event_name": "", "event_opcode": 0, "event_version": 0, "process_id": 7100, "provider_name": "Microsoft-Windows-Kernel-Audit-API-Calls", "task_name": "", "thread_id": 4176, "timestamp": "2025-10-30 03:48:10Z", "trace_name": "AuditAPITrace01"}, "properties": {"DesiredAccess": 2147483648, "ReturnCode": 0, "TargetProcessId": 7100}, "property_types": {"DesiredAccess": "UINT32", "ReturnCode": "UINT32", "TargetProcessId": "UINT32"}}
{"header": {"activity_id": "{00000000-0000-0000-0000-000000000000}", "event_flags": 576, "event_id": 5, "event_name": "", "event_opcode": 0, "event_version": 0, "process_id": 7100, "provider_name": "Microsoft-Windows-Kernel-Audit-API-Calls", "task_name": "", "thread_id": 4176, "timestamp": "2025-10-30 03:48:10Z", "trace_name": "AuditAPITrace01"}, "properties": {"DesiredAccess": 2147483648, "ReturnCode": 0, "TargetProcessId": 7100}, "property_types": {"DesiredAccess": "UINT32", "ReturnCode": "UINT32", "TargetProcessId": "UINT32"}}
{"header": {"activity_id": "{00000000-0000-0000-0000-000000000000}", "event_flags": 576, "event_id": 5, "event_name": "", "event_opcode": 0, "event_version": 0, "process_id": 5156, "provider_name": "Microsoft-Windows-Kernel-Audit-API-Calls", "task_name": "", "thread_id": 7672, "timestamp": "2025-10-30 03:48:10Z", "trace_name": "AuditAPITrace01"}, "properties": {"DesiredAccess": 2147483648, "ReturnCode": 0, "TargetProcessId": 5156}, "property_types": {"DesiredAccess": "UINT32", "ReturnCode": "UINT32", "TargetProcessId": "UINT32"}}
{"header": {"activity_id": "{00000000-0000-0000-0000-000000000000}", "event_flags": 576, "event_id": 5, "event_name": "", "event_opcode": 0, "event_version": 0, "process_id": 5156, "provider_name": "Microsoft-Windows-Kernel-Audit-API-Calls", "task_name": "", "thread_id": 7672, "timestamp": "2025-10-30 03:48:10Z", "trace_name": "AuditAPITrace01"}, "properties": {"DesiredAccess": 2147483648, "ReturnCode": 0, "TargetProcessId": 5156}, "property_types": {"DesiredAccess": "UINT32", "ReturnCode": "UINT32", "TargetProcessId": "UINT32"}}
{"header": {"activity_id": "{00000000-0000-0000-0000-000000000000}", "event_flags": 576, "event_id": 5, "event_name": "", "event_opcode": 0, "event_version": 0, "process_id": 5468, "provider_name": "Microsoft-Windows-Kernel-Audit-API-Calls", "task_name": "", "thread_id": 4436, "timestamp": "2025-10-30 03:48:11Z", "trace_name": "AuditAPITrace01"}, "properties": {"DesiredAccess": 2147483648, "ReturnCode": 0, "TargetProcessId": 5468}, "property_types": {"DesiredAccess": "UINT32", "ReturnCode": "UINT32", "TargetProcessId": "UINT32"}}
{"header": {"activity_id": "{00000000-0000-0000-0000-000000000000}", "event_flags": 576, "event_id": 5, "event_name": "", "event_opcode": 0, "event_version": 0, "process_id": 5468, "provider_name": "Microsoft-Windows-Kernel-Audit-API-Calls", "task_name": "", "thread_id": 4436, "timestamp": "2025-10-30 03:48:11Z", "trace_name": "AuditAPITrace01"}, "properties": {"DesiredAccess": 2147483648, "ReturnCode": 0, "TargetProcessId": 5468}, "property_types": {"DesiredAccess": "UINT32", "ReturnCode": "UINT32", "TargetProcessId": "UINT32"}}
{"header": {"activity_id": "{00000000-0000-0000-0000-000000000000}", "event_flags": 576, "event_id": 5, "event_name": "", "event_opcode": 0, "event_version": 0, "process_id": 4, "provider_name": "Microsoft-Windows-Kernel-Audit-API-Calls", "task_name": "", "thread_id": 512, "timestamp": "2025-10-30 03:48:12Z", "trace_name": "AuditAPITrace01"}, "properties": {"DesiredAccess": 33554432, "ReturnCode": 0, "TargetProcessId": 8076}, "property_types": {"DesiredAccess": "UINT32", "ReturnCode": "UINT32", "TargetProcessId": "UINT32"}}
{"header": {"activity_id": "{00000000-0000-0000-0000-000000000000}", "event_flags": 576, "event_id": 5, "event_name": "", "event_opcode": 0, "event_version": 0, "process_id": 4, "provider_name": "Microsoft-Windows-Kernel-Audit-API-Calls", "task_name": "", "thread_id": 512, "timestamp": "2025-10-30 03:48:12Z", "trace_name": "AuditAPITrace01"}, "properties": {"DesiredAccess": 33554432, "ReturnCode": 0, "TargetProcessId": 8052}, "property_types": {"DesiredAccess": "UINT32", "ReturnCode": "UINT32", "TargetProcessId": "UINT32"}}
{"header": {"activity_id": "{00000000-0000-0000-0000-000000000000}", "event_flags": 576, "event_id": 5, "event_name": "", "event_opcode": 0, "event_version": 0, "process_id": 4, "provider_name": "Microsoft-Windows-Kernel-Audit-API-Calls", "task_name": "", "thread_id": 512, "timestamp": "2025-10-30 03:48:12Z", "trace_name": "AuditAPITrace01"}, "properties": {"DesiredAccess": 33554432, "ReturnCode": 0, "TargetProcessId": 2192}, "property_types": {"DesiredAccess": "UINT32", "ReturnCode": "UINT32", "TargetProcessId": "UINT32"}}
{"header": {"activity_id": "{00000000-0000-0000-0000-000000000000}", "event_flags": 576, "event_id": 5, "event_name": "", "event_opcode": 0, "event_version": 0, "process_id": 4, "provider_name": "Microsoft-Windows-Kernel-Audit-API-Calls", "task_name": "", "thread_id": 512, "timestamp": "2025-10-30 03:48:12Z", "trace_name": "AuditAPITrace01"}, "properties": {"DesiredAccess": 33554432, "ReturnCode": 0, "TargetProcessId": 7100}, "property_types": {"DesiredAccess": "UINT32", "ReturnCode": "UINT32", "TargetProcessId": "UINT32"}}
{"header": {"activity_id": "{00000000-0000-0000-0000-000000000000}", "event_flags": 576, "event_id": 5, "event_name": "", "event_opcode": 0, "event_version": 0, "process_id": 4, "provider_name": "Microsoft-Windows-Kernel-Audit-API-Calls", "task_name": "", "thread_id": 512, "timestamp": "2025-10-30 03:48:12Z", "trace_name": "AuditAPITrace01"}, "properties": {"DesiredAccess": 33554432, "ReturnCode": 0, "TargetProcessId": 5576}, "property_types": {"DesiredAccess": "UINT32", "ReturnCode": "UINT32", "TargetProcessId": "UINT32"}}
{"header": {"activity_id": "{00000000-0000-0000-0000-000000000000}", "event_flags": 576, "event_id": 5, "event_name": "", "event_opcode": 0, "event_version": 0, "process_id": 4, "provider_name": "Microsoft-Windows-Kernel-Audit-API-Calls", "task_name": "", "thread_id": 512, "timestamp": "2025-10-30 03:48:12Z", "trace_name": "AuditAPITrace01"}, "properties": {"DesiredAccess": 33554432, "ReturnCode": 0, "TargetProcessId": 4056}, "property_types": {"DesiredAccess": "UINT32", "ReturnCode": "UINT32", "TargetProcessId": "UINT32"}}
{"header": {"activity_id": "{00000000-0000-0000-0000-000000000000}", "event_flags": 576, "event_id": 5, "event_name": "", "event_opcode": 0, "event_version": 0, "process_id": 4, "provider_name": "Microsoft-Windows-Kernel-Audit-API-Calls", "task_name": "", "thread_id": 512, "timestamp": "2025-10-30 03:48:12Z", "trace_name": "AuditAPITrace01"}, "properties": {"DesiredAccess": 33554432, "ReturnCode": 0, "TargetProcessId": 4496}, "property_types": {"DesiredAccess": "UINT32", "ReturnCode": "UINT32", "TargetProcessId": "UINT32"}}
{"header": {"activity_id": "{00000000-0000-0000-0000-000000000000}", "event_flags": 576, "event_id": 5, "event_name": "", "event_opcode": 0, "event_version": 0, "process_id": 4, "provider_name": "Microsoft-Windows-Kernel-Audit-API-Calls", "task_name": "", "thread_id": 512, "timestamp": "2025-10-30 03:48:12Z", "trace_name": "AuditAPITrace01"}, "properties": {"DesiredAccess": 33554432, "ReturnCode": 0, "TargetProcessId": 364}, "property_types": {"DesiredAccess": "UINT32", "ReturnCode": "UINT32", "TargetProcessId": "UINT32"}}
{"header": {"activity_id": "{00000000-0000-0000-0000-000000000000}", "event_flags": 576, "event_id": 5, "event_name": "", "event_opcode": 0, "event_version": 0, "process_id": 4, "provider_name": "Microsoft-Windows-Kernel-Audit-API-Calls", "task_name": "", "thread_id": 512, "timestamp": "2025-10-30 03:48:12Z", "trace_name": "AuditAPITrace01"}, "properties": {"DesiredAccess": 33554432, "ReturnCode": 0, "TargetProcessId": 4}, "property_types": {"DesiredAccess": "UINT32", "ReturnCode": "UINT32", "TargetProcessId": "UINT32"}}
{"header": {"activity_id": "{00000000-0000-0000-0000-000000000000}", "event_flags": 576, "event_id": 11, "event_name": "", "event_opcode": 0, "event_version": 0, "process_id": 4, "provider_name": "Microsoft-Windows-Kernel-File", "task_name": "NameDelete", "thread_id": 5188, "timestamp": "2025-10-30 03:48:12Z", "trace_name": "File_Registry01"}, "properties": {"FileKey": "0xFFFFBF864F9257C0", "FileName": "\\Device\\HarddiskVolume2\\Program Files\\WindowsApps\\Microsoft.WebMediaExtensions_1.0.20875.0_neutral_split.scale-100_8wekyb3d8bbwe\\Assets\\contrast-black"}, "property_types": {"FileKey": "POINTER", "FileName": "STRINGW"}}
{"header": {"activity_id": "{00000000-0000-0000-0000-000000000000}", "event_flags": 576, "event_id": 11, "event_name": "", "event_opcode": 0, "event_version": 0, "process_id": 4, "provider_name": "Microsoft-Windows-Kernel-File", "task_name": "NameDelete", "thread_id": 5188, "timestamp": "2025-10-30 03:48:12Z", "trace_name": "File_Registry01"}, "properties": {"FileKey": "0xFFFFBF864F926170", "FileName": "\\Device\\HarddiskVolume2\\Program Files\\WindowsApps\\Microsoft.WebMediaExtensions_1.0.20875.0_neutral_split.scale-100_8wekyb3d8bbwe\\Assets"}, "property_types": {"FileKey": "POINTER", "FileName": "STRINGW"}}
{"header": {"activity_id": "{00000000-0000-0000-0000-000000000000}", "event_flags": 576, "event_id": 11, "event_name": "", "event_opcode": 0, "event_version": 0, "process_id": 4, "provider_name": "Microsoft-Windows-Kernel-File", "task_name": "NameDelete", "thread_id": 5188, "timestamp": "2025-10-30 03:48:12Z", "trace_name": "File_Registry01"}, "properties": {"FileKey": "0xFFFFBF864F9267C0", "FileName": "\\Device\\HarddiskVolume2\\Program Files\\WindowsApps\\Microsoft.WebMediaExtensions_1.0.20875.0_neutral_split.scale-100_8wekyb3d8bbwe"}, "property_types": {"FileKey": "POINTER", "FileName": "STRINGW"}}
{"header": {"activity_id": "{00000000-0000-0000-0000-000000000000}", "event_flags": 576, "event_id": 11, "event_name": "", "event_opcode": 0, "event_version": 0, "process_id": 4, "provider_name": "Microsoft-Windows-Kernel-File", "task_name": "NameDelete", "thread_id": 5188, "timestamp": "2025-10-30 03:48:12Z", "trace_name": "File_Registry01"}, "properties": {"FileKey": "0xFFFFBF864F9207C0", "FileName": "\\Device\\HarddiskVolume2\\Program Files\\WindowsApps\\Microsoft.VP9VideoExtensions_1.0.22681.0_x64__8wekyb3d8bbwe\\Assets"}, "property_types": {"FileKey": "POINTER", "FileName": "STRINGW"}}
{"header": {"activity_id": "{00000000-0000-0000-0000-000000000000}", "event_flags": 576, "event_id": 11, "event_name": "", "event_opcode": 0, "event_version": 0, "process_id": 4, "provider_name": "Microsoft-Windows-Kernel-File", "task_name": "NameDelete", "thread_id": 5188, "timestamp": "2025-10-30 03:48:12Z", "trace_name": "File_Registry01"}, "properties": {"FileKey": "0xFFFFBF864F9241B0", "FileName": "\\Device\\HarddiskVolume2\\Program Files\\WindowsApps\\Microsoft.VP9VideoExtensions_1.0.22681.0_x64__8wekyb3d8bbwe"}, "property_types": {"FileKey": "POINTER", "FileName": "STRINGW"}}
{"header": {"activity_id": "{00000000-0000-0000-0000-000000000000}", "event_flags": 576, "event_id": 11, "event_name": "", "event_opcode": 0, "event_version": 0, "process_id": 4, "provider_name": "Microsoft-Windows-Kernel-File", "task_name": "NameDelete", "thread_id": 5188, "timestamp": "2025-10-30 03:48:12Z", "trace_name": "File_Registry01"}, "properties": {"FileKey": "0xFFFFBF864F91F170", "FileName": "\\Device\\HarddiskVolume2\\Program Files\\WindowsApps\\Microsoft.WebpImageExtension_1.0.22753.0_x64__8wekyb3d8bbwe\\Assets\\contrast-black"}, "property_types": {"FileKey": "POINTER", "FileName": "STRINGW"}}
{"header": {"activity_id": "{00000000-0000-0000-0000-000000000000}", "event_flags": 576, "event_id": 11, "event_name": "", "event_opcode": 0, "event_version": 0, "process_id": 4, "provider_name": "Microsoft-Windows-Kernel-File", "task_name": "NameDelete", "thread_id": 5188, "timestamp": "2025-10-30 03:48:12Z", "trace_name": "File_Registry01"}, "properties": {"FileKey": "0xFFFFBF864F924800", "FileName": "\\Device\\HarddiskVolume2\\Program Files\\WindowsApps\\Microsoft.WebpImageExtension_1.0.22753.0_x64__8wekyb3d8bbwe\\Assets"}, "property_types": {"FileKey": "POINTER", "FileName": "STRINGW"}}
{"header": {"activity_id": "{00000000-0000-0000-0000-000000000000}", "event_flags": 576, "event_id": 11, "event_name": "", "event_opcode": 0, "event_version": 0, "process_id": 4, "provider_name": "Microsoft-Windows-Kernel-File", "task_name": "NameDelete", "thread_id": 5188, "timestamp": "2025-10-30 03:48:12Z", "trace_name": "File_Registry01"}, "properties": {"FileKey": "0xFFFFBF864F925170", "FileName": "\\Device\\HarddiskVolume2\\Program Files\\WindowsApps\\Microsoft.WebpImageExtension_1.0.22753.0_x64__8wekyb3d8bbwe"}, "property_types": {"FileKey": "POINTER", "FileName": "STRINGW"}}
{"header": {"activity_id": "{00000000-0000-0000-0000-000000000000}", "event_flags": 576, "event_id": 11, "event_name": "", "event_opcode": 0, "event_version": 0, "process_id": 4, "provider_name": "Microsoft-Windows-Kernel-File", "task_name": "NameDelete", "thread_id": 5188, "timestamp": "2025-10-30 03:48:12Z", "trace_name": "File_Registry01"}, "properties": {"FileKey": "0xFFFFBF864F927170", "FileName": "\\Device\\HarddiskVolume2\\Program Files\\WindowsApps\\Microsoft.DesktopAppInstaller_1.0.30251.0_x64__8wekyb3d8bbwe\\Assets\\contrast-black"}, "property_types": {"FileKey": "POINTER", "FileName": "STRINGW"}}
{"header": {"activity_id": "{00000000-0000-0000-0000-000000000000}", "event_flags": 576, "event_id": 11, "event_name": "", "event_opcode": 0, "event_version": 0, "process_id": 4, "provider_name": "Microsoft-Windows-Kernel-File", "task_name": "NameDelete", "thread_id": 5188, "timestamp": "2025-10-30 03:48:12Z", "trace_name": "File_Registry01"}, "properties": {"FileKey": "0xFFFFBF864F8E3170", "FileName": "\\Device\\HarddiskVolume2\\Program Files\\WindowsApps\\Microsoft.DesktopAppInstaller_1.0.30251.0_x64__8wekyb3d8bbwe\\Assets"}, "property_types": {"FileKey": "POINTER", "FileName": "STRINGW"}}
{"header": {"activity_id": "{00000000-0000-0000-0000-000000000000}", "event_flags": 576, "event_id": 11, "event_name": "", "event_opcode": 0, "event_version": 0, "process_id": 4, "provider_name": "Microsoft-Windows-Kernel-File", "task_name": "NameDelete", "thread_id": 5188, "timestamp": "2025-10-30 03:48:12Z", "trace_name": "File_Registry01"}, "properties": {"FileKey": "0xFFFFBF864F8E37C0", "FileName": "\\Device\\HarddiskVolume2\\Program Files\\WindowsApps\\Microsoft.Xbox.TCUI_1.23.28002.0_x64__8wekyb3d8bbwe"}, "property_types": {"FileKey": "POINTER", "FileName": "STRINGW"}}
{"header": {"activity_id": "{00000000-0000-0000-0000-000000000000}", "event_flags": 576, "event_id": 11, "event_name": "", "event_opcode": 0, "event_version": 0, "process_id": 4, "provider_name": "Microsoft-Windows-Kernel-File", "task_name": "NameDelete", "thread_id": 5188, "timestamp": "2025-10-30 03:48:12Z", "trace_name": "File_Registry01"}, "properties": {"FileKey": "0xFFFFBF864F8F47C0", "FileName": "\\Device\\HarddiskVolume2\\Program Files\\WindowsApps\\Microsoft.WebMediaExtensions_1.0.20875.0_x64__8wekyb3d8bbwe\\Assets\\contrast-white"}, "property_types": {"FileKey": "POINTER", "FileName": "STRINGW"}}
{"header": {"activity_id": "{00000000-0000-0000-0000-000000000000}", "event_flags": 576, "event_id": 11, "event_name": "", "event_opcode": 0, "event_version": 0, "process_id": 4, "provider_name": "Microsoft-Windows-Kernel-File", "task_name": "NameDelete", "thread_id": 5188, "timestamp": "2025-10-30 03:48:12Z", "trace_name": "File_Registry01"}, "properties": {"FileKey": "0xFFFFBF864F91F7C0", "FileName": "\\Device\\HarddiskVolume2\\Program Files\\WindowsApps\\Microsoft.WebMediaExtensions_1.0.20875.0_x64__8wekyb3d8bbwe\\Assets"}, "property_types": {"FileKey": "POINTER", "FileName": "STRINGW"}}
{"header": {"activity_id": "{00000000-0000-0000-0000-000000000000}", "event_flags": 576, "event_id": 11, "event_name": "", "event_opcode": 0, "event_version": 0, "process_id": 4, "provider_name": "Microsoft-Windows-Kernel-File", "task_name": "NameDelete", "thread_id": 5188, "timestamp": "2025-10-30 03:48:12Z", "trace_name": "File_Registry01"}, "properties": {"FileKey": "0xFFFFBF864F920170", "FileName": "\\Device\\HarddiskVolume2\\Program Files\\WindowsApps\\Microsoft.WebMediaExtensions_1.0.20875.0_x64__8wekyb3d8bbwe"}, "property_types": {"FileKey": "POINTER", "FileName": "STRINGW"}}
{"header": {"activity_id": "{00000000-0000-0000-0000-000000000000}", "event_flags": 576, "event_id": 11, "event_name": "", "event_opcode": 0, "event_version": 0, "process_id": 4, "provider_name": "Microsoft-Windows-Kernel-File", "task_name": "NameDelete", "thread_id": 5188, "timestamp": "2025-10-30 03:48:12Z", "trace_name": "File_Registry01"}, "properties": {"FileKey": "0xFFFFBF864F5727C0", "FileName": "\\Device\\HarddiskVolume2\\Program Files\\WindowsApps\\Microsoft.DesktopAppInstaller_1.0.30251.0_x64__8wekyb3d8bbwe"}, "property_types": {"FileKey": "POINTER", "FileName": "STRINGW"}}
{"header": {"activity_id": "{00000000-0000-0000-0000-000000000000}", "event_flags": 576, "event_id": 11, "event_name": "", "event_opcode": 0, "event_version": 0, "process_id": 4, "provider_name": "Microsoft-Windows-Kernel-File", "task_name": "NameDelete", "thread_id": 5188, "timestamp": "2025-10-30 03:48:13Z", "trace_name": "File_Registry01"}, "properties": {"FileKey": "0xFFFFBF864DF29D60", "FileName": "\\Device\\HarddiskVolume2\\Users\\cyb3r\\Downloads\\sealighter.exe:SmartScreen"}, "property_types": {"FileKey": "POINTER", "FileName": "STRINGW"}}
{"header": {"activity_id": "{00000000-0000-0000-0000-000000000000}", "event_flags": 576, "event_id": 11, "event_name": "", "event_opcode": 0, "event_version": 0, "process_id": 4, "provider_name": "Microsoft-Windows-Kernel-File", "task_name": "NameDelete", "thread_id": 5188, "timestamp": "2025-10-30 03:48:13Z", "trace_name": "File_Registry01"}, "properties": {"FileKey": "0xFFFFBF864FEF77C0", "FileName": "\\Device\\HarddiskVolume2\\ProgramData\\Microsoft\\Windows Defender\\Scans\\History\\Results\\Resource\\{3DC0B1A3-869F-47AF-97DA-5DD413ACE66B}"}, "property_types": {"FileKey": "POINTER", "FileName": "STRINGW"}}
{"header": {"activity_id": "{00000000-0000-0000-0000-000000000000}", "event_flags": 576, "event_id": 5, "event_name": "", "event_opcode": 0, "event_version": 0, "process_id": 2516, "provider_name": "Microsoft-Windows-Kernel-Audit-API-Calls", "task_name": "", "thread_id": 4808, "timestamp": "2025-10-30 03:48:14Z", "trace_name": "AuditAPITrace01"}, "properties": {"DesiredAccess": 2147483648, "ReturnCode": 0, "TargetProcessId": 2516}, "property_types": {"DesiredAccess": "UINT32", "ReturnCode": "UINT32", "TargetProcessId": "UINT32"}}
{"header": {"activity_id": "{00000000-0000-0000-0000-000000000000}", "event_flags": 576, "event_id": 5, "event_name": "", "event_opcode": 0, "event_version": 0, "process_id": 2516, "provider_name": "Microsoft-Windows-Kernel-Audit-API-Calls", "task_name": "", "thread_id": 4808, "timestamp": "2025-10-30 03:48:14Z", "trace_name": "AuditAPITrace01"}, "properties": {"DesiredAccess": 2147483648, "ReturnCode": 0, "TargetProcessId": 2516}, "property_types": {"DesiredAccess": "UINT32", "ReturnCode": "UINT32", "TargetProcessId": "UINT32"}}
{"header": {"activity_id": "{00000000-0000-0000-0000-000000000000}", "event_flags": 576, "event_id": 5, "event_name": "", "event_opcode": 0, "event_version": 0, "process_id": 2516, "provider_name": "Microsoft-Windows-Kernel-Audit-API-Calls", "task_name": "", "thread_id": 2656, "timestamp": "2025-10-30 03:48:14Z", "trace_name": "AuditAPITrace01"}, "properties": {"DesiredAccess": 2147483648, "ReturnCode": 0, "TargetProcessId": 2516}, "property_types": {"DesiredAccess": "UINT32", "ReturnCode": "UINT32", "TargetProcessId": "UINT32"}}
{"header": {"activity_id": "{00000000-0000-0000-0000-000000000000}", "event_flags": 576, "event_id": 5, "event_name": "", "event_opcode": 0, "event_version": 0, "process_id": 2516, "provider_name": "Microsoft-Windows-Kernel-Audit-API-Calls", "task_name": "", "thread_id": 2656, "timestamp": "2025-10-30 03:48:14Z", "trace_name": "AuditAPITrace01"}, "properties": {"DesiredAccess": 2147483648, "ReturnCode": 0, "TargetProcessId": 2516}, "property_types": {"DesiredAccess": "UINT32", "ReturnCode": "UINT32", "TargetProcessId": "UINT32"}}
{"header": {"activity_id": "{00000000-0000-0000-0000-000000000000}", "event_flags": 576, "event_id": 5, "event_name": "", "event_opcode": 0, "event_version": 0, "process_id": 2516, "provider_name": "Microsoft-Windows-Kernel-Audit-API-Calls", "task_name": "", "thread_id": 2656, "timestamp": "2025-10-30 03:48:14Z", "trace_name": "AuditAPITrace01"}, "properties": {"DesiredAccess": 2147483648, "ReturnCode": 0, "TargetProcessId": 2516}, "property_types": {"DesiredAccess": "UINT32", "ReturnCode": "UINT32", "TargetProcessId": "UINT32"}}
{"header": {"activity_id": "{00000000-0000-0000-0000-000000000000}", "event_flags": 576, "event_id": 5, "event_name": "", "event_opcode": 0, "event_version": 0, "process_id": 2516, "provider_name": "Microsoft-Windows-Kernel-Audit-API-Calls", "task_name": "", "thread_id": 2656, "timestamp": "2025-10-30 03:48:14Z", "trace_name": "AuditAPITrace01"}, "properties": {"DesiredAccess": 2147483648, "ReturnCode": 0, "TargetProcessId": 2516}, "property_types": {"DesiredAccess": "UINT32", "ReturnCode": "UINT32", "TargetProcessId": "UINT32"}}
{"header": {"activity_id": "{00000000-0000-0000-0000-000000000000}", "event_flags": 576, "event_id": 5, "event_name": "", "event_opcode": 0, "event_version": 0, "process_id": 704, "provider_name": "Microsoft-Windows-Kernel-Audit-API-Calls", "task_name": "", "thread_id": 4616, "timestamp": "2025-10-30 03:48:14Z", "trace_name": "AuditAPITrace01"}, "properties": {"DesiredAccess": 0, "ReturnCode": 0, "TargetProcessId": 3528}, "property_types": {"DesiredAccess": "UINT32", "ReturnCode": "UINT32", "TargetProcessId": "UINT32"}}
{"header": {"activity_id": "{00000000-0000-0000-0000-000000000000}", "event_flags": 576, "event_id": 5, "event_name": "", "event_opcode": 0, "event_version": 0, "process_id": 704, "provider_name": "Microsoft-Windows-Kernel-Audit-API-Calls", "task_name": "", "thread_id": 4616, "timestamp": "2025-10-30 03:48:14Z", "trace_name": "AuditAPITrace01"}, "properties": {"DesiredAccess": 0, "ReturnCode": 0, "TargetProcessId": 704}, "property_types": {"DesiredAccess": "UINT32", "ReturnCode": "UINT32", "TargetProcessId": "UINT32"}}
{"header": {"activity_id": "{00000000-0000-0000-0000-000000000000}", "event_flags": 576, "event_id": 5, "event_name": "", "event_opcode": 0, "event_version": 0, "process_id": 704, "provider_name": "Microsoft-Windows-Kernel-Audit-API-Calls", "task_name": "", "thread_id": 4616, "timestamp": "2025-10-30 03:48:14Z", "trace_name": "AuditAPITrace01"}, "properties": {"DesiredAccess": 0, "ReturnCode": 0, "TargetProcessId": 704}, "property_types": {"DesiredAccess": "UINT32", "ReturnCode": "UINT32", "TargetProcessId": "UINT32"}}
{"header": {"activity_id": "{00000000-0000-0000-0000-000000000000}", "event_flags": 576, "event_id": 5, "event_name": "", "event_opcode": 0, "event_version": 0, "process_id": 704, "provider_name": "Microsoft-Windows-Kernel-Audit-API-Calls", "task_name": "", "thread_id": 4616, "timestamp": "2025-10-30 03:48:14Z", "trace_name": "AuditAPITrace01"}, "properties": {"DesiredAccess": 0, "ReturnCode": 0, "TargetProcessId": 3528}, "property_types": {"DesiredAccess": "UINT32", "ReturnCode": "UINT32", "TargetProcessId": "UINT32"}}
{"header": {"activity_id": "{00000000-0000-0000-0000-000000000000}", "event_flags": 576, "event_id": 5, "event_name": "", "event_opcode": 0, "event_version": 0, "process_id": 704, "provider_name": "Microsoft-Windows-Kernel-Audit-API-Calls", "task_name": "", "thread_id": 4616, "timestamp": "2025-10-30 03:48:14Z", "trace_name": "AuditAPITrace01"}, "properties": {"DesiredAccess": 0, "ReturnCode": 0, "TargetProcessId": 3528}, "property_types": {"DesiredAccess": "UINT32", "ReturnCode": "UINT32", "TargetProcessId": "UINT32"}}
{"header": {"activity_id": "{00000000-0000-0000-0000-000000000000}", "event_flags": 576, "event_id": 5, "event_name": "", "event_opcode": 0, "event_version": 0, "process_id": 704, "provider_name": "Microsoft-Windows-Kernel-Audit-API-Calls", "task_name": "", "thread_id": 4616, "timestamp": "2025-10-30 03:48:14Z", "trace_name": "AuditAPITrace01"}, "properties": {"DesiredAccess": 4096, "ReturnCode": 0, "TargetProcessId": 3528}, "property_types": {"DesiredAccess": "UINT32", "ReturnCode": "UINT32", "TargetProcessId": "UINT32"}}
{"header": {"activity_id": "{00000000-0000-0000-0000-000000000000}", "event_flags": 576, "event_id": 5, "event_name": "", "event_opcode": 0, "event_version": 0, "process_id": 2516, "provider_name": "Microsoft-Windows-Kernel-Audit-API-Calls", "task_name": "", "thread_id": 2656, "timestamp": "2025-10-30 03:48:14Z", "trace_name": "AuditAPITrace01"}, "properties": {"DesiredAccess": 2147483648, "ReturnCode": 0, "TargetProcessId": 2516}, "property_types": {"DesiredAccess": "UINT32", "ReturnCode": "UINT32", "TargetProcessId": "UINT32"}}
{"header": {"activity_id": "{00000000-0000-0000-0000-000000000000}", "event_flags": 576, "event_id": 5, "event_name": "", "event_opcode": 0, "event_version": 0, "process_id": 2516, "provider_name": "Microsoft-Windows-Kernel-Audit-API-Calls", "task_name": "", "thread_id": 2656, "timestamp": "2025-10-30 03:48:14Z", "trace_name": "AuditAPITrace01"}, "properties": {"DesiredAccess": 2147483648, "ReturnCode": 0, "TargetProcessId": 2516}, "property_types": {"DesiredAccess": "UINT32", "ReturnCode": "UINT32", "TargetProcessId": "UINT32"}}
{"header": {"activity_id": "{00000000-0000-0000-0000-000000000000}", "event_flags": 576, "event_id": 9, "event_name": "", "event_opcode": 40, "event_version": 0, "process_id": 3528, "provider_name": "Microsoft-Windows-Kernel-Registry", "task_name": "", "thread_id": 4844, "timestamp": "2025-10-30 03:48:14Z", "trace_name": "Kernel_Registry01"}, "properties": {"CapturedData": "", "CapturedDataSize": 0, "DataSize": 54, "Index": 0, "InfoClass": 1, "KeyName": "", "KeyObject": "0xFFFFBF864DDE4BA0", "Status": 0}, "property_types": {"CapturedData": "BINARY", "CapturedDataSize": "UINT16", "DataSize": "UINT32", "Index": "UINT32", "InfoClass": "UINT32", "KeyName": "STRINGW", "KeyObject": "POINTER", "Status": "UINT32"}}
{"header": {"activity_id": "{00000000-0000-0000-0000-000000000000}", "event_flags": 576, "event_id": 9, "event_name": "", "event_opcode": 40, "event_version": 0, "process_id": 3528, "provider_name": "Microsoft-Windows-Kernel-Registry", "task_name": "", "thread_id": 4844, "timestamp": "2025-10-30 03:48:14Z", "trace_name": "Kernel_Registry01"}, "properties": {"CapturedData": "", "CapturedDataSize": 0, "DataSize": 54, "Index": 1, "InfoClass": 1, "KeyName": "", "KeyObject": "0xFFFFBF864DDE4BA0", "Status": 0}, "property_types": {"CapturedData": "BINARY", "CapturedDataSize": "UINT16", "DataSize": "UINT32", "Index": "UINT32", "InfoClass": "UINT32", "KeyName": "STRINGW", "KeyObject": "POINTER", "Status": "UINT32"}}
{"header": {"activity_id": "{00000000-0000-0000-0000-000000000000}", "event_flags": 576, "event_id": 9, "event_name": "", "event_opcode": 40, "event_version": 0, "process_id": 3528, "provider_name": "Microsoft-Windows-Kernel-Registry", "task_name": "", "thread_id": 4844, "timestamp": "2025-10-30 03:48:14Z", "trace_name": "Kernel_Registry01"}, "properties": {"CapturedData": "", "CapturedDataSize": 0, "DataSize": 64, "Index": 2, "InfoClass": 1, "KeyName": "", "KeyObject": "0xFFFFBF864DDE4BA0", "Status": 0}, "property_types": {"CapturedData": "BINARY", "CapturedDataSize": "UINT16", "DataSize": "UINT32", "Index": "UINT32", "InfoClass": "UINT32", "KeyName": "STRINGW", "KeyObject": "POINTER", "Status": "UINT32"}}
{"header": {"activity_id": "{00000000-0000-0000-0000-000000000000}", "event_flags": 576, "event_id": 9, "event_name": "", "event_opcode": 40, "event_version": 0, "process_id": 3528, "provider_name": "Microsoft-Windows-Kernel-Registry", "task_name": "", "thread_id": 4844, "timestamp": "2025-10-30 03:48:14Z", "trace_name": "Kernel_Registry01"}, "properties": {"CapturedData": "", "CapturedDataSize": 0, "DataSize": 54, "Index": 3, "InfoClass": 1, "KeyName": "", "KeyObject": "0xFFFFBF864DDE4BA0", "Status": 0}, "property_types": {"CapturedData": "BINARY", "CapturedDataSize": "UINT16", "DataSize": "UINT32", "Index": "UINT32", "InfoClass": "UINT32", "KeyName": "STRINGW", "KeyObject": "POINTER", "Status": "UINT32"}}
{"header": {"activity_id": "{00000000-0000-0000-0000-000000000000}", "event_flags": 576, "event_id": 9, "event_name": "", "event_opcode": 40, "event_version": 0, "process_id": 3528, "provider_name": "Microsoft-Windows-Kernel-Registry", "task_name": "", "thread_id": 4844, "timestamp": "2025-10-30 03:48:14Z", "trace_name": "Kernel_Registry01"}, "properties": {"CapturedData": "", "CapturedDataSize": 0, "DataSize": 74, "Index": 4, "InfoClass": 1, "KeyName": "", "KeyObject": "0xFFFFBF864DDE4BA0", "Status": 0}, "property_types": {"CapturedData": "BINARY", "CapturedDataSize": "UINT16", "DataSize": "UINT32", "Index": "UINT32", "InfoClass": "UINT32", "KeyName": "STRINGW", "KeyObject": "POINTER", "Status": "UINT32"}}
{"header": {"activity_id": "{00000000-0000-0000-0000-000000000000}", "event_flags": 576, "event_id": 9, "event_name": "", "event_opcode": 40, "event_version": 0, "process_id": 3528, "provider_name": "Microsoft-Windows-Kernel-Registry", "task_name": "", "thread_id": 4844, "timestamp": "2025-10-30 03:48:14Z", "trace_name": "Kernel_Registry01"}, "properties": {"CapturedData": "", "CapturedDataSize": 0, "DataSize": 72, "Index": 5, "InfoClass": 1, "KeyName": "", "KeyObject": "0xFFFFBF864DDE4BA0", "Status": 0}, "property_types": {"CapturedData": "BINARY", "CapturedDataSize": "UINT16", "DataSize": "UINT32", "Index": "UINT32", "InfoClass": "UINT32", "KeyName": "STRINGW", "KeyObject": "POINTER", "Status": "UINT32"}}
{"header": {"activity_id": "{00000000-0000-0000-0000-000000000000}", "event_flags": 576, "event_id": 9, "event_name": "", "event_opcode": 40, "event_version": 0, "process_id": 3528, "provider_name": "Microsoft-Windows-Kernel-Registry", "task_name": "", "thread_id": 4844, "timestamp": "2025-10-30 03:48:14Z", "trace_name": "Kernel_Registry01"}, "properties": {"CapturedData": "", "CapturedDataSize": 0, "DataSize": 70, "Index": 6, "InfoClass": 1, "KeyName": "", "KeyObject": "0xFFFFBF864DDE4BA0", "Status": 0}, "property_types": {"CapturedData": "BINARY", "CapturedDataSize": "UINT16", "DataSize": "UINT32", "Index": "UINT32", "InfoClass": "UINT32", "KeyName": "STRINGW", "KeyObject": "POINTER", "Status": "UINT32"}}
{"header": {"activity_id": "{00000000-0000-0000-0000-000000000000}", "event_flags": 576, "event_id": 9, "event_name": "", "event_opcode": 40, "event_version": 0, "process_id": 3528, "provider_name": "Microsoft-Windows-Kernel-Registry", "task_name": "", "thread_id": 4844, "timestamp": "2025-10-30 03:48:14Z", "trace_name": "Kernel_Registry01"}, "properties": {"CapturedData": "", "CapturedDataSize": 0, "DataSize": 72, "Index": 7, "InfoClass": 1, "KeyName": "", "KeyObject": "0xFFFFBF864DDE4BA0", "Status": 0}, "property_types": {"CapturedData": "BINARY", "CapturedDataSize": "UINT16", "DataSize": "UINT32", "Index": "UINT32", "InfoClass": "UINT32", "KeyName": "STRINGW", "KeyObject": "POINTER", "Status": "UINT32"}}
{"header": {"activity_id": "{00000000-0000-0000-0000-000000000000}", "event_flags": 576, "event_id": 9, "event_name": "", "event_opcode": 40, "event_version": 0, "process_id": 3528, "provider_name": "Microsoft-Windows-Kernel-Registry", "task_name": "", "thread_id": 4844, "timestamp": "2025-10-30 03:48:14Z", "trace_name": "Kernel_Registry01"}, "properties": {"CapturedData": "", "CapturedDataSize": 0, "DataSize": 64, "Index": 8, "InfoClass": 1, "KeyName": "", "KeyObject": "0xFFFFBF864DDE4BA0", "Status": 0}, "property_types": {"CapturedData": "BINARY", "CapturedDataSize": "UINT16", "DataSize": "UINT32", "Index": "UINT32", "InfoClass": "UINT32", "KeyName": "STRINGW", "KeyObject": "POINTER", "Status": "UINT32"}}
{"header": {"activity_id": "{00000000-0000-0000-0000-000000000000}", "event_flags": 576, "event_id": 9, "event_name": "", "event_opcode": 40, "event_version": 0, "process_id": 3528, "provider_name": "Microsoft-Windows-Kernel-Registry", "task_name": "", "thread_id": 4844, "timestamp": "2025-10-30 03:48:14Z", "trace_name": "Kernel_Registry01"}, "properties": {"CapturedData": "", "CapturedDataSize": 0, "DataSize": 64, "Index": 9, "InfoClass": 1, "KeyName": "", "KeyObject": "0xFFFFBF864DDE4BA0", "Status": 0}, "property_types": {"CapturedData": "BINARY", "CapturedDataSize": "UINT16", "DataSize": "UINT32", "Index": "UINT32", "InfoClass": "UINT32", "KeyName": "STRINGW", "KeyObject": "POINTER", "Status": "UINT32"}}
{"header": {"activity_id": "{00000000-0000-0000-0000-000000000000}", "event_flags": 576, "event_id": 9, "event_name": "", "event_opcode": 40, "event_version": 0, "process_id": 3528, "provider_name": "Microsoft-Windows-Kernel-Registry", "task_name": "", "thread_id": 4844, "timestamp": "2025-10-30 03:48:14Z", "trace_name": "Kernel_Registry01"}, "properties": {"CapturedData": "", "CapturedDataSize": 0, "DataSize": 64, "Index": 10, "InfoClass": 1, "KeyName": "", "KeyObject": "0xFFFFBF864DDE4BA0", "Status": 0}, "property_types": {"CapturedData": "BINARY", "CapturedDataSize": "UINT16", "DataSize": "UINT32", "Index": "UINT32", "InfoClass": "UINT32", "KeyName": "STRINGW", "KeyObject": "POINTER", "Status": "UINT32"}}
{"header": {"activity_id": "{00000000-0000-0000-0000-000000000000}", "event_flags": 576, "event_id": 9, "event_name": "", "event_opcode": 40, "event_version": 0, "process_id": 3528, "provider_name": "Microsoft-Windows-Kernel-Registry", "task_name": "", "thread_id": 4844, "timestamp": "2025-10-30 03:48:14Z", "trace_name": "Kernel_Registry01"}, "properties": {"CapturedData": "", "CapturedDataSize": 0, "DataSize": 66, "Index": 11, "InfoClass": 1, "KeyName": "", "KeyObject": "0xFFFFBF864DDE4BA0", "Status": 0}, "property_types": {"CapturedData": "BINARY", "CapturedDataSize": "UINT16", "DataSize": "UINT32", "Index": "UINT32", "InfoClass": "UINT32", "KeyName": "STRINGW", "KeyObject": "POINTER", "Status": "UINT32"}}
{"header": {"activity_id": "{00000000-0000-0000-0000-000000000000}", "event_flags": 576, "event_id": 9, "event_name": "", "event_opcode": 40, "event_version": 0, "process_id": 3528, "provider_name": "Microsoft-Windows-Kernel-Registry", "task_name": "", "thread_id": 4844, "timestamp": "2025-10-30 03:48:14Z", "trace_name": "Kernel_Registry01"}, "properties": {"CapturedData": "", "CapturedDataSize": 0, "DataSize": 60, "Index": 12, "InfoClass": 1, "KeyName": "", "KeyObject": "0xFFFFBF864DDE4BA0", "Status": 0}, "property_types": {"CapturedData": "BINARY", "CapturedDataSize": "UINT16", "DataSize": "UINT32", "Index": "UINT32", "InfoClass": "UINT32", "KeyName": "STRINGW", "KeyObject": "POINTER", "Status": "UINT32"}}
{"header": {"activity_id": "{00000000-0000-0000-0000-000000000000}", "event_flags": 576, "event_id": 9, "event_name": "", "event_opcode": 40, "event_version": 0, "process_id": 3528, "provider_name": "Microsoft-Windows-Kernel-Registry", "task_name": "", "thread_id": 4844, "timestamp": "2025-10-30 03:48:14Z", "trace_name": "Kernel_Registry01"}, "properties": {"CapturedData": "", "CapturedDataSize": 0, "DataSize": 60, "Index": 13, "InfoClass": 1, "KeyName": "", "KeyObject": "0xFFFFBF864DDE4BA0", "Status": 0}, "property_types": {"CapturedData": "BINARY", "CapturedDataSize": "UINT16", "DataSize": "UINT32", "Index": "UINT32", "InfoClass": "UINT32", "KeyName": "STRINGW", "KeyObject": "POINTER", "Status": "UINT32"}}
{"header": {"activity_id": "{00000000-0000-0000-0000-000000000000}", "event_flags": 576, "event_id": 9, "event_name": "", "event_opcode": 40, "event_version": 0, "process_id": 3528, "provider_name": "Microsoft-Windows-Kernel-Registry", "task_name": "", "thread_id": 4844, "timestamp": "2025-10-30 03:48:14Z", "trace_name": "Kernel_Registry01"}, "properties": {"CapturedData": "", "CapturedDataSize": 0, "DataSize": 62, "Index": 14, "InfoClass": 1, "KeyName": "", "KeyObject": "0xFFFFBF864DDE4BA0", "Status": 0}, "property_types": {"CapturedData": "BINARY", "CapturedDataSize": "UINT16", "DataSize": "UINT32", "Index": "UINT32", "InfoClass": "UINT32", "KeyName": "STRINGW", "KeyObject": "POINTER", "Status": "UINT32"}}
