{"header": {"activity_id": "{00000000-0000-0000-0000-000000000000}", "event_flags": 576, "event_id": 9, "event_name": "", "event_opcode": 40, "event_version": 0, "process_id": 2648, "provider_name": "Microsoft-Windows-Kernel-Registry", "task_name": "", "thread_id": 6336, "timestamp": "2025-10-30 03:47:33Z", "trace_name": "Kernel_Registry01"}, "properties": {"CapturedData": "", "CapturedDataSize": 0, "DataSize": 42, "Index": 0, "InfoClass": 0, "KeyName": "", "KeyObject": "0xFFFFBF864D5BDA10", "Status": 0}, "property_types": {"CapturedData": "BINARY", "CapturedDataSize": "UINT16", "DataSize": "UINT32", "Index": "UINT32", "InfoClass": "UINT32", "KeyName": "STRINGW", "KeyObject": "POINTER", "Status": "UINT32"}}
{"header": {"activity_id": "{00000000-0000-0000-0000-000000000000}", "event_flags": 576, "event_id": 9, "event_name": "", "event_opcode": 40, "event_version": 0, "process_id": 2648, "provider_name": "Microsoft-Windows-Kernel-Registry", "task_name": "", "thread_id": 6336, "timestamp": "2025-10-30 03:47:33Z", "trace_name": "Kernel_Registry01"}, "properties": {"CapturedData": "", "CapturedDataSize": 0, "DataSize": 40, "Index": 1, "InfoClass": 0, "KeyName": "", "KeyObject": "0xFFFFBF864D5BDA10", "Status": 0}, "property_types": {"CapturedData": "BINARY", "CapturedDataSize": "UINT16", "DataSize": "UINT32", "Index": "UINT32", "InfoClass": "UINT32", "KeyName": "STRINGW", "KeyObject": "POINTER", "Status": "UINT32"}}
{"header": {"activity_id": "{00000000-0000-0000-0000-000000000000}", "event_flags": 576, "event_id": 9, "event_name": "", "event_opcode": 40, "event_version": 0, "process_id": 2648, "provider_name": "Microsoft-Windows-Kernel-Registry", "task_name": "", "thread_id": 6336, "timestamp": "2025-10-30 03:47:33Z", "trace_name": "Kernel_Registry01"}, "properties": {"CapturedData": "", "CapturedDataSize": 0, "DataSize": 54, "Index": 2, "InfoClass": 0, "KeyName": "", "KeyObject": "0xFFFFBF864D5BDA10", "Status": 0}, "property_types": {"CapturedData": "BINARY", "CapturedDataSize": "UINT16", "DataSize": "UINT32", "Index": "UINT32", "InfoClass": "UINT32", "KeyName": "STRINGW", "KeyObject": "POINTER", "Status": "UINT32"}}
{"header": {"activity_id": "{00000000-0000-0000-0000-000000000000}", "event_flags": 576, "event_id": 9, "event_name": "", "event_opcode": 40, "event_version": 0, "process_id": 2648, "provider_name": "Microsoft-Windows-Kernel-Registry", "task_name": "", "thread_id": 6336, "timestamp": "2025-10-30 03:47:33Z", "trace_name": "Kernel_Registry01"}, "properties": {"CapturedData": "", "CapturedDataSize": 0, "DataSize": 52, "Index": 3, "InfoClass": 0, "KeyName": "", "KeyObject": "0xFFFFBF864D5BDA10", "Status": 0}, "property_types": {"CapturedData": "BINARY", "CapturedDataSize": "UINT16", "DataSize": "UINT32", "Index": "UINT32", "InfoClass": "UINT32", "KeyName": "STRINGW", "KeyObject": "POINTER", "Status": "UINT32"}}
{"header": {"activity_id": "{00000000-0000-0000-0000-000000000000}", "event_flags": 576, "event_id": 9, "event_name": "", "event_opcode": 40, "event_version": 0, "process_id": 2648, "provider_name": "Microsoft-Windows-Kernel-Registry", "task_name": "", "thread_id": 6336, "timestamp": "2025-10-30 03:47:33Z", "trace_name": "Kernel_Registry01"}, "properties": {"CapturedData": "", "CapturedDataSize": 0, "DataSize": 40, "Index": 4, "InfoClass": 0, "KeyName": "", "KeyObject": "0xFFFFBF864D5BDA10", "Status": 0}, "property_types": {"CapturedData": "BINARY", "CapturedDataSize": "UINT16", "DataSize": "UINT32", "Index": "UINT32", "InfoClass": "UINT32", "KeyName": "STRINGW", "KeyObject": "POINTER", "Status": "UINT32"}}
{"header": {"activity_id": "{00000000-0000-0000-0000-000000000000}", "event_flags": 576, "event_id": 9, "event_name": "", "event_opcode": 40, "event_version": 0, "process_id": 2648, "provider_name": "Microsoft-Windows-Kernel-Registry", "task_name": "", "thread_id": 6336, "timestamp": "2025-10-30 03:47:33Z", "trace_name": "Kernel_Registry01"}, "properties": {"CapturedData": "", "CapturedDataSize": 0, "DataSize": 32, "Index": 5, "InfoClass": 0, "KeyName": "", "KeyObject": "0xFFFFBF864D5BDA10", "Status": 0}, "property_types": {"CapturedData": "BINARY", "CapturedDataSize": "UINT16", "DataSize": "UINT32", "Index": "UINT32", "InfoClass": "UINT32", "KeyName": "STRINGW", "KeyObject": "POINTER", "Status": "UINT32"}}
{"header": {"activity_id": "{00000000-0000-0000-0000-000000000000}", "event_flags": 576, "event_id": 9, "event_name": "", "event_opcode": 40, "event_version": 0, "process_id": 2648, "provider_name": "Microsoft-Windows-Kernel-Registry", "task_name": "", "thread_id": 6336, "timestamp": "2025-10-30 03:47:33Z", "trace_name": "Kernel_Registry01"}, "properties": {"CapturedData": "", "CapturedDataSize": 0, "DataSize": 50, "Index": 6, "InfoClass": 0, "KeyName": "", "KeyObject": "0xFFFFBF864D5BDA10", "Status": 0}, "property_types": {"CapturedData": "BINARY", "CapturedDataSize": "UINT16", "DataSize": "UINT32", "Index": "UINT32", "InfoClass": "UINT32", "KeyName": "STRINGW", "KeyObject": "POINTER", "Status": "UINT32"}}
{"header": {"activity_id": "{00000000-0000-0000-0000-000000000000}", "event_flags": 576, "event_id": 9, "event_name": "", "event_opcode": 40, "event_version": 0, "process_id": 2648, "provider_name": "Microsoft-Windows-Kernel-Registry", "task_name": "", "thread_id": 6336, "timestamp": "2025-10-30 03:47:33Z", "trace_name": "Kernel_Registry01"}, "properties": {"CapturedData": "", "CapturedDataSize": 0, "DataSize": 44, "Index": 7, "InfoClass": 0, "KeyName": "", "KeyObject": "0xFFFFBF864D5BDA10", "Status": 0}, "property_types": {"CapturedData": "BINARY", "CapturedDataSize": "UINT16", "DataSize": "UINT32", "Index": "UINT32", "InfoClass": "UINT32", "KeyName": "STRINGW", "KeyObject": "POINTER", "Status": "UINT32"}}
{"header": {"activity_id": "{00000000-0000-0000-0000-000000000000}", "event_flags": 576, "event_id": 9, "event_name": "", "event_opcode": 40, "event_version": 0, "process_id": 2648, "provider_name": "Microsoft-Windows-Kernel-Registry", "task_name": "", "thread_id": 6336, "timestamp": "2025-10-30 03:47:33Z", "trace_name": "Kernel_Registry01"}, "properties": {"CapturedData": "", "CapturedDataSize": 0, "DataSize": 42, "Index": 8, "InfoClass": 0, "KeyName": "", "KeyObject": "0xFFFFBF864D5BDA10", "Status": 0}, "property_types": {"CapturedData": "BINARY", "CapturedDataSize": "UINT16", "DataSize": "UINT32", "Index": "UINT32", "InfoClass": "UINT32", "KeyName": "STRINGW", "KeyObject": "POINTER", "Status": "UINT32"}}
{"header": {"activity_id": "{00000000-0000-0000-0000-000000000000}", "event_flags": 576, "event_id": 9, "event_name": "", "event_opcode": 40, "event_version": 0, "process_id": 2648, "provider_name": "Microsoft-Windows-Kernel-Registry", "task_name": "", "thread_id": 6336, "timestamp": "2025-10-30 03:47:33Z", "trace_name": "Kernel_Registry01"}, "properties": {"CapturedData": "", "CapturedDataSize": 0, "DataSize": 60, "Index": 9, "InfoClass": 0, "KeyName": "", "KeyObject": "0xFFFFBF864D5BDA10", "Status": 0}, "property_types": {"CapturedData": "BINARY", "CapturedDataSize": "UINT16", "DataSize": "UINT32", "Index": "UINT32", "InfoClass": "UINT32", "KeyName": "STRINGW", "KeyObject": "POINTER", "Status": "UINT32"}}
{"header": {"activity_id": "{00000000-0000-0000-0000-000000000000}", "event_flags": 576, "event_id": 9, "event_name": "", "event_opcode": 40, "event_version": 0, "process_id": 2648, "provider_name": "Microsoft-Windows-Kernel-Registry", "task_name": "", "thread_id": 6336, "timestamp": "2025-10-30 03:47:33Z", "trace_name": "Kernel_Registry01"}, "properties": {"CapturedData": "", "CapturedDataSize": 0, "DataSize": 36, "Index": 10, "InfoClass": 0, "KeyName": "", "KeyObject": "0xFFFFBF864D5BDA10", "Status": 0}, "property_types": {"CapturedData": "BINARY", "CapturedDataSize": "UINT16", "DataSize": "UINT32", "Index": "UINT32", "InfoClass": "UINT32", "KeyName": "STRINGW", "KeyObject": "POINTER", "Status": "UINT32"}}
{"header": {"activity_id": "{00000000-0000-0000-0000-000000000000}", "event_flags": 576, "event_id": 9, "event_name": "", "event_opcode": 40, "event_version": 0, "process_id": 2648, "provider_name": "Microsoft-Windows-Kernel-Registry", "task_name": "", "thread_id": 6336, "timestamp": "2025-10-30 03:47:33Z", "trace_name": "Kernel_Registry01"}, "properties": {"CapturedData": "", "CapturedDataSize": 0, "DataSize": 26, "Index": 0, "InfoClass": 0, "KeyName": "", "KeyObject": "0xFFFFBF864D5BDA10", "Status": 0}, "property_types": {"CapturedData": "BINARY", "CapturedDataSize": "UINT16", "DataSize": "UINT32", "Index": "UINT32", "InfoClass": "UINT32", "KeyName": "STRINGW", "KeyObject": "POINTER", "Status": "UINT32"}}
{"header": {"activity_id": "{00000000-0000-0000-0000-000000000000}", "event_flags": 576, "event_id": 9, "event_name": "", "event_opcode": 40, "event_version": 0, "process_id": 2648, "provider_name": "Microsoft-Windows-Kernel-Registry", "task_name": "", "thread_id": 6336, "timestamp": "2025-10-30 03:47:33Z", "trace_name": "Kernel_Registry01"}, "properties": {"CapturedData": "", "CapturedDataSize": 0, "DataSize": 46, "Index": 1, "InfoClass": 0, "KeyName": "", "KeyObject": "0xFFFFBF864D5BDA10", "Status": 0}, "property_types": {"CapturedData": "BINARY", "CapturedDataSize": "UINT16", "DataSize": "UINT32", "Index": "UINT32", "InfoClass": "UINT32", "KeyName": "STRINGW", "KeyObject": "POINTER", "Status": "UINT32"}}
{"header": {"activity_id": "{00000000-0000-0000-0000-000000000000}", "event_flags": 576, "event_id": 9, "event_name": "", "event_opcode": 40, "event_version": 0, "process_id": 2648, "provider_name": "Microsoft-Windows-Kernel-Registry", "task_name": "", "thread_id": 6336, "timestamp": "2025-10-30 03:47:33Z", "trace_name": "Kernel_Registry01"}, "properties": {"CapturedData": "", "CapturedDataSize": 0, "DataSize": 34, "Index": 2, "InfoClass": 0, "KeyName": "", "KeyObject": "0xFFFFBF864D5BDA10", "Status": 0}, "property_types": {"CapturedData": "BINARY", "CapturedDataSize": "UINT16", "DataSize": "UINT32", "Index": "UINT32", "InfoClass": "UINT32", "KeyName": "STRINGW", "KeyObject": "POINTER", "Status": "UINT32"}}
{"header": {"activity_id": "{00000000-0000-0000-0000-000000000000}", "event_flags": 576, "event_id": 9, "event_name": "", "event_opcode": 40, "event_version": 0, "process_id": 2648, "provider_name": "Microsoft-Windows-Kernel-Registry", "task_name": "", "thread_id": 6336, "timestamp": "2025-10-30 03:47:33Z", "trace_name": "Kernel_Registry01"}, "properties": {"CapturedData": "", "CapturedDataSize": 0, "DataSize": 24, "Index": 3, "InfoClass": 0, "KeyName": "", "KeyObject": "0xFFFFBF864D5BDA10", "Status": 0}, "property_types": {"CapturedData": "BINARY", "CapturedDataSize": "UINT16", "DataSize": "UINT32", "Index": "UINT32", "InfoClass": "UINT32", "KeyName": "STRINGW", "KeyObject": "POINTER", "Status": "UINT32"}}
{"header": {"activity_id": "{00000000-0000-0000-0000-000000000000}", "event_flags": 576, "event_id": 5, "event_name": "", "event_opcode": 0, "event_version": 0, "process_id": 2648, "provider_name": "Microsoft-Windows-Kernel-Audit-API-Calls", "task_name": "", "thread_id": 6336, "timestamp": "2025-10-30 03:47:33Z", "trace_name": "AuditAPITrace01"}, "properties": {"DesiredAccess": 0, "ReturnCode": 0, "TargetProcessId": 2648}, "property_types": {"DesiredAccess": "UINT32", "ReturnCode": "UINT32", "TargetProcessId": "UINT32"}}
{"header": {"activity_id": "{00000000-0000-0000-0000-000000000000}", "event_flags": 576, "event_id": 12, "event_name": "", "event_opcode": 0, "event_version": 2, "process_id": 3856, "provider_name": "Microsoft-Windows-Sysmon", "task_name": "Registry object added or deleted (rule: RegistryEvent) ", "thread_id": 5992, "timestamp": "2025-10-30 03:47:33Z", "trace_name": "codeintegrity"}, "properties": {"EventType": "CreateKey", "Image": "C:\\Program Files\\Windows Defender\\MsMpEng.exe", "ProcessGuid": "{39898580-DB72-6902-3F00-000000000300}", "ProcessId": 2648, "RuleName": "-", "TargetObject": "HKLM\\SOFTWARE\\Microsoft\\Windows NT\\CurrentVersion\\ProfileList", "User": "NT AUTHORITY\\SYSTEM", "UtcTime": "2025-10-30 03:47:33.687"}, "property_types": {"EventType": "STRINGW", "Image": "STRINGW", "ProcessGuid": "GUID", "ProcessId": "UINT32", "RuleName": "STRINGW", "TargetObject": "STRINGW", "User": "STRINGW", "UtcTime": "STRINGW"}}
{"header": {"activity_id": "{00000000-0000-0000-0000-000000000000}", "event_flags": 576, "event_id": 11, "event_name": "", "event_opcode": 0, "event_version": 0, "process_id": 2648, "provider_name": "Microsoft-Windows-Kernel-File", "task_name": "NameDelete", "thread_id": 6336, "timestamp": "2025-10-30 03:47:33Z", "trace_name": "File_Registry01"}, "properties": {"FileKey": "0xFFFFBF86510BCB00", "FileName": "\\Device\\HarddiskVolume2\\ProgramData\\Microsoft\\Windows Defender\\Scans\\FailTelemetry"}, "property_types": {"FileKey": "POINTER", "FileName": "STRINGW"}}
{"header": {"activity_id": "{00000000-0000-0000-0000-000000000000}", "event_flags": 576, "event_id": 10, "event_name": "", "event_opcode": 0, "event_version": 0, "process_id": 2648, "provider_name": "Microsoft-Windows-Kernel-File", "task_name": "NameCreate", "thread_id": 6336, "timestamp": "2025-10-30 03:47:33Z", "trace_name": "File_Registry01"}, "properties": {"FileKey": "0xFFFFBF86510BCB00", "FileName": "\\Device\\HarddiskVolume2\\ProgramData\\Microsoft\\Windows Defender\\Scans\\FailTelemetry"}, "property_types": {"FileKey": "POINTER", "FileName": "STRINGW"}}
{"header": {"activity_id": "{00000000-0000-0000-0000-000000000000}", "event_flags": 576, "event_id": 5, "event_name": "", "event_opcode": 0, "event_version": 0, "process_id": 2648, "provider_name": "Microsoft-Windows-Kernel-Audit-API-Calls", "task_name": "", "thread_id": 6336, "timestamp": "2025-10-30 03:47:33Z", "trace_name": "AuditAPITrace01"}, "properties": {"DesiredAccess": 0, "ReturnCode": 0, "TargetProcessId": 2648}, "property_types": {"DesiredAccess": "UINT32", "ReturnCode": "UINT32", "TargetProcessId": "UINT32"}}
{"header": {"activity_id": "{00000000-0000-0000-0000-000000000000}", "event_flags": 576, "event_id": 11, "event_name": "", "event_opcode": 0, "event_version": 2, "process_id": 3856, "provider_name": "Microsoft-Windows-Sysmon", "task_name": "File created (rule: FileCreate) ", "thread_id": 5992, "timestamp": "2025-10-30 03:47:33Z", "trace_name": "codeintegrity"}, "properties": {"CreationUtcTime": "2025-10-30 03:47:33.687", "Image": "C:\\Program Files\\Windows Defender\\MsMpEng.exe", "ProcessGuid": "{39898580-DB72-6902-3F00-000000000300}", "ProcessId": 2648, "RuleName": "-", "TargetFilename": "C:\\ProgramData\\Microsoft\\Windows Defender\\Scans\\FailTelemetry", "User": "NT AUTHORITY\\SYSTEM", "UtcTime": "2025-10-30 03:47:33.687"}, "property_types": {"CreationUtcTime": "STRINGW", "Image": "STRINGW", "ProcessGuid": "GUID", "ProcessId": "UINT32", "RuleName": "STRINGW", "TargetFilename": "STRINGW", "User": "STRINGW", "UtcTime": "STRINGW"}}
{"header": {"activity_id": "{00000000-0000-0000-0000-000000000000}", "event_flags": 576, "event_id": 5, "event_name": "", "event_opcode": 0, "event_version": 0, "process_id": 2648, "provider_name": "Microsoft-Windows-Kernel-Audit-API-Calls", "task_name": "", "thread_id": 3672, "timestamp": "2025-10-30 03:47:33Z", "trace_name": "AuditAPITrace01"}, "properties": {"DesiredAccess": 0, "ReturnCode": 0, "TargetProcessId": 6872}, "property_types": {"DesiredAccess": "UINT32", "ReturnCode": "UINT32", "TargetProcessId": "UINT32"}}
{"header": {"activity_id": "{00000000-0000-0000-0000-000000000000}", "event_flags": 576, "event_id": 5, "event_name": "", "event_opcode": 0, "event_version": 0, "process_id": 2648, "provider_name": "Microsoft-Windows-Kernel-Audit-API-Calls", "task_name": "", "thread_id": 3672, "timestamp": "2025-10-30 03:47:33Z", "trace_name": "AuditAPITrace01"}, "properties": {"DesiredAccess": 0, "ReturnCode": 0, "TargetProcessId": 2648}, "property_types": {"DesiredAccess": "UINT32", "ReturnCode": "UINT32", "TargetProcessId": "UINT32"}}
{"header": {"activity_id": "{00000000-0000-0000-0000-000000000000}", "event_flags": 576, "event_id": 5, "event_name": "", "event_opcode": 0, "event_version": 0, "process_id": 2648, "provider_name": "Microsoft-Windows-Kernel-Audit-API-Calls", "task_name": "", "thread_id": 3672, "timestamp": "2025-10-30 03:47:33Z", "trace_name": "AuditAPITrace01"}, "properties": {"DesiredAccess": 0, "ReturnCode": 0, "TargetProcessId": 2648}, "property_types": {"DesiredAccess": "UINT32", "ReturnCode": "UINT32", "TargetProcessId": "UINT32"}}
{"header": {"activity_id": "{00000000-0000-0000-0000-000000000000}", "event_flags": 576, "event_id": 5, "event_name": "", "event_opcode": 0, "event_version": 0, "process_id": 2648, "provider_name": "Microsoft-Windows-Kernel-Audit-API-Calls", "task_name": "", "thread_id": 3672, "timestamp": "2025-10-30 03:47:33Z", "trace_name": "AuditAPITrace01"}, "properties": {"DesiredAccess": 0, "ReturnCode": 0, "TargetProcessId": 6872}, "property_types": {"DesiredAccess": "UINT32", "ReturnCode": "UINT32", "TargetProcessId": "UINT32"}}
{"header": {"activity_id": "{00000000-0000-0000-0000-000000000000}", "event_flags": 576, "event_id": 5, "event_name": "", "event_opcode": 0, "event_version": 0, "process_id": 2648, "provider_name": "Microsoft-Windows-Kernel-Audit-API-Calls", "task_name": "", "thread_id": 3672, "timestamp": "2025-10-30 03:47:33Z", "trace_name": "AuditAPITrace01"}, "properties": {"DesiredAccess": 0, "ReturnCode": 0, "TargetProcessId": 6872}, "property_types": {"DesiredAccess": "UINT32", "ReturnCode": "UINT32", "TargetProcessId": "UINT32"}}
{"header": {"activity_id": "{00000000-0000-0000-0000-000000000000}", "event_flags": 576, "event_id": 5, "event_name": "", "event_opcode": 0, "event_version": 0, "process_id": 2648, "provider_name": "Microsoft-Windows-Kernel-Audit-API-Calls", "task_name": "", "thread_id": 3672, "timestamp": "2025-10-30 03:47:33Z", "trace_name": "AuditAPITrace01"}, "properties": {"DesiredAccess": 512, "ReturnCode": 0, "TargetProcessId": 6872}, "property_types": {"DesiredAccess": "UINT32", "ReturnCode": "UINT32", "TargetProcessId": "UINT32"}}
{"header": {"activity_id": "{00000000-0000-0000-0000-000000000000}", "event_flags": 576, "event_id": 5, "event_name": "", "event_opcode": 0, "event_version": 0, "process_id": 2648, "provider_name": "Microsoft-Windows-Kernel-Audit-API-Calls", "task_name": "", "thread_id": 2968, "timestamp": "2025-10-30 03:47:33Z", "trace_name": "AuditAPITrace01"}, "properties": {"DesiredAccess": 0, "ReturnCode": 0, "TargetProcessId": 6872}, "property_types": {"DesiredAccess": "UINT32", "ReturnCode": "UINT32", "TargetProcessId": "UINT32"}}
{"header": {"activity_id": "{00000000-0000-0000-0000-000000000000}", "event_flags": 576, "event_id": 5, "event_name": "", "event_opcode": 0, "event_version": 0, "process_id": 2648, "provider_name": "Microsoft-Windows-Kernel-Audit-API-Calls", "task_name": "", "thread_id": 2968, "timestamp": "2025-10-30 03:47:33Z", "trace_name": "AuditAPITrace01"}, "properties": {"DesiredAccess": 0, "ReturnCode": 0, "TargetProcessId": 2648}, "property_types": {"DesiredAccess": "UINT32", "ReturnCode": "UINT32", "TargetProcessId": "UINT32"}}
{"header": {"activity_id": "{00000000-0000-0000-0000-000000000000}", "event_flags": 576, "event_id": 5, "event_name": "", "event_opcode": 0, "event_version": 0, "process_id": 2648, "provider_name": "Microsoft-Windows-Kernel-Audit-API-Calls", "task_name": "", "thread_id": 2968, "timestamp": "2025-10-30 03:47:33Z", "trace_name": "AuditAPITrace01"}, "properties": {"DesiredAccess": 0, "ReturnCode": 0, "TargetProcessId": 2648}, "property_types": {"DesiredAccess": "UINT32", "ReturnCode": "UINT32", "TargetProcessId": "UINT32"}}
{"header": {"activity_id": "{00000000-0000-0000-0000-000000000000}", "event_flags": 576, "event_id": 5, "event_name": "", "event_opcode": 0, "event_version": 0, "process_id": 2648, "provider_name": "Microsoft-Windows-Kernel-Audit-API-Calls", "task_name": "", "thread_id": 2968, "timestamp": "2025-10-30 03:47:33Z", "trace_name": "AuditAPITrace01"}, "properties": {"DesiredAccess": 0, "ReturnCode": 0, "TargetProcessId": 6872}, "property_types": {"DesiredAccess": "UINT32", "ReturnCode": "UINT32", "TargetProcessId": "UINT32"}}
{"header": {"activity_id": "{00000000-0000-0000-0000-000000000000}", "event_flags": 576, "event_id": 5, "event_name": "", "event_opcode": 0, "event_version": 0, "process_id": 2648, "provider_name": "Microsoft-Windows-Kernel-Audit-API-Calls", "task_name": "", "thread_id": 2968, "timestamp": "2025-10-30 03:47:33Z", "trace_name": "AuditAPITrace01"}, "properties": {"DesiredAccess": 0, "ReturnCode": 0, "TargetProcessId": 6872}, "property_types": {"DesiredAccess": "UINT32", "ReturnCode": "UINT32", "TargetProcessId": "UINT32"}}
{"header": {"activity_id": "{00000000-0000-0000-0000-000000000000}", "event_flags": 576, "event_id": 5, "event_name": "", "event_opcode": 0, "event_version": 0, "process_id": 2648, "provider_name": "Microsoft-Windows-Kernel-Audit-API-Calls", "task_name": "", "thread_id": 2968, "timestamp": "2025-10-30 03:47:33Z", "trace_name": "AuditAPITrace01"}, "properties": {"DesiredAccess": 4096, "ReturnCode": 0, "TargetProcessId": 6872}, "property_types": {"DesiredAccess": "UINT32", "ReturnCode": "UINT32", "TargetProcessId": "UINT32"}}
{"header": {"activity_id": "{00000000-0000-0000-0000-000000000000}", "event_flags": 576, "event_id": 5, "event_name": "", "event_opcode": 0, "event_version": 0, "process_id": 3856, "provider_name": "Microsoft-Windows-Kernel-Audit-API-Calls", "task_name": "", "thread_id": 5992, "timestamp": "2025-10-30 03:47:33Z", "trace_name": "AuditAPITrace01"}, "properties": {"DesiredAccess": 0, "ReturnCode": 0, "TargetProcessId": 6872}, "property_types": {"DesiredAccess": "UINT32", "ReturnCode": "UINT32", "TargetProcessId": "UINT32"}}
{"header": {"activity_id": "{00000000-0000-0000-0000-000000000000}", "event_flags": 576, "event_id": 10, "event_name": "", "event_opcode": 0, "event_version": 3, "process_id": 3856, "provider_name": "Microsoft-Windows-Sysmon", "task_name": "Process accessed (rule: ProcessAccess) ", "thread_id": 5992, "timestamp": "2025-10-30 03:47:33Z", "trace_name": "codeintegrity"}, "properties": {"CallTrace": "C:\\Windows\\SYSTEM32\\ntdll.dll+9d524|C:\\Windows\\SYSTEM32\\KERNELBASE.dll+308ee|C:\\ProgramData\\Microsoft\\Windows Defender\\Definition Updates\\Default\\mpengine.dll+35d597|C:\\ProgramData\\Microsoft\\Windows Defender\\Definition Updates\\Default\\mpengine.dll+298796|C:\\ProgramData\\Microsoft\\Windows Defender\\Definition Updates\\Default\\mpengine.dll+29b60b|C:\\ProgramData\\Microsoft\\Windows Defender\\Definition Updates\\Default\\mpengine.dll+29c323|C:\\ProgramData\\Microsoft\\Windows Defender\\Definition Updates\\Default\\mpengine.dll+3052a6|C:\\ProgramData\\Microsoft\\Windows Defender\\Definition Updates\\Default\\mpengine.dll+30d001|C:\\ProgramData\\Microsoft\\Windows Defender\\Definition Updates\\Default\\mpengine.dll+30b996|C:\\ProgramData\\Microsoft\\Windows Defender\\Definition Updates\\Default\\mpengine.dll+1cfbeb|C:\\ProgramData\\Microsoft\\Windows Defender\\Definition Updates\\Default\\mpengine.dll+251a4b|C:\\Program Files\\Windows Defender\\mpsvc.dll+17e97|C:\\Program Files\\Windows Defender\\mprtp.dll+165c3|C:\\Program Files\\Windows Defender\\mprtp.dll+22aab|C:\\Program Files\\Windows Defender\\mprtp.dll+29b51|C:\\Program Files\\Windows Defender\\mprtp.dll+451d8|C:\\Program Files\\Windows Defender\\mprtp.dll+457ac|C:\\Program Files\\Windows Defender\\mprtp.dll+869a0|C:\\Windows\\SYSTEM32\\KERNEL32.DLL+17614|C:\\Windows\\SYSTEM32\\ntdll.dll+526a1", "GrantedAccess": "00220000", "RuleName": "-", "SourceImage": "C:\\Program Files\\Windows Defender\\MsMpEng.exe", "SourceProcessGUID": "{39898580-DB72-6902-3F00-000000000300}", "SourceProcessId": 2648, "SourceThreadId": 3672, "SourceUser": "NT AUTHORITY\\SYSTEM", "TargetImage": "c:\\Users\\cyb3r\\Downloads\\NSec-Killer.exe", "TargetProcessGUID": "{39898580-DFD5-6902-0001-000000000300}", "TargetProcessId": 6872, "TargetUser": "DESKTOP-3AERCN7\\cyb3r", "UtcTime": "2025-10-30 03:47:33.687"}, "property_types": {"CallTrace": "STRINGW", "GrantedAccess": "OTHER", "RuleName": "STRINGW", "SourceImage": "STRINGW", "SourceProcessGUID": "GUID", "SourceProcessId": "UINT32", "SourceThreadId": "UINT32", "SourceUser": "STRINGW", "TargetImage": "STRINGW", "TargetProcessGUID": "GUID", "TargetProcessId": "UINT32", "TargetUser": "STRINGW", "UtcTime": "STRINGW"}}
{"header": {"activity_id": "{00000000-0000-0000-0000-000000000000}", "event_flags": 576, "event_id": 10, "event_name": "", "event_opcode": 0, "event_version": 3, "process_id": 3856, "provider_name": "Microsoft-Windows-Sysmon", "task_name": "Process accessed (rule: ProcessAccess) ", "thread_id": 5992, "timestamp": "2025-10-30 03:47:33Z", "trace_name": "codeintegrity"}, "properties": {"CallTrace": "C:\\Windows\\SYSTEM32\\ntdll.dll+9d524|C:\\Windows\\SYSTEM32\\KERNELBASE.dll+308ee|C:\\ProgramData\\Microsoft\\Windows Defender\\Definition Updates\\Default\\mpengine.dll+489480|C:\\ProgramData\\Microsoft\\Windows Defender\\Definition Updates\\Default\\mpengine.dll+489254|C:\\ProgramData\\Microsoft\\Windows Defender\\Definition Updates\\Default\\mpengine.dll+489598|C:\\ProgramData\\Microsoft\\Windows Defender\\Definition Updates\\Default\\mpengine.dll+2b38a4|C:\\ProgramData\\Microsoft\\Windows Defender\\Definition Updates\\Default\\mpengine.dll+2b699a|C:\\ProgramData\\Microsoft\\Windows Defender\\Definition Updates\\Default\\mpengine.dll+2a35dc|C:\\ProgramData\\Microsoft\\Windows Defender\\Definition Updates\\Default\\mpengine.dll+2a4c50|C:\\ProgramData\\Microsoft\\Windows Defender\\Definition Updates\\Default\\mpengine.dll+1e97e5|C:\\ProgramData\\Microsoft\\Windows Defender\\Definition Updates\\Default\\mpengine.dll+1e9225|C:\\ProgramData\\Microsoft\\Windows Defender\\Definition Updates\\Default\\mpengine.dll+750912|C:\\ProgramData\\Microsoft\\Windows Defender\\Definition Updates\\Default\\mpengine.dll+74f3dd|C:\\ProgramData\\Microsoft\\Windows Defender\\Definition Updates\\Default\\mpengine.dll+32e36f|C:\\ProgramData\\Microsoft\\Windows Defender\\Definition Updates\\Default\\mpengine.dll+30bf89|C:\\ProgramData\\Microsoft\\Windows Defender\\Definition Updates\\Default\\mpengine.dll+30b996|C:\\ProgramData\\Microsoft\\Windows Defender\\Definition Updates\\Default\\mpengine.dll+1cfbeb|C:\\ProgramData\\Microsoft\\Windows Defender\\Definition Updates\\Default\\mpengine.dll+251a4b|C:\\Program Files\\Windows Defender\\mpsvc.dll+17e97|C:\\Program Files\\Windows Defender\\mprtp.dll+1588c|C:\\Program Files\\Windows Defender\\mprtp.dll+3b971|C:\\Program Files\\Windows Defender\\mpclient.dll+81b03|C:\\Windows\\SYSTEM32\\ntdll.dll+62260|C:\\Windows\\SYSTEM32\\ntdll.dll+531aa", "GrantedAccess": "00100000", "RuleName": "-", "SourceImage": "C:\\Program Files\\Windows Defender\\MsMpEng.exe", "SourceProcessGUID": "{39898580-DB72-6902-3F00-000000000300}", "SourceProcessId": 2648, "SourceThreadId": 2968, "SourceUser": "NT AUTHORITY\\SYSTEM", "TargetImage": "c:\\Users\\cyb3r\\Downloads\\NSec-Killer.exe", "TargetProcessGUID": "{39898580-DFD5-6902-0001-000000000300}", "TargetProcessId": 6872, "TargetUser": "DESKTOP-3AERCN7\\cyb3r", "UtcTime": "2025-10-30 03:47:33.687"}, "property_types": {"CallTrace": "STRINGW", "GrantedAccess": "OTHER", "RuleName": "STRINGW", "SourceImage": "STRINGW", "SourceProcessGUID": "GUID", "SourceProcessId": "UINT32", "SourceThreadId": "UINT32", "SourceUser": "STRINGW", "TargetImage": "STRINGW", "TargetProcessGUID": "GUID", "TargetProcessId": "UINT32", "TargetUser": "STRINGW", "UtcTime": "STRINGW"}}
{"header": {"activity_id": "{00000000-0000-0000-0000-000000000000}", "event_flags": 576, "event_id": 5, "event_name": "", "event_opcode": 0, "event_version": 0, "process_id": 2176, "provider_name": "Microsoft-Windows-Kernel-Audit-API-Calls", "task_name": "", "thread_id": 7552, "timestamp": "2025-10-30 03:47:33Z", "trace_name": "AuditAPITrace01"}, "properties": {"DesiredAccess": 2147483648, "ReturnCode": 0, "TargetProcessId": 2176}, "property_types": {"DesiredAccess": "UINT32", "ReturnCode": "UINT32", "TargetProcessId": "UINT32"}}
{"header": {"activity_id": "{00000000-0000-0000-0000-000000000000}", "event_flags": 576, "event_id": 5, "event_name": "", "event_opcode": 0, "event_version": 0, "process_id": 2176, "provider_name": "Microsoft-Windows-Kernel-Audit-API-Calls", "task_name": "", "thread_id": 7552, "timestamp": "2025-10-30 03:47:33Z", "trace_name": "AuditAPITrace01"}, "properties": {"DesiredAccess": 2147483648, "ReturnCode": 0, "TargetProcessId": 6872}, "property_types": {"DesiredAccess": "UINT32", "ReturnCode": "UINT32", "TargetProcessId": "UINT32"}}
{"header": {"activity_id": "{00000000-0000-0000-0000-000000000000}", "event_flags": 576, "event_id": 5, "event_name": "", "event_opcode": 0, "event_version": 0, "process_id": 2176, "provider_name": "Microsoft-Windows-Kernel-Audit-API-Calls", "task_name": "", "thread_id": 7552, "timestamp": "2025-10-30 03:47:33Z", "trace_name": "AuditAPITrace01"}, "properties": {"DesiredAccess": 0, "ReturnCode": 0, "TargetProcessId": 6872}, "property_types": {"DesiredAccess": "UINT32", "ReturnCode": "UINT32", "TargetProcessId": "UINT32"}}
{"header": {"activity_id": "{00000000-0000-0000-0000-000000000000}", "event_flags": 576, "event_id": 5, "event_name": "", "event_opcode": 0, "event_version": 0, "process_id": 2176, "provider_name": "Microsoft-Windows-Kernel-Audit-API-Calls", "task_name": "", "thread_id": 7552, "timestamp": "2025-10-30 03:47:33Z", "trace_name": "AuditAPITrace01"}, "properties": {"DesiredAccess": 2147483648, "ReturnCode": 0, "TargetProcessId": 2176}, "property_types": {"DesiredAccess": "UINT32", "ReturnCode": "UINT32", "TargetProcessId": "UINT32"}}
{"header": {"activity_id": "{00000000-0000-0000-0000-000000000000}", "event_flags": 576, "event_id": 5, "event_name": "", "event_opcode": 0, "event_version": 0, "process_id": 2176, "provider_name": "Microsoft-Windows-Kernel-Audit-API-Calls", "task_name": "", "thread_id": 7552, "timestamp": "2025-10-30 03:47:33Z", "trace_name": "AuditAPITrace01"}, "properties": {"DesiredAccess": 2147483648, "ReturnCode": 0, "TargetProcessId": 6872}, "property_types": {"DesiredAccess": "UINT32", "ReturnCode": "UINT32", "TargetProcessId": "UINT32"}}
{"header": {"activity_id": "{00000000-0000-0000-0000-000000000000}", "event_flags": 576, "event_id": 5, "event_name": "", "event_opcode": 0, "event_version": 0, "process_id": 2176, "provider_name": "Microsoft-Windows-Kernel-Audit-API-Calls", "task_name": "", "thread_id": 7552, "timestamp": "2025-10-30 03:47:33Z", "trace_name": "AuditAPITrace01"}, "properties": {"DesiredAccess": 0, "ReturnCode": 0, "TargetProcessId": 6872}, "property_types": {"DesiredAccess": "UINT32", "ReturnCode": "UINT32", "TargetProcessId": "UINT32"}}
{"header": {"activity_id": "{00000000-0000-0000-0000-000000000000}", "event_flags": 576, "event_id": 5, "event_name": "", "event_opcode": 0, "event_version": 0, "process_id": 2176, "provider_name": "Microsoft-Windows-Kernel-Audit-API-Calls", "task_name": "", "thread_id": 7552, "timestamp": "2025-10-30 03:47:33Z", "trace_name": "AuditAPITrace01"}, "properties": {"DesiredAccess": 0, "ReturnCode": 0, "TargetProcessId": 2176}, "property_types": {"DesiredAccess": "UINT32", "ReturnCode": "UINT32", "TargetProcessId": "UINT32"}}
{"header": {"activity_id": "{00000000-0000-0000-0000-000000000000}", "event_flags": 576, "event_id": 5, "event_name": "", "event_opcode": 0, "event_version": 0, "process_id": 2176, "provider_name": "Microsoft-Windows-Kernel-Audit-API-Calls", "task_name": "", "thread_id": 7552, "timestamp": "2025-10-30 03:47:33Z", "trace_name": "AuditAPITrace01"}, "properties": {"DesiredAccess": 0, "ReturnCode": 0, "TargetProcessId": 2176}, "property_types": {"DesiredAccess": "UINT32", "ReturnCode": "UINT32", "TargetProcessId": "UINT32"}}
{"header": {"activity_id": "{00000000-0000-0000-0000-000000000000}", "event_flags": 576, "event_id": 5, "event_name": "", "event_opcode": 0, "event_version": 0, "process_id": 2176, "provider_name": "Microsoft-Windows-Kernel-Audit-API-Calls", "task_name": "", "thread_id": 7552, "timestamp": "2025-10-30 03:47:33Z", "trace_name": "AuditAPITrace01"}, "properties": {"DesiredAccess": 0, "ReturnCode": 0, "TargetProcessId": 6872}, "property_types": {"DesiredAccess": "UINT32", "ReturnCode": "UINT32", "TargetProcessId": "UINT32"}}
{"header": {"activity_id": "{00000000-0000-0000-0000-000000000000}", "event_flags": 576, "event_id": 5, "event_name": "", "event_opcode": 0, "event_version": 0, "process_id": 2176, "provider_name": "Microsoft-Windows-Kernel-Audit-API-Calls", "task_name": "", "thread_id": 7552, "timestamp": "2025-10-30 03:47:33Z", "trace_name": "AuditAPITrace01"}, "properties": {"DesiredAccess": 0, "ReturnCode": 0, "TargetProcessId": 6872}, "property_types": {"DesiredAccess": "UINT32", "ReturnCode": "UINT32", "TargetProcessId": "UINT32"}}
{"header": {"activity_id": "{00000000-0000-0000-0000-000000000000}", "event_flags": 576, "event_id": 5, "event_name": "", "event_opcode": 0, "event_version": 0, "process_id": 556, "provider_name": "Microsoft-Windows-Kernel-Audit-API-Calls", "task_name": "", "thread_id": 572, "timestamp": "2025-10-30 03:47:33Z", "trace_name": "AuditAPITrace01"}, "properties": {"DesiredAccess": 0, "ReturnCode": 0, "TargetProcessId": 6872}, "property_types": {"DesiredAccess": "UINT32", "ReturnCode": "UINT32", "TargetProcessId": "UINT32"}}
{"header": {"activity_id": "{00000000-0000-0000-0000-000000000000}", "event_flags": 576, "event_id": 5, "event_name": "", "event_opcode": 0, "event_version": 0, "process_id": 556, "provider_name": "Microsoft-Windows-Kernel-Audit-API-Calls", "task_name": "", "thread_id": 572, "timestamp": "2025-10-30 03:47:33Z", "trace_name": "AuditAPITrace01"}, "properties": {"DesiredAccess": 0, "ReturnCode": 0, "TargetProcessId": 556}, "property_types": {"DesiredAccess": "UINT32", "ReturnCode": "UINT32", "TargetProcessId": "UINT32"}}
{"header": {"activity_id": "{00000000-0000-0000-0000-000000000000}", "event_flags": 576, "event_id": 5, "event_name": "", "event_opcode": 0, "event_version": 0, "process_id": 556, "provider_name": "Microsoft-Windows-Kernel-Audit-API-Calls", "task_name": "", "thread_id": 572, "timestamp": "2025-10-30 03:47:33Z", "trace_name": "AuditAPITrace01"}, "properties": {"DesiredAccess": 0, "ReturnCode": 0, "TargetProcessId": 556}, "property_types": {"DesiredAccess": "UINT32", "ReturnCode": "UINT32", "TargetProcessId": "UINT32"}}
{"header": {"activity_id": "{00000000-0000-0000-0000-000000000000}", "event_flags": 576, "event_id": 5, "event_name": "", "event_opcode": 0, "event_version": 0, "process_id": 556, "provider_name": "Microsoft-Windows-Kernel-Audit-API-Calls", "task_name": "", "thread_id": 572, "timestamp": "2025-10-30 03:47:33Z", "trace_name": "AuditAPITrace01"}, "properties": {"DesiredAccess": 0, "ReturnCode": 0, "TargetProcessId": 6872}, "property_types": {"DesiredAccess": "UINT32", "ReturnCode": "UINT32", "TargetProcessId": "UINT32"}}
{"header": {"activity_id": "{00000000-0000-0000-0000-000000000000}", "event_flags": 576, "event_id": 5, "event_name": "", "event_opcode": 0, "event_version": 0, "process_id": 556, "provider_name": "Microsoft-Windows-Kernel-Audit-API-Calls", "task_name": "", "thread_id": 572, "timestamp": "2025-10-30 03:47:33Z", "trace_name": "AuditAPITrace01"}, "properties": {"DesiredAccess": 0, "ReturnCode": 0, "TargetProcessId": 6872}, "property_types": {"DesiredAccess": "UINT32", "ReturnCode": "UINT32", "TargetProcessId": "UINT32"}}
{"header": {"activity_id": "{00000000-0000-0000-0000-000000000000}", "event_flags": 576, "event_id": 5, "event_name": "", "event_opcode": 0, "event_version": 0, "process_id": 556, "provider_name": "Microsoft-Windows-Kernel-Audit-API-Calls", "task_name": "", "thread_id": 572, "timestamp": "2025-10-30 03:47:33Z", "trace_name": "AuditAPITrace01"}, "properties": {"DesiredAccess": 2097151, "ReturnCode": 0, "TargetProcessId": 6872}, "property_types": {"DesiredAccess": "UINT32", "ReturnCode": "UINT32", "TargetProcessId": "UINT32"}}
{"header": {"activity_id": "{00000000-0000-0000-0000-000000000000}", "event_flags": 576, "event_id": 6, "event_name": "", "event_opcode": 0, "event_version": 0, "process_id": 556, "provider_name": "Microsoft-Windows-Kernel-Audit-API-Calls", "task_name": "", "thread_id": 572, "timestamp": "2025-10-30 03:47:33Z", "trace_name": "AuditAPITrace01"}, "properties": {"DesiredAccess": 2097151, "ReturnCode": 0, "TargetProcessId": 6872, "TargetThreatId": 2856}, "property_types": {"DesiredAccess": "UINT32", "ReturnCode": "UINT32", "TargetProcessId": "UINT32", "TargetThreatId": "UINT32"}}
{"header": {"activity_id": "{00000000-0000-0000-0000-000000000000}", "event_flags": 576, "event_id": 5, "event_name": "", "event_opcode": 0, "event_version": 0, "process_id": 2176, "provider_name": "Microsoft-Windows-Kernel-Audit-API-Calls", "task_name": "", "thread_id": 7552, "timestamp": "2025-10-30 03:47:33Z", "trace_name": "AuditAPITrace01"}, "properties": {"DesiredAccess": 2147483648, "ReturnCode": 0, "TargetProcessId": 2176}, "property_types": {"DesiredAccess": "UINT32", "ReturnCode": "UINT32", "TargetProcessId": "UINT32"}}
{"header": {"activity_id": "{00000000-0000-0000-0000-000000000000}", "event_flags": 576, "event_id": 5, "event_name": "", "event_opcode": 0, "event_version": 0, "process_id": 2176, "provider_name": "Microsoft-Windows-Kernel-Audit-API-Calls", "task_name": "", "thread_id": 7552, "timestamp": "2025-10-30 03:47:33Z", "trace_name": "AuditAPITrace01"}, "properties": {"DesiredAccess": 2147483648, "ReturnCode": 0, "TargetProcessId": 2176}, "property_types": {"DesiredAccess": "UINT32", "ReturnCode": "UINT32", "TargetProcessId": "UINT32"}}
{"header": {"activity_id": "{00000000-0000-0000-0000-000000000000}", "event_flags": 576, "event_id": 5, "event_name": "", "event_opcode": 0, "event_version": 0, "process_id": 4, "provider_name": "Microsoft-Windows-Kernel-Audit-API-Calls", "task_name": "", "thread_id": 5196, "timestamp": "2025-10-30 03:47:33Z", "trace_name": "AuditAPITrace01"}, "properties": {"DesiredAccess": 0, "ReturnCode": 0, "TargetProcessId": 2176}, "property_types": {"DesiredAccess": "UINT32", "ReturnCode": "UINT32", "TargetProcessId": "UINT32"}}
{"header": {"activity_id": "{00000000-0000-0000-0000-000000000000}", "event_flags": 576, "event_id": 1, "event_name": "", "event_opcode": 0, "event_version": 5, "process_id": 3856, "provider_name": "Microsoft-Windows-Sysmon", "task_name": "Process Create (rule: ProcessCreate) ", "thread_id": 5992, "timestamp": "2025-10-30 03:47:33Z", "trace_name": "codeintegrity"}, "properties": {"CommandLine": "NSec-Killer.exe  -n msmpeng.exe", "Company": "-", "CurrentDirectory": "c:\\Users\\cyb3r\\Downloads\\", "Description": "-", "FileVersion": "-", "Hashes": "SHA1=736230F44614A33720C3D60E35B2E314DE0C9E8C,MD5=858505745A6AB5D5C3516FC007895476,SHA256=889A707D9DE8662C8C4A077F6FF1877A0189BB9AF802627CB646EC561739AB44,IMPHASH=94F110D17AC8BB0A70880C3C6B3182EE", "Image": "C:\\Users\\cyb3r\\Downloads\\NSec-Killer.exe", "IntegrityLevel": "High", "LogonGuid": "{39898580-DB88-6902-2284-030000000000}", "LogonId": "2284030000000000", "OriginalFileName": "-", "ParentCommandLine": "\"C:\\Windows\\system32\\cmd.exe\" ", "ParentImage": "C:\\Windows\\System32\\cmd.exe", "ParentProcessGuid": "{39898580-DC27-6902-B300-000000000300}", "ParentProcessId": 2176, "ParentUser": "DESKTOP-3AERCN7\\cyb3r", "ProcessGuid": "{39898580-DFD5-6902-0001-000000000300}", "ProcessId": 6872, "Product": "-", "RuleName": "-", "TerminalSessionId": 1, "User": "DESKTOP-3AERCN7\\cyb3r", "UtcTime": "2025-10-30 03:47:33.687"}, "property_types": {"CommandLine": "STRINGW", "Company": "STRINGW", "CurrentDirectory": "STRINGW", "Description": "STRINGW", "FileVersion": "STRINGW", "Hashes": "STRINGW", "Image": "STRINGW", "IntegrityLevel": "STRINGW", "LogonGuid": "GUID", "LogonId": "OTHER", "OriginalFileName": "STRINGW", "ParentCommandLine": "STRINGW", "ParentImage": "STRINGW", "ParentProcessGuid": "GUID", "ParentProcessId": "UINT32", "ParentUser": "STRINGW", "ProcessGuid": "GUID", "ProcessId": "UINT32", "Product": "STRINGW", "RuleName": "STRINGW", "TerminalSessionId": "UINT32", "User": "STRINGW", "UtcTime": "STRINGW"}}
{"header": {"activity_id": "{00000000-0000-0000-0000-000000000000}", "event_flags": 576, "event_id": 10, "event_name": "", "event_opcode": 0, "event_version": 3, "process_id": 3856, "provider_name": "Microsoft-Windows-Sysmon", "task_name": "Process accessed (rule: ProcessAccess) ", "thread_id": 5992, "timestamp": "2025-10-30 03:47:33Z", "trace_name": "codeintegrity"}, "properties": {"CallTrace": "C:\\Windows\\SYSTEM32\\ntdll.dll+9e974|C:\\Windows\\System32\\KERNELBASE.dll+5b3d3|C:\\Windows\\System32\\KERNELBASE.dll+59746|C:\\Windows\\System32\\KERNEL32.DLL+1d334|C:\\Windows\\system32\\cmd.exe+14486|C:\\Windows\\system32\\cmd.exe+15b7f|C:\\Windows\\system32\\cmd.exe+c9bd|C:\\Windows\\system32\\cmd.exe+bea1|C:\\Windows\\system32\\cmd.exe+1ebf0|C:\\Windows\\system32\\cmd.exe+18ecd|C:\\Windows\\System32\\KERNEL32.DLL+17614|C:\\Windows\\SYSTEM32\\ntdll.dll+526a1", "GrantedAccess": "FFFF1F00", "RuleName": "-", "SourceImage": "C:\\Windows\\system32\\cmd.exe", "SourceProcessGUID": "{39898580-DC27-6902-B300-000000000300}", "SourceProcessId": 2176, "SourceThreadId": 7552, "SourceUser": "DESKTOP-3AERCN7\\cyb3r", "TargetImage": "c:\\Users\\cyb3r\\Downloads\\NSec-Killer.exe", "TargetProcessGUID": "{39898580-DFD5-6902-0001-000000000300}", "TargetProcessId": 6872, "TargetUser": "DESKTOP-3AERCN7\\cyb3r", "UtcTime": "2025-10-30 03:47:33.687"}, "property_types": {"CallTrace": "STRINGW", "GrantedAccess": "OTHER", "RuleName": "STRINGW", "SourceImage": "STRINGW", "SourceProcessGUID": "GUID", "SourceProcessId": "UINT32", "SourceThreadId": "UINT32", "SourceUser": "STRINGW", "TargetImage": "STRINGW", "TargetProcessGUID": "GUID", "TargetProcessId": "UINT32", "TargetUser": "STRINGW", "UtcTime": "STRINGW"}}
{"header": {"activity_id": "{00000000-0000-0000-0000-000000000000}", "event_flags": 576, "event_id": 10, "event_name": "", "event_opcode": 0, "event_version": 0, "process_id": 2648, "provider_name": "Microsoft-Windows-Kernel-File", "task_name": "NameCreate", "thread_id": 6336, "timestamp": "2025-10-30 03:47:33Z", "trace_name": "File_Registry01"}, "properties": {"FileKey": "0xFFFFBF864D65A840", "FileName": "\\Device\\HarddiskVolume2\\ProgramData\\Microsoft\\Windows Defender\\Scans\\FailTelemetry\\9AB086B3F624634380A8143F9AC02B3D"}, "property_types": {"FileKey": "POINTER", "FileName": "STRINGW"}}
{"header": {"activity_id": "{00000000-0000-0000-0000-000000000000}", "event_flags": 576, "event_id": 5, "event_name": "", "event_opcode": 0, "event_version": 0, "process_id": 2648, "provider_name": "Microsoft-Windows-Kernel-Audit-API-Calls", "task_name": "", "thread_id": 6336, "timestamp": "2025-10-30 03:47:33Z", "trace_name": "AuditAPITrace01"}, "properties": {"DesiredAccess": 0, "ReturnCode": 0, "TargetProcessId": 2648}, "property_types": {"DesiredAccess": "UINT32", "ReturnCode": "UINT32", "TargetProcessId": "UINT32"}}
{"header": {"activity_id": "{00000000-0000-0000-0000-000000000000}", "event_flags": 576, "event_id": 11, "event_name": "", "event_opcode": 0, "event_version": 2, "process_id": 3856, "provider_name": "Microsoft-Windows-Sysmon", "task_name": "File created (rule: FileCreate) ", "thread_id": 5992, "timestamp": "2025-10-30 03:47:33Z", "trace_name": "codeintegrity"}, "properties": {"CreationUtcTime": "2025-10-30 03:47:33.687", "Image": "C:\\Program Files\\Windows Defender\\MsMpEng.exe", "ProcessGuid": "{39898580-DB72-6902-3F00-000000000300}", "ProcessId": 2648, "RuleName": "-", "TargetFilename": "C:\\ProgramData\\Microsoft\\Windows Defender\\Scans\\FailTelemetry\\9AB086B3F624634380A8143F9AC02B3D", "User": "NT AUTHORITY\\SYSTEM", "UtcTime": "2025-10-30 03:47:33.687"}, "property_types": {"CreationUtcTime": "STRINGW", "Image": "STRINGW", "ProcessGuid": "GUID", "ProcessId": "UINT32", "RuleName": "STRINGW", "TargetFilename": "STRINGW", "User": "STRINGW", "UtcTime": "STRINGW"}}
{"header": {"activity_id": "{00000000-0000-0000-0000-000000000000}", "event_flags": 576, "event_id": 9, "event_name": "", "event_opcode": 40, "event_version": 0, "process_id": 2648, "provider_name": "Microsoft-Windows-Kernel-Registry", "task_name": "", "thread_id": 6336, "timestamp": "2025-10-30 03:47:33Z", "trace_name": "Kernel_Registry01"}, "properties": {"CapturedData": "", "CapturedDataSize": 0, "DataSize": 66, "Index": 0, "InfoClass": 0, "KeyName": "", "KeyObject": "0xFFFFBF864C004600", "Status": 0}, "property_types": {"CapturedData": "BINARY", "CapturedDataSize": "UINT16", "DataSize": "UINT32", "Index": "UINT32", "InfoClass": "UINT32", "KeyName": "STRINGW", "KeyObject": "POINTER", "Status": "UINT32"}}
{"header": {"activity_id": "{00000000-0000-0000-0000-000000000000}", "event_flags": 576, "event_id": 9, "event_name": "", "event_opcode": 40, "event_version": 0, "process_id": 2648, "provider_name": "Microsoft-Windows-Kernel-Registry", "task_name": "", "thread_id": 6336, "timestamp": "2025-10-30 03:47:33Z", "trace_name": "Kernel_Registry01"}, "properties": {"CapturedData": "", "CapturedDataSize": 0, "DataSize": 40, "Index": 1, "InfoClass": 0, "KeyName": "", "KeyObject": "0xFFFFBF864C004600", "Status": 0}, "property_types": {"CapturedData": "BINARY", "CapturedDataSize": "UINT16", "DataSize": "UINT32", "Index": "UINT32", "InfoClass": "UINT32", "KeyName": "STRINGW", "KeyObject": "POINTER", "Status": "UINT32"}}
{"header": {"activity_id": "{00000000-0000-0000-0000-000000000000}", "event_flags": 576, "event_id": 9, "event_name": "", "event_opcode": 40, "event_version": 0, "process_id": 2648, "provider_name": "Microsoft-Windows-Kernel-Registry", "task_name": "", "thread_id": 6336, "timestamp": "2025-10-30 03:47:33Z", "trace_name": "Kernel_Registry01"}, "properties": {"CapturedData": "", "CapturedDataSize": 0, "DataSize": 40, "Index": 2, "InfoClass": 0, "KeyName": "", "KeyObject": "0xFFFFBF864C004600", "Status": 0}, "property_types": {"CapturedData": "BINARY", "CapturedDataSize": "UINT16", "DataSize": "UINT32", "Index": "UINT32", "InfoClass": "UINT32", "KeyName": "STRINGW", "KeyObject": "POINTER", "Status": "UINT32"}}
{"header": {"activity_id": "{00000000-0000-0000-0000-000000000000}", "event_flags": 576, "event_id": 9, "event_name": "", "event_opcode": 40, "event_version": 0, "process_id": 2648, "provider_name": "Microsoft-Windows-Kernel-Registry", "task_name": "", "thread_id": 6336, "timestamp": "2025-10-30 03:47:33Z", "trace_name": "Kernel_Registry01"}, "properties": {"CapturedData": "", "CapturedDataSize": 0, "DataSize": 44, "Index": 3, "InfoClass": 0, "KeyName": "", "KeyObject": "0xFFFFBF864C004600", "Status": 0}, "property_types": {"CapturedData": "BINARY", "CapturedDataSize": "UINT16", "DataSize": "UINT32", "Index": "UINT32", "InfoClass": "UINT32", "KeyName": "STRINGW", "KeyObject": "POINTER", "Status": "UINT32"}}
{"header": {"activity_id": "{00000000-0000-0000-0000-000000000000}", "event_flags": 576, "event_id": 9, "event_name": "", "event_opcode": 40, "event_version": 0, "process_id": 2648, "provider_name": "Microsoft-Windows-Kernel-Registry", "task_name": "", "thread_id": 6336, "timestamp": "2025-10-30 03:47:33Z", "trace_name": "Kernel_Registry01"}, "properties": {"CapturedData": "", "CapturedDataSize": 0, "DataSize": 42, "Index": 4, "InfoClass": 0, "KeyName": "", "KeyObject": "0xFFFFBF864C004600", "Status": 0}, "property_types": {"CapturedData": "BINARY", "CapturedDataSize": "UINT16", "DataSize": "UINT32", "Index": "UINT32", "InfoClass": "UINT32", "KeyName": "STRINGW", "KeyObject": "POINTER", "Status": "UINT32"}}
{"header": {"activity_id": "{00000000-0000-0000-0000-000000000000}", "event_flags": 576, "event_id": 9, "event_name": "", "event_opcode": 40, "event_version": 0, "process_id": 2648, "provider_name": "Microsoft-Windows-Kernel-Registry", "task_name": "", "thread_id": 6336, "timestamp": "2025-10-30 03:47:33Z", "trace_name": "Kernel_Registry01"}, "properties": {"CapturedData": "", "CapturedDataSize": 0, "DataSize": 46, "Index": 5, "InfoClass": 0, "KeyName": "", "KeyObject": "0xFFFFBF864C004600", "Status": 0}, "property_types": {"CapturedData": "BINARY", "CapturedDataSize": "UINT16", "DataSize": "UINT32", "Index": "UINT32", "InfoClass": "UINT32", "KeyName": "STRINGW", "KeyObject": "POINTER", "Status": "UINT32"}}
{"header": {"activity_id": "{00000000-0000-0000-0000-000000000000}", "event_flags": 576, "event_id": 9, "event_name": "", "event_opcode": 40, "event_version": 0, "process_id": 2648, "provider_name": "Microsoft-Windows-Kernel-Registry", "task_name": "", "thread_id": 6336, "timestamp": "2025-10-30 03:47:33Z", "trace_name": "Kernel_Registry01"}, "properties": {"CapturedData": "", "CapturedDataSize": 0, "DataSize": 40, "Index": 6, "InfoClass": 0, "KeyName": "", "KeyObject": "0xFFFFBF864C004600", "Status": 0}, "property_types": {"CapturedData": "BINARY", "CapturedDataSize": "UINT16", "DataSize": "UINT32", "Index": "UINT32", "InfoClass": "UINT32", "KeyName": "STRINGW", "KeyObject": "POINTER", "Status": "UINT32"}}
{"header": {"activity_id": "{00000000-0000-0000-0000-000000000000}", "event_flags": 576, "event_id": 9, "event_name": "", "event_opcode": 40, "event_version": 0, "process_id": 2648, "provider_name": "Microsoft-Windows-Kernel-Registry", "task_name": "", "thread_id": 6336, "timestamp": "2025-10-30 03:47:33Z", "trace_name": "Kernel_Registry01"}, "properties": {"CapturedData": "", "CapturedDataSize": 0, "DataSize": 44, "Index": 7, "InfoClass": 0, "KeyName": "", "KeyObject": "0xFFFFBF864C004600", "Status": 0}, "property_types": {"CapturedData": "BINARY", "CapturedDataSize": "UINT16", "DataSize": "UINT32", "Index": "UINT32", "InfoClass": "UINT32", "KeyName": "STRINGW", "KeyObject": "POINTER", "Status": "UINT32"}}
