{"header": {"activity_id": "{00000000-0000-0000-0000-000000000000}", "event_flags": 576, "event_id": 5, "event_name": "", "event_opcode": 0, "event_version": 0, "process_id": 2648, "provider_name": "Microsoft-Windows-Kernel-Audit-API-Calls", "task_name": "", "thread_id": 3672, "timestamp": "2025-10-30 03:47:33Z", "trace_name": "AuditAPITrace01"}, "properties": {"DesiredAccess": 0, "ReturnCode": 0, "TargetProcessId": 2648}, "property_types": {"DesiredAccess": "UINT32", "ReturnCode": "UINT32", "TargetProcessId": "UINT32"}}
{"header": {"activity_id": "{00000000-0000-0000-0000-000000000000}", "event_flags": 576, "event_id": 5, "event_name": "", "event_opcode": 0, "event_version": 0, "process_id": 2648, "provider_name": "Microsoft-Windows-Kernel-Audit-API-Calls", "task_name": "", "thread_id": 3672, "timestamp": "2025-10-30 03:47:33Z", "trace_name": "AuditAPITrace01"}, "properties": {"DesiredAccess": 0, "ReturnCode": 0, "TargetProcessId": 2648}, "property_types": {"DesiredAccess": "UINT32", "ReturnCode": "UINT32", "TargetProcessId": "UINT32"}}
{"header": {"activity_id": "{00000000-0000-0000-0000-000000000000}", "event_flags": 576, "event_id": 5, "event_name": "", "event_opcode": 0, "event_version": 0, "process_id": 2648, "provider_name": "Microsoft-Windows-Kernel-Audit-API-Calls", "task_name": "", "thread_id": 3672, "timestamp": "2025-10-30 03:47:33Z", "trace_name": "AuditAPITrace01"}, "properties": {"DesiredAccess": 0, "ReturnCode": 0, "TargetProcessId": 4}, "property_types": {"DesiredAccess": "UINT32", "ReturnCode": "UINT32", "TargetProcessId": "UINT32"}}
{"header": {"activity_id": "{00000000-0000-0000-0000-000000000000}", "event_flags": 576, "event_id": 5, "event_name": "", "event_opcode": 0, "event_version": 0, "process_id": 2648, "provider_name": "Microsoft-Windows-Kernel-Audit-API-Calls", "task_name": "", "thread_id": 3672, "timestamp": "2025-10-30 03:47:33Z", "trace_name": "AuditAPITrace01"}, "properties": {"DesiredAccess": 0, "ReturnCode": 0, "TargetProcessId": 4}, "property_types": {"DesiredAccess": "UINT32", "ReturnCode": "UINT32", "TargetProcessId": "UINT32"}}
{"header": {"activity_id": "{00000000-0000-0000-0000-000000000000}", "event_flags": 576, "event_id": 5, "event_name": "", "event_opcode": 0, "event_version": 0, "process_id": 2648, "provider_name": "Microsoft-Windows-Kernel-Audit-API-Calls", "task_name": "", "thread_id": 3672, "timestamp": "2025-10-30 03:47:33Z", "trace_name": "AuditAPITrace01"}, "properties": {"DesiredAccess": 1052672, "ReturnCode": 0, "TargetProcessId": 4}, "property_types": {"DesiredAccess": "UINT32", "ReturnCode": "UINT32", "TargetProcessId": "UINT32"}}
{"header": {"activity_id": "{00000000-0000-0000-0000-000000000000}", "event_flags": 576, "event_id": 10, "event_name": "", "event_opcode": 0, "event_version": 3, "process_id": 3856, "provider_name": "Microsoft-Windows-Sysmon", "task_name": "Process accessed (rule: ProcessAccess) ", "thread_id": 5992, "timestamp": "2025-10-30 03:47:33Z", "trace_name": "codeintegrity"}, "properties": {"CallTrace": "C:\\Windows\\SYSTEM32\\ntdll.dll+9d524|C:\\Windows\\SYSTEM32\\KERNELBASE.dll+308ee|C:\\ProgramData\\Microsoft\\Windows Defender\\Definition Updates\\Default\\mpengine.dll+489480|C:\\ProgramData\\Microsoft\\Windows Defender\\Definition Updates\\Default\\mpengine.dll+489254|C:\\ProgramData\\Microsoft\\Windows Defender\\Definition Updates\\Default\\mpengine.dll+48aa2b|C:\\ProgramData\\Microsoft\\Windows Defender\\Definition Updates\\Default\\mpengine.dll+2a4e2|C:\\ProgramData\\Microsoft\\Windows Defender\\Definition Updates\\Default\\mpengine.dll+a4181|C:\\ProgramData\\Microsoft\\Windows Defender\\Definition Updates\\Default\\mpengine.dll+a3a1e|C:\\ProgramData\\Microsoft\\Windows Defender\\Definition Updates\\Default\\mpengine.dll+db123|C:\\ProgramData\\Microsoft\\Windows Defender\\Definition Updates\\Default\\mpengine.dll+dae44|C:\\ProgramData\\Microsoft\\Windows Defender\\Definition Updates\\Default\\mpengine.dll+ddcee|C:\\ProgramData\\Microsoft\\Windows Defender\\Definition Updates\\Default\\mpengine.dll+3062e8|C:\\ProgramData\\Microsoft\\Windows Defender\\Definition Updates\\Default\\mpengine.dll+30b9b9|C:\\ProgramData\\Microsoft\\Windows Defender\\Definition Updates\\Default\\mpengine.dll+1cfbeb|C:\\ProgramData\\Microsoft\\Windows Defender\\Definition Updates\\Default\\mpengine.dll+251a4b|C:\\Program Files\\Windows Defender\\mpsvc.dll+17e97|C:\\Program Files\\Windows Defender\\mprtp.dll+14a63|C:\\Program Files\\Windows Defender\\mprtp.dll+3319d|C:\\Program Files\\Windows Defender\\mprtp.dll+329fc|C:\\Program Files\\Windows Defender\\mprtp.dll+2a018|C:\\Program Files\\Windows Defender\\mprtp.dll+451d8|C:\\Program Files\\Windows Defender\\mprtp.dll+457ac|C:\\Program Files\\Windows Defender\\mprtp.dll+869a0|C:\\Windows\\SYSTEM32\\KERNEL32.DLL+17614", "GrantedAccess": "00101000", "RuleName": "-", "SourceImage": "C:\\Program Files\\Windows Defender\\MsMpEng.exe", "SourceProcessGUID": "{39898580-DB72-6902-3F00-000000000300}", "SourceProcessId": 2648, "SourceThreadId": 3672, "SourceUser": "NT AUTHORITY\\SYSTEM", "TargetImage": "System", "TargetProcessGUID": "{39898580-DB59-6902-EB03-000000000000}", "TargetProcessId": 4, "TargetUser": "NT AUTHORITY\\SYSTEM", "UtcTime": "2025-10-30 03:47:33.844"}, "property_types": {"CallTrace": "STRINGW", "GrantedAccess": "OTHER", "RuleName": "STRINGW", "SourceImage": "STRINGW", "SourceProcessGUID": "GUID", "SourceProcessId": "UINT32", "SourceThreadId": "UINT32", "SourceUser": "STRINGW", "TargetImage": "STRINGW", "TargetProcessGUID": "GUID", "TargetProcessId": "UINT32", "TargetUser": "STRINGW", "UtcTime": "STRINGW"}}
{"header": {"activity_id": "{00000000-0000-0000-0000-000000000000}", "event_flags": 576, "event_id": 5, "event_name": "", "event_opcode": 0, "event_version": 0, "process_id": 2648, "provider_name": "Microsoft-Windows-Kernel-Audit-API-Calls", "task_name": "", "thread_id": 2968, "timestamp": "2025-10-30 03:47:33Z", "trace_name": "AuditAPITrace01"}, "properties": {"DesiredAccess": 0, "ReturnCode": 0, "TargetProcessId": 2648}, "property_types": {"DesiredAccess": "UINT32", "ReturnCode": "UINT32", "TargetProcessId": "UINT32"}}
{"header": {"activity_id": "{00000000-0000-0000-0000-000000000000}", "event_flags": 576, "event_id": 5, "event_name": "", "event_opcode": 0, "event_version": 0, "process_id": 2648, "provider_name": "Microsoft-Windows-Kernel-Audit-API-Calls", "task_name": "", "thread_id": 2968, "timestamp": "2025-10-30 03:47:33Z", "trace_name": "AuditAPITrace01"}, "properties": {"DesiredAccess": 0, "ReturnCode": 0, "TargetProcessId": 2648}, "property_types": {"DesiredAccess": "UINT32", "ReturnCode": "UINT32", "TargetProcessId": "UINT32"}}
{"header": {"activity_id": "{00000000-0000-0000-0000-000000000000}", "event_flags": 576, "event_id": 5, "event_name": "", "event_opcode": 0, "event_version": 0, "process_id": 2648, "provider_name": "Microsoft-Windows-Kernel-Audit-API-Calls", "task_name": "", "thread_id": 2968, "timestamp": "2025-10-30 03:47:33Z", "trace_name": "AuditAPITrace01"}, "properties": {"DesiredAccess": 0, "ReturnCode": 0, "TargetProcessId": 2648}, "property_types": {"DesiredAccess": "UINT32", "ReturnCode": "UINT32", "TargetProcessId": "UINT32"}}
{"header": {"activity_id": "{00000000-0000-0000-0000-000000000000}", "event_flags": 576, "event_id": 5, "event_name": "", "event_opcode": 0, "event_version": 0, "process_id": 704, "provider_name": "Microsoft-Windows-Kernel-Audit-API-Calls", "task_name": "", "thread_id": 4616, "timestamp": "2025-10-30 03:47:33Z", "trace_name": "AuditAPITrace01"}, "properties": {"DesiredAccess": 0, "ReturnCode": 0, "TargetProcessId": 2648}, "property_types": {"DesiredAccess": "UINT32", "ReturnCode": "UINT32", "TargetProcessId": "UINT32"}}
{"header": {"activity_id": "{00000000-0000-0000-0000-000000000000}", "event_flags": 576, "event_id": 5, "event_name": "", "event_opcode": 0, "event_version": 0, "process_id": 704, "provider_name": "Microsoft-Windows-Kernel-Audit-API-Calls", "task_name": "", "thread_id": 4616, "timestamp": "2025-10-30 03:47:33Z", "trace_name": "AuditAPITrace01"}, "properties": {"DesiredAccess": 0, "ReturnCode": 0, "TargetProcessId": 704}, "property_types": {"DesiredAccess": "UINT32", "ReturnCode": "UINT32", "TargetProcessId": "UINT32"}}
{"header": {"activity_id": "{00000000-0000-0000-0000-000000000000}", "event_flags": 576, "event_id": 5, "event_name": "", "event_opcode": 0, "event_version": 0, "process_id": 704, "provider_name": "Microsoft-Windows-Kernel-Audit-API-Calls", "task_name": "", "thread_id": 4616, "timestamp": "2025-10-30 03:47:33Z", "trace_name": "AuditAPITrace01"}, "properties": {"DesiredAccess": 0, "ReturnCode": 0, "TargetProcessId": 704}, "property_types": {"DesiredAccess": "UINT32", "ReturnCode": "UINT32", "TargetProcessId": "UINT32"}}
{"header": {"activity_id": "{00000000-0000-0000-0000-000000000000}", "event_flags": 576, "event_id": 5, "event_name": "", "event_opcode": 0, "event_version": 0, "process_id": 704, "provider_name": "Microsoft-Windows-Kernel-Audit-API-Calls", "task_name": "", "thread_id": 4616, "timestamp": "2025-10-30 03:47:33Z", "trace_name": "AuditAPITrace01"}, "properties": {"DesiredAccess": 0, "ReturnCode": 0, "TargetProcessId": 2648}, "property_types": {"DesiredAccess": "UINT32", "ReturnCode": "UINT32", "TargetProcessId": "UINT32"}}
{"header": {"activity_id": "{00000000-0000-0000-0000-000000000000}", "event_flags": 576, "event_id": 5, "event_name": "", "event_opcode": 0, "event_version": 0, "process_id": 704, "provider_name": "Microsoft-Windows-Kernel-Audit-API-Calls", "task_name": "", "thread_id": 4616, "timestamp": "2025-10-30 03:47:33Z", "trace_name": "AuditAPITrace01"}, "properties": {"DesiredAccess": 0, "ReturnCode": 0, "TargetProcessId": 2648}, "property_types": {"DesiredAccess": "UINT32", "ReturnCode": "UINT32", "TargetProcessId": "UINT32"}}
{"header": {"activity_id": "{00000000-0000-0000-0000-000000000000}", "event_flags": 576, "event_id": 5, "event_name": "", "event_opcode": 0, "event_version": 0, "process_id": 704, "provider_name": "Microsoft-Windows-Kernel-Audit-API-Calls", "task_name": "", "thread_id": 4616, "timestamp": "2025-10-30 03:47:33Z", "trace_name": "AuditAPITrace01"}, "properties": {"DesiredAccess": 4096, "ReturnCode": 0, "TargetProcessId": 2648}, "property_types": {"DesiredAccess": "UINT32", "ReturnCode": "UINT32", "TargetProcessId": "UINT32"}}
{"header": {"activity_id": "{00000000-0000-0000-0000-000000000000}", "event_flags": 576, "event_id": 5, "event_name": "", "event_opcode": 0, "event_version": 0, "process_id": 968, "provider_name": "Microsoft-Windows-Kernel-Audit-API-Calls", "task_name": "", "thread_id": 800, "timestamp": "2025-10-30 03:47:33Z", "trace_name": "AuditAPITrace01"}, "properties": {"DesiredAccess": 0, "ReturnCode": 0, "TargetProcessId": 2648}, "property_types": {"DesiredAccess": "UINT32", "ReturnCode": "UINT32", "TargetProcessId": "UINT32"}}
{"header": {"activity_id": "{00000000-0000-0000-0000-000000000000}", "event_flags": 576, "event_id": 5, "event_name": "", "event_opcode": 0, "event_version": 0, "process_id": 968, "provider_name": "Microsoft-Windows-Kernel-Audit-API-Calls", "task_name": "", "thread_id": 800, "timestamp": "2025-10-30 03:47:33Z", "trace_name": "AuditAPITrace01"}, "properties": {"DesiredAccess": 0, "ReturnCode": 0, "TargetProcessId": 968}, "property_types": {"DesiredAccess": "UINT32", "ReturnCode": "UINT32", "TargetProcessId": "UINT32"}}
{"header": {"activity_id": "{00000000-0000-0000-0000-000000000000}", "event_flags": 576, "event_id": 5, "event_name": "", "event_opcode": 0, "event_version": 0, "process_id": 968, "provider_name": "Microsoft-Windows-Kernel-Audit-API-Calls", "task_name": "", "thread_id": 800, "timestamp": "2025-10-30 03:47:33Z", "trace_name": "AuditAPITrace01"}, "properties": {"DesiredAccess": 0, "ReturnCode": 0, "TargetProcessId": 968}, "property_types": {"DesiredAccess": "UINT32", "ReturnCode": "UINT32", "TargetProcessId": "UINT32"}}
{"header": {"activity_id": "{00000000-0000-0000-0000-000000000000}", "event_flags": 576, "event_id": 5, "event_name": "", "event_opcode": 0, "event_version": 0, "process_id": 968, "provider_name": "Microsoft-Windows-Kernel-Audit-API-Calls", "task_name": "", "thread_id": 800, "timestamp": "2025-10-30 03:47:33Z", "trace_name": "AuditAPITrace01"}, "properties": {"DesiredAccess": 0, "ReturnCode": 0, "TargetProcessId": 2648}, "property_types": {"DesiredAccess": "UINT32", "ReturnCode": "UINT32", "TargetProcessId": "UINT32"}}
{"header": {"activity_id": "{00000000-0000-0000-0000-000000000000}", "event_flags": 576, "event_id": 5, "event_name": "", "event_opcode": 0, "event_version": 0, "process_id": 968, "provider_name": "Microsoft-Windows-Kernel-Audit-API-Calls", "task_name": "", "thread_id": 800, "timestamp": "2025-10-30 03:47:33Z", "trace_name": "AuditAPITrace01"}, "properties": {"DesiredAccess": 0, "ReturnCode": 0, "TargetProcessId": 2648}, "property_types": {"DesiredAccess": "UINT32", "ReturnCode": "UINT32", "TargetProcessId": "UINT32"}}
{"header": {"activity_id": "{00000000-0000-0000-0000-000000000000}", "event_flags": 576, "event_id": 5, "event_name": "", "event_opcode": 0, "event_version": 0, "process_id": 968, "provider_name": "Microsoft-Windows-Kernel-Audit-API-Calls", "task_name": "", "thread_id": 800, "timestamp": "2025-10-30 03:47:33Z", "trace_name": "AuditAPITrace01"}, "properties": {"DesiredAccess": 4096, "ReturnCode": 0, "TargetProcessId": 2648}, "property_types": {"DesiredAccess": "UINT32", "ReturnCode": "UINT32", "TargetProcessId": "UINT32"}}
{"header": {"activity_id": "{00000000-0000-0000-0000-000000000000}", "event_flags": 576, "event_id": 27, "event_name": "", "event_opcode": 0, "event_version": 5, "process_id": 3856, "provider_name": "Microsoft-Windows-Sysmon", "task_name": "File Block Executable (rule: FileBlockExecutable) ", "thread_id": 5992, "timestamp": "2025-10-30 03:47:33Z", "trace_name": "codeintegrity"}, "properties": {"Hashes": "SHA1=2D79A17A7F226B4A3BC25D47D73570F9A33AAC1A,MD5=14B88FF4833012512278A5F3A5712BD2,SHA256=E6FE9A94E8686E957DBCEC2B89C1C1DDCF8E75D76E9200D0CBEF74D510C71317,IMPHASH=D1098E3A37F227B6FF6BD36C1801EDFA", "Image": "C:\\Program Files\\Windows Defender\\MsMpEng.exe", "ProcessGuid": "{39898580-DB72-6902-3F00-000000000300}", "ProcessId": 2648, "RuleName": "-", "TargetFilename": "C:\\Windows\\System32\\services.exe", "User": "NT AUTHORITY\\SYSTEM", "UtcTime": "2025-10-30 03:47:33.859"}, "property_types": {"Hashes": "STRINGW", "Image": "STRINGW", "ProcessGuid": "GUID", "ProcessId": "UINT32", "RuleName": "STRINGW", "TargetFilename": "STRINGW", "User": "STRINGW", "UtcTime": "STRINGW"}}
{"header": {"activity_id": "{00000000-0000-0000-0000-000000000000}", "event_flags": 576, "event_id": 10, "event_name": "", "event_opcode": 0, "event_version": 3, "process_id": 3856, "provider_name": "Microsoft-Windows-Sysmon", "task_name": "Process accessed (rule: ProcessAccess) ", "thread_id": 5992, "timestamp": "2025-10-30 03:47:33Z", "trace_name": "codeintegrity"}, "properties": {"CallTrace": "C:\\Windows\\SYSTEM32\\ntdll.dll+9d524|C:\\Windows\\System32\\KERNELBASE.dll+6f176|c:\\windows\\system32\\lsm.dll+f98c|c:\\windows\\system32\\lsm.dll+ebfe|C:\\Windows\\System32\\RPCRT4.dll+7b253|C:\\Windows\\System32\\RPCRT4.dll+de77b|C:\\Windows\\System32\\RPCRT4.dll+5bc7c|C:\\Windows\\System32\\RPCRT4.dll+58f88|C:\\Windows\\System32\\RPCRT4.dll+3a1a6|C:\\Windows\\System32\\RPCRT4.dll+39af8|C:\\Windows\\System32\\RPCRT4.dll+472bf|C:\\Windows\\System32\\RPCRT4.dll+466c8|C:\\Windows\\System32\\RPCRT4.dll+45cb1|C:\\Windows\\System32\\RPCRT4.dll+4571e|C:\\Windows\\System32\\RPCRT4.dll+49e32|C:\\Windows\\SYSTEM32\\ntdll.dll+20330|C:\\Windows\\SYSTEM32\\ntdll.dll+52f76|C:\\Windows\\System32\\KERNEL32.DLL+17614|C:\\Windows\\SYSTEM32\\ntdll.dll+526a1", "GrantedAccess": "00100000", "RuleName": "-", "SourceImage": "C:\\Windows\\system32\\svchost.exe", "SourceProcessGUID": "{39898580-DB70-6902-1100-000000000300}", "SourceProcessId": 968, "SourceThreadId": 800, "SourceUser": "NT AUTHORITY\\SYSTEM", "TargetImage": "C:\\Program Files\\Windows Defender\\MsMpEng.exe", "TargetProcessGUID": "{39898580-DB72-6902-3F00-000000000300}", "TargetProcessId": 2648, "TargetUser": "NT AUTHORITY\\SYSTEM", "UtcTime": "2025-10-30 03:47:33.859"}, "property_types": {"CallTrace": "STRINGW", "GrantedAccess": "OTHER", "RuleName": "STRINGW", "SourceImage": "STRINGW", "SourceProcessGUID": "GUID", "SourceProcessId": "UINT32", "SourceThreadId": "UINT32", "SourceUser": "STRINGW", "TargetImage": "STRINGW", "TargetProcessGUID": "GUID", "TargetProcessId": "UINT32", "TargetUser": "STRINGW", "UtcTime": "STRINGW"}}
{"header": {"activity_id": "{00000000-0000-0000-0000-000000000000}", "event_flags": 576, "event_id": 10, "event_name": "", "event_opcode": 0, "event_version": 0, "process_id": 2648, "provider_name": "Microsoft-Windows-Kernel-File", "task_name": "NameCreate", "thread_id": 3672, "timestamp": "2025-10-30 03:47:33Z", "trace_name": "File_Registry01"}, "properties": {"FileKey": "0xFFFFBF864D07FD50", "FileName": "\\Device\\HarddiskVolume2\\Users\\cyb3r\\Downloads\\NSecKrnl.sys:Zone.Identifier"}, "property_types": {"FileKey": "POINTER", "FileName": "STRINGW"}}
{"header": {"activity_id": "{00000000-0000-0000-0000-000000000000}", "event_flags": 576, "event_id": 11, "event_name": "", "event_opcode": 0, "event_version": 0, "process_id": 2648, "provider_name": "Microsoft-Windows-Kernel-File", "task_name": "NameDelete", "thread_id": 3672, "timestamp": "2025-10-30 03:47:33Z", "trace_name": "File_Registry01"}, "properties": {"FileKey": "0xFFFFBF864D07FD50", "FileName": "\\Device\\HarddiskVolume2\\Users\\cyb3r\\Downloads\\NSecKrnl.sys:Zone.Identifier"}, "property_types": {"FileKey": "POINTER", "FileName": "STRINGW"}}
{"header": {"activity_id": "{00000000-0000-0000-0000-000000000000}", "event_flags": 576, "event_id": 10, "event_name": "", "event_opcode": 0, "event_version": 0, "process_id": 2648, "provider_name": "Microsoft-Windows-Kernel-File", "task_name": "NameCreate", "thread_id": 3672, "timestamp": "2025-10-30 03:47:33Z", "trace_name": "File_Registry01"}, "properties": {"FileKey": "0xFFFFBF864D07FD50", "FileName": "\\Device\\HarddiskVolume2\\Users\\cyb3r\\Downloads\\NSecKrnl.sys:Zone.Identifier"}, "property_types": {"FileKey": "POINTER", "FileName": "STRINGW"}}
{"header": {"activity_id": "{3A71319B-494D-0001-1F4E-713A4D49DC01}", "event_flags": 576, "event_id": 3038, "event_name": "", "event_opcode": 1, "event_version": 2, "process_id": 4, "provider_name": "Microsoft-Windows-CodeIntegrity", "task_name": "ValidateImageHeader", "thread_id": 5204, "timestamp": "2025-10-30 03:47:33Z", "trace_name": "codeintegrity"}, "properties": {"FileNameBuffer": "\\Users\\cyb3r\\Downloads\\NSecKrnl.sys", "FileNameLength": 35, "ProcessNameBuffer": "System", "ProcessNameLength": 6, "RequestedSigningLevel": 1, "SecureRequired": "01000000"}, "property_types": {"FileNameBuffer": "STRINGW", "FileNameLength": "UINT16", "ProcessNameBuffer": "STRINGW", "ProcessNameLength": "UINT16", "RequestedSigningLevel": "UINT8", "SecureRequired": "OTHER"}}
{"header": {"activity_id": "{3A71319B-494D-0001-1F4E-713A4D49DC01}", "event_flags": 576, "event_id": 3015, "event_name": "", "event_opcode": 1, "event_version": 0, "process_id": 4, "provider_name": "Microsoft-Windows-CodeIntegrity", "task_name": "ValidateFileHash", "thread_id": 5204, "timestamp": "2025-10-30 03:47:33Z", "trace_name": "codeintegrity"}, "properties": {"FileNameBuffer": "\\Device\\HarddiskVolume2\\Users\\cyb3r\\Downloads\\NSecKrnl.sys", "FileNameLength": 58}, "property_types": {"FileNameBuffer": "STRINGW", "FileNameLength": "UINT16"}}
{"header": {"activity_id": "{3A71319B-494D-0001-1F4E-713A4D49DC01}", "event_flags": 576, "event_id": 3009, "event_name": "", "event_opcode": 0, "event_version": 0, "process_id": 4, "provider_name": "Microsoft-Windows-CodeIntegrity", "task_name": "FileHashFoundInImageCertificate", "thread_id": 5204, "timestamp": "2025-10-30 03:47:33Z", "trace_name": "codeintegrity"}, "properties": {"FileNameBuffer": "\\Device\\HarddiskVolume2\\Users\\cyb3r\\Downloads\\NSecKrnl.sys", "FileNameLength": 58}, "property_types": {"FileNameBuffer": "STRINGW", "FileNameLength": "UINT16"}}
{"header": {"activity_id": "{3A71319B-494D-0001-1F4E-713A4D49DC01}", "event_flags": 576, "event_id": 3016, "event_name": "", "event_opcode": 2, "event_version": 1, "process_id": 4, "provider_name": "Microsoft-Windows-CodeIntegrity", "task_name": "ValidateFileHash", "thread_id": 5204, "timestamp": "2025-10-30 03:47:33Z", "trace_name": "codeintegrity"}, "properties": {"Status": "00000000"}, "property_types": {"Status": "OTHER"}}
{"header": {"activity_id": "{3A71319B-494D-0001-1F4E-713A4D49DC01}", "event_flags": 576, "event_id": 3039, "event_name": "", "event_opcode": 2, "event_version": 1, "process_id": 4, "provider_name": "Microsoft-Windows-CodeIntegrity", "task_name": "ValidateImageHeader", "thread_id": 5204, "timestamp": "2025-10-30 03:47:33Z", "trace_name": "codeintegrity"}, "properties": {"Status": "00000000"}, "property_types": {"Status": "OTHER"}}
{"header": {"activity_id": "{00000000-0000-0000-0000-000000000000}", "event_flags": 576, "event_id": 5, "event_name": "", "event_opcode": 0, "event_version": 0, "process_id": 4, "provider_name": "Microsoft-Windows-Kernel-Audit-API-Calls", "task_name": "", "thread_id": 5204, "timestamp": "2025-10-30 03:47:33Z", "trace_name": "AuditAPITrace01"}, "properties": {"DesiredAccess": 0, "ReturnCode": 0, "TargetProcessId": 4}, "property_types": {"DesiredAccess": "UINT32", "ReturnCode": "UINT32", "TargetProcessId": "UINT32"}}
{"header": {"activity_id": "{00000000-0000-0000-0000-000000000000}", "event_flags": 576, "event_id": 5, "event_name": "", "event_opcode": 0, "event_version": 0, "process_id": 4, "provider_name": "Microsoft-Windows-Kernel-Audit-API-Calls", "task_name": "", "thread_id": 5204, "timestamp": "2025-10-30 03:47:33Z", "trace_name": "AuditAPITrace01"}, "properties": {"DesiredAccess": 0, "ReturnCode": 0, "TargetProcessId": 4}, "property_types": {"DesiredAccess": "UINT32", "ReturnCode": "UINT32", "TargetProcessId": "UINT32"}}
{"header": {"activity_id": "{00000000-0000-0000-0000-000000000000}", "event_flags": 576, "event_id": 3, "event_name": "", "event_opcode": 0, "event_version": 0, "process_id": 4, "provider_name": "Microsoft-Windows-Kernel-Audit-API-Calls", "task_name": "", "thread_id": 5204, "timestamp": "2025-10-30 03:47:33Z", "trace_name": "AuditAPITrace01"}, "properties": {"DesiredAccess": 983041, "LinkSourceName": "\\DosDevices\\NSecKrnl", "LinkTargetName": "\\Device\\NSecKrnl", "ReturnCode": 0}, "property_types": {"DesiredAccess": "UINT32", "LinkSourceName": "STRINGW", "LinkTargetName": "STRINGW", "ReturnCode": "UINT32"}}
{"header": {"activity_id": "{00000000-0000-0000-0000-000000000000}", "event_flags": 576, "event_id": 1, "event_name": "", "event_opcode": 0, "event_version": 0, "process_id": 4, "provider_name": "Microsoft-Windows-Kernel-Audit-API-Calls", "task_name": "", "thread_id": 5204, "timestamp": "2025-10-30 03:47:33Z", "trace_name": "AuditAPITrace01"}, "properties": {"NotifyRoutineAddress": "0xFFFFF80487D91000", "ReturnCode": 0}, "property_types": {"NotifyRoutineAddress": "POINTER", "ReturnCode": "UINT32"}}
{"header": {"activity_id": "{00000000-0000-0000-0000-000000000000}", "event_flags": 576, "event_id": 5, "event_name": "", "event_opcode": 0, "event_version": 0, "process_id": 6872, "provider_name": "Microsoft-Windows-Kernel-Audit-API-Calls", "task_name": "", "thread_id": 2856, "timestamp": "2025-10-30 03:47:33Z", "trace_name": "AuditAPITrace01"}, "properties": {"DesiredAccess": 2147483648, "ReturnCode": 0, "TargetProcessId": 6872}, "property_types": {"DesiredAccess": "UINT32", "ReturnCode": "UINT32", "TargetProcessId": "UINT32"}}
{"header": {"activity_id": "{00000000-0000-0000-0000-000000000000}", "event_flags": 576, "event_id": 5, "event_name": "", "event_opcode": 0, "event_version": 0, "process_id": 6872, "provider_name": "Microsoft-Windows-Kernel-Audit-API-Calls", "task_name": "", "thread_id": 2856, "timestamp": "2025-10-30 03:47:33Z", "trace_name": "AuditAPITrace01"}, "properties": {"DesiredAccess": 2147483648, "ReturnCode": 0, "TargetProcessId": 6872}, "property_types": {"DesiredAccess": "UINT32", "ReturnCode": "UINT32", "TargetProcessId": "UINT32"}}
{"header": {"activity_id": "{00000000-0000-0000-0000-000000000000}", "event_flags": 576, "event_id": 5, "event_name": "", "event_opcode": 0, "event_version": 0, "process_id": 3856, "provider_name": "Microsoft-Windows-Kernel-Audit-API-Calls", "task_name": "", "thread_id": 7964, "timestamp": "2025-10-30 03:47:33Z", "trace_name": "AuditAPITrace01"}, "properties": {"DesiredAccess": 0, "ReturnCode": 0, "TargetProcessId": 3856}, "property_types": {"DesiredAccess": "UINT32", "ReturnCode": "UINT32", "TargetProcessId": "UINT32"}}
{"header": {"activity_id": "{00000000-0000-0000-0000-000000000000}", "event_flags": 576, "event_id": 5, "event_name": "", "event_opcode": 0, "event_version": 0, "process_id": 3856, "provider_name": "Microsoft-Windows-Kernel-Audit-API-Calls", "task_name": "", "thread_id": 7964, "timestamp": "2025-10-30 03:47:33Z", "trace_name": "AuditAPITrace01"}, "properties": {"DesiredAccess": 0, "ReturnCode": 0, "TargetProcessId": 3856}, "property_types": {"DesiredAccess": "UINT32", "ReturnCode": "UINT32", "TargetProcessId": "UINT32"}}
{"header": {"activity_id": "{00000000-0000-0000-0000-000000000000}", "event_flags": 576, "event_id": 5, "event_name": "", "event_opcode": 0, "event_version": 0, "process_id": 3856, "provider_name": "Microsoft-Windows-Kernel-Audit-API-Calls", "task_name": "", "thread_id": 7964, "timestamp": "2025-10-30 03:47:33Z", "trace_name": "AuditAPITrace01"}, "properties": {"DesiredAccess": 0, "ReturnCode": 0, "TargetProcessId": 3856}, "property_types": {"DesiredAccess": "UINT32", "ReturnCode": "UINT32", "TargetProcessId": "UINT32"}}
{"header": {"activity_id": "{00000000-0000-0000-0000-000000000000}", "event_flags": 576, "event_id": 5, "event_name": "", "event_opcode": 0, "event_version": 0, "process_id": 3856, "provider_name": "Microsoft-Windows-Kernel-Audit-API-Calls", "task_name": "", "thread_id": 7964, "timestamp": "2025-10-30 03:47:33Z", "trace_name": "AuditAPITrace01"}, "properties": {"DesiredAccess": 0, "ReturnCode": 0, "TargetProcessId": 3856}, "property_types": {"DesiredAccess": "UINT32", "ReturnCode": "UINT32", "TargetProcessId": "UINT32"}}
{"header": {"activity_id": "{00000000-0000-0000-0000-000000000000}", "event_flags": 576, "event_id": 5, "event_name": "", "event_opcode": 0, "event_version": 0, "process_id": 3856, "provider_name": "Microsoft-Windows-Kernel-Audit-API-Calls", "task_name": "", "thread_id": 7964, "timestamp": "2025-10-30 03:47:33Z", "trace_name": "AuditAPITrace01"}, "properties": {"DesiredAccess": 0, "ReturnCode": 0, "TargetProcessId": 3856}, "property_types": {"DesiredAccess": "UINT32", "ReturnCode": "UINT32", "TargetProcessId": "UINT32"}}
{"header": {"activity_id": "{00000000-0000-0000-0000-000000000000}", "event_flags": 576, "event_id": 5, "event_name": "", "event_opcode": 0, "event_version": 0, "process_id": 3856, "provider_name": "Microsoft-Windows-Kernel-Audit-API-Calls", "task_name": "", "thread_id": 7964, "timestamp": "2025-10-30 03:47:33Z", "trace_name": "AuditAPITrace01"}, "properties": {"DesiredAccess": 0, "ReturnCode": 0, "TargetProcessId": 3856}, "property_types": {"DesiredAccess": "UINT32", "ReturnCode": "UINT32", "TargetProcessId": "UINT32"}}
{"header": {"activity_id": "{00000000-0000-0000-0000-000000000000}", "event_flags": 576, "event_id": 5, "event_name": "", "event_opcode": 0, "event_version": 0, "process_id": 3856, "provider_name": "Microsoft-Windows-Kernel-Audit-API-Calls", "task_name": "", "thread_id": 7964, "timestamp": "2025-10-30 03:47:33Z", "trace_name": "AuditAPITrace01"}, "properties": {"DesiredAccess": 0, "ReturnCode": 0, "TargetProcessId": 3856}, "property_types": {"DesiredAccess": "UINT32", "ReturnCode": "UINT32", "TargetProcessId": "UINT32"}}
{"header": {"activity_id": "{00000000-0000-0000-0000-000000000000}", "event_flags": 576, "event_id": 5, "event_name": "", "event_opcode": 0, "event_version": 0, "process_id": 3856, "provider_name": "Microsoft-Windows-Kernel-Audit-API-Calls", "task_name": "", "thread_id": 7964, "timestamp": "2025-10-30 03:47:33Z", "trace_name": "AuditAPITrace01"}, "properties": {"DesiredAccess": 0, "ReturnCode": 0, "TargetProcessId": 3856}, "property_types": {"DesiredAccess": "UINT32", "ReturnCode": "UINT32", "TargetProcessId": "UINT32"}}
{"header": {"activity_id": "{00000000-0000-0000-0000-000000000000}", "event_flags": 576, "event_id": 5, "event_name": "", "event_opcode": 0, "event_version": 0, "process_id": 3856, "provider_name": "Microsoft-Windows-Kernel-Audit-API-Calls", "task_name": "", "thread_id": 7964, "timestamp": "2025-10-30 03:47:33Z", "trace_name": "AuditAPITrace01"}, "properties": {"DesiredAccess": 0, "ReturnCode": 0, "TargetProcessId": 3856}, "property_types": {"DesiredAccess": "UINT32", "ReturnCode": "UINT32", "TargetProcessId": "UINT32"}}
{"header": {"activity_id": "{00000000-0000-0000-0000-000000000000}", "event_flags": 576, "event_id": 5, "event_name": "", "event_opcode": 0, "event_version": 0, "process_id": 3856, "provider_name": "Microsoft-Windows-Kernel-Audit-API-Calls", "task_name": "", "thread_id": 7964, "timestamp": "2025-10-30 03:47:33Z", "trace_name": "AuditAPITrace01"}, "properties": {"DesiredAccess": 0, "ReturnCode": 0, "TargetProcessId": 3856}, "property_types": {"DesiredAccess": "UINT32", "ReturnCode": "UINT32", "TargetProcessId": "UINT32"}}
{"header": {"activity_id": "{00000000-0000-0000-0000-000000000000}", "event_flags": 576, "event_id": 5, "event_name": "", "event_opcode": 0, "event_version": 0, "process_id": 3856, "provider_name": "Microsoft-Windows-Kernel-Audit-API-Calls", "task_name": "", "thread_id": 7964, "timestamp": "2025-10-30 03:47:33Z", "trace_name": "AuditAPITrace01"}, "properties": {"DesiredAccess": 0, "ReturnCode": 0, "TargetProcessId": 3856}, "property_types": {"DesiredAccess": "UINT32", "ReturnCode": "UINT32", "TargetProcessId": "UINT32"}}
{"header": {"activity_id": "{00000000-0000-0000-0000-000000000000}", "event_flags": 576, "event_id": 5, "event_name": "", "event_opcode": 0, "event_version": 0, "process_id": 3856, "provider_name": "Microsoft-Windows-Kernel-Audit-API-Calls", "task_name": "", "thread_id": 7964, "timestamp": "2025-10-30 03:47:33Z", "trace_name": "AuditAPITrace01"}, "properties": {"DesiredAccess": 0, "ReturnCode": 0, "TargetProcessId": 3856}, "property_types": {"DesiredAccess": "UINT32", "ReturnCode": "UINT32", "TargetProcessId": "UINT32"}}
{"header": {"activity_id": "{00000000-0000-0000-0000-000000000000}", "event_flags": 576, "event_id": 5, "event_name": "", "event_opcode": 0, "event_version": 0, "process_id": 3856, "provider_name": "Microsoft-Windows-Kernel-Audit-API-Calls", "task_name": "", "thread_id": 7964, "timestamp": "2025-10-30 03:47:33Z", "trace_name": "AuditAPITrace01"}, "properties": {"DesiredAccess": 0, "ReturnCode": 0, "TargetProcessId": 3856}, "property_types": {"DesiredAccess": "UINT32", "ReturnCode": "UINT32", "TargetProcessId": "UINT32"}}
{"header": {"activity_id": "{00000000-0000-0000-0000-000000000000}", "event_flags": 576, "event_id": 5, "event_name": "", "event_opcode": 0, "event_version": 0, "process_id": 3856, "provider_name": "Microsoft-Windows-Kernel-Audit-API-Calls", "task_name": "", "thread_id": 7964, "timestamp": "2025-10-30 03:47:33Z", "trace_name": "AuditAPITrace01"}, "properties": {"DesiredAccess": 0, "ReturnCode": 0, "TargetProcessId": 3856}, "property_types": {"DesiredAccess": "UINT32", "ReturnCode": "UINT32", "TargetProcessId": "UINT32"}}
{"header": {"activity_id": "{00000000-0000-0000-0000-000000000000}", "event_flags": 576, "event_id": 10, "event_name": "", "event_opcode": 0, "event_version": 0, "process_id": 3856, "provider_name": "Microsoft-Windows-Kernel-File", "task_name": "NameCreate", "thread_id": 7964, "timestamp": "2025-10-30 03:47:33Z", "trace_name": "File_Registry01"}, "properties": {"FileKey": "0xFFFFBF864CE5A700", "FileName": "\\Device\\HarddiskVolume2\\Windows\\System32\\config\\systemprofile\\AppData\\Roaming\\Microsoft\\SystemCertificates\\My"}, "property_types": {"FileKey": "POINTER", "FileName": "STRINGW"}}
{"header": {"activity_id": "{00000000-0000-0000-0000-000000000000}", "event_flags": 576, "event_id": 9, "event_name": "", "event_opcode": 40, "event_version": 0, "process_id": 3856, "provider_name": "Microsoft-Windows-Kernel-Registry", "task_name": "", "thread_id": 7964, "timestamp": "2025-10-30 03:47:33Z", "trace_name": "Kernel_Registry01"}, "properties": {"CapturedData": "", "CapturedDataSize": 0, "DataSize": 100, "Index": 0, "InfoClass": 1, "KeyName": "", "KeyObject": "0xFFFFBF864E958EA0", "Status": 0}, "property_types": {"CapturedData": "BINARY", "CapturedDataSize": "UINT16", "DataSize": "UINT32", "Index": "UINT32", "InfoClass": "UINT32", "KeyName": "STRINGW", "KeyObject": "POINTER", "Status": "UINT32"}}
{"header": {"activity_id": "{00000000-0000-0000-0000-000000000000}", "event_flags": 576, "event_id": 5, "event_name": "", "event_opcode": 0, "event_version": 0, "process_id": 3856, "provider_name": "Microsoft-Windows-Kernel-Audit-API-Calls", "task_name": "", "thread_id": 7964, "timestamp": "2025-10-30 03:47:33Z", "trace_name": "AuditAPITrace01"}, "properties": {"DesiredAccess": 2147483648, "ReturnCode": 0, "TargetProcessId": 3856}, "property_types": {"DesiredAccess": "UINT32", "ReturnCode": "UINT32", "TargetProcessId": "UINT32"}}
{"header": {"activity_id": "{00000000-0000-0000-0000-000000000000}", "event_flags": 576, "event_id": 5, "event_name": "", "event_opcode": 0, "event_version": 0, "process_id": 3856, "provider_name": "Microsoft-Windows-Kernel-Audit-API-Calls", "task_name": "", "thread_id": 7964, "timestamp": "2025-10-30 03:47:33Z", "trace_name": "AuditAPITrace01"}, "properties": {"DesiredAccess": 2147483648, "ReturnCode": 0, "TargetProcessId": 3856}, "property_types": {"DesiredAccess": "UINT32", "ReturnCode": "UINT32", "TargetProcessId": "UINT32"}}
{"header": {"activity_id": "{3A71319B-494D-0001-204E-713A4D49DC01}", "event_flags": 576, "event_id": 3038, "event_name": "", "event_opcode": 1, "event_version": 2, "process_id": 3856, "provider_name": "Microsoft-Windows-CodeIntegrity", "task_name": "ValidateImageHeader", "thread_id": 5368, "timestamp": "2025-10-30 03:47:33Z", "trace_name": "codeintegrity"}, "properties": {"FileNameBuffer": "\\Windows\\System32\\winhttp.dll", "FileNameLength": 29, "ProcessNameBuffer": "\\Device\\HarddiskVolume2\\Windows\\Sysmon64.exe", "ProcessNameLength": 44, "RequestedSigningLevel": 7, "SecureRequired": "00000000"}, "property_types": {"FileNameBuffer": "STRINGW", "FileNameLength": "UINT16", "ProcessNameBuffer": "STRINGW", "ProcessNameLength": "UINT16", "RequestedSigningLevel": "UINT8", "SecureRequired": "OTHER"}}
{"header": {"activity_id": "{3A71319B-494D-0001-204E-713A4D49DC01}", "event_flags": 576, "event_id": 3040, "event_name": "", "event_opcode": 1, "event_version": 0, "process_id": 3856, "provider_name": "Microsoft-Windows-CodeIntegrity", "task_name": "GetFileCache", "thread_id": 5368, "timestamp": "2025-10-30 03:47:33Z", "trace_name": "codeintegrity"}, "properties": {"FileNameBuffer": "\\Windows\\System32\\winhttp.dll", "FileNameLength": 29}, "property_types": {"FileNameBuffer": "STRINGW", "FileNameLength": "UINT16"}}
{"header": {"activity_id": "{3A71319B-494D-0001-204E-713A4D49DC01}", "event_flags": 576, "event_id": 3041, "event_name": "", "event_opcode": 2, "event_version": 2, "process_id": 3856, "provider_name": "Microsoft-Windows-CodeIntegrity", "task_name": "GetFileCache", "thread_id": 5368, "timestamp": "2025-10-30 03:47:33Z", "trace_name": "codeintegrity"}, "properties": {"CacheSource": 0, "CachedFlags": "42000000", "CachedPolicy": 12, "Status": "00000000"}, "property_types": {"CacheSource": "UINT8", "CachedFlags": "OTHER", "CachedPolicy": "UINT8", "Status": "OTHER"}}
{"header": {"activity_id": "{3A71319B-494D-0001-204E-713A4D49DC01}", "event_flags": 576, "event_id": 3039, "event_name": "", "event_opcode": 2, "event_version": 1, "process_id": 3856, "provider_name": "Microsoft-Windows-CodeIntegrity", "task_name": "ValidateImageHeader", "thread_id": 5368, "timestamp": "2025-10-30 03:47:33Z", "trace_name": "codeintegrity"}, "properties": {"Status": "00000000"}, "property_types": {"Status": "OTHER"}}
{"header": {"activity_id": "{00000000-0000-0000-0000-000000000000}", "event_flags": 576, "event_id": 5, "event_name": "", "event_opcode": 0, "event_version": 0, "process_id": 3856, "provider_name": "Microsoft-Windows-Kernel-Audit-API-Calls", "task_name": "", "thread_id": 5368, "timestamp": "2025-10-30 03:47:33Z", "trace_name": "AuditAPITrace01"}, "properties": {"DesiredAccess": 2147483648, "ReturnCode": 0, "TargetProcessId": 3856}, "property_types": {"DesiredAccess": "UINT32", "ReturnCode": "UINT32", "TargetProcessId": "UINT32"}}
{"header": {"activity_id": "{00000000-0000-0000-0000-000000000000}", "event_flags": 576, "event_id": 5, "event_name": "", "event_opcode": 0, "event_version": 0, "process_id": 3856, "provider_name": "Microsoft-Windows-Kernel-Audit-API-Calls", "task_name": "", "thread_id": 5368, "timestamp": "2025-10-30 03:47:33Z", "trace_name": "AuditAPITrace01"}, "properties": {"DesiredAccess": 2147483648, "ReturnCode": 0, "TargetProcessId": 3856}, "property_types": {"DesiredAccess": "UINT32", "ReturnCode": "UINT32", "TargetProcessId": "UINT32"}}
{"header": {"activity_id": "{00000000-0000-0000-0000-000000000000}", "event_flags": 576, "event_id": 5, "event_name": "", "event_opcode": 0, "event_version": 0, "process_id": 3856, "provider_name": "Microsoft-Windows-Kernel-Audit-API-Calls", "task_name": "", "thread_id": 5368, "timestamp": "2025-10-30 03:47:33Z", "trace_name": "AuditAPITrace01"}, "properties": {"DesiredAccess": 2147483648, "ReturnCode": 0, "TargetProcessId": 3856}, "property_types": {"DesiredAccess": "UINT32", "ReturnCode": "UINT32", "TargetProcessId": "UINT32"}}
{"header": {"activity_id": "{00000000-0000-0000-0000-000000000000}", "event_flags": 576, "event_id": 5, "event_name": "", "event_opcode": 0, "event_version": 0, "process_id": 3856, "provider_name": "Microsoft-Windows-Kernel-Audit-API-Calls", "task_name": "", "thread_id": 5368, "timestamp": "2025-10-30 03:47:33Z", "trace_name": "AuditAPITrace01"}, "properties": {"DesiredAccess": 2147483648, "ReturnCode": 0, "TargetProcessId": 3856}, "property_types": {"DesiredAccess": "UINT32", "ReturnCode": "UINT32", "TargetProcessId": "UINT32"}}
{"header": {"activity_id": "{3A71319B-494D-0001-214E-713A4D49DC01}", "event_flags": 576, "event_id": 3038, "event_name": "", "event_opcode": 1, "event_version": 2, "process_id": 3856, "provider_name": "Microsoft-Windows-CodeIntegrity", "task_name": "ValidateImageHeader", "thread_id": 5368, "timestamp": "2025-10-30 03:47:33Z", "trace_name": "codeintegrity"}, "properties": {"FileNameBuffer": "\\Windows\\System32\\OnDemandConnRouteHelper.dll", "FileNameLength": 45, "ProcessNameBuffer": "\\Device\\HarddiskVolume2\\Windows\\Sysmon64.exe", "ProcessNameLength": 44, "RequestedSigningLevel": 7, "SecureRequired": "00000000"}, "property_types": {"FileNameBuffer": "STRINGW", "FileNameLength": "UINT16", "ProcessNameBuffer": "STRINGW", "ProcessNameLength": "UINT16", "RequestedSigningLevel": "UINT8", "SecureRequired": "OTHER"}}
{"header": {"activity_id": "{3A71319B-494D-0001-214E-713A4D49DC01}", "event_flags": 576, "event_id": 3040, "event_name": "", "event_opcode": 1, "event_version": 0, "process_id": 3856, "provider_name": "Microsoft-Windows-CodeIntegrity", "task_name": "GetFileCache", "thread_id": 5368, "timestamp": "2025-10-30 03:47:33Z", "trace_name": "codeintegrity"}, "properties": {"FileNameBuffer": "\\Windows\\System32\\OnDemandConnRouteHelper.dll", "FileNameLength": 45}, "property_types": {"FileNameBuffer": "STRINGW", "FileNameLength": "UINT16"}}
{"header": {"activity_id": "{3A71319B-494D-0001-214E-713A4D49DC01}", "event_flags": 576, "event_id": 3041, "event_name": "", "event_opcode": 2, "event_version": 2, "process_id": 3856, "provider_name": "Microsoft-Windows-CodeIntegrity", "task_name": "GetFileCache", "thread_id": 5368, "timestamp": "2025-10-30 03:47:33Z", "trace_name": "codeintegrity"}, "properties": {"CacheSource": 0, "CachedFlags": "42000000", "CachedPolicy": 12, "Status": "00000000"}, "property_types": {"CacheSource": "UINT8", "CachedFlags": "OTHER", "CachedPolicy": "UINT8", "Status": "OTHER"}}
{"header": {"activity_id": "{3A71319B-494D-0001-214E-713A4D49DC01}", "event_flags": 576, "event_id": 3039, "event_name": "", "event_opcode": 2, "event_version": 1, "process_id": 3856, "provider_name": "Microsoft-Windows-CodeIntegrity", "task_name": "ValidateImageHeader", "thread_id": 5368, "timestamp": "2025-10-30 03:47:33Z", "trace_name": "codeintegrity"}, "properties": {"Status": "00000000"}, "property_types": {"Status": "OTHER"}}
{"header": {"activity_id": "{00000000-0000-0000-0000-000000000000}", "event_flags": 576, "event_id": 5, "event_name": "", "event_opcode": 0, "event_version": 0, "process_id": 3856, "provider_name": "Microsoft-Windows-Kernel-Audit-API-Calls", "task_name": "", "thread_id": 5368, "timestamp": "2025-10-30 03:47:33Z", "trace_name": "AuditAPITrace01"}, "properties": {"DesiredAccess": 2147483648, "ReturnCode": 0, "TargetProcessId": 3856}, "property_types": {"DesiredAccess": "UINT32", "ReturnCode": "UINT32", "TargetProcessId": "UINT32"}}
{"header": {"activity_id": "{00000000-0000-0000-0000-000000000000}", "event_flags": 576, "event_id": 5, "event_name": "", "event_opcode": 0, "event_version": 0, "process_id": 3856, "provider_name": "Microsoft-Windows-Kernel-Audit-API-Calls", "task_name": "", "thread_id": 5368, "timestamp": "2025-10-30 03:47:33Z", "trace_name": "AuditAPITrace01"}, "properties": {"DesiredAccess": 2147483648, "ReturnCode": 0, "TargetProcessId": 3856}, "property_types": {"DesiredAccess": "UINT32", "ReturnCode": "UINT32", "TargetProcessId": "UINT32"}}
{"header": {"activity_id": "{00000000-0000-0000-0000-000000000000}", "event_flags": 576, "event_id": 5, "event_name": "", "event_opcode": 0, "event_version": 0, "process_id": 3856, "provider_name": "Microsoft-Windows-Kernel-Audit-API-Calls", "task_name": "", "thread_id": 5368, "timestamp": "2025-10-30 03:47:33Z", "trace_name": "AuditAPITrace01"}, "properties": {"DesiredAccess": 0, "ReturnCode": 0, "TargetProcessId": 3856}, "property_types": {"DesiredAccess": "UINT32", "ReturnCode": "UINT32", "TargetProcessId": "UINT32"}}
{"header": {"activity_id": "{00000000-0000-0000-0000-000000000000}", "event_flags": 576, "event_id": 5, "event_name": "", "event_opcode": 0, "event_version": 0, "process_id": 3856, "provider_name": "Microsoft-Windows-Kernel-Audit-API-Calls", "task_name": "", "thread_id": 320, "timestamp": "2025-10-30 03:47:33Z", "trace_name": "AuditAPITrace01"}, "properties": {"DesiredAccess": 0, "ReturnCode": 0, "TargetProcessId": 3856}, "property_types": {"DesiredAccess": "UINT32", "ReturnCode": "UINT32", "TargetProcessId": "UINT32"}}
{"header": {"activity_id": "{00000000-0000-0000-0000-000000000000}", "event_flags": 576, "event_id": 5, "event_name": "", "event_opcode": 0, "event_version": 0, "process_id": 3856, "provider_name": "Microsoft-Windows-Kernel-Audit-API-Calls", "task_name": "", "thread_id": 320, "timestamp": "2025-10-30 03:47:33Z", "trace_name": "AuditAPITrace01"}, "properties": {"DesiredAccess": 0, "ReturnCode": 0, "TargetProcessId": 3856}, "property_types": {"DesiredAccess": "UINT32", "ReturnCode": "UINT32", "TargetProcessId": "UINT32"}}
{"header": {"activity_id": "{3A71319B-494D-0001-224E-713A4D49DC01}", "event_flags": 576, "event_id": 3038, "event_name": "", "event_opcode": 1, "event_version": 2, "process_id": 3856, "provider_name": "Microsoft-Windows-CodeIntegrity", "task_name": "ValidateImageHeader", "thread_id": 5368, "timestamp": "2025-10-30 03:47:33Z", "trace_name": "codeintegrity"}, "properties": {"FileNameBuffer": "\\Windows\\System32\\mswsock.dll", "FileNameLength": 29, "ProcessNameBuffer": "\\Device\\HarddiskVolume2\\Windows\\Sysmon64.exe", "ProcessNameLength": 44, "RequestedSigningLevel": 7, "SecureRequired": "00000000"}, "property_types": {"FileNameBuffer": "STRINGW", "FileNameLength": "UINT16", "ProcessNameBuffer": "STRINGW", "ProcessNameLength": "UINT16", "RequestedSigningLevel": "UINT8", "SecureRequired": "OTHER"}}
{"header": {"activity_id": "{3A71319B-494D-0001-224E-713A4D49DC01}", "event_flags": 576, "event_id": 3040, "event_name": "", "event_opcode": 1, "event_version": 0, "process_id": 3856, "provider_name": "Microsoft-Windows-CodeIntegrity", "task_name": "GetFileCache", "thread_id": 5368, "timestamp": "2025-10-30 03:47:33Z", "trace_name": "codeintegrity"}, "properties": {"FileNameBuffer": "\\Windows\\System32\\mswsock.dll", "FileNameLength": 29}, "property_types": {"FileNameBuffer": "STRINGW", "FileNameLength": "UINT16"}}
{"header": {"activity_id": "{3A71319B-494D-0001-224E-713A4D49DC01}", "event_flags": 576, "event_id": 3041, "event_name": "", "event_opcode": 2, "event_version": 2, "process_id": 3856, "provider_name": "Microsoft-Windows-CodeIntegrity", "task_name": "GetFileCache", "thread_id": 5368, "timestamp": "2025-10-30 03:47:33Z", "trace_name": "codeintegrity"}, "properties": {"CacheSource": 0, "CachedFlags": "42000000", "CachedPolicy": 12, "Status": "00000000"}, "property_types": {"CacheSource": "UINT8", "CachedFlags": "OTHER", "CachedPolicy": "UINT8", "Status": "OTHER"}}
{"header": {"activity_id": "{3A71319B-494D-0001-224E-713A4D49DC01}", "event_flags": 576, "event_id": 3039, "event_name": "", "event_opcode": 2, "event_version": 1, "process_id": 3856, "provider_name": "Microsoft-Windows-CodeIntegrity", "task_name": "ValidateImageHeader", "thread_id": 5368, "timestamp": "2025-10-30 03:47:33Z", "trace_name": "codeintegrity"}, "properties": {"Status": "00000000"}, "property_types": {"Status": "OTHER"}}
{"header": {"activity_id": "{00000000-0000-0000-0000-000000000000}", "event_flags": 576, "event_id": 5, "event_name": "", "event_opcode": 0, "event_version": 0, "process_id": 3856, "provider_name": "Microsoft-Windows-Kernel-Audit-API-Calls", "task_name": "", "thread_id": 5368, "timestamp": "2025-10-30 03:47:33Z", "trace_name": "AuditAPITrace01"}, "properties": {"DesiredAccess": 2147483648, "ReturnCode": 0, "TargetProcessId": 3856}, "property_types": {"DesiredAccess": "UINT32", "ReturnCode": "UINT32", "TargetProcessId": "UINT32"}}
{"header": {"activity_id": "{00000000-0000-0000-0000-000000000000}", "event_flags": 576, "event_id": 5, "event_name": "", "event_opcode": 0, "event_version": 0, "process_id": 3856, "provider_name": "Microsoft-Windows-Kernel-Audit-API-Calls", "task_name": "", "thread_id": 5368, "timestamp": "2025-10-30 03:47:33Z", "trace_name": "AuditAPITrace01"}, "properties": {"DesiredAccess": 2147483648, "ReturnCode": 0, "TargetProcessId": 3856}, "property_types": {"DesiredAccess": "UINT32", "ReturnCode": "UINT32", "TargetProcessId": "UINT32"}}
{"header": {"activity_id": "{00000000-0000-0000-0000-000000000000}", "event_flags": 576, "event_id": 5, "event_name": "", "event_opcode": 0, "event_version": 0, "process_id": 2648, "provider_name": "Microsoft-Windows-Kernel-Audit-API-Calls", "task_name": "", "thread_id": 2968, "timestamp": "2025-10-30 03:47:33Z", "trace_name": "AuditAPITrace01"}, "properties": {"DesiredAccess": 4096, "ReturnCode": 3221225483, "TargetProcessId": 4294967295}, "property_types": {"DesiredAccess": "UINT32", "ReturnCode": "UINT32", "TargetProcessId": "UINT32"}}
{"header": {"activity_id": "{00000000-0000-0000-0000-000000000000}", "event_flags": 576, "event_id": 2, "event_name": "", "event_opcode": 0, "event_version": 0, "process_id": 6872, "provider_name": "Microsoft-Windows-Kernel-Audit-API-Calls", "task_name": "", "thread_id": 2856, "timestamp": "2025-10-30 03:47:33Z", "trace_name": "AuditAPITrace01"}, "properties": {"ReturnCode": 0, "TargetProcessId": 2648}, "property_types": {"ReturnCode": "UINT32", "TargetProcessId": "UINT32"}}
{"header": {"activity_id": "{3A71319B-494D-0000-5F4F-713A4D49DC01}", "event_flags": 576, "event_id": 3038, "event_name": "", "event_opcode": 1, "event_version": 2, "process_id": 3856, "provider_name": "Microsoft-Windows-CodeIntegrity", "task_name": "ValidateImageHeader", "thread_id": 5368, "timestamp": "2025-10-30 03:47:33Z", "trace_name": "codeintegrity"}, "properties": {"FileNameBuffer": "\\Windows\\System32\\dhcpcsvc6.dll", "FileNameLength": 31, "ProcessNameBuffer": "\\Device\\HarddiskVolume2\\Windows\\Sysmon64.exe", "ProcessNameLength": 44, "RequestedSigningLevel": 7, "SecureRequired": "00000000"}, "property_types": {"FileNameBuffer": "STRINGW", "FileNameLength": "UINT16", "ProcessNameBuffer": "STRINGW", "ProcessNameLength": "UINT16", "RequestedSigningLevel": "UINT8", "SecureRequired": "OTHER"}}
{"header": {"activity_id": "{3A71319B-494D-0000-5F4F-713A4D49DC01}", "event_flags": 576, "event_id": 3040, "event_name": "", "event_opcode": 1, "event_version": 0, "process_id": 3856, "provider_name": "Microsoft-Windows-CodeIntegrity", "task_name": "GetFileCache", "thread_id": 5368, "timestamp": "2025-10-30 03:47:33Z", "trace_name": "codeintegrity"}, "properties": {"FileNameBuffer": "\\Windows\\System32\\dhcpcsvc6.dll", "FileNameLength": 31}, "property_types": {"FileNameBuffer": "STRINGW", "FileNameLength": "UINT16"}}
{"header": {"activity_id": "{3A71319B-494D-0000-5F4F-713A4D49DC01}", "event_flags": 576, "event_id": 3041, "event_name": "", "event_opcode": 2, "event_version": 2, "process_id": 3856, "provider_name": "Microsoft-Windows-CodeIntegrity", "task_name": "GetFileCache", "thread_id": 5368, "timestamp": "2025-10-30 03:47:33Z", "trace_name": "codeintegrity"}, "properties": {"CacheSource": 0, "CachedFlags": "42000000", "CachedPolicy": 12, "Status": "00000000"}, "property_types": {"CacheSource": "UINT8", "CachedFlags": "OTHER", "CachedPolicy": "UINT8", "Status": "OTHER"}}
