{"header": {"activity_id": "{00000000-0000-0000-0000-000000000000}", "event_flags": 576, "event_id": 11, "event_name": "", "event_opcode": 0, "event_version": 0, "process_id": 4, "provider_name": "Microsoft-Windows-Kernel-File", "task_name": "NameDelete", "thread_id": 32, "timestamp": "2025-10-30 03:48:06Z", "trace_name": "File_Registry01"}, "properties": {"FileKey": "0xFFFFE7821ADEB8A0", "FileName": "\\Device\\HarddiskVolume2\\Program Files\\WindowsApps\\Microsoft.WebpImageExtension_1.0.22753.0_x64__8wekyb3d8bbwe\\Assets\\AppList.targetsize-80_altform-unplated.png::$ATTRIBUTE_LIST"}, "property_types": {"FileKey": "POINTER", "FileName": "STRINGW"}}
{"header": {"activity_id": "{00000000-0000-0000-0000-000000000000}", "event_flags": 576, "event_id": 11, "event_name": "", "event_opcode": 0, "event_version": 0, "process_id": 4, "provider_name": "Microsoft-Windows-Kernel-File", "task_name": "NameDelete", "thread_id": 32, "timestamp": "2025-10-30 03:48:06Z", "trace_name": "File_Registry01"}, "properties": {"FileKey": "0xFFFFE7821A2698C0", "FileName": "\\Device\\HarddiskVolume2\\Program Files\\WindowsApps\\Microsoft.WebpImageExtension_1.0.22753.0_x64__8wekyb3d8bbwe\\Assets\\AppList.targetsize-256_altform-unplated.png::$ATTRIBUTE_LIST"}, "property_types": {"FileKey": "POINTER", "FileName": "STRINGW"}}
{"header": {"activity_id": "{00000000-0000-0000-0000-000000000000}", "event_flags": 576, "event_id": 11, "event_name": "", "event_opcode": 0, "event_version": 0, "process_id": 4, "provider_name": "Microsoft-Windows-Kernel-File", "task_name": "NameDelete", "thread_id": 32, "timestamp": "2025-10-30 03:48:06Z", "trace_name": "File_Registry01"}, "properties": {"FileKey": "0xFFFFE78219EE44A0", "FileName": "\\Device\\HarddiskVolume2\\Program Files\\WindowsApps\\Microsoft.WebpImageExtension_1.0.22753.0_x64__8wekyb3d8bbwe\\Assets\\AppList.targetsize-72_altform-unplated.png::$ATTRIBUTE_LIST"}, "property_types": {"FileKey": "POINTER", "FileName": "STRINGW"}}
{"header": {"activity_id": "{00000000-0000-0000-0000-000000000000}", "event_flags": 576, "event_id": 11, "event_name": "", "event_opcode": 0, "event_version": 0, "process_id": 4, "provider_name": "Microsoft-Windows-Kernel-File", "task_name": "NameDelete", "thread_id": 32, "timestamp": "2025-10-30 03:48:06Z", "trace_name": "File_Registry01"}, "properties": {"FileKey": "0xFFFFE7821AA06D00", "FileName": "\\Device\\HarddiskVolume2\\Program Files\\WindowsApps\\Microsoft.WebpImageExtension_1.0.22753.0_x64__8wekyb3d8bbwe\\Assets\\contrast-black\\AppList.targetsize-96_altform-unplated_contrast-black.png::$ATTRIBUTE_LIST"}, "property_types": {"FileKey": "POINTER", "FileName": "STRINGW"}}
{"header": {"activity_id": "{00000000-0000-0000-0000-000000000000}", "event_flags": 576, "event_id": 11, "event_name": "", "event_opcode": 0, "event_version": 0, "process_id": 4, "provider_name": "Microsoft-Windows-Kernel-File", "task_name": "NameDelete", "thread_id": 32, "timestamp": "2025-10-30 03:48:06Z", "trace_name": "File_Registry01"}, "properties": {"FileKey": "0xFFFFE7821AA17A60", "FileName": "\\Device\\HarddiskVolume2\\Program Files\\WindowsApps\\Microsoft.WebMediaExtensions_1.0.20875.0_neutral_split.scale-100_8wekyb3d8bbwe\\Assets\\LargeTile.scale-100.png::$ATTRIBUTE_LIST"}, "property_types": {"FileKey": "POINTER", "FileName": "STRINGW"}}
{"header": {"activity_id": "{00000000-0000-0000-0000-000000000000}", "event_flags": 576, "event_id": 11, "event_name": "", "event_opcode": 0, "event_version": 0, "process_id": 4, "provider_name": "Microsoft-Windows-Kernel-File", "task_name": "NameDelete", "thread_id": 32, "timestamp": "2025-10-30 03:48:06Z", "trace_name": "File_Registry01"}, "properties": {"FileKey": "0xFFFFE7821AA17CF0", "FileName": "\\Device\\HarddiskVolume2\\Program Files\\WindowsApps\\Microsoft.VP9VideoExtensions_1.0.22681.0_x64__8wekyb3d8bbwe\\Assets\\LargeTile.scale-150.png::$ATTRIBUTE_LIST"}, "property_types": {"FileKey": "POINTER", "FileName": "STRINGW"}}
{"header": {"activity_id": "{00000000-0000-0000-0000-000000000000}", "event_flags": 576, "event_id": 11, "event_name": "", "event_opcode": 0, "event_version": 0, "process_id": 4, "provider_name": "Microsoft-Windows-Kernel-File", "task_name": "NameDelete", "thread_id": 32, "timestamp": "2025-10-30 03:48:06Z", "trace_name": "File_Registry01"}, "properties": {"FileKey": "0xFFFFE782182B6D00", "FileName": "\\Device\\HarddiskVolume2\\Program Files\\WindowsApps\\Microsoft.WebMediaExtensions_1.0.20875.0_x64__8wekyb3d8bbwe\\Assets\\LargeTile.scale-200.png::$ATTRIBUTE_LIST"}, "property_types": {"FileKey": "POINTER", "FileName": "STRINGW"}}
{"header": {"activity_id": "{00000000-0000-0000-0000-000000000000}", "event_flags": 576, "event_id": 11, "event_name": "", "event_opcode": 0, "event_version": 0, "process_id": 4, "provider_name": "Microsoft-Windows-Kernel-File", "task_name": "NameDelete", "thread_id": 32, "timestamp": "2025-10-30 03:48:06Z", "trace_name": "File_Registry01"}, "properties": {"FileKey": "0xFFFFE7821ADCBA60", "FileName": "\\Device\\HarddiskVolume2\\Program Files\\WindowsApps\\Microsoft.WebMediaExtensions_1.0.20875.0_neutral_split.scale-100_8wekyb3d8bbwe\\Assets\\MedTile.scale-100.png::$ATTRIBUTE_LIST"}, "property_types": {"FileKey": "POINTER", "FileName": "STRINGW"}}
{"header": {"activity_id": "{00000000-0000-0000-0000-000000000000}", "event_flags": 576, "event_id": 11, "event_name": "", "event_opcode": 0, "event_version": 0, "process_id": 4, "provider_name": "Microsoft-Windows-Kernel-File", "task_name": "NameDelete", "thread_id": 32, "timestamp": "2025-10-30 03:48:06Z", "trace_name": "File_Registry01"}, "properties": {"FileKey": "0xFFFFE7821ADCBCF0", "FileName": "\\Device\\HarddiskVolume2\\Program Files\\WindowsApps\\Microsoft.VP9VideoExtensions_1.0.22681.0_x64__8wekyb3d8bbwe\\Assets\\MedTile.scale-150.png::$ATTRIBUTE_LIST"}, "property_types": {"FileKey": "POINTER", "FileName": "STRINGW"}}
{"header": {"activity_id": "{00000000-0000-0000-0000-000000000000}", "event_flags": 576, "event_id": 11, "event_name": "", "event_opcode": 0, "event_version": 0, "process_id": 4, "provider_name": "Microsoft-Windows-Kernel-File", "task_name": "NameDelete", "thread_id": 32, "timestamp": "2025-10-30 03:48:06Z", "trace_name": "File_Registry01"}, "properties": {"FileKey": "0xFFFFE7821A8CFD00", "FileName": "\\Device\\HarddiskVolume2\\Program Files\\WindowsApps\\Microsoft.WebMediaExtensions_1.0.20875.0_x64__8wekyb3d8bbwe\\Assets\\MedTile.scale-200.png::$ATTRIBUTE_LIST"}, "property_types": {"FileKey": "POINTER", "FileName": "STRINGW"}}
{"header": {"activity_id": "{00000000-0000-0000-0000-000000000000}", "event_flags": 576, "event_id": 11, "event_name": "", "event_opcode": 0, "event_version": 0, "process_id": 4, "provider_name": "Microsoft-Windows-Kernel-File", "task_name": "NameDelete", "thread_id": 32, "timestamp": "2025-10-30 03:48:06Z", "trace_name": "File_Registry01"}, "properties": {"FileKey": "0xFFFFE7821AD13A60", "FileName": "\\Device\\HarddiskVolume2\\Program Files\\WindowsApps\\Microsoft.VP9VideoExtensions_1.0.22681.0_x64__8wekyb3d8bbwe\\Assets\\LargeTile.scale-400.png::$ATTRIBUTE_LIST"}, "property_types": {"FileKey": "POINTER", "FileName": "STRINGW"}}
{"header": {"activity_id": "{00000000-0000-0000-0000-000000000000}", "event_flags": 576, "event_id": 11, "event_name": "", "event_opcode": 0, "event_version": 0, "process_id": 4, "provider_name": "Microsoft-Windows-Kernel-File", "task_name": "NameDelete", "thread_id": 32, "timestamp": "2025-10-30 03:48:06Z", "trace_name": "File_Registry01"}, "properties": {"FileKey": "0xFFFFE7821AD13CF0", "FileName": "\\Device\\HarddiskVolume2\\Program Files\\WindowsApps\\Microsoft.VP9VideoExtensions_1.0.22681.0_x64__8wekyb3d8bbwe\\Assets\\MedTile.scale-400.png::$ATTRIBUTE_LIST"}, "property_types": {"FileKey": "POINTER", "FileName": "STRINGW"}}
{"header": {"activity_id": "{00000000-0000-0000-0000-000000000000}", "event_flags": 576, "event_id": 11, "event_name": "", "event_opcode": 0, "event_version": 0, "process_id": 4, "provider_name": "Microsoft-Windows-Kernel-File", "task_name": "NameDelete", "thread_id": 32, "timestamp": "2025-10-30 03:48:06Z", "trace_name": "File_Registry01"}, "properties": {"FileKey": "0xFFFFE7821AF13A60", "FileName": "\\Device\\HarddiskVolume2\\Program Files\\WindowsApps\\Microsoft.WebMediaExtensions_1.0.20875.0_neutral_split.scale-100_8wekyb3d8bbwe\\Assets\\SmallTile.scale-100.png::$ATTRIBUTE_LIST"}, "property_types": {"FileKey": "POINTER", "FileName": "STRINGW"}}
{"header": {"activity_id": "{00000000-0000-0000-0000-000000000000}", "event_flags": 576, "event_id": 11, "event_name": "", "event_opcode": 0, "event_version": 0, "process_id": 4, "provider_name": "Microsoft-Windows-Kernel-File", "task_name": "NameDelete", "thread_id": 32, "timestamp": "2025-10-30 03:48:06Z", "trace_name": "File_Registry01"}, "properties": {"FileKey": "0xFFFFE78219B5B460", "FileName": "\\Device\\HarddiskVolume2\\Program Files\\WindowsApps\\Microsoft.VP9VideoExtensions_1.0.22681.0_x64__8wekyb3d8bbwe\\Assets\\SmallTile.scale-150.png::$ATTRIBUTE_LIST"}, "property_types": {"FileKey": "POINTER", "FileName": "STRINGW"}}
{"header": {"activity_id": "{00000000-0000-0000-0000-000000000000}", "event_flags": 576, "event_id": 11, "event_name": "", "event_opcode": 0, "event_version": 0, "process_id": 4, "provider_name": "Microsoft-Windows-Kernel-File", "task_name": "NameDelete", "thread_id": 32, "timestamp": "2025-10-30 03:48:06Z", "trace_name": "File_Registry01"}, "properties": {"FileKey": "0xFFFFE78219B5B6F0", "FileName": "\\Device\\HarddiskVolume2\\Program Files\\WindowsApps\\Microsoft.WebMediaExtensions_1.0.20875.0_x64__8wekyb3d8bbwe\\Assets\\SmallTile.scale-200.png::$ATTRIBUTE_LIST"}, "property_types": {"FileKey": "POINTER", "FileName": "STRINGW"}}
{"header": {"activity_id": "{00000000-0000-0000-0000-000000000000}", "event_flags": 576, "event_id": 11, "event_name": "", "event_opcode": 0, "event_version": 0, "process_id": 4, "provider_name": "Microsoft-Windows-Kernel-File", "task_name": "NameDelete", "thread_id": 32, "timestamp": "2025-10-30 03:48:06Z", "trace_name": "File_Registry01"}, "properties": {"FileKey": "0xFFFFE7821818CAE0", "FileName": "\\Device\\HarddiskVolume2\\Program Files\\WindowsApps\\Microsoft.VP9VideoExtensions_1.0.22681.0_x64__8wekyb3d8bbwe\\Assets\\SmallTile.scale-400.png::$ATTRIBUTE_LIST"}, "property_types": {"FileKey": "POINTER", "FileName": "STRINGW"}}
{"header": {"activity_id": "{00000000-0000-0000-0000-000000000000}", "event_flags": 576, "event_id": 11, "event_name": "", "event_opcode": 0, "event_version": 0, "process_id": 4, "provider_name": "Microsoft-Windows-Kernel-File", "task_name": "NameDelete", "thread_id": 32, "timestamp": "2025-10-30 03:48:06Z", "trace_name": "File_Registry01"}, "properties": {"FileKey": "0xFFFFE7821A98CA30", "FileName": "\\Device\\HarddiskVolume2\\Program Files\\WindowsApps\\Microsoft.WebpImageExtension_1.0.22753.0_x64__8wekyb3d8bbwe\\Assets\\WideTile.scale-200.png::$ATTRIBUTE_LIST"}, "property_types": {"FileKey": "POINTER", "FileName": "STRINGW"}}
{"header": {"activity_id": "{00000000-0000-0000-0000-000000000000}", "event_flags": 576, "event_id": 11, "event_name": "", "event_opcode": 0, "event_version": 0, "process_id": 4, "provider_name": "Microsoft-Windows-Kernel-File", "task_name": "NameDelete", "thread_id": 32, "timestamp": "2025-10-30 03:48:06Z", "trace_name": "File_Registry01"}, "properties": {"FileKey": "0xFFFFE7821A98CCC0", "FileName": "\\Device\\HarddiskVolume2\\Program Files\\WindowsApps\\Microsoft.VP9VideoExtensions_1.0.22681.0_x64__8wekyb3d8bbwe\\Assets\\SplashScreen.scale-150.png::$ATTRIBUTE_LIST"}, "property_types": {"FileKey": "POINTER", "FileName": "STRINGW"}}
{"header": {"activity_id": "{00000000-0000-0000-0000-000000000000}", "event_flags": 576, "event_id": 11, "event_name": "", "event_opcode": 0, "event_version": 0, "process_id": 4, "provider_name": "Microsoft-Windows-Kernel-File", "task_name": "NameDelete", "thread_id": 32, "timestamp": "2025-10-30 03:48:06Z", "trace_name": "File_Registry01"}, "properties": {"FileKey": "0xFFFFE7821AD8DA30", "FileName": "\\Device\\HarddiskVolume2\\Program Files\\WindowsApps\\Microsoft.WebpImageExtension_1.0.22753.0_x64__8wekyb3d8bbwe\\Assets\\WideTile.scale-400.png::$ATTRIBUTE_LIST"}, "property_types": {"FileKey": "POINTER", "FileName": "STRINGW"}}
{"header": {"activity_id": "{00000000-0000-0000-0000-000000000000}", "event_flags": 576, "event_id": 11, "event_name": "", "event_opcode": 0, "event_version": 0, "process_id": 4, "provider_name": "Microsoft-Windows-Kernel-File", "task_name": "NameDelete", "thread_id": 32, "timestamp": "2025-10-30 03:48:06Z", "trace_name": "File_Registry01"}, "properties": {"FileKey": "0xFFFFE7821AD8DCC0", "FileName": "\\Device\\HarddiskVolume2\\Program Files\\WindowsApps\\Microsoft.WebpImageExtension_1.0.22753.0_x64__8wekyb3d8bbwe\\Assets\\StoreLogo.scale-100.png::$ATTRIBUTE_LIST"}, "property_types": {"FileKey": "POINTER", "FileName": "STRINGW"}}
{"header": {"activity_id": "{00000000-0000-0000-0000-000000000000}", "event_flags": 576, "event_id": 11, "event_name": "", "event_opcode": 0, "event_version": 0, "process_id": 4, "provider_name": "Microsoft-Windows-Kernel-File", "task_name": "NameDelete", "thread_id": 32, "timestamp": "2025-10-30 03:48:06Z", "trace_name": "File_Registry01"}, "properties": {"FileKey": "0xFFFFE78218046A30", "FileName": "\\Device\\HarddiskVolume2\\Program Files\\WindowsApps\\Microsoft.VP9VideoExtensions_1.0.22681.0_x64__8wekyb3d8bbwe\\Assets\\StoreLogo.scale-150.png::$ATTRIBUTE_LIST"}, "property_types": {"FileKey": "POINTER", "FileName": "STRINGW"}}
{"header": {"activity_id": "{00000000-0000-0000-0000-000000000000}", "event_flags": 576, "event_id": 11, "event_name": "", "event_opcode": 0, "event_version": 0, "process_id": 4, "provider_name": "Microsoft-Windows-Kernel-File", "task_name": "NameDelete", "thread_id": 32, "timestamp": "2025-10-30 03:48:06Z", "trace_name": "File_Registry01"}, "properties": {"FileKey": "0xFFFFE78218046CC0", "FileName": "\\Device\\HarddiskVolume2\\Program Files\\WindowsApps\\Microsoft.WebMediaExtensions_1.0.20875.0_x64__8wekyb3d8bbwe\\Assets\\StoreLogo.scale-200.png::$ATTRIBUTE_LIST"}, "property_types": {"FileKey": "POINTER", "FileName": "STRINGW"}}
{"header": {"activity_id": "{00000000-0000-0000-0000-000000000000}", "event_flags": 576, "event_id": 11, "event_name": "", "event_opcode": 0, "event_version": 0, "process_id": 4, "provider_name": "Microsoft-Windows-Kernel-File", "task_name": "NameDelete", "thread_id": 32, "timestamp": "2025-10-30 03:48:06Z", "trace_name": "File_Registry01"}, "properties": {"FileKey": "0xFFFFE78214ED4A30", "FileName": "\\Device\\HarddiskVolume2\\Program Files\\WindowsApps\\Microsoft.VP9VideoExtensions_1.0.22681.0_x64__8wekyb3d8bbwe\\Assets\\StoreLogo.scale-400.png::$ATTRIBUTE_LIST"}, "property_types": {"FileKey": "POINTER", "FileName": "STRINGW"}}
{"header": {"activity_id": "{00000000-0000-0000-0000-000000000000}", "event_flags": 576, "event_id": 11, "event_name": "", "event_opcode": 0, "event_version": 0, "process_id": 4, "provider_name": "Microsoft-Windows-Kernel-File", "task_name": "NameDelete", "thread_id": 32, "timestamp": "2025-10-30 03:48:06Z", "trace_name": "File_Registry01"}, "properties": {"FileKey": "0xFFFFE78214ED4CC0", "FileName": "\\Device\\HarddiskVolume2\\Program Files\\WindowsApps\\Microsoft.WebMediaExtensions_1.0.20875.0_neutral_split.scale-100_8wekyb3d8bbwe\\Assets\\WideTile.scale-100.png::$ATTRIBUTE_LIST"}, "property_types": {"FileKey": "POINTER", "FileName": "STRINGW"}}
{"header": {"activity_id": "{00000000-0000-0000-0000-000000000000}", "event_flags": 576, "event_id": 11, "event_name": "", "event_opcode": 0, "event_version": 0, "process_id": 4, "provider_name": "Microsoft-Windows-Kernel-File", "task_name": "NameDelete", "thread_id": 32, "timestamp": "2025-10-30 03:48:06Z", "trace_name": "File_Registry01"}, "properties": {"FileKey": "0xFFFFE7821A883700", "FileName": "\\Device\\HarddiskVolume2\\Program Files\\WindowsApps\\Microsoft.VP9VideoExtensions_1.0.22681.0_x64__8wekyb3d8bbwe\\Assets\\SplashScreen.scale-400.png::$ATTRIBUTE_LIST"}, "property_types": {"FileKey": "POINTER", "FileName": "STRINGW"}}
{"header": {"activity_id": "{00000000-0000-0000-0000-000000000000}", "event_flags": 576, "event_id": 11, "event_name": "", "event_opcode": 0, "event_version": 0, "process_id": 4, "provider_name": "Microsoft-Windows-Kernel-File", "task_name": "NameDelete", "thread_id": 32, "timestamp": "2025-10-30 03:48:06Z", "trace_name": "File_Registry01"}, "properties": {"FileKey": "0xFFFFE7821AE60A30", "FileName": "\\Device\\HarddiskVolume2\\Program Files\\WindowsApps\\Microsoft.VP9VideoExtensions_1.0.22681.0_x64__8wekyb3d8bbwe\\Assets\\WideTile.scale-150.png::$ATTRIBUTE_LIST"}, "property_types": {"FileKey": "POINTER", "FileName": "STRINGW"}}
{"header": {"activity_id": "{00000000-0000-0000-0000-000000000000}", "event_flags": 576, "event_id": 11, "event_name": "", "event_opcode": 0, "event_version": 0, "process_id": 4, "provider_name": "Microsoft-Windows-Kernel-File", "task_name": "NameDelete", "thread_id": 32, "timestamp": "2025-10-30 03:48:06Z", "trace_name": "File_Registry01"}, "properties": {"FileKey": "0xFFFFE7821AE60CC0", "FileName": "\\Device\\HarddiskVolume2\\Program Files\\WindowsApps\\Microsoft.WebMediaExtensions_1.0.20875.0_x64__8wekyb3d8bbwe\\Assets\\contrast-white\\AppList.targetsize-16_contrast-white.png::$ATTRIBUTE_LIST"}, "property_types": {"FileKey": "POINTER", "FileName": "STRINGW"}}
{"header": {"activity_id": "{00000000-0000-0000-0000-000000000000}", "event_flags": 576, "event_id": 11, "event_name": "", "event_opcode": 0, "event_version": 0, "process_id": 4, "provider_name": "Microsoft-Windows-Kernel-File", "task_name": "NameDelete", "thread_id": 32, "timestamp": "2025-10-30 03:48:06Z", "trace_name": "File_Registry01"}, "properties": {"FileKey": "0xFFFFE782181A2A20", "FileName": "\\Device\\HarddiskVolume2\\Program Files\\WindowsApps\\Microsoft.WebMediaExtensions_1.0.20875.0_x64__8wekyb3d8bbwe\\Assets\\contrast-white\\AppList.targetsize-20_contrast-white.png::$ATTRIBUTE_LIST"}, "property_types": {"FileKey": "POINTER", "FileName": "STRINGW"}}
{"header": {"activity_id": "{00000000-0000-0000-0000-000000000000}", "event_flags": 576, "event_id": 11, "event_name": "", "event_opcode": 0, "event_version": 0, "process_id": 4, "provider_name": "Microsoft-Windows-Kernel-File", "task_name": "NameDelete", "thread_id": 32, "timestamp": "2025-10-30 03:48:06Z", "trace_name": "File_Registry01"}, "properties": {"FileKey": "0xFFFFE782181A2CB0", "FileName": "\\Device\\HarddiskVolume2\\Program Files\\WindowsApps\\Microsoft.WebMediaExtensions_1.0.20875.0_x64__8wekyb3d8bbwe\\Assets\\contrast-white\\AppList.targetsize-24_contrast-white.png::$ATTRIBUTE_LIST"}, "property_types": {"FileKey": "POINTER", "FileName": "STRINGW"}}
{"header": {"activity_id": "{00000000-0000-0000-0000-000000000000}", "event_flags": 576, "event_id": 11, "event_name": "", "event_opcode": 0, "event_version": 0, "process_id": 4, "provider_name": "Microsoft-Windows-Kernel-File", "task_name": "NameDelete", "thread_id": 32, "timestamp": "2025-10-30 03:48:06Z", "trace_name": "File_Registry01"}, "properties": {"FileKey": "0xFFFFE7821AB22A20", "FileName": "\\Device\\HarddiskVolume2\\Program Files\\WindowsApps\\Microsoft.WebMediaExtensions_1.0.20875.0_x64__8wekyb3d8bbwe\\Assets\\contrast-white\\AppList.targetsize-30_contrast-white.png::$ATTRIBUTE_LIST"}, "property_types": {"FileKey": "POINTER", "FileName": "STRINGW"}}
{"header": {"activity_id": "{00000000-0000-0000-0000-000000000000}", "event_flags": 576, "event_id": 11, "event_name": "", "event_opcode": 0, "event_version": 0, "process_id": 4, "provider_name": "Microsoft-Windows-Kernel-File", "task_name": "NameDelete", "thread_id": 32, "timestamp": "2025-10-30 03:48:06Z", "trace_name": "File_Registry01"}, "properties": {"FileKey": "0xFFFFE7821AE08A20", "FileName": "\\Device\\HarddiskVolume2\\Program Files\\WindowsApps\\Microsoft.WebMediaExtensions_1.0.20875.0_x64__8wekyb3d8bbwe\\Assets\\contrast-white\\AppList.targetsize-32_contrast-white.png::$ATTRIBUTE_LIST"}, "property_types": {"FileKey": "POINTER", "FileName": "STRINGW"}}
{"header": {"activity_id": "{00000000-0000-0000-0000-000000000000}", "event_flags": 576, "event_id": 11, "event_name": "", "event_opcode": 0, "event_version": 0, "process_id": 4, "provider_name": "Microsoft-Windows-Kernel-File", "task_name": "NameDelete", "thread_id": 32, "timestamp": "2025-10-30 03:48:06Z", "trace_name": "File_Registry01"}, "properties": {"FileKey": "0xFFFFE7821AD78A20", "FileName": "\\Device\\HarddiskVolume2\\Program Files\\WindowsApps\\Microsoft.WebMediaExtensions_1.0.20875.0_x64__8wekyb3d8bbwe\\Assets\\contrast-white\\AppList.targetsize-36_contrast-white.png::$ATTRIBUTE_LIST"}, "property_types": {"FileKey": "POINTER", "FileName": "STRINGW"}}
{"header": {"activity_id": "{00000000-0000-0000-0000-000000000000}", "event_flags": 576, "event_id": 11, "event_name": "", "event_opcode": 0, "event_version": 0, "process_id": 4, "provider_name": "Microsoft-Windows-Kernel-File", "task_name": "NameDelete", "thread_id": 32, "timestamp": "2025-10-30 03:48:06Z", "trace_name": "File_Registry01"}, "properties": {"FileKey": "0xFFFFE7821AED1CB0", "FileName": "\\Device\\HarddiskVolume2\\Program Files\\WindowsApps\\Microsoft.WebMediaExtensions_1.0.20875.0_x64__8wekyb3d8bbwe\\Assets\\contrast-white\\AppList.targetsize-48_contrast-white.png::$ATTRIBUTE_LIST"}, "property_types": {"FileKey": "POINTER", "FileName": "STRINGW"}}
{"header": {"activity_id": "{00000000-0000-0000-0000-000000000000}", "event_flags": 576, "event_id": 11, "event_name": "", "event_opcode": 0, "event_version": 0, "process_id": 4, "provider_name": "Microsoft-Windows-Kernel-File", "task_name": "NameDelete", "thread_id": 32, "timestamp": "2025-10-30 03:48:06Z", "trace_name": "File_Registry01"}, "properties": {"FileKey": "0xFFFFE7821AED1A20", "FileName": "\\Device\\HarddiskVolume2\\Program Files\\WindowsApps\\Microsoft.WebMediaExtensions_1.0.20875.0_x64__8wekyb3d8bbwe\\Assets\\contrast-white\\AppList.targetsize-40_contrast-white.png::$ATTRIBUTE_LIST"}, "property_types": {"FileKey": "POINTER", "FileName": "STRINGW"}}
{"header": {"activity_id": "{00000000-0000-0000-0000-000000000000}", "event_flags": 576, "event_id": 11, "event_name": "", "event_opcode": 0, "event_version": 0, "process_id": 4, "provider_name": "Microsoft-Windows-Kernel-File", "task_name": "NameDelete", "thread_id": 32, "timestamp": "2025-10-30 03:48:06Z", "trace_name": "File_Registry01"}, "properties": {"FileKey": "0xFFFFE7821AA12CB0", "FileName": "\\Device\\HarddiskVolume2\\Program Files\\WindowsApps\\Microsoft.WebMediaExtensions_1.0.20875.0_x64__8wekyb3d8bbwe\\Assets\\contrast-white\\AppList.targetsize-60_contrast-white.png::$ATTRIBUTE_LIST"}, "property_types": {"FileKey": "POINTER", "FileName": "STRINGW"}}
{"header": {"activity_id": "{00000000-0000-0000-0000-000000000000}", "event_flags": 576, "event_id": 11, "event_name": "", "event_opcode": 0, "event_version": 0, "process_id": 4, "provider_name": "Microsoft-Windows-Kernel-File", "task_name": "NameDelete", "thread_id": 32, "timestamp": "2025-10-30 03:48:06Z", "trace_name": "File_Registry01"}, "properties": {"FileKey": "0xFFFFE7821AA12A20", "FileName": "\\Device\\HarddiskVolume2\\Program Files\\WindowsApps\\Microsoft.WebMediaExtensions_1.0.20875.0_x64__8wekyb3d8bbwe\\Assets\\contrast-white\\AppList.targetsize-72_contrast-white.png::$ATTRIBUTE_LIST"}, "property_types": {"FileKey": "POINTER", "FileName": "STRINGW"}}
{"header": {"activity_id": "{00000000-0000-0000-0000-000000000000}", "event_flags": 576, "event_id": 11, "event_name": "", "event_opcode": 0, "event_version": 0, "process_id": 4, "provider_name": "Microsoft-Windows-Kernel-File", "task_name": "NameDelete", "thread_id": 32, "timestamp": "2025-10-30 03:48:06Z", "trace_name": "File_Registry01"}, "properties": {"FileKey": "0xFFFFE7821A994CB0", "FileName": "\\Device\\HarddiskVolume2\\Program Files\\WindowsApps\\Microsoft.WebMediaExtensions_1.0.20875.0_x64__8wekyb3d8bbwe\\Assets\\contrast-white\\AppList.targetsize-80_contrast-white.png::$ATTRIBUTE_LIST"}, "property_types": {"FileKey": "POINTER", "FileName": "STRINGW"}}
{"header": {"activity_id": "{00000000-0000-0000-0000-000000000000}", "event_flags": 576, "event_id": 11, "event_name": "", "event_opcode": 0, "event_version": 0, "process_id": 4, "provider_name": "Microsoft-Windows-Kernel-File", "task_name": "NameDelete", "thread_id": 32, "timestamp": "2025-10-30 03:48:06Z", "trace_name": "File_Registry01"}, "properties": {"FileKey": "0xFFFFE7821A994A20", "FileName": "\\Device\\HarddiskVolume2\\Program Files\\WindowsApps\\Microsoft.WebMediaExtensions_1.0.20875.0_x64__8wekyb3d8bbwe\\Assets\\contrast-white\\AppList.targetsize-96_contrast-white.png::$ATTRIBUTE_LIST"}, "property_types": {"FileKey": "POINTER", "FileName": "STRINGW"}}
{"header": {"activity_id": "{00000000-0000-0000-0000-000000000000}", "event_flags": 576, "event_id": 11, "event_name": "", "event_opcode": 0, "event_version": 0, "process_id": 4, "provider_name": "Microsoft-Windows-Kernel-File", "task_name": "NameDelete", "thread_id": 32, "timestamp": "2025-10-30 03:48:06Z", "trace_name": "File_Registry01"}, "properties": {"FileKey": "0xFFFFBF864F921170", "FileName": "\\Device\\HarddiskVolume2\\Program Files\\WindowsApps\\microsoft.windowscommunicationsapps_16005.11629.20316.0_x64__8wekyb3d8bbwe\\images\\contrast-black"}, "property_types": {"FileKey": "POINTER", "FileName": "STRINGW"}}
{"header": {"activity_id": "{00000000-0000-0000-0000-000000000000}", "event_flags": 576, "event_id": 11, "event_name": "", "event_opcode": 0, "event_version": 0, "process_id": 4, "provider_name": "Microsoft-Windows-Kernel-File", "task_name": "NameDelete", "thread_id": 32, "timestamp": "2025-10-30 03:48:06Z", "trace_name": "File_Registry01"}, "properties": {"FileKey": "0xFFFFE7821ABBDCB0", "FileName": "\\Device\\HarddiskVolume2\\Program Files\\WindowsApps\\microsoft.windowscommunicationsapps_16005.11629.20316.0_x64__8wekyb3d8bbwe\\images\\HxMailBadge.scale-200.png::$ATTRIBUTE_LIST"}, "property_types": {"FileKey": "POINTER", "FileName": "STRINGW"}}
{"header": {"activity_id": "{00000000-0000-0000-0000-000000000000}", "event_flags": 576, "event_id": 11, "event_name": "", "event_opcode": 0, "event_version": 0, "process_id": 4, "provider_name": "Microsoft-Windows-Kernel-File", "task_name": "NameDelete", "thread_id": 32, "timestamp": "2025-10-30 03:48:06Z", "trace_name": "File_Registry01"}, "properties": {"FileKey": "0xFFFFE7821A991A20", "FileName": "\\Device\\HarddiskVolume2\\Program Files\\WindowsApps\\microsoft.windowscommunicationsapps_16005.11629.20316.0_x64__8wekyb3d8bbwe\\images\\HxMailBadge.scale-400.png::$ATTRIBUTE_LIST"}, "property_types": {"FileKey": "POINTER", "FileName": "STRINGW"}}
{"header": {"activity_id": "{00000000-0000-0000-0000-000000000000}", "event_flags": 576, "event_id": 11, "event_name": "", "event_opcode": 0, "event_version": 0, "process_id": 4, "provider_name": "Microsoft-Windows-Kernel-File", "task_name": "NameDelete", "thread_id": 32, "timestamp": "2025-10-30 03:48:06Z", "trace_name": "File_Registry01"}, "properties": {"FileKey": "0xFFFFE7821AF07C60", "FileName": "\\Device\\HarddiskVolume2\\Windows\\Microsoft.NET\\Framework\\v4.0.30319\\Microsoft.VisualBasic.Compatibility.Data.dll::$ATTRIBUTE_LIST"}, "property_types": {"FileKey": "POINTER", "FileName": "STRINGW"}}
{"header": {"activity_id": "{00000000-0000-0000-0000-000000000000}", "event_flags": 576, "event_id": 11, "event_name": "", "event_opcode": 0, "event_version": 0, "process_id": 4, "provider_name": "Microsoft-Windows-Kernel-File", "task_name": "NameDelete", "thread_id": 32, "timestamp": "2025-10-30 03:48:06Z", "trace_name": "File_Registry01"}, "properties": {"FileKey": "0xFFFFE7821A991CB0", "FileName": "\\Device\\HarddiskVolume2\\Windows\\Microsoft.NET\\Framework\\v4.0.30319\\System.ComponentModel.EventBasedAsync.dll::$ATTRIBUTE_LIST"}, "property_types": {"FileKey": "POINTER", "FileName": "STRINGW"}}
{"header": {"activity_id": "{00000000-0000-0000-0000-000000000000}", "event_flags": 576, "event_id": 11, "event_name": "", "event_opcode": 0, "event_version": 0, "process_id": 4, "provider_name": "Microsoft-Windows-Kernel-File", "task_name": "NameDelete", "thread_id": 32, "timestamp": "2025-10-30 03:48:06Z", "trace_name": "File_Registry01"}, "properties": {"FileKey": "0xFFFFE78214A03D30", "FileName": "\\Device\\HarddiskVolume2\\Windows\\Microsoft.NET\\Framework\\v4.0.30319\\system.componentmodel.composition.registration.dll::$ATTRIBUTE_LIST"}, "property_types": {"FileKey": "POINTER", "FileName": "STRINGW"}}
{"header": {"activity_id": "{00000000-0000-0000-0000-000000000000}", "event_flags": 576, "event_id": 11, "event_name": "", "event_opcode": 0, "event_version": 0, "process_id": 4, "provider_name": "Microsoft-Windows-Kernel-File", "task_name": "NameDelete", "thread_id": 32, "timestamp": "2025-10-30 03:48:06Z", "trace_name": "File_Registry01"}, "properties": {"FileKey": "0xFFFFE78214A03AA0", "FileName": "\\Device\\HarddiskVolume2\\Windows\\Microsoft.NET\\Framework\\v4.0.30319\\System.ComponentModel.DataAnnotations.dll::$ATTRIBUTE_LIST"}, "property_types": {"FileKey": "POINTER", "FileName": "STRINGW"}}
{"header": {"activity_id": "{00000000-0000-0000-0000-000000000000}", "event_flags": 576, "event_id": 11, "event_name": "", "event_opcode": 0, "event_version": 0, "process_id": 4, "provider_name": "Microsoft-Windows-Kernel-File", "task_name": "NameDelete", "thread_id": 32, "timestamp": "2025-10-30 03:48:06Z", "trace_name": "File_Registry01"}, "properties": {"FileKey": "0xFFFFE7821ABBBD30", "FileName": "\\Device\\HarddiskVolume2\\Windows\\Microsoft.NET\\Framework\\v4.0.30319\\System.Diagnostics.TextWriterTraceListener.dll::$ATTRIBUTE_LIST"}, "property_types": {"FileKey": "POINTER", "FileName": "STRINGW"}}
{"header": {"activity_id": "{00000000-0000-0000-0000-000000000000}", "event_flags": 576, "event_id": 11, "event_name": "", "event_opcode": 0, "event_version": 0, "process_id": 4, "provider_name": "Microsoft-Windows-Kernel-File", "task_name": "NameDelete", "thread_id": 32, "timestamp": "2025-10-30 03:48:06Z", "trace_name": "File_Registry01"}, "properties": {"FileKey": "0xFFFFE7821ABBBAA0", "FileName": "\\Device\\HarddiskVolume2\\Windows\\Microsoft.NET\\Framework\\v4.0.30319\\System.DirectoryServices.AccountManagement.dll::$ATTRIBUTE_LIST"}, "property_types": {"FileKey": "POINTER", "FileName": "STRINGW"}}
{"header": {"activity_id": "{00000000-0000-0000-0000-000000000000}", "event_flags": 576, "event_id": 11, "event_name": "", "event_opcode": 0, "event_version": 0, "process_id": 4, "provider_name": "Microsoft-Windows-Kernel-File", "task_name": "NameDelete", "thread_id": 32, "timestamp": "2025-10-30 03:48:06Z", "trace_name": "File_Registry01"}, "properties": {"FileKey": "0xFFFFE78218178BA0", "FileName": "\\Device\\HarddiskVolume2\\Windows\\WinSxS\\amd64_system.runtime.inte..ices.windowsruntime_b03f5f7f11d50a3a_4.0.15805.0_none_0233f9f53aac231a\\System.Runtime.InteropServices.WindowsRuntime.dll::$ATTRIBUTE_LIST"}, "property_types": {"FileKey": "POINTER", "FileName": "STRINGW"}}
{"header": {"activity_id": "{00000000-0000-0000-0000-000000000000}", "event_flags": 576, "event_id": 11, "event_name": "", "event_opcode": 0, "event_version": 0, "process_id": 4, "provider_name": "Microsoft-Windows-Kernel-File", "task_name": "NameDelete", "thread_id": 32, "timestamp": "2025-10-30 03:48:06Z", "trace_name": "File_Registry01"}, "properties": {"FileKey": "0xFFFFE7821ABADA20", "FileName": "\\Device\\HarddiskVolume2\\Windows\\Microsoft.NET\\Framework\\v4.0.30319\\System.Security.Cryptography.Algorithms.dll::$ATTRIBUTE_LIST"}, "property_types": {"FileKey": "POINTER", "FileName": "STRINGW"}}
{"header": {"activity_id": "{00000000-0000-0000-0000-000000000000}", "event_flags": 576, "event_id": 11, "event_name": "", "event_opcode": 0, "event_version": 0, "process_id": 4, "provider_name": "Microsoft-Windows-Kernel-File", "task_name": "NameDelete", "thread_id": 32, "timestamp": "2025-10-30 03:48:06Z", "trace_name": "File_Registry01"}, "properties": {"FileKey": "0xFFFFE7821AA10CB0", "FileName": "\\Device\\HarddiskVolume2\\Windows\\Microsoft.NET\\Framework\\v4.0.30319\\System.Runtime.WindowsRuntime.UI.Xaml.dll::$ATTRIBUTE_LIST"}, "property_types": {"FileKey": "POINTER", "FileName": "STRINGW"}}
{"header": {"activity_id": "{00000000-0000-0000-0000-000000000000}", "event_flags": 576, "event_id": 11, "event_name": "", "event_opcode": 0, "event_version": 0, "process_id": 4, "provider_name": "Microsoft-Windows-Kernel-File", "task_name": "NameDelete", "thread_id": 32, "timestamp": "2025-10-30 03:48:06Z", "trace_name": "File_Registry01"}, "properties": {"FileKey": "0xFFFFE7821AA10A20", "FileName": "\\Device\\HarddiskVolume2\\Windows\\WinSxS\\amd64_system.runtime.seri..ion.formatters.soap_b03f5f7f11d50a3a_4.0.15805.0_none_a3187ab90ef96584\\System.Runtime.Serialization.Formatters.Soap.dll::$ATTRIBUTE_LIST"}, "property_types": {"FileKey": "POINTER", "FileName": "STRINGW"}}
{"header": {"activity_id": "{00000000-0000-0000-0000-000000000000}", "event_flags": 576, "event_id": 11, "event_name": "", "event_opcode": 0, "event_version": 0, "process_id": 4, "provider_name": "Microsoft-Windows-Kernel-File", "task_name": "NameDelete", "thread_id": 32, "timestamp": "2025-10-30 03:48:06Z", "trace_name": "File_Registry01"}, "properties": {"FileKey": "0xFFFFE7821817CCB0", "FileName": "\\Device\\HarddiskVolume2\\Windows\\Microsoft.NET\\Framework\\v4.0.30319\\System.Security.Cryptography.Encoding.dll::$ATTRIBUTE_LIST"}, "property_types": {"FileKey": "POINTER", "FileName": "STRINGW"}}
{"header": {"activity_id": "{00000000-0000-0000-0000-000000000000}", "event_flags": 576, "event_id": 11, "event_name": "", "event_opcode": 0, "event_version": 0, "process_id": 4, "provider_name": "Microsoft-Windows-Kernel-File", "task_name": "NameDelete", "thread_id": 32, "timestamp": "2025-10-30 03:48:06Z", "trace_name": "File_Registry01"}, "properties": {"FileKey": "0xFFFFE7821817CA20", "FileName": "\\Device\\HarddiskVolume2\\Windows\\Microsoft.NET\\Framework\\v4.0.30319\\System.Security.Cryptography.Primitives.dll::$ATTRIBUTE_LIST"}, "property_types": {"FileKey": "POINTER", "FileName": "STRINGW"}}
{"header": {"activity_id": "{00000000-0000-0000-0000-000000000000}", "event_flags": 576, "event_id": 11, "event_name": "", "event_opcode": 0, "event_version": 0, "process_id": 4, "provider_name": "Microsoft-Windows-Kernel-File", "task_name": "NameDelete", "thread_id": 32, "timestamp": "2025-10-30 03:48:06Z", "trace_name": "File_Registry01"}, "properties": {"FileKey": "0xFFFFE7821A30BCB0", "FileName": "\\Device\\HarddiskVolume2\\Windows\\Microsoft.NET\\Framework\\v4.0.30319\\System.Security.Cryptography.X509Certificates.dll::$ATTRIBUTE_LIST"}, "property_types": {"FileKey": "POINTER", "FileName": "STRINGW"}}
{"header": {"activity_id": "{00000000-0000-0000-0000-000000000000}", "event_flags": 576, "event_id": 11, "event_name": "", "event_opcode": 0, "event_version": 0, "process_id": 4, "provider_name": "Microsoft-Windows-Kernel-File", "task_name": "NameDelete", "thread_id": 32, "timestamp": "2025-10-30 03:48:06Z", "trace_name": "File_Registry01"}, "properties": {"FileKey": "0xFFFFE7821A30BA20", "FileName": "\\Device\\HarddiskVolume2\\Windows\\Microsoft.NET\\Framework\\v4.0.30319\\System.ServiceModel.ServiceMoniker40.dll::$ATTRIBUTE_LIST"}, "property_types": {"FileKey": "POINTER", "FileName": "STRINGW"}}
{"header": {"activity_id": "{00000000-0000-0000-0000-000000000000}", "event_flags": 576, "event_id": 11, "event_name": "", "event_opcode": 0, "event_version": 0, "process_id": 4, "provider_name": "Microsoft-Windows-Kernel-File", "task_name": "NameDelete", "thread_id": 32, "timestamp": "2025-10-30 03:48:06Z", "trace_name": "File_Registry01"}, "properties": {"FileKey": "0xFFFFE7821AE4FCB0", "FileName": "\\Device\\HarddiskVolume2\\Windows\\Microsoft.NET\\Framework\\v4.0.30319\\System.Windows.Forms.DataVisualization.Design.dll::$ATTRIBUTE_LIST"}, "property_types": {"FileKey": "POINTER", "FileName": "STRINGW"}}
{"header": {"activity_id": "{00000000-0000-0000-0000-000000000000}", "event_flags": 576, "event_id": 11, "event_name": "", "event_opcode": 0, "event_version": 0, "process_id": 4, "provider_name": "Microsoft-Windows-Kernel-File", "task_name": "NameDelete", "thread_id": 32, "timestamp": "2025-10-30 03:48:06Z", "trace_name": "File_Registry01"}, "properties": {"FileKey": "0xFFFFBF864FA11700", "FileName": "\\Device\\HarddiskVolume2\\Windows\\Prefetch\\ReadyBoot\\Trace2.fx"}, "property_types": {"FileKey": "POINTER", "FileName": "STRINGW"}}
{"header": {"activity_id": "{00000000-0000-0000-0000-000000000000}", "event_flags": 576, "event_id": 11, "event_name": "", "event_opcode": 0, "event_version": 0, "process_id": 4, "provider_name": "Microsoft-Windows-Kernel-File", "task_name": "NameDelete", "thread_id": 32, "timestamp": "2025-10-30 03:48:09Z", "trace_name": "File_Registry01"}, "properties": {"FileKey": "0xFFFFBF864F4EE700", "FileName": "\\Device\\HarddiskVolume2\\Windows\\System32\\WDI\\BootPerformanceDiagnostics_SystemData.bin"}, "property_types": {"FileKey": "POINTER", "FileName": "STRINGW"}}
{"header": {"activity_id": "{00000000-0000-0000-0000-000000000000}", "event_flags": 576, "event_id": 11, "event_name": "", "event_opcode": 0, "event_version": 0, "process_id": 4, "provider_name": "Microsoft-Windows-Kernel-File", "task_name": "NameDelete", "thread_id": 5188, "timestamp": "2025-10-30 03:48:09Z", "trace_name": "File_Registry01"}, "properties": {"FileKey": "0xFFFFBF864F98E700", "FileName": "\\Device\\HarddiskVolume2\\Windows\\System32\\WDI\\LogFiles\\StartupInfo\\S-1-5-21-1155846737-1485308446-292092594-1001_StartupInfo1.xml"}, "property_types": {"FileKey": "POINTER", "FileName": "STRINGW"}}
{"header": {"activity_id": "{00000000-0000-0000-0000-000000000000}", "event_flags": 576, "event_id": 1, "event_name": "", "event_opcode": 1, "event_version": 3, "process_id": 7224, "provider_name": "Microsoft-Windows-Kernel-Process", "task_name": "ProcessStart", "thread_id": 3004, "timestamp": "2025-10-30 03:48:09Z", "trace_name": "ProcTrace01"}, "properties": {"CreateTime": "2025-10-30 03:48:09Z", "Flags": 0, "ImageChecksum": 100281, "ImageName": "\\Device\\HarddiskVolume2\\Windows\\System32\\sc.exe", "MandatoryLabel": "Mandatory Label\\High Mandatory Level", "PackageFullName": "", "PackageRelativeAppId": "", "ParentProcessID": 7224, "ParentProcessSequenceNumber": 184, "ProcessID": 272, "ProcessSequenceNumber": 258, "ProcessTokenElevationType": 2, "ProcessTokenIsElevated": 1, "SessionID": 1, "TimeDateStamp": 2968461829}, "property_types": {"CreateTime": "FILETIME", "Flags": "UINT32", "ImageChecksum": "UINT32", "ImageName": "STRINGW", "MandatoryLabel": "SID", "PackageFullName": "STRINGW", "PackageRelativeAppId": "STRINGW", "ParentProcessID": "UINT32", "ParentProcessSequenceNumber": "UINT64", "ProcessID": "UINT32", "ProcessSequenceNumber": "UINT64", "ProcessTokenElevationType": "UINT32", "ProcessTokenIsElevated": "UINT32", "SessionID": "UINT32", "TimeDateStamp": "UINT32"}}
{"header": {"activity_id": "{00000000-0000-0000-0000-000000000000}", "event_flags": 576, "event_id": 5, "event_name": "", "event_opcode": 0, "event_version": 0, "process_id": 7224, "provider_name": "Microsoft-Windows-Kernel-Audit-API-Calls", "task_name": "", "thread_id": 3004, "timestamp": "2025-10-30 03:48:09Z", "trace_name": "AuditAPITrace01"}, "properties": {"DesiredAccess": 2147483648, "ReturnCode": 0, "TargetProcessId": 272}, "property_types": {"DesiredAccess": "UINT32", "ReturnCode": "UINT32", "TargetProcessId": "UINT32"}}
{"header": {"activity_id": "{00000000-0000-0000-0000-000000000000}", "event_flags": 576, "event_id": 5, "event_name": "", "event_opcode": 0, "event_version": 0, "process_id": 7224, "provider_name": "Microsoft-Windows-Kernel-Audit-API-Calls", "task_name": "", "thread_id": 3004, "timestamp": "2025-10-30 03:48:09Z", "trace_name": "AuditAPITrace01"}, "properties": {"DesiredAccess": 2147483648, "ReturnCode": 0, "TargetProcessId": 272}, "property_types": {"DesiredAccess": "UINT32", "ReturnCode": "UINT32", "TargetProcessId": "UINT32"}}
{"header": {"activity_id": "{00000000-0000-0000-0000-000000000000}", "event_flags": 576, "event_id": 5, "event_name": "", "event_opcode": 0, "event_version": 0, "process_id": 7224, "provider_name": "Microsoft-Windows-Kernel-Audit-API-Calls", "task_name": "", "thread_id": 3004, "timestamp": "2025-10-30 03:48:09Z", "trace_name": "AuditAPITrace01"}, "properties": {"DesiredAccess": 2147483648, "ReturnCode": 0, "TargetProcessId": 7224}, "property_types": {"DesiredAccess": "UINT32", "ReturnCode": "UINT32", "TargetProcessId": "UINT32"}}
{"header": {"activity_id": "{00000000-0000-0000-0000-000000000000}", "event_flags": 576, "event_id": 5, "event_name": "", "event_opcode": 0, "event_version": 0, "process_id": 7224, "provider_name": "Microsoft-Windows-Kernel-Audit-API-Calls", "task_name": "", "thread_id": 3004, "timestamp": "2025-10-30 03:48:09Z", "trace_name": "AuditAPITrace01"}, "properties": {"DesiredAccess": 2147483648, "ReturnCode": 0, "TargetProcessId": 7224}, "property_types": {"DesiredAccess": "UINT32", "ReturnCode": "UINT32", "TargetProcessId": "UINT32"}}
{"header": {"activity_id": "{00000000-0000-0000-0000-000000000000}", "event_flags": 576, "event_id": 5, "event_name": "", "event_opcode": 0, "event_version": 0, "process_id": 7224, "provider_name": "Microsoft-Windows-Kernel-Audit-API-Calls", "task_name": "", "thread_id": 3004, "timestamp": "2025-10-30 03:48:09Z", "trace_name": "AuditAPITrace01"}, "properties": {"DesiredAccess": 2147483648, "ReturnCode": 0, "TargetProcessId": 272}, "property_types": {"DesiredAccess": "UINT32", "ReturnCode": "UINT32", "TargetProcessId": "UINT32"}}
{"header": {"activity_id": "{00000000-0000-0000-0000-000000000000}", "event_flags": 576, "event_id": 5, "event_name": "", "event_opcode": 0, "event_version": 0, "process_id": 7224, "provider_name": "Microsoft-Windows-Kernel-Audit-API-Calls", "task_name": "", "thread_id": 3004, "timestamp": "2025-10-30 03:48:09Z", "trace_name": "AuditAPITrace01"}, "properties": {"DesiredAccess": 2147483648, "ReturnCode": 0, "TargetProcessId": 7224}, "property_types": {"DesiredAccess": "UINT32", "ReturnCode": "UINT32", "TargetProcessId": "UINT32"}}
{"header": {"activity_id": "{00000000-0000-0000-0000-000000000000}", "event_flags": 576, "event_id": 5, "event_name": "", "event_opcode": 0, "event_version": 0, "process_id": 7224, "provider_name": "Microsoft-Windows-Kernel-Audit-API-Calls", "task_name": "", "thread_id": 3004, "timestamp": "2025-10-30 03:48:09Z", "trace_name": "AuditAPITrace01"}, "properties": {"DesiredAccess": 2147483648, "ReturnCode": 0, "TargetProcessId": 272}, "property_types": {"DesiredAccess": "UINT32", "ReturnCode": "UINT32", "TargetProcessId": "UINT32"}}
{"header": {"activity_id": "{00000000-0000-0000-0000-000000000000}", "event_flags": 576, "event_id": 5, "event_name": "", "event_opcode": 0, "event_version": 0, "process_id": 7224, "provider_name": "Microsoft-Windows-Kernel-Audit-API-Calls", "task_name": "", "thread_id": 3004, "timestamp": "2025-10-30 03:48:09Z", "trace_name": "AuditAPITrace01"}, "properties": {"DesiredAccess": 0, "ReturnCode": 0, "TargetProcessId": 272}, "property_types": {"DesiredAccess": "UINT32", "ReturnCode": "UINT32", "TargetProcessId": "UINT32"}}
{"header": {"activity_id": "{00000000-0000-0000-0000-000000000000}", "event_flags": 576, "event_id": 5, "event_name": "", "event_opcode": 0, "event_version": 0, "process_id": 7224, "provider_name": "Microsoft-Windows-Kernel-Audit-API-Calls", "task_name": "", "thread_id": 3004, "timestamp": "2025-10-30 03:48:09Z", "trace_name": "AuditAPITrace01"}, "properties": {"DesiredAccess": 2147483648, "ReturnCode": 0, "TargetProcessId": 7224}, "property_types": {"DesiredAccess": "UINT32", "ReturnCode": "UINT32", "TargetProcessId": "UINT32"}}
{"header": {"activity_id": "{00000000-0000-0000-0000-000000000000}", "event_flags": 576, "event_id": 5, "event_name": "", "event_opcode": 0, "event_version": 0, "process_id": 7224, "provider_name": "Microsoft-Windows-Kernel-Audit-API-Calls", "task_name": "", "thread_id": 3004, "timestamp": "2025-10-30 03:48:09Z", "trace_name": "AuditAPITrace01"}, "properties": {"DesiredAccess": 2147483648, "ReturnCode": 0, "TargetProcessId": 272}, "property_types": {"DesiredAccess": "UINT32", "ReturnCode": "UINT32", "TargetProcessId": "UINT32"}}
{"header": {"activity_id": "{00000000-0000-0000-0000-000000000000}", "event_flags": 576, "event_id": 5, "event_name": "", "event_opcode": 0, "event_version": 0, "process_id": 7224, "provider_name": "Microsoft-Windows-Kernel-Audit-API-Calls", "task_name": "", "thread_id": 3004, "timestamp": "2025-10-30 03:48:09Z", "trace_name": "AuditAPITrace01"}, "properties": {"DesiredAccess": 0, "ReturnCode": 0, "TargetProcessId": 272}, "property_types": {"DesiredAccess": "UINT32", "ReturnCode": "UINT32", "TargetProcessId": "UINT32"}}
{"header": {"activity_id": "{00000000-0000-0000-0000-000000000000}", "event_flags": 576, "event_id": 5, "event_name": "", "event_opcode": 0, "event_version": 0, "process_id": 7224, "provider_name": "Microsoft-Windows-Kernel-Audit-API-Calls", "task_name": "", "thread_id": 3004, "timestamp": "2025-10-30 03:48:09Z", "trace_name": "AuditAPITrace01"}, "properties": {"DesiredAccess": 0, "ReturnCode": 0, "TargetProcessId": 7224}, "property_types": {"DesiredAccess": "UINT32", "ReturnCode": "UINT32", "TargetProcessId": "UINT32"}}
{"header": {"activity_id": "{00000000-0000-0000-0000-000000000000}", "event_flags": 576, "event_id": 5, "event_name": "", "event_opcode": 0, "event_version": 0, "process_id": 7224, "provider_name": "Microsoft-Windows-Kernel-Audit-API-Calls", "task_name": "", "thread_id": 3004, "timestamp": "2025-10-30 03:48:09Z", "trace_name": "AuditAPITrace01"}, "properties": {"DesiredAccess": 0, "ReturnCode": 0, "TargetProcessId": 7224}, "property_types": {"DesiredAccess": "UINT32", "ReturnCode": "UINT32", "TargetProcessId": "UINT32"}}
{"header": {"activity_id": "{00000000-0000-0000-0000-000000000000}", "event_flags": 576, "event_id": 5, "event_name": "", "event_opcode": 0, "event_version": 0, "process_id": 7224, "provider_name": "Microsoft-Windows-Kernel-Audit-API-Calls", "task_name": "", "thread_id": 3004, "timestamp": "2025-10-30 03:48:09Z", "trace_name": "AuditAPITrace01"}, "properties": {"DesiredAccess": 0, "ReturnCode": 0, "TargetProcessId": 272}, "property_types": {"DesiredAccess": "UINT32", "ReturnCode": "UINT32", "TargetProcessId": "UINT32"}}
{"header": {"activity_id": "{00000000-0000-0000-0000-000000000000}", "event_flags": 576, "event_id": 5, "event_name": "", "event_opcode": 0, "event_version": 0, "process_id": 7224, "provider_name": "Microsoft-Windows-Kernel-Audit-API-Calls", "task_name": "", "thread_id": 3004, "timestamp": "2025-10-30 03:48:09Z", "trace_name": "AuditAPITrace01"}, "properties": {"DesiredAccess": 0, "ReturnCode": 0, "TargetProcessId": 272}, "property_types": {"DesiredAccess": "UINT32", "ReturnCode": "UINT32", "TargetProcessId": "UINT32"}}
{"header": {"activity_id": "{00000000-0000-0000-0000-000000000000}", "event_flags": 576, "event_id": 5, "event_name": "", "event_opcode": 0, "event_version": 0, "process_id": 556, "provider_name": "Microsoft-Windows-Kernel-Audit-API-Calls", "task_name": "", "thread_id": 572, "timestamp": "2025-10-30 03:48:09Z", "trace_name": "AuditAPITrace01"}, "properties": {"DesiredAccess": 0, "ReturnCode": 0, "TargetProcessId": 272}, "property_types": {"DesiredAccess": "UINT32", "ReturnCode": "UINT32", "TargetProcessId": "UINT32"}}
{"header": {"activity_id": "{00000000-0000-0000-0000-000000000000}", "event_flags": 576, "event_id": 5, "event_name": "", "event_opcode": 0, "event_version": 0, "process_id": 556, "provider_name": "Microsoft-Windows-Kernel-Audit-API-Calls", "task_name": "", "thread_id": 572, "timestamp": "2025-10-30 03:48:09Z", "trace_name": "AuditAPITrace01"}, "properties": {"DesiredAccess": 0, "ReturnCode": 0, "TargetProcessId": 556}, "property_types": {"DesiredAccess": "UINT32", "ReturnCode": "UINT32", "TargetProcessId": "UINT32"}}
{"header": {"activity_id": "{00000000-0000-0000-0000-000000000000}", "event_flags": 576, "event_id": 5, "event_name": "", "event_opcode": 0, "event_version": 0, "process_id": 556, "provider_name": "Microsoft-Windows-Kernel-Audit-API-Calls", "task_name": "", "thread_id": 572, "timestamp": "2025-10-30 03:48:09Z", "trace_name": "AuditAPITrace01"}, "properties": {"DesiredAccess": 0, "ReturnCode": 0, "TargetProcessId": 556}, "property_types": {"DesiredAccess": "UINT32", "ReturnCode": "UINT32", "TargetProcessId": "UINT32"}}
{"header": {"activity_id": "{00000000-0000-0000-0000-000000000000}", "event_flags": 576, "event_id": 5, "event_name": "", "event_opcode": 0, "event_version": 0, "process_id": 556, "provider_name": "Microsoft-Windows-Kernel-Audit-API-Calls", "task_name": "", "thread_id": 572, "timestamp": "2025-10-30 03:48:09Z", "trace_name": "AuditAPITrace01"}, "properties": {"DesiredAccess": 0, "ReturnCode": 0, "TargetProcessId": 272}, "property_types": {"DesiredAccess": "UINT32", "ReturnCode": "UINT32", "TargetProcessId": "UINT32"}}
{"header": {"activity_id": "{00000000-0000-0000-0000-000000000000}", "event_flags": 576, "event_id": 5, "event_name": "", "event_opcode": 0, "event_version": 0, "process_id": 556, "provider_name": "Microsoft-Windows-Kernel-Audit-API-Calls", "task_name": "", "thread_id": 572, "timestamp": "2025-10-30 03:48:09Z", "trace_name": "AuditAPITrace01"}, "properties": {"DesiredAccess": 0, "ReturnCode": 0, "TargetProcessId": 272}, "property_types": {"DesiredAccess": "UINT32", "ReturnCode": "UINT32", "TargetProcessId": "UINT32"}}
