{"header": {"activity_id": "{00000000-0000-0000-0000-000000000000}", "event_flags": 576, "event_id": 9, "event_name": "", "event_opcode": 40, "event_version": 0, "process_id": 2648, "provider_name": "Microsoft-Windows-Kernel-Registry", "task_name": "", "thread_id": 3672, "timestamp": "2025-10-30 03:47:33Z", "trace_name": "Kernel_Registry01"}, "properties": {"CapturedData": "", "CapturedDataSize": 0, "DataSize": 102, "Index": 6, "InfoClass": 1, "KeyName": "", "KeyObject": "0xFFFFBF864E39D5A0", "Status": 0}, "property_types": {"CapturedData": "BINARY", "CapturedDataSize": "UINT16", "DataSize": "UINT32", "Index": "UINT32", "InfoClass": "UINT32", "KeyName": "STRINGW", "KeyObject": "POINTER", "Status": "UINT32"}}
{"header": {"activity_id": "{00000000-0000-0000-0000-000000000000}", "event_flags": 576, "event_id": 9, "event_name": "", "event_opcode": 40, "event_version": 0, "process_id": 2648, "provider_name": "Microsoft-Windows-Kernel-Registry", "task_name": "", "thread_id": 3672, "timestamp": "2025-10-30 03:47:33Z", "trace_name": "Kernel_Registry01"}, "properties": {"CapturedData": "", "CapturedDataSize": 0, "DataSize": 106, "Index": 7, "InfoClass": 1, "KeyName": "", "KeyObject": "0xFFFFBF864E39D5A0", "Status": 0}, "property_types": {"CapturedData": "BINARY", "CapturedDataSize": "UINT16", "DataSize": "UINT32", "Index": "UINT32", "InfoClass": "UINT32", "KeyName": "STRINGW", "KeyObject": "POINTER", "Status": "UINT32"}}
{"header": {"activity_id": "{00000000-0000-0000-0000-000000000000}", "event_flags": 576, "event_id": 9, "event_name": "", "event_opcode": 40, "event_version": 0, "process_id": 2648, "provider_name": "Microsoft-Windows-Kernel-Registry", "task_name": "", "thread_id": 3672, "timestamp": "2025-10-30 03:47:33Z", "trace_name": "Kernel_Registry01"}, "properties": {"CapturedData": "", "CapturedDataSize": 0, "DataSize": 104, "Index": 8, "InfoClass": 1, "KeyName": "", "KeyObject": "0xFFFFBF864E39D5A0", "Status": 0}, "property_types": {"CapturedData": "BINARY", "CapturedDataSize": "UINT16", "DataSize": "UINT32", "Index": "UINT32", "InfoClass": "UINT32", "KeyName": "STRINGW", "KeyObject": "POINTER", "Status": "UINT32"}}
{"header": {"activity_id": "{00000000-0000-0000-0000-000000000000}", "event_flags": 576, "event_id": 5, "event_name": "", "event_opcode": 0, "event_version": 0, "process_id": 2648, "provider_name": "Microsoft-Windows-Kernel-Audit-API-Calls", "task_name": "", "thread_id": 3672, "timestamp": "2025-10-30 03:47:33Z", "trace_name": "AuditAPITrace01"}, "properties": {"DesiredAccess": 0, "ReturnCode": 0, "TargetProcessId": 2648}, "property_types": {"DesiredAccess": "UINT32", "ReturnCode": "UINT32", "TargetProcessId": "UINT32"}}
{"header": {"activity_id": "{00000000-0000-0000-0000-000000000000}", "event_flags": 576, "event_id": 10, "event_name": "", "event_opcode": 0, "event_version": 3, "process_id": 3856, "provider_name": "Microsoft-Windows-Sysmon", "task_name": "Process accessed (rule: ProcessAccess) ", "thread_id": 5992, "timestamp": "2025-10-30 03:47:33Z", "trace_name": "codeintegrity"}, "properties": {"CallTrace": "C:\\Windows\\SYSTEM32\\ntdll.dll+9d524|C:\\Windows\\System32\\KERNELBASE.dll+6f176|c:\\windows\\system32\\lsm.dll+f98c|c:\\windows\\system32\\lsm.dll+ebfe|C:\\Windows\\System32\\RPCRT4.dll+7b253|C:\\Windows\\System32\\RPCRT4.dll+de77b|C:\\Windows\\System32\\RPCRT4.dll+5bc7c|C:\\Windows\\System32\\RPCRT4.dll+58f88|C:\\Windows\\System32\\RPCRT4.dll+3a1a6|C:\\Windows\\System32\\RPCRT4.dll+39af8|C:\\Windows\\System32\\RPCRT4.dll+472bf|C:\\Windows\\System32\\RPCRT4.dll+466c8|C:\\Windows\\System32\\RPCRT4.dll+45cb1|C:\\Windows\\System32\\RPCRT4.dll+4571e|C:\\Windows\\System32\\RPCRT4.dll+49e32|C:\\Windows\\SYSTEM32\\ntdll.dll+20330|C:\\Windows\\SYSTEM32\\ntdll.dll+52f76|C:\\Windows\\System32\\KERNEL32.DLL+17614|C:\\Windows\\SYSTEM32\\ntdll.dll+526a1", "GrantedAccess": "00100000", "RuleName": "-", "SourceImage": "C:\\Windows\\system32\\svchost.exe", "SourceProcessGUID": "{39898580-DB70-6902-1100-000000000300}", "SourceProcessId": 968, "SourceThreadId": 8, "SourceUser": "NT AUTHORITY\\SYSTEM", "TargetImage": "C:\\Program Files\\Windows Defender\\MsMpEng.exe", "TargetProcessGUID": "{39898580-DB72-6902-3F00-000000000300}", "TargetProcessId": 2648, "TargetUser": "NT AUTHORITY\\SYSTEM", "UtcTime": "2025-10-30 03:47:33.594"}, "property_types": {"CallTrace": "STRINGW", "GrantedAccess": "OTHER", "RuleName": "STRINGW", "SourceImage": "STRINGW", "SourceProcessGUID": "GUID", "SourceProcessId": "UINT32", "SourceThreadId": "UINT32", "SourceUser": "STRINGW", "TargetImage": "STRINGW", "TargetProcessGUID": "GUID", "TargetProcessId": "UINT32", "TargetUser": "STRINGW", "UtcTime": "STRINGW"}}
{"header": {"activity_id": "{00000000-0000-0000-0000-000000000000}", "event_flags": 576, "event_id": 5, "event_name": "", "event_opcode": 0, "event_version": 0, "process_id": 2648, "provider_name": "Microsoft-Windows-Kernel-Audit-API-Calls", "task_name": "", "thread_id": 3724, "timestamp": "2025-10-30 03:47:33Z", "trace_name": "AuditAPITrace01"}, "properties": {"DesiredAccess": 0, "ReturnCode": 0, "TargetProcessId": 2176}, "property_types": {"DesiredAccess": "UINT32", "ReturnCode": "UINT32", "TargetProcessId": "UINT32"}}
{"header": {"activity_id": "{00000000-0000-0000-0000-000000000000}", "event_flags": 576, "event_id": 5, "event_name": "", "event_opcode": 0, "event_version": 0, "process_id": 2648, "provider_name": "Microsoft-Windows-Kernel-Audit-API-Calls", "task_name": "", "thread_id": 3724, "timestamp": "2025-10-30 03:47:33Z", "trace_name": "AuditAPITrace01"}, "properties": {"DesiredAccess": 0, "ReturnCode": 0, "TargetProcessId": 2648}, "property_types": {"DesiredAccess": "UINT32", "ReturnCode": "UINT32", "TargetProcessId": "UINT32"}}
{"header": {"activity_id": "{00000000-0000-0000-0000-000000000000}", "event_flags": 576, "event_id": 5, "event_name": "", "event_opcode": 0, "event_version": 0, "process_id": 2648, "provider_name": "Microsoft-Windows-Kernel-Audit-API-Calls", "task_name": "", "thread_id": 3724, "timestamp": "2025-10-30 03:47:33Z", "trace_name": "AuditAPITrace01"}, "properties": {"DesiredAccess": 0, "ReturnCode": 0, "TargetProcessId": 2648}, "property_types": {"DesiredAccess": "UINT32", "ReturnCode": "UINT32", "TargetProcessId": "UINT32"}}
{"header": {"activity_id": "{00000000-0000-0000-0000-000000000000}", "event_flags": 576, "event_id": 5, "event_name": "", "event_opcode": 0, "event_version": 0, "process_id": 2648, "provider_name": "Microsoft-Windows-Kernel-Audit-API-Calls", "task_name": "", "thread_id": 3724, "timestamp": "2025-10-30 03:47:33Z", "trace_name": "AuditAPITrace01"}, "properties": {"DesiredAccess": 0, "ReturnCode": 0, "TargetProcessId": 2176}, "property_types": {"DesiredAccess": "UINT32", "ReturnCode": "UINT32", "TargetProcessId": "UINT32"}}
{"header": {"activity_id": "{00000000-0000-0000-0000-000000000000}", "event_flags": 576, "event_id": 5, "event_name": "", "event_opcode": 0, "event_version": 0, "process_id": 2648, "provider_name": "Microsoft-Windows-Kernel-Audit-API-Calls", "task_name": "", "thread_id": 3724, "timestamp": "2025-10-30 03:47:33Z", "trace_name": "AuditAPITrace01"}, "properties": {"DesiredAccess": 0, "ReturnCode": 0, "TargetProcessId": 2176}, "property_types": {"DesiredAccess": "UINT32", "ReturnCode": "UINT32", "TargetProcessId": "UINT32"}}
{"header": {"activity_id": "{00000000-0000-0000-0000-000000000000}", "event_flags": 576, "event_id": 5, "event_name": "", "event_opcode": 0, "event_version": 0, "process_id": 2648, "provider_name": "Microsoft-Windows-Kernel-Audit-API-Calls", "task_name": "", "thread_id": 3724, "timestamp": "2025-10-30 03:47:33Z", "trace_name": "AuditAPITrace01"}, "properties": {"DesiredAccess": 4096, "ReturnCode": 0, "TargetProcessId": 2176}, "property_types": {"DesiredAccess": "UINT32", "ReturnCode": "UINT32", "TargetProcessId": "UINT32"}}
{"header": {"activity_id": "{00000000-0000-0000-0000-000000000000}", "event_flags": 576, "event_id": 5, "event_name": "", "event_opcode": 0, "event_version": 0, "process_id": 2648, "provider_name": "Microsoft-Windows-Kernel-Audit-API-Calls", "task_name": "", "thread_id": 3724, "timestamp": "2025-10-30 03:47:33Z", "trace_name": "AuditAPITrace01"}, "properties": {"DesiredAccess": 0, "ReturnCode": 0, "TargetProcessId": 2176}, "property_types": {"DesiredAccess": "UINT32", "ReturnCode": "UINT32", "TargetProcessId": "UINT32"}}
{"header": {"activity_id": "{00000000-0000-0000-0000-000000000000}", "event_flags": 576, "event_id": 5, "event_name": "", "event_opcode": 0, "event_version": 0, "process_id": 2648, "provider_name": "Microsoft-Windows-Kernel-Audit-API-Calls", "task_name": "", "thread_id": 3724, "timestamp": "2025-10-30 03:47:33Z", "trace_name": "AuditAPITrace01"}, "properties": {"DesiredAccess": 0, "ReturnCode": 0, "TargetProcessId": 2648}, "property_types": {"DesiredAccess": "UINT32", "ReturnCode": "UINT32", "TargetProcessId": "UINT32"}}
{"header": {"activity_id": "{00000000-0000-0000-0000-000000000000}", "event_flags": 576, "event_id": 5, "event_name": "", "event_opcode": 0, "event_version": 0, "process_id": 2648, "provider_name": "Microsoft-Windows-Kernel-Audit-API-Calls", "task_name": "", "thread_id": 3724, "timestamp": "2025-10-30 03:47:33Z", "trace_name": "AuditAPITrace01"}, "properties": {"DesiredAccess": 0, "ReturnCode": 0, "TargetProcessId": 2648}, "property_types": {"DesiredAccess": "UINT32", "ReturnCode": "UINT32", "TargetProcessId": "UINT32"}}
{"header": {"activity_id": "{00000000-0000-0000-0000-000000000000}", "event_flags": 576, "event_id": 5, "event_name": "", "event_opcode": 0, "event_version": 0, "process_id": 2648, "provider_name": "Microsoft-Windows-Kernel-Audit-API-Calls", "task_name": "", "thread_id": 3724, "timestamp": "2025-10-30 03:47:33Z", "trace_name": "AuditAPITrace01"}, "properties": {"DesiredAccess": 0, "ReturnCode": 0, "TargetProcessId": 2176}, "property_types": {"DesiredAccess": "UINT32", "ReturnCode": "UINT32", "TargetProcessId": "UINT32"}}
{"header": {"activity_id": "{00000000-0000-0000-0000-000000000000}", "event_flags": 576, "event_id": 5, "event_name": "", "event_opcode": 0, "event_version": 0, "process_id": 2648, "provider_name": "Microsoft-Windows-Kernel-Audit-API-Calls", "task_name": "", "thread_id": 3724, "timestamp": "2025-10-30 03:47:33Z", "trace_name": "AuditAPITrace01"}, "properties": {"DesiredAccess": 0, "ReturnCode": 0, "TargetProcessId": 2176}, "property_types": {"DesiredAccess": "UINT32", "ReturnCode": "UINT32", "TargetProcessId": "UINT32"}}
{"header": {"activity_id": "{00000000-0000-0000-0000-000000000000}", "event_flags": 576, "event_id": 5, "event_name": "", "event_opcode": 0, "event_version": 0, "process_id": 2648, "provider_name": "Microsoft-Windows-Kernel-Audit-API-Calls", "task_name": "", "thread_id": 3724, "timestamp": "2025-10-30 03:47:33Z", "trace_name": "AuditAPITrace01"}, "properties": {"DesiredAccess": 1052672, "ReturnCode": 0, "TargetProcessId": 2176}, "property_types": {"DesiredAccess": "UINT32", "ReturnCode": "UINT32", "TargetProcessId": "UINT32"}}
{"header": {"activity_id": "{00000000-0000-0000-0000-000000000000}", "event_flags": 576, "event_id": 10, "event_name": "", "event_opcode": 0, "event_version": 3, "process_id": 3856, "provider_name": "Microsoft-Windows-Sysmon", "task_name": "Process accessed (rule: ProcessAccess) ", "thread_id": 5992, "timestamp": "2025-10-30 03:47:33Z", "trace_name": "codeintegrity"}, "properties": {"CallTrace": "C:\\Windows\\SYSTEM32\\ntdll.dll+9d524|C:\\Windows\\SYSTEM32\\KERNELBASE.dll+308ee|C:\\ProgramData\\Microsoft\\Windows Defender\\Definition Updates\\Default\\mpengine.dll+489480|C:\\ProgramData\\Microsoft\\Windows Defender\\Definition Updates\\Default\\mpengine.dll+489254|C:\\ProgramData\\Microsoft\\Windows Defender\\Definition Updates\\Default\\mpengine.dll+489598|C:\\ProgramData\\Microsoft\\Windows Defender\\Definition Updates\\Default\\mpengine.dll+2b38a4|C:\\ProgramData\\Microsoft\\Windows Defender\\Definition Updates\\Default\\mpengine.dll+2b699a|C:\\ProgramData\\Microsoft\\Windows Defender\\Definition Updates\\Default\\mpengine.dll+2a35dc|C:\\ProgramData\\Microsoft\\Windows Defender\\Definition Updates\\Default\\mpengine.dll+2a37e5|C:\\ProgramData\\Microsoft\\Windows Defender\\Definition Updates\\Default\\mpengine.dll+2a4d33|C:\\ProgramData\\Microsoft\\Windows Defender\\Definition Updates\\Default\\mpengine.dll+1e97e5|C:\\ProgramData\\Microsoft\\Windows Defender\\Definition Updates\\Default\\mpengine.dll+1e9225|C:\\ProgramData\\Microsoft\\Windows Defender\\Definition Updates\\Default\\mpengine.dll+750912|C:\\ProgramData\\Microsoft\\Windows Defender\\Definition Updates\\Default\\mpengine.dll+74f3dd|C:\\ProgramData\\Microsoft\\Windows Defender\\Definition Updates\\Default\\mpengine.dll+32e36f|C:\\ProgramData\\Microsoft\\Windows Defender\\Definition Updates\\Default\\mpengine.dll+30bf89|C:\\ProgramData\\Microsoft\\Windows Defender\\Definition Updates\\Default\\mpengine.dll+30b996|C:\\ProgramData\\Microsoft\\Windows Defender\\Definition Updates\\Default\\mpengine.dll+1cfbeb|C:\\ProgramData\\Microsoft\\Windows Defender\\Definition Updates\\Default\\mpengine.dll+251a4b|C:\\Program Files\\Windows Defender\\mpsvc.dll+17e97|C:\\Program Files\\Windows Defender\\mprtp.dll+1588c|C:\\Program Files\\Windows Defender\\mprtp.dll+3b971|C:\\Program Files\\Windows Defender\\mpclient.dll+81b03|C:\\Windows\\SYSTEM32\\ntdll.dll+62260", "GrantedAccess": "00100000", "RuleName": "-", "SourceImage": "C:\\Program Files\\Windows Defender\\MsMpEng.exe", "SourceProcessGUID": "{39898580-DB72-6902-3F00-000000000300}", "SourceProcessId": 2648, "SourceThreadId": 3724, "SourceUser": "NT AUTHORITY\\SYSTEM", "TargetImage": "C:\\Windows\\system32\\cmd.exe", "TargetProcessGUID": "{39898580-DC27-6902-B300-000000000300}", "TargetProcessId": 2176, "TargetUser": "DESKTOP-3AERCN7\\cyb3r", "UtcTime": "2025-10-30 03:47:33.609"}, "property_types": {"CallTrace": "STRINGW", "GrantedAccess": "OTHER", "RuleName": "STRINGW", "SourceImage": "STRINGW", "SourceProcessGUID": "GUID", "SourceProcessId": "UINT32", "SourceThreadId": "UINT32", "SourceUser": "STRINGW", "TargetImage": "STRINGW", "TargetProcessGUID": "GUID", "TargetProcessId": "UINT32", "TargetUser": "STRINGW", "UtcTime": "STRINGW"}}
{"header": {"activity_id": "{00000000-0000-0000-0000-000000000000}", "event_flags": 576, "event_id": 10, "event_name": "", "event_opcode": 0, "event_version": 3, "process_id": 3856, "provider_name": "Microsoft-Windows-Sysmon", "task_name": "Process accessed (rule: ProcessAccess) ", "thread_id": 5992, "timestamp": "2025-10-30 03:47:33Z", "trace_name": "codeintegrity"}, "properties": {"CallTrace": "C:\\Windows\\SYSTEM32\\ntdll.dll+9d524|C:\\Windows\\SYSTEM32\\KERNELBASE.dll+308ee|C:\\ProgramData\\Microsoft\\Windows Defender\\Definition Updates\\Default\\mpengine.dll+489480|C:\\ProgramData\\Microsoft\\Windows Defender\\Definition Updates\\Default\\mpengine.dll+489254|C:\\ProgramData\\Microsoft\\Windows Defender\\Definition Updates\\Default\\mpengine.dll+2f0269|C:\\ProgramData\\Microsoft\\Windows Defender\\Definition Updates\\Default\\mpengine.dll+2b7ddb|C:\\ProgramData\\Microsoft\\Windows Defender\\Definition Updates\\Default\\mpengine.dll+2b8ed3|C:\\ProgramData\\Microsoft\\Windows Defender\\Definition Updates\\Default\\mpengine.dll+2b3d5f|C:\\ProgramData\\Microsoft\\Windows Defender\\Definition Updates\\Default\\mpengine.dll+2b699a|C:\\ProgramData\\Microsoft\\Windows Defender\\Definition Updates\\Default\\mpengine.dll+2a35dc|C:\\ProgramData\\Microsoft\\Windows Defender\\Definition Updates\\Default\\mpengine.dll+2a37e5|C:\\ProgramData\\Microsoft\\Windows Defender\\Definition Updates\\Default\\mpengine.dll+2a4d33|C:\\ProgramData\\Microsoft\\Windows Defender\\Definition Updates\\Default\\mpengine.dll+1e97e5|C:\\ProgramData\\Microsoft\\Windows Defender\\Definition Updates\\Default\\mpengine.dll+1e9225|C:\\ProgramData\\Microsoft\\Windows Defender\\Definition Updates\\Default\\mpengine.dll+750912|C:\\ProgramData\\Microsoft\\Windows Defender\\Definition Updates\\Default\\mpengine.dll+74f3dd|C:\\ProgramData\\Microsoft\\Windows Defender\\Definition Updates\\Default\\mpengine.dll+32e36f|C:\\ProgramData\\Microsoft\\Windows Defender\\Definition Updates\\Default\\mpengine.dll+30bf89|C:\\ProgramData\\Microsoft\\Windows Defender\\Definition Updates\\Default\\mpengine.dll+30b996|C:\\ProgramData\\Microsoft\\Windows Defender\\Definition Updates\\Default\\mpengine.dll+1cfbeb|C:\\ProgramData\\Microsoft\\Windows Defender\\Definition Updates\\Default\\mpengine.dll+251a4b|C:\\Program Files\\Windows Defender\\mpsvc.dll+17e97|C:\\Program Files\\Windows Defender\\mprtp.dll+1588c|C:\\Program Files\\Windows Defender\\mprtp.dll+3b971", "GrantedAccess": "00101000", "RuleName": "-", "SourceImage": "C:\\Program Files\\Windows Defender\\MsMpEng.exe", "SourceProcessGUID": "{39898580-DB72-6902-3F00-000000000300}", "SourceProcessId": 2648, "SourceThreadId": 3724, "SourceUser": "NT AUTHORITY\\SYSTEM", "TargetImage": "C:\\Windows\\system32\\cmd.exe", "TargetProcessGUID": "{39898580-DC27-6902-B300-000000000300}", "TargetProcessId": 2176, "TargetUser": "DESKTOP-3AERCN7\\cyb3r", "UtcTime": "2025-10-30 03:47:33.609"}, "property_types": {"CallTrace": "STRINGW", "GrantedAccess": "OTHER", "RuleName": "STRINGW", "SourceImage": "STRINGW", "SourceProcessGUID": "GUID", "SourceProcessId": "UINT32", "SourceThreadId": "UINT32", "SourceUser": "STRINGW", "TargetImage": "STRINGW", "TargetProcessGUID": "GUID", "TargetProcessId": "UINT32", "TargetUser": "STRINGW", "UtcTime": "STRINGW"}}
{"header": {"activity_id": "{00000000-0000-0000-0000-000000000000}", "event_flags": 576, "event_id": 5, "event_name": "", "event_opcode": 0, "event_version": 0, "process_id": 704, "provider_name": "Microsoft-Windows-Kernel-Audit-API-Calls", "task_name": "", "thread_id": 4616, "timestamp": "2025-10-30 03:47:33Z", "trace_name": "AuditAPITrace01"}, "properties": {"DesiredAccess": 0, "ReturnCode": 0, "TargetProcessId": 2648}, "property_types": {"DesiredAccess": "UINT32", "ReturnCode": "UINT32", "TargetProcessId": "UINT32"}}
{"header": {"activity_id": "{00000000-0000-0000-0000-000000000000}", "event_flags": 576, "event_id": 5, "event_name": "", "event_opcode": 0, "event_version": 0, "process_id": 704, "provider_name": "Microsoft-Windows-Kernel-Audit-API-Calls", "task_name": "", "thread_id": 4616, "timestamp": "2025-10-30 03:47:33Z", "trace_name": "AuditAPITrace01"}, "properties": {"DesiredAccess": 0, "ReturnCode": 0, "TargetProcessId": 704}, "property_types": {"DesiredAccess": "UINT32", "ReturnCode": "UINT32", "TargetProcessId": "UINT32"}}
{"header": {"activity_id": "{00000000-0000-0000-0000-000000000000}", "event_flags": 576, "event_id": 5, "event_name": "", "event_opcode": 0, "event_version": 0, "process_id": 704, "provider_name": "Microsoft-Windows-Kernel-Audit-API-Calls", "task_name": "", "thread_id": 4616, "timestamp": "2025-10-30 03:47:33Z", "trace_name": "AuditAPITrace01"}, "properties": {"DesiredAccess": 0, "ReturnCode": 0, "TargetProcessId": 704}, "property_types": {"DesiredAccess": "UINT32", "ReturnCode": "UINT32", "TargetProcessId": "UINT32"}}
{"header": {"activity_id": "{00000000-0000-0000-0000-000000000000}", "event_flags": 576, "event_id": 5, "event_name": "", "event_opcode": 0, "event_version": 0, "process_id": 704, "provider_name": "Microsoft-Windows-Kernel-Audit-API-Calls", "task_name": "", "thread_id": 4616, "timestamp": "2025-10-30 03:47:33Z", "trace_name": "AuditAPITrace01"}, "properties": {"DesiredAccess": 0, "ReturnCode": 0, "TargetProcessId": 2648}, "property_types": {"DesiredAccess": "UINT32", "ReturnCode": "UINT32", "TargetProcessId": "UINT32"}}
{"header": {"activity_id": "{00000000-0000-0000-0000-000000000000}", "event_flags": 576, "event_id": 5, "event_name": "", "event_opcode": 0, "event_version": 0, "process_id": 704, "provider_name": "Microsoft-Windows-Kernel-Audit-API-Calls", "task_name": "", "thread_id": 4616, "timestamp": "2025-10-30 03:47:33Z", "trace_name": "AuditAPITrace01"}, "properties": {"DesiredAccess": 0, "ReturnCode": 0, "TargetProcessId": 2648}, "property_types": {"DesiredAccess": "UINT32", "ReturnCode": "UINT32", "TargetProcessId": "UINT32"}}
{"header": {"activity_id": "{00000000-0000-0000-0000-000000000000}", "event_flags": 576, "event_id": 5, "event_name": "", "event_opcode": 0, "event_version": 0, "process_id": 704, "provider_name": "Microsoft-Windows-Kernel-Audit-API-Calls", "task_name": "", "thread_id": 4616, "timestamp": "2025-10-30 03:47:33Z", "trace_name": "AuditAPITrace01"}, "properties": {"DesiredAccess": 4096, "ReturnCode": 0, "TargetProcessId": 2648}, "property_types": {"DesiredAccess": "UINT32", "ReturnCode": "UINT32", "TargetProcessId": "UINT32"}}
{"header": {"activity_id": "{00000000-0000-0000-0000-000000000000}", "event_flags": 576, "event_id": 5, "event_name": "", "event_opcode": 0, "event_version": 0, "process_id": 968, "provider_name": "Microsoft-Windows-Kernel-Audit-API-Calls", "task_name": "", "thread_id": 800, "timestamp": "2025-10-30 03:47:33Z", "trace_name": "AuditAPITrace01"}, "properties": {"DesiredAccess": 0, "ReturnCode": 0, "TargetProcessId": 2648}, "property_types": {"DesiredAccess": "UINT32", "ReturnCode": "UINT32", "TargetProcessId": "UINT32"}}
{"header": {"activity_id": "{00000000-0000-0000-0000-000000000000}", "event_flags": 576, "event_id": 5, "event_name": "", "event_opcode": 0, "event_version": 0, "process_id": 968, "provider_name": "Microsoft-Windows-Kernel-Audit-API-Calls", "task_name": "", "thread_id": 800, "timestamp": "2025-10-30 03:47:33Z", "trace_name": "AuditAPITrace01"}, "properties": {"DesiredAccess": 0, "ReturnCode": 0, "TargetProcessId": 968}, "property_types": {"DesiredAccess": "UINT32", "ReturnCode": "UINT32", "TargetProcessId": "UINT32"}}
{"header": {"activity_id": "{00000000-0000-0000-0000-000000000000}", "event_flags": 576, "event_id": 5, "event_name": "", "event_opcode": 0, "event_version": 0, "process_id": 968, "provider_name": "Microsoft-Windows-Kernel-Audit-API-Calls", "task_name": "", "thread_id": 800, "timestamp": "2025-10-30 03:47:33Z", "trace_name": "AuditAPITrace01"}, "properties": {"DesiredAccess": 0, "ReturnCode": 0, "TargetProcessId": 968}, "property_types": {"DesiredAccess": "UINT32", "ReturnCode": "UINT32", "TargetProcessId": "UINT32"}}
{"header": {"activity_id": "{00000000-0000-0000-0000-000000000000}", "event_flags": 576, "event_id": 5, "event_name": "", "event_opcode": 0, "event_version": 0, "process_id": 968, "provider_name": "Microsoft-Windows-Kernel-Audit-API-Calls", "task_name": "", "thread_id": 800, "timestamp": "2025-10-30 03:47:33Z", "trace_name": "AuditAPITrace01"}, "properties": {"DesiredAccess": 0, "ReturnCode": 0, "TargetProcessId": 2648}, "property_types": {"DesiredAccess": "UINT32", "ReturnCode": "UINT32", "TargetProcessId": "UINT32"}}
{"header": {"activity_id": "{00000000-0000-0000-0000-000000000000}", "event_flags": 576, "event_id": 5, "event_name": "", "event_opcode": 0, "event_version": 0, "process_id": 968, "provider_name": "Microsoft-Windows-Kernel-Audit-API-Calls", "task_name": "", "thread_id": 800, "timestamp": "2025-10-30 03:47:33Z", "trace_name": "AuditAPITrace01"}, "properties": {"DesiredAccess": 0, "ReturnCode": 0, "TargetProcessId": 2648}, "property_types": {"DesiredAccess": "UINT32", "ReturnCode": "UINT32", "TargetProcessId": "UINT32"}}
{"header": {"activity_id": "{00000000-0000-0000-0000-000000000000}", "event_flags": 576, "event_id": 5, "event_name": "", "event_opcode": 0, "event_version": 0, "process_id": 968, "provider_name": "Microsoft-Windows-Kernel-Audit-API-Calls", "task_name": "", "thread_id": 800, "timestamp": "2025-10-30 03:47:33Z", "trace_name": "AuditAPITrace01"}, "properties": {"DesiredAccess": 4096, "ReturnCode": 0, "TargetProcessId": 2648}, "property_types": {"DesiredAccess": "UINT32", "ReturnCode": "UINT32", "TargetProcessId": "UINT32"}}
{"header": {"activity_id": "{00000000-0000-0000-0000-000000000000}", "event_flags": 576, "event_id": 5, "event_name": "", "event_opcode": 0, "event_version": 0, "process_id": 968, "provider_name": "Microsoft-Windows-Kernel-Audit-API-Calls", "task_name": "", "thread_id": 800, "timestamp": "2025-10-30 03:47:33Z", "trace_name": "AuditAPITrace01"}, "properties": {"DesiredAccess": 64, "ReturnCode": 0, "TargetProcessId": 968}, "property_types": {"DesiredAccess": "UINT32", "ReturnCode": "UINT32", "TargetProcessId": "UINT32"}}
{"header": {"activity_id": "{00000000-0000-0000-0000-000000000000}", "event_flags": 576, "event_id": 9, "event_name": "", "event_opcode": 40, "event_version": 0, "process_id": 2648, "provider_name": "Microsoft-Windows-Kernel-Registry", "task_name": "", "thread_id": 3672, "timestamp": "2025-10-30 03:47:33Z", "trace_name": "Kernel_Registry01"}, "properties": {"CapturedData": "", "CapturedDataSize": 0, "DataSize": 100, "Index": 0, "InfoClass": 1, "KeyName": "", "KeyObject": "0xFFFFBF864E39D5A0", "Status": 0}, "property_types": {"CapturedData": "BINARY", "CapturedDataSize": "UINT16", "DataSize": "UINT32", "Index": "UINT32", "InfoClass": "UINT32", "KeyName": "STRINGW", "KeyObject": "POINTER", "Status": "UINT32"}}
{"header": {"activity_id": "{00000000-0000-0000-0000-000000000000}", "event_flags": 576, "event_id": 9, "event_name": "", "event_opcode": 40, "event_version": 0, "process_id": 2648, "provider_name": "Microsoft-Windows-Kernel-Registry", "task_name": "", "thread_id": 3672, "timestamp": "2025-10-30 03:47:33Z", "trace_name": "Kernel_Registry01"}, "properties": {"CapturedData": "", "CapturedDataSize": 0, "DataSize": 118, "Index": 1, "InfoClass": 1, "KeyName": "", "KeyObject": "0xFFFFBF864E39D5A0", "Status": 0}, "property_types": {"CapturedData": "BINARY", "CapturedDataSize": "UINT16", "DataSize": "UINT32", "Index": "UINT32", "InfoClass": "UINT32", "KeyName": "STRINGW", "KeyObject": "POINTER", "Status": "UINT32"}}
{"header": {"activity_id": "{00000000-0000-0000-0000-000000000000}", "event_flags": 576, "event_id": 9, "event_name": "", "event_opcode": 40, "event_version": 0, "process_id": 2648, "provider_name": "Microsoft-Windows-Kernel-Registry", "task_name": "", "thread_id": 3672, "timestamp": "2025-10-30 03:47:33Z", "trace_name": "Kernel_Registry01"}, "properties": {"CapturedData": "", "CapturedDataSize": 0, "DataSize": 46, "Index": 2, "InfoClass": 1, "KeyName": "", "KeyObject": "0xFFFFBF864E39D5A0", "Status": 0}, "property_types": {"CapturedData": "BINARY", "CapturedDataSize": "UINT16", "DataSize": "UINT32", "Index": "UINT32", "InfoClass": "UINT32", "KeyName": "STRINGW", "KeyObject": "POINTER", "Status": "UINT32"}}
{"header": {"activity_id": "{00000000-0000-0000-0000-000000000000}", "event_flags": 576, "event_id": 9, "event_name": "", "event_opcode": 40, "event_version": 0, "process_id": 2648, "provider_name": "Microsoft-Windows-Kernel-Registry", "task_name": "", "thread_id": 3672, "timestamp": "2025-10-30 03:47:33Z", "trace_name": "Kernel_Registry01"}, "properties": {"CapturedData": "", "CapturedDataSize": 0, "DataSize": 310, "Index": 3, "InfoClass": 1, "KeyName": "", "KeyObject": "0xFFFFBF864E39D5A0", "Status": 0}, "property_types": {"CapturedData": "BINARY", "CapturedDataSize": "UINT16", "DataSize": "UINT32", "Index": "UINT32", "InfoClass": "UINT32", "KeyName": "STRINGW", "KeyObject": "POINTER", "Status": "UINT32"}}
{"header": {"activity_id": "{00000000-0000-0000-0000-000000000000}", "event_flags": 576, "event_id": 9, "event_name": "", "event_opcode": 40, "event_version": 0, "process_id": 2648, "provider_name": "Microsoft-Windows-Kernel-Registry", "task_name": "", "thread_id": 3672, "timestamp": "2025-10-30 03:47:33Z", "trace_name": "Kernel_Registry01"}, "properties": {"CapturedData": "", "CapturedDataSize": 0, "DataSize": 148, "Index": 4, "InfoClass": 1, "KeyName": "", "KeyObject": "0xFFFFBF864E39D5A0", "Status": 0}, "property_types": {"CapturedData": "BINARY", "CapturedDataSize": "UINT16", "DataSize": "UINT32", "Index": "UINT32", "InfoClass": "UINT32", "KeyName": "STRINGW", "KeyObject": "POINTER", "Status": "UINT32"}}
{"header": {"activity_id": "{00000000-0000-0000-0000-000000000000}", "event_flags": 576, "event_id": 9, "event_name": "", "event_opcode": 40, "event_version": 0, "process_id": 2648, "provider_name": "Microsoft-Windows-Kernel-Registry", "task_name": "", "thread_id": 3672, "timestamp": "2025-10-30 03:47:33Z", "trace_name": "Kernel_Registry01"}, "properties": {"CapturedData": "", "CapturedDataSize": 0, "DataSize": 76, "Index": 5, "InfoClass": 1, "KeyName": "", "KeyObject": "0xFFFFBF864E39D5A0", "Status": 0}, "property_types": {"CapturedData": "BINARY", "CapturedDataSize": "UINT16", "DataSize": "UINT32", "Index": "UINT32", "InfoClass": "UINT32", "KeyName": "STRINGW", "KeyObject": "POINTER", "Status": "UINT32"}}
{"header": {"activity_id": "{00000000-0000-0000-0000-000000000000}", "event_flags": 576, "event_id": 9, "event_name": "", "event_opcode": 40, "event_version": 0, "process_id": 2648, "provider_name": "Microsoft-Windows-Kernel-Registry", "task_name": "", "thread_id": 3672, "timestamp": "2025-10-30 03:47:33Z", "trace_name": "Kernel_Registry01"}, "properties": {"CapturedData": "", "CapturedDataSize": 0, "DataSize": 236, "Index": 6, "InfoClass": 1, "KeyName": "", "KeyObject": "0xFFFFBF864E39D5A0", "Status": 0}, "property_types": {"CapturedData": "BINARY", "CapturedDataSize": "UINT16", "DataSize": "UINT32", "Index": "UINT32", "InfoClass": "UINT32", "KeyName": "STRINGW", "KeyObject": "POINTER", "Status": "UINT32"}}
{"header": {"activity_id": "{00000000-0000-0000-0000-000000000000}", "event_flags": 576, "event_id": 9, "event_name": "", "event_opcode": 40, "event_version": 0, "process_id": 2648, "provider_name": "Microsoft-Windows-Kernel-Registry", "task_name": "", "thread_id": 3672, "timestamp": "2025-10-30 03:47:33Z", "trace_name": "Kernel_Registry01"}, "properties": {"CapturedData": "", "CapturedDataSize": 0, "DataSize": 68, "Index": 7, "InfoClass": 1, "KeyName": "", "KeyObject": "0xFFFFBF864E39D5A0", "Status": 0}, "property_types": {"CapturedData": "BINARY", "CapturedDataSize": "UINT16", "DataSize": "UINT32", "Index": "UINT32", "InfoClass": "UINT32", "KeyName": "STRINGW", "KeyObject": "POINTER", "Status": "UINT32"}}
{"header": {"activity_id": "{00000000-0000-0000-0000-000000000000}", "event_flags": 576, "event_id": 9, "event_name": "", "event_opcode": 40, "event_version": 0, "process_id": 2648, "provider_name": "Microsoft-Windows-Kernel-Registry", "task_name": "", "thread_id": 3672, "timestamp": "2025-10-30 03:47:33Z", "trace_name": "Kernel_Registry01"}, "properties": {"CapturedData": "", "CapturedDataSize": 0, "DataSize": 68, "Index": 8, "InfoClass": 1, "KeyName": "", "KeyObject": "0xFFFFBF864E39D5A0", "Status": 0}, "property_types": {"CapturedData": "BINARY", "CapturedDataSize": "UINT16", "DataSize": "UINT32", "Index": "UINT32", "InfoClass": "UINT32", "KeyName": "STRINGW", "KeyObject": "POINTER", "Status": "UINT32"}}
{"header": {"activity_id": "{00000000-0000-0000-0000-000000000000}", "event_flags": 576, "event_id": 9, "event_name": "", "event_opcode": 40, "event_version": 0, "process_id": 2648, "provider_name": "Microsoft-Windows-Kernel-Registry", "task_name": "", "thread_id": 3672, "timestamp": "2025-10-30 03:47:33Z", "trace_name": "Kernel_Registry01"}, "properties": {"CapturedData": "", "CapturedDataSize": 0, "DataSize": 54, "Index": 9, "InfoClass": 1, "KeyName": "", "KeyObject": "0xFFFFBF864E39D5A0", "Status": 0}, "property_types": {"CapturedData": "BINARY", "CapturedDataSize": "UINT16", "DataSize": "UINT32", "Index": "UINT32", "InfoClass": "UINT32", "KeyName": "STRINGW", "KeyObject": "POINTER", "Status": "UINT32"}}
{"header": {"activity_id": "{00000000-0000-0000-0000-000000000000}", "event_flags": 576, "event_id": 9, "event_name": "", "event_opcode": 40, "event_version": 0, "process_id": 2648, "provider_name": "Microsoft-Windows-Kernel-Registry", "task_name": "", "thread_id": 3672, "timestamp": "2025-10-30 03:47:33Z", "trace_name": "Kernel_Registry01"}, "properties": {"CapturedData": "", "CapturedDataSize": 0, "DataSize": 58, "Index": 10, "InfoClass": 1, "KeyName": "", "KeyObject": "0xFFFFBF864E39D5A0", "Status": 0}, "property_types": {"CapturedData": "BINARY", "CapturedDataSize": "UINT16", "DataSize": "UINT32", "Index": "UINT32", "InfoClass": "UINT32", "KeyName": "STRINGW", "KeyObject": "POINTER", "Status": "UINT32"}}
{"header": {"activity_id": "{00000000-0000-0000-0000-000000000000}", "event_flags": 576, "event_id": 9, "event_name": "", "event_opcode": 40, "event_version": 0, "process_id": 2648, "provider_name": "Microsoft-Windows-Kernel-Registry", "task_name": "", "thread_id": 3672, "timestamp": "2025-10-30 03:47:33Z", "trace_name": "Kernel_Registry01"}, "properties": {"CapturedData": "", "CapturedDataSize": 0, "DataSize": 68, "Index": 11, "InfoClass": 1, "KeyName": "", "KeyObject": "0xFFFFBF864E39D5A0", "Status": 0}, "property_types": {"CapturedData": "BINARY", "CapturedDataSize": "UINT16", "DataSize": "UINT32", "Index": "UINT32", "InfoClass": "UINT32", "KeyName": "STRINGW", "KeyObject": "POINTER", "Status": "UINT32"}}
{"header": {"activity_id": "{00000000-0000-0000-0000-000000000000}", "event_flags": 576, "event_id": 9, "event_name": "", "event_opcode": 40, "event_version": 0, "process_id": 2648, "provider_name": "Microsoft-Windows-Kernel-Registry", "task_name": "", "thread_id": 3672, "timestamp": "2025-10-30 03:47:33Z", "trace_name": "Kernel_Registry01"}, "properties": {"CapturedData": "", "CapturedDataSize": 0, "DataSize": 60, "Index": 12, "InfoClass": 1, "KeyName": "", "KeyObject": "0xFFFFBF864E39D5A0", "Status": 0}, "property_types": {"CapturedData": "BINARY", "CapturedDataSize": "UINT16", "DataSize": "UINT32", "Index": "UINT32", "InfoClass": "UINT32", "KeyName": "STRINGW", "KeyObject": "POINTER", "Status": "UINT32"}}
{"header": {"activity_id": "{00000000-0000-0000-0000-000000000000}", "event_flags": 576, "event_id": 9, "event_name": "", "event_opcode": 40, "event_version": 0, "process_id": 2648, "provider_name": "Microsoft-Windows-Kernel-Registry", "task_name": "", "thread_id": 3672, "timestamp": "2025-10-30 03:47:33Z", "trace_name": "Kernel_Registry01"}, "properties": {"CapturedData": "", "CapturedDataSize": 0, "DataSize": 166, "Index": 13, "InfoClass": 1, "KeyName": "", "KeyObject": "0xFFFFBF864E39D5A0", "Status": 0}, "property_types": {"CapturedData": "BINARY", "CapturedDataSize": "UINT16", "DataSize": "UINT32", "Index": "UINT32", "InfoClass": "UINT32", "KeyName": "STRINGW", "KeyObject": "POINTER", "Status": "UINT32"}}
{"header": {"activity_id": "{00000000-0000-0000-0000-000000000000}", "event_flags": 576, "event_id": 9, "event_name": "", "event_opcode": 40, "event_version": 0, "process_id": 2648, "provider_name": "Microsoft-Windows-Kernel-Registry", "task_name": "", "thread_id": 3672, "timestamp": "2025-10-30 03:47:33Z", "trace_name": "Kernel_Registry01"}, "properties": {"CapturedData": "", "CapturedDataSize": 0, "DataSize": 66, "Index": 14, "InfoClass": 1, "KeyName": "", "KeyObject": "0xFFFFBF864E39D5A0", "Status": 0}, "property_types": {"CapturedData": "BINARY", "CapturedDataSize": "UINT16", "DataSize": "UINT32", "Index": "UINT32", "InfoClass": "UINT32", "KeyName": "STRINGW", "KeyObject": "POINTER", "Status": "UINT32"}}
{"header": {"activity_id": "{00000000-0000-0000-0000-000000000000}", "event_flags": 576, "event_id": 9, "event_name": "", "event_opcode": 40, "event_version": 0, "process_id": 2648, "provider_name": "Microsoft-Windows-Kernel-Registry", "task_name": "", "thread_id": 3672, "timestamp": "2025-10-30 03:47:33Z", "trace_name": "Kernel_Registry01"}, "properties": {"CapturedData": "", "CapturedDataSize": 0, "DataSize": 100, "Index": 0, "InfoClass": 1, "KeyName": "", "KeyObject": "0xFFFFBF864E39D5A0", "Status": 0}, "property_types": {"CapturedData": "BINARY", "CapturedDataSize": "UINT16", "DataSize": "UINT32", "Index": "UINT32", "InfoClass": "UINT32", "KeyName": "STRINGW", "KeyObject": "POINTER", "Status": "UINT32"}}
{"header": {"activity_id": "{00000000-0000-0000-0000-000000000000}", "event_flags": 576, "event_id": 9, "event_name": "", "event_opcode": 40, "event_version": 0, "process_id": 2648, "provider_name": "Microsoft-Windows-Kernel-Registry", "task_name": "", "thread_id": 3672, "timestamp": "2025-10-30 03:47:33Z", "trace_name": "Kernel_Registry01"}, "properties": {"CapturedData": "", "CapturedDataSize": 0, "DataSize": 118, "Index": 1, "InfoClass": 1, "KeyName": "", "KeyObject": "0xFFFFBF864E39D5A0", "Status": 0}, "property_types": {"CapturedData": "BINARY", "CapturedDataSize": "UINT16", "DataSize": "UINT32", "Index": "UINT32", "InfoClass": "UINT32", "KeyName": "STRINGW", "KeyObject": "POINTER", "Status": "UINT32"}}
{"header": {"activity_id": "{00000000-0000-0000-0000-000000000000}", "event_flags": 576, "event_id": 9, "event_name": "", "event_opcode": 40, "event_version": 0, "process_id": 2648, "provider_name": "Microsoft-Windows-Kernel-Registry", "task_name": "", "thread_id": 3672, "timestamp": "2025-10-30 03:47:33Z", "trace_name": "Kernel_Registry01"}, "properties": {"CapturedData": "", "CapturedDataSize": 0, "DataSize": 46, "Index": 2, "InfoClass": 1, "KeyName": "", "KeyObject": "0xFFFFBF864E39D5A0", "Status": 0}, "property_types": {"CapturedData": "BINARY", "CapturedDataSize": "UINT16", "DataSize": "UINT32", "Index": "UINT32", "InfoClass": "UINT32", "KeyName": "STRINGW", "KeyObject": "POINTER", "Status": "UINT32"}}
{"header": {"activity_id": "{00000000-0000-0000-0000-000000000000}", "event_flags": 576, "event_id": 9, "event_name": "", "event_opcode": 40, "event_version": 0, "process_id": 2648, "provider_name": "Microsoft-Windows-Kernel-Registry", "task_name": "", "thread_id": 3672, "timestamp": "2025-10-30 03:47:33Z", "trace_name": "Kernel_Registry01"}, "properties": {"CapturedData": "", "CapturedDataSize": 0, "DataSize": 310, "Index": 3, "InfoClass": 1, "KeyName": "", "KeyObject": "0xFFFFBF864E39D5A0", "Status": 0}, "property_types": {"CapturedData": "BINARY", "CapturedDataSize": "UINT16", "DataSize": "UINT32", "Index": "UINT32", "InfoClass": "UINT32", "KeyName": "STRINGW", "KeyObject": "POINTER", "Status": "UINT32"}}
{"header": {"activity_id": "{00000000-0000-0000-0000-000000000000}", "event_flags": 576, "event_id": 9, "event_name": "", "event_opcode": 40, "event_version": 0, "process_id": 2648, "provider_name": "Microsoft-Windows-Kernel-Registry", "task_name": "", "thread_id": 3672, "timestamp": "2025-10-30 03:47:33Z", "trace_name": "Kernel_Registry01"}, "properties": {"CapturedData": "", "CapturedDataSize": 0, "DataSize": 148, "Index": 4, "InfoClass": 1, "KeyName": "", "KeyObject": "0xFFFFBF864E39D5A0", "Status": 0}, "property_types": {"CapturedData": "BINARY", "CapturedDataSize": "UINT16", "DataSize": "UINT32", "Index": "UINT32", "InfoClass": "UINT32", "KeyName": "STRINGW", "KeyObject": "POINTER", "Status": "UINT32"}}
{"header": {"activity_id": "{00000000-0000-0000-0000-000000000000}", "event_flags": 576, "event_id": 9, "event_name": "", "event_opcode": 40, "event_version": 0, "process_id": 2648, "provider_name": "Microsoft-Windows-Kernel-Registry", "task_name": "", "thread_id": 3672, "timestamp": "2025-10-30 03:47:33Z", "trace_name": "Kernel_Registry01"}, "properties": {"CapturedData": "", "CapturedDataSize": 0, "DataSize": 76, "Index": 5, "InfoClass": 1, "KeyName": "", "KeyObject": "0xFFFFBF864E39D5A0", "Status": 0}, "property_types": {"CapturedData": "BINARY", "CapturedDataSize": "UINT16", "DataSize": "UINT32", "Index": "UINT32", "InfoClass": "UINT32", "KeyName": "STRINGW", "KeyObject": "POINTER", "Status": "UINT32"}}
{"header": {"activity_id": "{00000000-0000-0000-0000-000000000000}", "event_flags": 576, "event_id": 9, "event_name": "", "event_opcode": 40, "event_version": 0, "process_id": 2648, "provider_name": "Microsoft-Windows-Kernel-Registry", "task_name": "", "thread_id": 3672, "timestamp": "2025-10-30 03:47:33Z", "trace_name": "Kernel_Registry01"}, "properties": {"CapturedData": "", "CapturedDataSize": 0, "DataSize": 236, "Index": 6, "InfoClass": 1, "KeyName": "", "KeyObject": "0xFFFFBF864E39D5A0", "Status": 0}, "property_types": {"CapturedData": "BINARY", "CapturedDataSize": "UINT16", "DataSize": "UINT32", "Index": "UINT32", "InfoClass": "UINT32", "KeyName": "STRINGW", "KeyObject": "POINTER", "Status": "UINT32"}}
{"header": {"activity_id": "{00000000-0000-0000-0000-000000000000}", "event_flags": 576, "event_id": 9, "event_name": "", "event_opcode": 40, "event_version": 0, "process_id": 2648, "provider_name": "Microsoft-Windows-Kernel-Registry", "task_name": "", "thread_id": 3672, "timestamp": "2025-10-30 03:47:33Z", "trace_name": "Kernel_Registry01"}, "properties": {"CapturedData": "", "CapturedDataSize": 0, "DataSize": 68, "Index": 7, "InfoClass": 1, "KeyName": "", "KeyObject": "0xFFFFBF864E39D5A0", "Status": 0}, "property_types": {"CapturedData": "BINARY", "CapturedDataSize": "UINT16", "DataSize": "UINT32", "Index": "UINT32", "InfoClass": "UINT32", "KeyName": "STRINGW", "KeyObject": "POINTER", "Status": "UINT32"}}
{"header": {"activity_id": "{00000000-0000-0000-0000-000000000000}", "event_flags": 576, "event_id": 9, "event_name": "", "event_opcode": 40, "event_version": 0, "process_id": 2648, "provider_name": "Microsoft-Windows-Kernel-Registry", "task_name": "", "thread_id": 3672, "timestamp": "2025-10-30 03:47:33Z", "trace_name": "Kernel_Registry01"}, "properties": {"CapturedData": "", "CapturedDataSize": 0, "DataSize": 68, "Index": 8, "InfoClass": 1, "KeyName": "", "KeyObject": "0xFFFFBF864E39D5A0", "Status": 0}, "property_types": {"CapturedData": "BINARY", "CapturedDataSize": "UINT16", "DataSize": "UINT32", "Index": "UINT32", "InfoClass": "UINT32", "KeyName": "STRINGW", "KeyObject": "POINTER", "Status": "UINT32"}}
{"header": {"activity_id": "{00000000-0000-0000-0000-000000000000}", "event_flags": 576, "event_id": 9, "event_name": "", "event_opcode": 40, "event_version": 0, "process_id": 2648, "provider_name": "Microsoft-Windows-Kernel-Registry", "task_name": "", "thread_id": 3672, "timestamp": "2025-10-30 03:47:33Z", "trace_name": "Kernel_Registry01"}, "properties": {"CapturedData": "", "CapturedDataSize": 0, "DataSize": 54, "Index": 9, "InfoClass": 1, "KeyName": "", "KeyObject": "0xFFFFBF864E39D5A0", "Status": 0}, "property_types": {"CapturedData": "BINARY", "CapturedDataSize": "UINT16", "DataSize": "UINT32", "Index": "UINT32", "InfoClass": "UINT32", "KeyName": "STRINGW", "KeyObject": "POINTER", "Status": "UINT32"}}
{"header": {"activity_id": "{00000000-0000-0000-0000-000000000000}", "event_flags": 576, "event_id": 9, "event_name": "", "event_opcode": 40, "event_version": 0, "process_id": 2648, "provider_name": "Microsoft-Windows-Kernel-Registry", "task_name": "", "thread_id": 3672, "timestamp": "2025-10-30 03:47:33Z", "trace_name": "Kernel_Registry01"}, "properties": {"CapturedData": "", "CapturedDataSize": 0, "DataSize": 58, "Index": 10, "InfoClass": 1, "KeyName": "", "KeyObject": "0xFFFFBF864E39D5A0", "Status": 0}, "property_types": {"CapturedData": "BINARY", "CapturedDataSize": "UINT16", "DataSize": "UINT32", "Index": "UINT32", "InfoClass": "UINT32", "KeyName": "STRINGW", "KeyObject": "POINTER", "Status": "UINT32"}}
{"header": {"activity_id": "{00000000-0000-0000-0000-000000000000}", "event_flags": 576, "event_id": 9, "event_name": "", "event_opcode": 40, "event_version": 0, "process_id": 2648, "provider_name": "Microsoft-Windows-Kernel-Registry", "task_name": "", "thread_id": 3672, "timestamp": "2025-10-30 03:47:33Z", "trace_name": "Kernel_Registry01"}, "properties": {"CapturedData": "", "CapturedDataSize": 0, "DataSize": 68, "Index": 11, "InfoClass": 1, "KeyName": "", "KeyObject": "0xFFFFBF864E39D5A0", "Status": 0}, "property_types": {"CapturedData": "BINARY", "CapturedDataSize": "UINT16", "DataSize": "UINT32", "Index": "UINT32", "InfoClass": "UINT32", "KeyName": "STRINGW", "KeyObject": "POINTER", "Status": "UINT32"}}
{"header": {"activity_id": "{00000000-0000-0000-0000-000000000000}", "event_flags": 576, "event_id": 9, "event_name": "", "event_opcode": 40, "event_version": 0, "process_id": 2648, "provider_name": "Microsoft-Windows-Kernel-Registry", "task_name": "", "thread_id": 3672, "timestamp": "2025-10-30 03:47:33Z", "trace_name": "Kernel_Registry01"}, "properties": {"CapturedData": "", "CapturedDataSize": 0, "DataSize": 60, "Index": 12, "InfoClass": 1, "KeyName": "", "KeyObject": "0xFFFFBF864E39D5A0", "Status": 0}, "property_types": {"CapturedData": "BINARY", "CapturedDataSize": "UINT16", "DataSize": "UINT32", "Index": "UINT32", "InfoClass": "UINT32", "KeyName": "STRINGW", "KeyObject": "POINTER", "Status": "UINT32"}}
{"header": {"activity_id": "{00000000-0000-0000-0000-000000000000}", "event_flags": 576, "event_id": 9, "event_name": "", "event_opcode": 40, "event_version": 0, "process_id": 2648, "provider_name": "Microsoft-Windows-Kernel-Registry", "task_name": "", "thread_id": 3672, "timestamp": "2025-10-30 03:47:33Z", "trace_name": "Kernel_Registry01"}, "properties": {"CapturedData": "", "CapturedDataSize": 0, "DataSize": 166, "Index": 13, "InfoClass": 1, "KeyName": "", "KeyObject": "0xFFFFBF864E39D5A0", "Status": 0}, "property_types": {"CapturedData": "BINARY", "CapturedDataSize": "UINT16", "DataSize": "UINT32", "Index": "UINT32", "InfoClass": "UINT32", "KeyName": "STRINGW", "KeyObject": "POINTER", "Status": "UINT32"}}
{"header": {"activity_id": "{00000000-0000-0000-0000-000000000000}", "event_flags": 576, "event_id": 9, "event_name": "", "event_opcode": 40, "event_version": 0, "process_id": 2648, "provider_name": "Microsoft-Windows-Kernel-Registry", "task_name": "", "thread_id": 3672, "timestamp": "2025-10-30 03:47:33Z", "trace_name": "Kernel_Registry01"}, "properties": {"CapturedData": "", "CapturedDataSize": 0, "DataSize": 66, "Index": 14, "InfoClass": 1, "KeyName": "", "KeyObject": "0xFFFFBF864E39D5A0", "Status": 0}, "property_types": {"CapturedData": "BINARY", "CapturedDataSize": "UINT16", "DataSize": "UINT32", "Index": "UINT32", "InfoClass": "UINT32", "KeyName": "STRINGW", "KeyObject": "POINTER", "Status": "UINT32"}}
{"header": {"activity_id": "{00000000-0000-0000-0000-000000000000}", "event_flags": 576, "event_id": 9, "event_name": "", "event_opcode": 40, "event_version": 0, "process_id": 2648, "provider_name": "Microsoft-Windows-Kernel-Registry", "task_name": "", "thread_id": 3672, "timestamp": "2025-10-30 03:47:33Z", "trace_name": "Kernel_Registry01"}, "properties": {"CapturedData": "", "CapturedDataSize": 0, "DataSize": 484, "Index": 0, "InfoClass": 1, "KeyName": "", "KeyObject": "0xFFFFBF864E9483F0", "Status": 2147483653}, "property_types": {"CapturedData": "BINARY", "CapturedDataSize": "UINT16", "DataSize": "UINT32", "Index": "UINT32", "InfoClass": "UINT32", "KeyName": "STRINGW", "KeyObject": "POINTER", "Status": "UINT32"}}
{"header": {"activity_id": "{00000000-0000-0000-0000-000000000000}", "event_flags": 576, "event_id": 9, "event_name": "", "event_opcode": 40, "event_version": 0, "process_id": 2648, "provider_name": "Microsoft-Windows-Kernel-Registry", "task_name": "", "thread_id": 3672, "timestamp": "2025-10-30 03:47:33Z", "trace_name": "Kernel_Registry01"}, "properties": {"CapturedData": "", "CapturedDataSize": 0, "DataSize": 484, "Index": 0, "InfoClass": 1, "KeyName": "", "KeyObject": "0xFFFFBF864E9483F0", "Status": 0}, "property_types": {"CapturedData": "BINARY", "CapturedDataSize": "UINT16", "DataSize": "UINT32", "Index": "UINT32", "InfoClass": "UINT32", "KeyName": "STRINGW", "KeyObject": "POINTER", "Status": "UINT32"}}
{"header": {"activity_id": "{00000000-0000-0000-0000-000000000000}", "event_flags": 576, "event_id": 9, "event_name": "", "event_opcode": 40, "event_version": 0, "process_id": 2648, "provider_name": "Microsoft-Windows-Kernel-Registry", "task_name": "", "thread_id": 3672, "timestamp": "2025-10-30 03:47:33Z", "trace_name": "Kernel_Registry01"}, "properties": {"CapturedData": "", "CapturedDataSize": 0, "DataSize": 98, "Index": 1, "InfoClass": 1, "KeyName": "", "KeyObject": "0xFFFFBF864E9483F0", "Status": 0}, "property_types": {"CapturedData": "BINARY", "CapturedDataSize": "UINT16", "DataSize": "UINT32", "Index": "UINT32", "InfoClass": "UINT32", "KeyName": "STRINGW", "KeyObject": "POINTER", "Status": "UINT32"}}
{"header": {"activity_id": "{00000000-0000-0000-0000-000000000000}", "event_flags": 576, "event_id": 9, "event_name": "", "event_opcode": 40, "event_version": 0, "process_id": 2648, "provider_name": "Microsoft-Windows-Kernel-Registry", "task_name": "", "thread_id": 3672, "timestamp": "2025-10-30 03:47:33Z", "trace_name": "Kernel_Registry01"}, "properties": {"CapturedData": "", "CapturedDataSize": 0, "DataSize": 98, "Index": 2, "InfoClass": 1, "KeyName": "", "KeyObject": "0xFFFFBF864E9483F0", "Status": 0}, "property_types": {"CapturedData": "BINARY", "CapturedDataSize": "UINT16", "DataSize": "UINT32", "Index": "UINT32", "InfoClass": "UINT32", "KeyName": "STRINGW", "KeyObject": "POINTER", "Status": "UINT32"}}
{"header": {"activity_id": "{00000000-0000-0000-0000-000000000000}", "event_flags": 576, "event_id": 9, "event_name": "", "event_opcode": 40, "event_version": 0, "process_id": 2648, "provider_name": "Microsoft-Windows-Kernel-Registry", "task_name": "", "thread_id": 3672, "timestamp": "2025-10-30 03:47:33Z", "trace_name": "Kernel_Registry01"}, "properties": {"CapturedData": "", "CapturedDataSize": 0, "DataSize": 88, "Index": 3, "InfoClass": 1, "KeyName": "", "KeyObject": "0xFFFFBF864E9483F0", "Status": 0}, "property_types": {"CapturedData": "BINARY", "CapturedDataSize": "UINT16", "DataSize": "UINT32", "Index": "UINT32", "InfoClass": "UINT32", "KeyName": "STRINGW", "KeyObject": "POINTER", "Status": "UINT32"}}
