{"header": {"activity_id": "{00000000-0000-0000-0000-000000000000}", "event_flags": 576, "event_id": 10, "event_name": "", "event_opcode": 0, "event_version": 0, "process_id": 4, "provider_name": "Microsoft-Windows-Kernel-File", "task_name": "NameCreate", "thread_id": 4036, "timestamp": "2025-10-30 03:47:28Z", "trace_name": "File_Registry01"}, "properties": {"FileKey": "0xFFFFBF86510D5700", "FileName": "\\Device\\HarddiskVolume2\\Windows\\System32\\LogFiles\\WMI\\RtBackup\\EtwRTSealighter-BYOVD.etl"}, "property_types": {"FileKey": "POINTER", "FileName": "STRINGW"}}
{"header": {"activity_id": "{00000000-0000-0000-0000-000000000000}", "event_flags": 576, "event_id": 5, "event_name": "", "event_opcode": 0, "event_version": 0, "process_id": 4, "provider_name": "Microsoft-Windows-Kernel-Audit-API-Calls", "task_name": "", "thread_id": 4036, "timestamp": "2025-10-30 03:47:28Z", "trace_name": "AuditAPITrace01"}, "properties": {"DesiredAccess": 0, "ReturnCode": 0, "TargetProcessId": 4}, "property_types": {"DesiredAccess": "UINT32", "ReturnCode": "UINT32", "TargetProcessId": "UINT32"}}
{"header": {"activity_id": "{00000000-0000-0000-0000-000000000000}", "event_flags": 576, "event_id": 11, "event_name": "", "event_opcode": 0, "event_version": 2, "process_id": 3856, "provider_name": "Microsoft-Windows-Sysmon", "task_name": "File created (rule: FileCreate) ", "thread_id": 5992, "timestamp": "2025-10-30 03:47:28Z", "trace_name": "codeintegrity"}, "properties": {"CreationUtcTime": "2025-10-30 03:47:28.187", "Image": "System", "ProcessGuid": "{39898580-DB59-6902-EB03-000000000000}", "ProcessId": 4, "RuleName": "-", "TargetFilename": "C:\\Windows\\System32\\LogFiles\\WMI\\RtBackup\\EtwRTSealighter-BYOVD.etl", "User": "NT AUTHORITY\\SYSTEM", "UtcTime": "2025-10-30 03:47:28.187"}, "property_types": {"CreationUtcTime": "STRINGW", "Image": "STRINGW", "ProcessGuid": "GUID", "ProcessId": "UINT32", "RuleName": "STRINGW", "TargetFilename": "STRINGW", "User": "STRINGW", "UtcTime": "STRINGW"}}
{"header": {"activity_id": "{00000000-0000-0000-0000-000000000000}", "event_flags": 576, "event_id": 10, "event_name": "", "event_opcode": 0, "event_version": 0, "process_id": 4, "provider_name": "Microsoft-Windows-Kernel-File", "task_name": "NameCreate", "thread_id": 7996, "timestamp": "2025-10-30 03:47:28Z", "trace_name": "File_Registry01"}, "properties": {"FileKey": "0xFFFFBF86510D5170", "FileName": "\\Device\\HarddiskVolume2\\Windows\\System32\\LogFiles\\WMI\\RtBackup\\EtwRT{00171971-D9E7-4DD9-BB1E-8C308222D4CC}.etl"}, "property_types": {"FileKey": "POINTER", "FileName": "STRINGW"}}
{"header": {"activity_id": "{00000000-0000-0000-0000-000000000000}", "event_flags": 576, "event_id": 5, "event_name": "", "event_opcode": 0, "event_version": 0, "process_id": 4, "provider_name": "Microsoft-Windows-Kernel-Audit-API-Calls", "task_name": "", "thread_id": 7996, "timestamp": "2025-10-30 03:47:28Z", "trace_name": "AuditAPITrace01"}, "properties": {"DesiredAccess": 0, "ReturnCode": 0, "TargetProcessId": 4}, "property_types": {"DesiredAccess": "UINT32", "ReturnCode": "UINT32", "TargetProcessId": "UINT32"}}
{"header": {"activity_id": "{00000000-0000-0000-0000-000000000000}", "event_flags": 576, "event_id": 5, "event_name": "", "event_opcode": 0, "event_version": 0, "process_id": 4, "provider_name": "Microsoft-Windows-Kernel-Audit-API-Calls", "task_name": "", "thread_id": 7996, "timestamp": "2025-10-30 03:47:28Z", "trace_name": "AuditAPITrace01"}, "properties": {"DesiredAccess": 0, "ReturnCode": 0, "TargetProcessId": 4}, "property_types": {"DesiredAccess": "UINT32", "ReturnCode": "UINT32", "TargetProcessId": "UINT32"}}
{"header": {"activity_id": "{00000000-0000-0000-0000-000000000000}", "event_flags": 576, "event_id": 5, "event_name": "", "event_opcode": 0, "event_version": 0, "process_id": 4, "provider_name": "Microsoft-Windows-Kernel-Audit-API-Calls", "task_name": "", "thread_id": 7996, "timestamp": "2025-10-30 03:47:28Z", "trace_name": "AuditAPITrace01"}, "properties": {"DesiredAccess": 0, "ReturnCode": 0, "TargetProcessId": 4}, "property_types": {"DesiredAccess": "UINT32", "ReturnCode": "UINT32", "TargetProcessId": "UINT32"}}
{"header": {"activity_id": "{00000000-0000-0000-0000-000000000000}", "event_flags": 576, "event_id": 11, "event_name": "", "event_opcode": 0, "event_version": 2, "process_id": 3856, "provider_name": "Microsoft-Windows-Sysmon", "task_name": "File created (rule: FileCreate) ", "thread_id": 5992, "timestamp": "2025-10-30 03:47:28Z", "trace_name": "codeintegrity"}, "properties": {"CreationUtcTime": "2025-10-30 03:47:28.203", "Image": "System", "ProcessGuid": "{39898580-DB59-6902-EB03-000000000000}", "ProcessId": 4, "RuleName": "-", "TargetFilename": "C:\\Windows\\System32\\LogFiles\\WMI\\RtBackup\\EtwRT{00171971-D9E7-4DD9-BB1E-8C308222D4CC}.etl", "User": "NT AUTHORITY\\SYSTEM", "UtcTime": "2025-10-30 03:47:28.203"}, "property_types": {"CreationUtcTime": "STRINGW", "Image": "STRINGW", "ProcessGuid": "GUID", "ProcessId": "UINT32", "RuleName": "STRINGW", "TargetFilename": "STRINGW", "User": "STRINGW", "UtcTime": "STRINGW"}}
{"header": {"activity_id": "{00000000-0000-0000-0000-000000000000}", "event_flags": 576, "event_id": 5, "event_name": "", "event_opcode": 0, "event_version": 0, "process_id": 7660, "provider_name": "Microsoft-Windows-Kernel-Audit-API-Calls", "task_name": "", "thread_id": 7024, "timestamp": "2025-10-30 03:47:28Z", "trace_name": "AuditAPITrace01"}, "properties": {"DesiredAccess": 2147483648, "ReturnCode": 0, "TargetProcessId": 7660}, "property_types": {"DesiredAccess": "UINT32", "ReturnCode": "UINT32", "TargetProcessId": "UINT32"}}
{"header": {"activity_id": "{00000000-0000-0000-0000-000000000000}", "event_flags": 576, "event_id": 5, "event_name": "", "event_opcode": 0, "event_version": 0, "process_id": 7660, "provider_name": "Microsoft-Windows-Kernel-Audit-API-Calls", "task_name": "", "thread_id": 7024, "timestamp": "2025-10-30 03:47:28Z", "trace_name": "AuditAPITrace01"}, "properties": {"DesiredAccess": 2147483648, "ReturnCode": 0, "TargetProcessId": 7660}, "property_types": {"DesiredAccess": "UINT32", "ReturnCode": "UINT32", "TargetProcessId": "UINT32"}}
{"header": {"activity_id": "{00000000-0000-0000-0000-000000000000}", "event_flags": 576, "event_id": 5, "event_name": "", "event_opcode": 0, "event_version": 0, "process_id": 4, "provider_name": "Microsoft-Windows-Kernel-Audit-API-Calls", "task_name": "", "thread_id": 6976, "timestamp": "2025-10-30 03:47:28Z", "trace_name": "AuditAPITrace01"}, "properties": {"DesiredAccess": 0, "ReturnCode": 0, "TargetProcessId": 7660}, "property_types": {"DesiredAccess": "UINT32", "ReturnCode": "UINT32", "TargetProcessId": "UINT32"}}
{"header": {"activity_id": "{00000000-0000-0000-0000-000000000000}", "event_flags": 576, "event_id": 5, "event_name": "", "event_opcode": 0, "event_version": 0, "process_id": 7660, "provider_name": "Microsoft-Windows-Kernel-Audit-API-Calls", "task_name": "", "thread_id": 7024, "timestamp": "2025-10-30 03:47:28Z", "trace_name": "AuditAPITrace01"}, "properties": {"DesiredAccess": 2147483648, "ReturnCode": 0, "TargetProcessId": 7660}, "property_types": {"DesiredAccess": "UINT32", "ReturnCode": "UINT32", "TargetProcessId": "UINT32"}}
{"header": {"activity_id": "{00000000-0000-0000-0000-000000000000}", "event_flags": 576, "event_id": 5, "event_name": "", "event_opcode": 0, "event_version": 0, "process_id": 7660, "provider_name": "Microsoft-Windows-Kernel-Audit-API-Calls", "task_name": "", "thread_id": 7024, "timestamp": "2025-10-30 03:47:28Z", "trace_name": "AuditAPITrace01"}, "properties": {"DesiredAccess": 2147483648, "ReturnCode": 0, "TargetProcessId": 7660}, "property_types": {"DesiredAccess": "UINT32", "ReturnCode": "UINT32", "TargetProcessId": "UINT32"}}
{"header": {"activity_id": "{00000000-0000-0000-0000-000000000000}", "event_flags": 576, "event_id": 5, "event_name": "", "event_opcode": 0, "event_version": 0, "process_id": 4, "provider_name": "Microsoft-Windows-Kernel-Audit-API-Calls", "task_name": "", "thread_id": 6976, "timestamp": "2025-10-30 03:47:28Z", "trace_name": "AuditAPITrace01"}, "properties": {"DesiredAccess": 0, "ReturnCode": 0, "TargetProcessId": 7660}, "property_types": {"DesiredAccess": "UINT32", "ReturnCode": "UINT32", "TargetProcessId": "UINT32"}}
{"header": {"activity_id": "{00000000-0000-0000-0000-000000000000}", "event_flags": 576, "event_id": 5, "event_name": "", "event_opcode": 0, "event_version": 0, "process_id": 4, "provider_name": "Microsoft-Windows-Kernel-Audit-API-Calls", "task_name": "", "thread_id": 7996, "timestamp": "2025-10-30 03:47:28Z", "trace_name": "AuditAPITrace01"}, "properties": {"DesiredAccess": 0, "ReturnCode": 0, "TargetProcessId": 4}, "property_types": {"DesiredAccess": "UINT32", "ReturnCode": "UINT32", "TargetProcessId": "UINT32"}}
{"header": {"activity_id": "{00000000-0000-0000-0000-000000000000}", "event_flags": 576, "event_id": 5, "event_name": "", "event_opcode": 0, "event_version": 0, "process_id": 4, "provider_name": "Microsoft-Windows-Kernel-Audit-API-Calls", "task_name": "", "thread_id": 7996, "timestamp": "2025-10-30 03:47:28Z", "trace_name": "AuditAPITrace01"}, "properties": {"DesiredAccess": 0, "ReturnCode": 0, "TargetProcessId": 4}, "property_types": {"DesiredAccess": "UINT32", "ReturnCode": "UINT32", "TargetProcessId": "UINT32"}}
{"header": {"activity_id": "{00000000-0000-0000-0000-000000000000}", "event_flags": 576, "event_id": 7, "event_name": "", "event_opcode": 0, "event_version": 3, "process_id": 3856, "provider_name": "Microsoft-Windows-Sysmon", "task_name": "Image loaded (rule: ImageLoad) ", "thread_id": 5992, "timestamp": "2025-10-30 03:47:28Z", "trace_name": "codeintegrity"}, "properties": {"Company": "Microsoft Corporation", "Description": "WMI", "FileVersion": "10.0.19041.1320 (WinBuild.160101.0800)", "Hashes": "SHA1=56B0069F6A58556EAFD5F42157AA2FE1F66A9182,MD5=455C1DBBB4D895A65E3B422473D46684,SHA256=C36167682A56B297127FAA22ECF137E21C3D0271306AB038B84D08501CC0C3B9,IMPHASH=31BB95F0D989FF6272550F8EC7E6F48C", "Image": "C:\\Users\\cyb3r\\Downloads\\sealighter.exe", "ImageLoaded": "C:\\Windows\\System32\\wbem\\wbemprox.dll", "OriginalFileName": "wbemprox.dll", "ProcessGuid": "{39898580-DFC2-6902-FF00-000000000300}", "ProcessId": 7660, "Product": "Microsoft Windows Operating System", "RuleName": "-", "Signature": "Microsoft Windows", "SignatureStatus": "Valid", "Signed": "true", "User": "DESKTOP-3AERCN7\\cyb3r", "UtcTime": "2025-10-30 03:47:28.234"}, "property_types": {"Company": "STRINGW", "Description": "STRINGW", "FileVersion": "STRINGW", "Hashes": "STRINGW", "Image": "STRINGW", "ImageLoaded": "STRINGW", "OriginalFileName": "STRINGW", "ProcessGuid": "GUID", "ProcessId": "UINT32", "Product": "STRINGW", "RuleName": "STRINGW", "Signature": "STRINGW", "SignatureStatus": "STRINGW", "Signed": "STRINGW", "User": "STRINGW", "UtcTime": "STRINGW"}}
{"header": {"activity_id": "{00000000-0000-0000-0000-000000000000}", "event_flags": 576, "event_id": 7, "event_name": "", "event_opcode": 0, "event_version": 3, "process_id": 3856, "provider_name": "Microsoft-Windows-Sysmon", "task_name": "Image loaded (rule: ImageLoad) ", "thread_id": 5992, "timestamp": "2025-10-30 03:47:28Z", "trace_name": "codeintegrity"}, "properties": {"Company": "Microsoft Corporation", "Description": "Windows Socket 2.0 32-Bit DLL", "FileVersion": "10.0.19041.546 (WinBuild.160101.0800)", "Hashes": "SHA1=2865C9AD28810C59F5EEED6F894467C9EB2C4EE8,MD5=6EED88C1206032A2797ABF131C6242CF,SHA256=1F996574F38219CDD848375F517F8D86E17542BC84D64CCE63AA0C64CC15F22D,IMPHASH=6EEE61EF7874AA59D1A3452C72E61D5C", "Image": "C:\\Users\\cyb3r\\Downloads\\sealighter.exe", "ImageLoaded": "C:\\Windows\\System32\\ws2_32.dll", "OriginalFileName": "ws2_32.dll", "ProcessGuid": "{39898580-DFC2-6902-FF00-000000000300}", "ProcessId": 7660, "Product": "Microsoft Windows Operating System", "RuleName": "-", "Signature": "Microsoft Windows", "SignatureStatus": "Valid", "Signed": "true", "User": "DESKTOP-3AERCN7\\cyb3r", "UtcTime": "2025-10-30 03:47:28.234"}, "property_types": {"Company": "STRINGW", "Description": "STRINGW", "FileVersion": "STRINGW", "Hashes": "STRINGW", "Image": "STRINGW", "ImageLoaded": "STRINGW", "OriginalFileName": "STRINGW", "ProcessGuid": "GUID", "ProcessId": "UINT32", "Product": "STRINGW", "RuleName": "STRINGW", "Signature": "STRINGW", "SignatureStatus": "STRINGW", "Signed": "STRINGW", "User": "STRINGW", "UtcTime": "STRINGW"}}
{"header": {"activity_id": "{00000000-0000-0000-0000-000000000000}", "event_flags": 576, "event_id": 5, "event_name": "", "event_opcode": 0, "event_version": 0, "process_id": 7660, "provider_name": "Microsoft-Windows-Kernel-Audit-API-Calls", "task_name": "", "thread_id": 7024, "timestamp": "2025-10-30 03:47:28Z", "trace_name": "AuditAPITrace01"}, "properties": {"DesiredAccess": 2147483648, "ReturnCode": 0, "TargetProcessId": 7660}, "property_types": {"DesiredAccess": "UINT32", "ReturnCode": "UINT32", "TargetProcessId": "UINT32"}}
{"header": {"activity_id": "{00000000-0000-0000-0000-000000000000}", "event_flags": 576, "event_id": 5, "event_name": "", "event_opcode": 0, "event_version": 0, "process_id": 7660, "provider_name": "Microsoft-Windows-Kernel-Audit-API-Calls", "task_name": "", "thread_id": 7024, "timestamp": "2025-10-30 03:47:28Z", "trace_name": "AuditAPITrace01"}, "properties": {"DesiredAccess": 2147483648, "ReturnCode": 0, "TargetProcessId": 7660}, "property_types": {"DesiredAccess": "UINT32", "ReturnCode": "UINT32", "TargetProcessId": "UINT32"}}
{"header": {"activity_id": "{00000000-0000-0000-0000-000000000000}", "event_flags": 576, "event_id": 5, "event_name": "", "event_opcode": 0, "event_version": 0, "process_id": 4, "provider_name": "Microsoft-Windows-Kernel-Audit-API-Calls", "task_name": "", "thread_id": 6976, "timestamp": "2025-10-30 03:47:28Z", "trace_name": "AuditAPITrace01"}, "properties": {"DesiredAccess": 0, "ReturnCode": 0, "TargetProcessId": 7660}, "property_types": {"DesiredAccess": "UINT32", "ReturnCode": "UINT32", "TargetProcessId": "UINT32"}}
{"header": {"activity_id": "{00000000-0000-0000-0000-000000000000}", "event_flags": 576, "event_id": 5, "event_name": "", "event_opcode": 0, "event_version": 0, "process_id": 4, "provider_name": "Microsoft-Windows-Kernel-Audit-API-Calls", "task_name": "", "thread_id": 7996, "timestamp": "2025-10-30 03:47:28Z", "trace_name": "AuditAPITrace01"}, "properties": {"DesiredAccess": 0, "ReturnCode": 0, "TargetProcessId": 4}, "property_types": {"DesiredAccess": "UINT32", "ReturnCode": "UINT32", "TargetProcessId": "UINT32"}}
{"header": {"activity_id": "{00000000-0000-0000-0000-000000000000}", "event_flags": 576, "event_id": 5, "event_name": "", "event_opcode": 0, "event_version": 0, "process_id": 4, "provider_name": "Microsoft-Windows-Kernel-Audit-API-Calls", "task_name": "", "thread_id": 7996, "timestamp": "2025-10-30 03:47:28Z", "trace_name": "AuditAPITrace01"}, "properties": {"DesiredAccess": 0, "ReturnCode": 0, "TargetProcessId": 4}, "property_types": {"DesiredAccess": "UINT32", "ReturnCode": "UINT32", "TargetProcessId": "UINT32"}}
{"header": {"activity_id": "{00000000-0000-0000-0000-000000000000}", "event_flags": 576, "event_id": 7, "event_name": "", "event_opcode": 0, "event_version": 3, "process_id": 3856, "provider_name": "Microsoft-Windows-Sysmon", "task_name": "Image loaded (rule: ImageLoad) ", "thread_id": 5992, "timestamp": "2025-10-30 03:47:28Z", "trace_name": "codeintegrity"}, "properties": {"Company": "Microsoft Corporation", "Description": "WMI", "FileVersion": "10.0.19041.1566 (WinBuild.160101.0800)", "Hashes": "SHA1=3E1FF71C20DE29088AF8A2B5E81FDB0D633F208C,MD5=CC5B39D4D84945F4F12A35F56BDD32EA,SHA256=CE5642320FE480EFBA320BDAF2248D2D70E766EF4D351C6F6A189D0BEEA891F2,IMPHASH=3A260A069D925247F8437C8742521204", "Image": "C:\\Users\\cyb3r\\Downloads\\sealighter.exe", "ImageLoaded": "C:\\Windows\\System32\\wbemcomn.dll", "OriginalFileName": "wbemcomn.dll", "ProcessGuid": "{39898580-DFC2-6902-FF00-000000000300}", "ProcessId": 7660, "Product": "Microsoft Windows Operating System", "RuleName": "-", "Signature": "Microsoft Windows", "SignatureStatus": "Valid", "Signed": "true", "User": "DESKTOP-3AERCN7\\cyb3r", "UtcTime": "2025-10-30 03:47:28.234"}, "property_types": {"Company": "STRINGW", "Description": "STRINGW", "FileVersion": "STRINGW", "Hashes": "STRINGW", "Image": "STRINGW", "ImageLoaded": "STRINGW", "OriginalFileName": "STRINGW", "ProcessGuid": "GUID", "ProcessId": "UINT32", "Product": "STRINGW", "RuleName": "STRINGW", "Signature": "STRINGW", "SignatureStatus": "STRINGW", "Signed": "STRINGW", "User": "STRINGW", "UtcTime": "STRINGW"}}
{"header": {"activity_id": "{00000000-0000-0000-0000-000000000000}", "event_flags": 576, "event_id": 5, "event_name": "", "event_opcode": 0, "event_version": 0, "process_id": 7660, "provider_name": "Microsoft-Windows-Kernel-Audit-API-Calls", "task_name": "", "thread_id": 7024, "timestamp": "2025-10-30 03:47:28Z", "trace_name": "AuditAPITrace01"}, "properties": {"DesiredAccess": 0, "ReturnCode": 0, "TargetProcessId": 7660}, "property_types": {"DesiredAccess": "UINT32", "ReturnCode": "UINT32", "TargetProcessId": "UINT32"}}
{"header": {"activity_id": "{00000000-0000-0000-0000-000000000000}", "event_flags": 576, "event_id": 12, "event_name": "", "event_opcode": 0, "event_version": 2, "process_id": 3856, "provider_name": "Microsoft-Windows-Sysmon", "task_name": "Registry object added or deleted (rule: RegistryEvent) ", "thread_id": 5992, "timestamp": "2025-10-30 03:47:28Z", "trace_name": "codeintegrity"}, "properties": {"EventType": "CreateKey", "Image": "C:\\Users\\cyb3r\\Downloads\\sealighter.exe", "ProcessGuid": "{39898580-DFC2-6902-FF00-000000000300}", "ProcessId": 7660, "RuleName": "-", "TargetObject": "HKLM\\SOFTWARE\\Microsoft\\Wbem\\CIMOM", "User": "DESKTOP-3AERCN7\\cyb3r", "UtcTime": "2025-10-30 03:47:28.234"}, "property_types": {"EventType": "STRINGW", "Image": "STRINGW", "ProcessGuid": "GUID", "ProcessId": "UINT32", "RuleName": "STRINGW", "TargetObject": "STRINGW", "User": "STRINGW", "UtcTime": "STRINGW"}}
{"header": {"activity_id": "{00000000-0000-0000-0000-000000000000}", "event_flags": 576, "event_id": 5, "event_name": "", "event_opcode": 0, "event_version": 0, "process_id": 7660, "provider_name": "Microsoft-Windows-Kernel-Audit-API-Calls", "task_name": "", "thread_id": 7024, "timestamp": "2025-10-30 03:47:28Z", "trace_name": "AuditAPITrace01"}, "properties": {"DesiredAccess": 0, "ReturnCode": 0, "TargetProcessId": 7660}, "property_types": {"DesiredAccess": "UINT32", "ReturnCode": "UINT32", "TargetProcessId": "UINT32"}}
{"header": {"activity_id": "{00000000-0000-0000-0000-000000000000}", "event_flags": 576, "event_id": 12, "event_name": "", "event_opcode": 0, "event_version": 2, "process_id": 3856, "provider_name": "Microsoft-Windows-Sysmon", "task_name": "Registry object added or deleted (rule: RegistryEvent) ", "thread_id": 5992, "timestamp": "2025-10-30 03:47:28Z", "trace_name": "codeintegrity"}, "properties": {"EventType": "CreateKey", "Image": "C:\\Users\\cyb3r\\Downloads\\sealighter.exe", "ProcessGuid": "{39898580-DFC2-6902-FF00-000000000300}", "ProcessId": 7660, "RuleName": "-", "TargetObject": "HKLM\\SOFTWARE\\Microsoft\\Wbem\\CIMOM", "User": "DESKTOP-3AERCN7\\cyb3r", "UtcTime": "2025-10-30 03:47:28.234"}, "property_types": {"EventType": "STRINGW", "Image": "STRINGW", "ProcessGuid": "GUID", "ProcessId": "UINT32", "RuleName": "STRINGW", "TargetObject": "STRINGW", "User": "STRINGW", "UtcTime": "STRINGW"}}
{"header": {"activity_id": "{00000000-0000-0000-0000-000000000000}", "event_flags": 576, "event_id": 5, "event_name": "", "event_opcode": 0, "event_version": 0, "process_id": 820, "provider_name": "Microsoft-Windows-Kernel-Audit-API-Calls", "task_name": "", "thread_id": 992, "timestamp": "2025-10-30 03:47:28Z", "trace_name": "AuditAPITrace01"}, "properties": {"DesiredAccess": 0, "ReturnCode": 0, "TargetProcessId": 7660}, "property_types": {"DesiredAccess": "UINT32", "ReturnCode": "UINT32", "TargetProcessId": "UINT32"}}
{"header": {"activity_id": "{00000000-0000-0000-0000-000000000000}", "event_flags": 576, "event_id": 5, "event_name": "", "event_opcode": 0, "event_version": 0, "process_id": 820, "provider_name": "Microsoft-Windows-Kernel-Audit-API-Calls", "task_name": "", "thread_id": 992, "timestamp": "2025-10-30 03:47:28Z", "trace_name": "AuditAPITrace01"}, "properties": {"DesiredAccess": 0, "ReturnCode": 0, "TargetProcessId": 820}, "property_types": {"DesiredAccess": "UINT32", "ReturnCode": "UINT32", "TargetProcessId": "UINT32"}}
{"header": {"activity_id": "{00000000-0000-0000-0000-000000000000}", "event_flags": 576, "event_id": 5, "event_name": "", "event_opcode": 0, "event_version": 0, "process_id": 820, "provider_name": "Microsoft-Windows-Kernel-Audit-API-Calls", "task_name": "", "thread_id": 992, "timestamp": "2025-10-30 03:47:28Z", "trace_name": "AuditAPITrace01"}, "properties": {"DesiredAccess": 0, "ReturnCode": 0, "TargetProcessId": 820}, "property_types": {"DesiredAccess": "UINT32", "ReturnCode": "UINT32", "TargetProcessId": "UINT32"}}
{"header": {"activity_id": "{00000000-0000-0000-0000-000000000000}", "event_flags": 576, "event_id": 5, "event_name": "", "event_opcode": 0, "event_version": 0, "process_id": 820, "provider_name": "Microsoft-Windows-Kernel-Audit-API-Calls", "task_name": "", "thread_id": 992, "timestamp": "2025-10-30 03:47:28Z", "trace_name": "AuditAPITrace01"}, "properties": {"DesiredAccess": 0, "ReturnCode": 0, "TargetProcessId": 7660}, "property_types": {"DesiredAccess": "UINT32", "ReturnCode": "UINT32", "TargetProcessId": "UINT32"}}
{"header": {"activity_id": "{00000000-0000-0000-0000-000000000000}", "event_flags": 576, "event_id": 5, "event_name": "", "event_opcode": 0, "event_version": 0, "process_id": 820, "provider_name": "Microsoft-Windows-Kernel-Audit-API-Calls", "task_name": "", "thread_id": 992, "timestamp": "2025-10-30 03:47:28Z", "trace_name": "AuditAPITrace01"}, "properties": {"DesiredAccess": 0, "ReturnCode": 0, "TargetProcessId": 7660}, "property_types": {"DesiredAccess": "UINT32", "ReturnCode": "UINT32", "TargetProcessId": "UINT32"}}
{"header": {"activity_id": "{00000000-0000-0000-0000-000000000000}", "event_flags": 576, "event_id": 5, "event_name": "", "event_opcode": 0, "event_version": 0, "process_id": 820, "provider_name": "Microsoft-Windows-Kernel-Audit-API-Calls", "task_name": "", "thread_id": 992, "timestamp": "2025-10-30 03:47:28Z", "trace_name": "AuditAPITrace01"}, "properties": {"DesiredAccess": 4096, "ReturnCode": 0, "TargetProcessId": 7660}, "property_types": {"DesiredAccess": "UINT32", "ReturnCode": "UINT32", "TargetProcessId": "UINT32"}}
{"header": {"activity_id": "{00000000-0000-0000-0000-000000000000}", "event_flags": 576, "event_id": 10, "event_name": "", "event_opcode": 0, "event_version": 3, "process_id": 3856, "provider_name": "Microsoft-Windows-Sysmon", "task_name": "Process accessed (rule: ProcessAccess) ", "thread_id": 5992, "timestamp": "2025-10-30 03:47:28Z", "trace_name": "codeintegrity"}, "properties": {"CallTrace": "C:\\Windows\\SYSTEM32\\ntdll.dll+9d524|C:\\Windows\\System32\\KERNELBASE.dll+308ee|c:\\windows\\system32\\rpcss.dll+303d3|c:\\windows\\system32\\rpcss.dll+30393|C:\\Windows\\System32\\RPCRT4.dll+7b253|C:\\Windows\\System32\\RPCRT4.dll+7a022|C:\\Windows\\System32\\RPCRT4.dll+1e09a|C:\\Windows\\System32\\RPCRT4.dll+5dd7a|C:\\Windows\\System32\\RPCRT4.dll+58f88|C:\\Windows\\System32\\RPCRT4.dll+3a1a6|C:\\Windows\\System32\\RPCRT4.dll+39af8|C:\\Windows\\System32\\RPCRT4.dll+472bf|C:\\Windows\\System32\\RPCRT4.dll+466c8|C:\\Windows\\System32\\RPCRT4.dll+45cb1|C:\\Windows\\System32\\RPCRT4.dll+4571e|C:\\Windows\\System32\\RPCRT4.dll+49e32|C:\\Windows\\SYSTEM32\\ntdll.dll+20330|C:\\Windows\\SYSTEM32\\ntdll.dll+52f76|C:\\Windows\\System32\\KERNEL32.DLL+17614|C:\\Windows\\SYSTEM32\\ntdll.dll+526a1", "GrantedAccess": "00100000", "RuleName": "-", "SourceImage": "C:\\Windows\\system32\\svchost.exe", "SourceProcessGUID": "{39898580-DB70-6902-0F00-000000000300}", "SourceProcessId": 820, "SourceThreadId": 992, "SourceUser": "NT AUTHORITY\\SYSTEM", "TargetImage": "C:\\Users\\cyb3r\\Downloads\\sealighter.exe", "TargetProcessGUID": "{39898580-DFC2-6902-FF00-000000000300}", "TargetProcessId": 7660, "TargetUser": "DESKTOP-3AERCN7\\cyb3r", "UtcTime": "2025-10-30 03:47:28.234"}, "property_types": {"CallTrace": "STRINGW", "GrantedAccess": "OTHER", "RuleName": "STRINGW", "SourceImage": "STRINGW", "SourceProcessGUID": "GUID", "SourceProcessId": "UINT32", "SourceThreadId": "UINT32", "SourceUser": "STRINGW", "TargetImage": "STRINGW", "TargetProcessGUID": "GUID", "TargetProcessId": "UINT32", "TargetUser": "STRINGW", "UtcTime": "STRINGW"}}
{"header": {"activity_id": "{00000000-0000-0000-0000-000000000000}", "event_flags": 576, "event_id": 5, "event_name": "", "event_opcode": 0, "event_version": 0, "process_id": 912, "provider_name": "Microsoft-Windows-Kernel-Audit-API-Calls", "task_name": "", "thread_id": 3388, "timestamp": "2025-10-30 03:47:28Z", "trace_name": "AuditAPITrace01"}, "properties": {"DesiredAccess": 0, "ReturnCode": 0, "TargetProcessId": 7660}, "property_types": {"DesiredAccess": "UINT32", "ReturnCode": "UINT32", "TargetProcessId": "UINT32"}}
{"header": {"activity_id": "{00000000-0000-0000-0000-000000000000}", "event_flags": 576, "event_id": 5, "event_name": "", "event_opcode": 0, "event_version": 0, "process_id": 912, "provider_name": "Microsoft-Windows-Kernel-Audit-API-Calls", "task_name": "", "thread_id": 3388, "timestamp": "2025-10-30 03:47:28Z", "trace_name": "AuditAPITrace01"}, "properties": {"DesiredAccess": 0, "ReturnCode": 0, "TargetProcessId": 912}, "property_types": {"DesiredAccess": "UINT32", "ReturnCode": "UINT32", "TargetProcessId": "UINT32"}}
{"header": {"activity_id": "{00000000-0000-0000-0000-000000000000}", "event_flags": 576, "event_id": 5, "event_name": "", "event_opcode": 0, "event_version": 0, "process_id": 912, "provider_name": "Microsoft-Windows-Kernel-Audit-API-Calls", "task_name": "", "thread_id": 3388, "timestamp": "2025-10-30 03:47:28Z", "trace_name": "AuditAPITrace01"}, "properties": {"DesiredAccess": 0, "ReturnCode": 0, "TargetProcessId": 912}, "property_types": {"DesiredAccess": "UINT32", "ReturnCode": "UINT32", "TargetProcessId": "UINT32"}}
{"header": {"activity_id": "{00000000-0000-0000-0000-000000000000}", "event_flags": 576, "event_id": 5, "event_name": "", "event_opcode": 0, "event_version": 0, "process_id": 912, "provider_name": "Microsoft-Windows-Kernel-Audit-API-Calls", "task_name": "", "thread_id": 3388, "timestamp": "2025-10-30 03:47:28Z", "trace_name": "AuditAPITrace01"}, "properties": {"DesiredAccess": 0, "ReturnCode": 0, "TargetProcessId": 7660}, "property_types": {"DesiredAccess": "UINT32", "ReturnCode": "UINT32", "TargetProcessId": "UINT32"}}
{"header": {"activity_id": "{00000000-0000-0000-0000-000000000000}", "event_flags": 576, "event_id": 5, "event_name": "", "event_opcode": 0, "event_version": 0, "process_id": 912, "provider_name": "Microsoft-Windows-Kernel-Audit-API-Calls", "task_name": "", "thread_id": 3388, "timestamp": "2025-10-30 03:47:28Z", "trace_name": "AuditAPITrace01"}, "properties": {"DesiredAccess": 0, "ReturnCode": 0, "TargetProcessId": 7660}, "property_types": {"DesiredAccess": "UINT32", "ReturnCode": "UINT32", "TargetProcessId": "UINT32"}}
{"header": {"activity_id": "{00000000-0000-0000-0000-000000000000}", "event_flags": 576, "event_id": 5, "event_name": "", "event_opcode": 0, "event_version": 0, "process_id": 912, "provider_name": "Microsoft-Windows-Kernel-Audit-API-Calls", "task_name": "", "thread_id": 3388, "timestamp": "2025-10-30 03:47:28Z", "trace_name": "AuditAPITrace01"}, "properties": {"DesiredAccess": 1048576, "ReturnCode": 0, "TargetProcessId": 7660}, "property_types": {"DesiredAccess": "UINT32", "ReturnCode": "UINT32", "TargetProcessId": "UINT32"}}
{"header": {"activity_id": "{00000000-0000-0000-0000-000000000000}", "event_flags": 576, "event_id": 10, "event_name": "", "event_opcode": 0, "event_version": 3, "process_id": 3856, "provider_name": "Microsoft-Windows-Sysmon", "task_name": "Process accessed (rule: ProcessAccess) ", "thread_id": 5992, "timestamp": "2025-10-30 03:47:28Z", "trace_name": "codeintegrity"}, "properties": {"CallTrace": "C:\\Windows\\SYSTEM32\\ntdll.dll+9e134|C:\\Windows\\System32\\RPCRT4.dll+4ee34|c:\\windows\\system32\\rpcss.dll+fd55|c:\\windows\\system32\\rpcss.dll+e647|C:\\Windows\\System32\\RPCRT4.dll+7b253|C:\\Windows\\System32\\RPCRT4.dll+7a022|C:\\Windows\\System32\\RPCRT4.dll+1e09a|C:\\Windows\\System32\\RPCRT4.dll+5dd7a|C:\\Windows\\System32\\RPCRT4.dll+58f88|C:\\Windows\\System32\\RPCRT4.dll+3a1a6|C:\\Windows\\System32\\RPCRT4.dll+39af8|C:\\Windows\\System32\\RPCRT4.dll+472bf|C:\\Windows\\System32\\RPCRT4.dll+466c8|C:\\Windows\\System32\\RPCRT4.dll+45cb1|C:\\Windows\\System32\\RPCRT4.dll+4571e|C:\\Windows\\System32\\RPCRT4.dll+49e32|C:\\Windows\\SYSTEM32\\ntdll.dll+20330|C:\\Windows\\SYSTEM32\\ntdll.dll+52f76|C:\\Windows\\System32\\KERNEL32.DLL+17614|C:\\Windows\\SYSTEM32\\ntdll.dll+526a1", "GrantedAccess": "00001000", "RuleName": "-", "SourceImage": "C:\\Windows\\system32\\svchost.exe", "SourceProcessGUID": "{39898580-DB70-6902-1000-000000000300}", "SourceProcessId": 912, "SourceThreadId": 3388, "SourceUser": "NT AUTHORITY\\NETWORK SERVICE", "TargetImage": "C:\\Users\\cyb3r\\Downloads\\sealighter.exe", "TargetProcessGUID": "{39898580-DFC2-6902-FF00-000000000300}", "TargetProcessId": 7660, "TargetUser": "DESKTOP-3AERCN7\\cyb3r", "UtcTime": "2025-10-30 03:47:28.234"}, "property_types": {"CallTrace": "STRINGW", "GrantedAccess": "OTHER", "RuleName": "STRINGW", "SourceImage": "STRINGW", "SourceProcessGUID": "GUID", "SourceProcessId": "UINT32", "SourceThreadId": "UINT32", "SourceUser": "STRINGW", "TargetImage": "STRINGW", "TargetProcessGUID": "GUID", "TargetProcessId": "UINT32", "TargetUser": "STRINGW", "UtcTime": "STRINGW"}}
{"header": {"activity_id": "{00000000-0000-0000-0000-000000000000}", "event_flags": 576, "event_id": 5, "event_name": "", "event_opcode": 0, "event_version": 0, "process_id": 7660, "provider_name": "Microsoft-Windows-Kernel-Audit-API-Calls", "task_name": "", "thread_id": 7024, "timestamp": "2025-10-30 03:47:28Z", "trace_name": "AuditAPITrace01"}, "properties": {"DesiredAccess": 2147483648, "ReturnCode": 0, "TargetProcessId": 7660}, "property_types": {"DesiredAccess": "UINT32", "ReturnCode": "UINT32", "TargetProcessId": "UINT32"}}
{"header": {"activity_id": "{00000000-0000-0000-0000-000000000000}", "event_flags": 576, "event_id": 5, "event_name": "", "event_opcode": 0, "event_version": 0, "process_id": 7660, "provider_name": "Microsoft-Windows-Kernel-Audit-API-Calls", "task_name": "", "thread_id": 7024, "timestamp": "2025-10-30 03:47:28Z", "trace_name": "AuditAPITrace01"}, "properties": {"DesiredAccess": 2147483648, "ReturnCode": 0, "TargetProcessId": 7660}, "property_types": {"DesiredAccess": "UINT32", "ReturnCode": "UINT32", "TargetProcessId": "UINT32"}}
{"header": {"activity_id": "{00000000-0000-0000-0000-000000000000}", "event_flags": 576, "event_id": 5, "event_name": "", "event_opcode": 0, "event_version": 0, "process_id": 4, "provider_name": "Microsoft-Windows-Kernel-Audit-API-Calls", "task_name": "", "thread_id": 6976, "timestamp": "2025-10-30 03:47:28Z", "trace_name": "AuditAPITrace01"}, "properties": {"DesiredAccess": 0, "ReturnCode": 0, "TargetProcessId": 7660}, "property_types": {"DesiredAccess": "UINT32", "ReturnCode": "UINT32", "TargetProcessId": "UINT32"}}
{"header": {"activity_id": "{00000000-0000-0000-0000-000000000000}", "event_flags": 576, "event_id": 7, "event_name": "", "event_opcode": 0, "event_version": 3, "process_id": 3856, "provider_name": "Microsoft-Windows-Sysmon", "task_name": "Image loaded (rule: ImageLoad) ", "thread_id": 5992, "timestamp": "2025-10-30 03:47:28Z", "trace_name": "codeintegrity"}, "properties": {"Company": "Microsoft Corporation", "Description": "WMI", "FileVersion": "10.0.19041.1320 (WinBuild.160101.0800)", "Hashes": "SHA1=EE432AD64C6F9146261BF8D8CEF1C685A7FA3B12,MD5=AEE2A482C5535ECB6E942A7E47A6B51E,SHA256=14A90A5D423F74CF0575A17A00CCE1942881ACB5378ED983DFBFD420B41786D0,IMPHASH=1CF44754B099F8487ECC57BDB08B3B52", "Image": "C:\\Users\\cyb3r\\Downloads\\sealighter.exe", "ImageLoaded": "C:\\Windows\\System32\\wbem\\wbemsvc.dll", "OriginalFileName": "wbemsvc.dll", "ProcessGuid": "{39898580-DFC2-6902-FF00-000000000300}", "ProcessId": 7660, "Product": "Microsoft Windows Operating System", "RuleName": "-", "Signature": "Microsoft Windows", "SignatureStatus": "Valid", "Signed": "true", "User": "DESKTOP-3AERCN7\\cyb3r", "UtcTime": "2025-10-30 03:47:28.234"}, "property_types": {"Company": "STRINGW", "Description": "STRINGW", "FileVersion": "STRINGW", "Hashes": "STRINGW", "Image": "STRINGW", "ImageLoaded": "STRINGW", "OriginalFileName": "STRINGW", "ProcessGuid": "GUID", "ProcessId": "UINT32", "Product": "STRINGW", "RuleName": "STRINGW", "Signature": "STRINGW", "SignatureStatus": "STRINGW", "Signed": "STRINGW", "User": "STRINGW", "UtcTime": "STRINGW"}}
{"header": {"activity_id": "{00000000-0000-0000-0000-000000000000}", "event_flags": 576, "event_id": 5, "event_name": "", "event_opcode": 0, "event_version": 0, "process_id": 7660, "provider_name": "Microsoft-Windows-Kernel-Audit-API-Calls", "task_name": "", "thread_id": 7024, "timestamp": "2025-10-30 03:47:28Z", "trace_name": "AuditAPITrace01"}, "properties": {"DesiredAccess": 2147483648, "ReturnCode": 0, "TargetProcessId": 7660}, "property_types": {"DesiredAccess": "UINT32", "ReturnCode": "UINT32", "TargetProcessId": "UINT32"}}
{"header": {"activity_id": "{00000000-0000-0000-0000-000000000000}", "event_flags": 576, "event_id": 5, "event_name": "", "event_opcode": 0, "event_version": 0, "process_id": 7660, "provider_name": "Microsoft-Windows-Kernel-Audit-API-Calls", "task_name": "", "thread_id": 7024, "timestamp": "2025-10-30 03:47:28Z", "trace_name": "AuditAPITrace01"}, "properties": {"DesiredAccess": 2147483648, "ReturnCode": 0, "TargetProcessId": 7660}, "property_types": {"DesiredAccess": "UINT32", "ReturnCode": "UINT32", "TargetProcessId": "UINT32"}}
{"header": {"activity_id": "{00000000-0000-0000-0000-000000000000}", "event_flags": 576, "event_id": 5, "event_name": "", "event_opcode": 0, "event_version": 0, "process_id": 4, "provider_name": "Microsoft-Windows-Kernel-Audit-API-Calls", "task_name": "", "thread_id": 6976, "timestamp": "2025-10-30 03:47:28Z", "trace_name": "AuditAPITrace01"}, "properties": {"DesiredAccess": 0, "ReturnCode": 0, "TargetProcessId": 7660}, "property_types": {"DesiredAccess": "UINT32", "ReturnCode": "UINT32", "TargetProcessId": "UINT32"}}
{"header": {"activity_id": "{00000000-0000-0000-0000-000000000000}", "event_flags": 576, "event_id": 7, "event_name": "", "event_opcode": 0, "event_version": 3, "process_id": 3856, "provider_name": "Microsoft-Windows-Sysmon", "task_name": "Image loaded (rule: ImageLoad) ", "thread_id": 5992, "timestamp": "2025-10-30 03:47:28Z", "trace_name": "codeintegrity"}, "properties": {"Company": "Microsoft Corporation", "Description": "WMI Custom Marshaller", "FileVersion": "10.0.19041.546 (WinBuild.160101.0800)", "Hashes": "SHA1=1817AFFE0FCDB9F290404B7F92CA8F0A45D16718,MD5=3A1A5EFA7D0C56DC75E1680002894936,SHA256=5DA409F81810BC0CF9419A7F67D61DB00C63275E118C29528DA73D315B191654,IMPHASH=D289F182A8B57C923BDB629966C00369", "Image": "C:\\Users\\cyb3r\\Downloads\\sealighter.exe", "ImageLoaded": "C:\\Windows\\System32\\wbem\\fastprox.dll", "OriginalFileName": "fastprox.dll", "ProcessGuid": "{39898580-DFC2-6902-FF00-000000000300}", "ProcessId": 7660, "Product": "Microsoft Windows Operating System", "RuleName": "-", "Signature": "Microsoft Windows", "SignatureStatus": "Valid", "Signed": "true", "User": "DESKTOP-3AERCN7\\cyb3r", "UtcTime": "2025-10-30 03:47:28.234"}, "property_types": {"Company": "STRINGW", "Description": "STRINGW", "FileVersion": "STRINGW", "Hashes": "STRINGW", "Image": "STRINGW", "ImageLoaded": "STRINGW", "OriginalFileName": "STRINGW", "ProcessGuid": "GUID", "ProcessId": "UINT32", "Product": "STRINGW", "RuleName": "STRINGW", "Signature": "STRINGW", "SignatureStatus": "STRINGW", "Signed": "STRINGW", "User": "STRINGW", "UtcTime": "STRINGW"}}
{"header": {"activity_id": "{00000000-0000-0000-0000-000000000000}", "event_flags": 576, "event_id": 5, "event_name": "", "event_opcode": 0, "event_version": 0, "process_id": 7660, "provider_name": "Microsoft-Windows-Kernel-Audit-API-Calls", "task_name": "", "thread_id": 7024, "timestamp": "2025-10-30 03:47:28Z", "trace_name": "AuditAPITrace01"}, "properties": {"DesiredAccess": 0, "ReturnCode": 0, "TargetProcessId": 7660}, "property_types": {"DesiredAccess": "UINT32", "ReturnCode": "UINT32", "TargetProcessId": "UINT32"}}
{"header": {"activity_id": "{00000000-0000-0000-0000-000000000000}", "event_flags": 576, "event_id": 5, "event_name": "", "event_opcode": 0, "event_version": 0, "process_id": 7660, "provider_name": "Microsoft-Windows-Kernel-Audit-API-Calls", "task_name": "", "thread_id": 7024, "timestamp": "2025-10-30 03:47:28Z", "trace_name": "AuditAPITrace01"}, "properties": {"DesiredAccess": 0, "ReturnCode": 0, "TargetProcessId": 7660}, "property_types": {"DesiredAccess": "UINT32", "ReturnCode": "UINT32", "TargetProcessId": "UINT32"}}
{"header": {"activity_id": "{00000000-0000-0000-0000-000000000000}", "event_flags": 576, "event_id": 5, "event_name": "", "event_opcode": 0, "event_version": 0, "process_id": 7660, "provider_name": "Microsoft-Windows-Kernel-Audit-API-Calls", "task_name": "", "thread_id": 7024, "timestamp": "2025-10-30 03:47:28Z", "trace_name": "AuditAPITrace01"}, "properties": {"DesiredAccess": 2147483648, "ReturnCode": 0, "TargetProcessId": 7660}, "property_types": {"DesiredAccess": "UINT32", "ReturnCode": "UINT32", "TargetProcessId": "UINT32"}}
{"header": {"activity_id": "{00000000-0000-0000-0000-000000000000}", "event_flags": 576, "event_id": 5, "event_name": "", "event_opcode": 0, "event_version": 0, "process_id": 7660, "provider_name": "Microsoft-Windows-Kernel-Audit-API-Calls", "task_name": "", "thread_id": 7024, "timestamp": "2025-10-30 03:47:28Z", "trace_name": "AuditAPITrace01"}, "properties": {"DesiredAccess": 2147483648, "ReturnCode": 0, "TargetProcessId": 7660}, "property_types": {"DesiredAccess": "UINT32", "ReturnCode": "UINT32", "TargetProcessId": "UINT32"}}
{"header": {"activity_id": "{00000000-0000-0000-0000-000000000000}", "event_flags": 576, "event_id": 5, "event_name": "", "event_opcode": 0, "event_version": 0, "process_id": 4, "provider_name": "Microsoft-Windows-Kernel-Audit-API-Calls", "task_name": "", "thread_id": 6976, "timestamp": "2025-10-30 03:47:28Z", "trace_name": "AuditAPITrace01"}, "properties": {"DesiredAccess": 0, "ReturnCode": 0, "TargetProcessId": 7660}, "property_types": {"DesiredAccess": "UINT32", "ReturnCode": "UINT32", "TargetProcessId": "UINT32"}}
{"header": {"activity_id": "{00000000-0000-0000-0000-000000000000}", "event_flags": 576, "event_id": 5, "event_name": "", "event_opcode": 0, "event_version": 0, "process_id": 7660, "provider_name": "Microsoft-Windows-Kernel-Audit-API-Calls", "task_name": "", "thread_id": 7024, "timestamp": "2025-10-30 03:47:28Z", "trace_name": "AuditAPITrace01"}, "properties": {"DesiredAccess": 2147483648, "ReturnCode": 0, "TargetProcessId": 7660}, "property_types": {"DesiredAccess": "UINT32", "ReturnCode": "UINT32", "TargetProcessId": "UINT32"}}
{"header": {"activity_id": "{00000000-0000-0000-0000-000000000000}", "event_flags": 576, "event_id": 5, "event_name": "", "event_opcode": 0, "event_version": 0, "process_id": 7660, "provider_name": "Microsoft-Windows-Kernel-Audit-API-Calls", "task_name": "", "thread_id": 7024, "timestamp": "2025-10-30 03:47:28Z", "trace_name": "AuditAPITrace01"}, "properties": {"DesiredAccess": 2147483648, "ReturnCode": 0, "TargetProcessId": 7660}, "property_types": {"DesiredAccess": "UINT32", "ReturnCode": "UINT32", "TargetProcessId": "UINT32"}}
{"header": {"activity_id": "{00000000-0000-0000-0000-000000000000}", "event_flags": 576, "event_id": 5, "event_name": "", "event_opcode": 0, "event_version": 0, "process_id": 4, "provider_name": "Microsoft-Windows-Kernel-Audit-API-Calls", "task_name": "", "thread_id": 6976, "timestamp": "2025-10-30 03:47:28Z", "trace_name": "AuditAPITrace01"}, "properties": {"DesiredAccess": 0, "ReturnCode": 0, "TargetProcessId": 7660}, "property_types": {"DesiredAccess": "UINT32", "ReturnCode": "UINT32", "TargetProcessId": "UINT32"}}
{"header": {"activity_id": "{00000000-0000-0000-0000-000000000000}", "event_flags": 576, "event_id": 7, "event_name": "", "event_opcode": 0, "event_version": 3, "process_id": 3856, "provider_name": "Microsoft-Windows-Sysmon", "task_name": "Image loaded (rule: ImageLoad) ", "thread_id": 5992, "timestamp": "2025-10-30 03:47:28Z", "trace_name": "codeintegrity"}, "properties": {"Company": "Microsoft Corporation", "Description": "WMI", "FileVersion": "10.0.19041.1320 (WinBuild.160101.0800)", "Hashes": "SHA1=56B0069F6A58556EAFD5F42157AA2FE1F66A9182,MD5=455C1DBBB4D895A65E3B422473D46684,SHA256=C36167682A56B297127FAA22ECF137E21C3D0271306AB038B84D08501CC0C3B9,IMPHASH=31BB95F0D989FF6272550F8EC7E6F48C", "Image": "C:\\Users\\cyb3r\\Downloads\\sealighter.exe", "ImageLoaded": "C:\\Windows\\System32\\wbem\\wbemprox.dll", "OriginalFileName": "wbemprox.dll", "ProcessGuid": "{39898580-DFC2-6902-FF00-000000000300}", "ProcessId": 7660, "Product": "Microsoft Windows Operating System", "RuleName": "-", "Signature": "Microsoft Windows", "SignatureStatus": "Valid", "Signed": "true", "User": "DESKTOP-3AERCN7\\cyb3r", "UtcTime": "2025-10-30 03:47:28.328"}, "property_types": {"Company": "STRINGW", "Description": "STRINGW", "FileVersion": "STRINGW", "Hashes": "STRINGW", "Image": "STRINGW", "ImageLoaded": "STRINGW", "OriginalFileName": "STRINGW", "ProcessGuid": "GUID", "ProcessId": "UINT32", "Product": "STRINGW", "RuleName": "STRINGW", "Signature": "STRINGW", "SignatureStatus": "STRINGW", "Signed": "STRINGW", "User": "STRINGW", "UtcTime": "STRINGW"}}
{"header": {"activity_id": "{00000000-0000-0000-0000-000000000000}", "event_flags": 576, "event_id": 7, "event_name": "", "event_opcode": 0, "event_version": 3, "process_id": 3856, "provider_name": "Microsoft-Windows-Sysmon", "task_name": "Image loaded (rule: ImageLoad) ", "thread_id": 5992, "timestamp": "2025-10-30 03:47:28Z", "trace_name": "codeintegrity"}, "properties": {"Company": "Microsoft Corporation", "Description": "Windows Socket 2.0 32-Bit DLL", "FileVersion": "10.0.19041.546 (WinBuild.160101.0800)", "Hashes": "SHA1=2865C9AD28810C59F5EEED6F894467C9EB2C4EE8,MD5=6EED88C1206032A2797ABF131C6242CF,SHA256=1F996574F38219CDD848375F517F8D86E17542BC84D64CCE63AA0C64CC15F22D,IMPHASH=6EEE61EF7874AA59D1A3452C72E61D5C", "Image": "C:\\Users\\cyb3r\\Downloads\\sealighter.exe", "ImageLoaded": "C:\\Windows\\System32\\ws2_32.dll", "OriginalFileName": "ws2_32.dll", "ProcessGuid": "{39898580-DFC2-6902-FF00-000000000300}", "ProcessId": 7660, "Product": "Microsoft Windows Operating System", "RuleName": "-", "Signature": "Microsoft Windows", "SignatureStatus": "Valid", "Signed": "true", "User": "DESKTOP-3AERCN7\\cyb3r", "UtcTime": "2025-10-30 03:47:28.328"}, "property_types": {"Company": "STRINGW", "Description": "STRINGW", "FileVersion": "STRINGW", "Hashes": "STRINGW", "Image": "STRINGW", "ImageLoaded": "STRINGW", "OriginalFileName": "STRINGW", "ProcessGuid": "GUID", "ProcessId": "UINT32", "Product": "STRINGW", "RuleName": "STRINGW", "Signature": "STRINGW", "SignatureStatus": "STRINGW", "Signed": "STRINGW", "User": "STRINGW", "UtcTime": "STRINGW"}}
{"header": {"activity_id": "{00000000-0000-0000-0000-000000000000}", "event_flags": 576, "event_id": 5, "event_name": "", "event_opcode": 0, "event_version": 0, "process_id": 7660, "provider_name": "Microsoft-Windows-Kernel-Audit-API-Calls", "task_name": "", "thread_id": 7544, "timestamp": "2025-10-30 03:47:28Z", "trace_name": "AuditAPITrace01"}, "properties": {"DesiredAccess": 2147483648, "ReturnCode": 0, "TargetProcessId": 7660}, "property_types": {"DesiredAccess": "UINT32", "ReturnCode": "UINT32", "TargetProcessId": "UINT32"}}
{"header": {"activity_id": "{00000000-0000-0000-0000-000000000000}", "event_flags": 576, "event_id": 5, "event_name": "", "event_opcode": 0, "event_version": 0, "process_id": 7660, "provider_name": "Microsoft-Windows-Kernel-Audit-API-Calls", "task_name": "", "thread_id": 7544, "timestamp": "2025-10-30 03:47:28Z", "trace_name": "AuditAPITrace01"}, "properties": {"DesiredAccess": 2147483648, "ReturnCode": 0, "TargetProcessId": 7660}, "property_types": {"DesiredAccess": "UINT32", "ReturnCode": "UINT32", "TargetProcessId": "UINT32"}}
{"header": {"activity_id": "{00000000-0000-0000-0000-000000000000}", "event_flags": 576, "event_id": 5, "event_name": "", "event_opcode": 0, "event_version": 0, "process_id": 4, "provider_name": "Microsoft-Windows-Kernel-Audit-API-Calls", "task_name": "", "thread_id": 6976, "timestamp": "2025-10-30 03:47:28Z", "trace_name": "AuditAPITrace01"}, "properties": {"DesiredAccess": 0, "ReturnCode": 0, "TargetProcessId": 7660}, "property_types": {"DesiredAccess": "UINT32", "ReturnCode": "UINT32", "TargetProcessId": "UINT32"}}
{"header": {"activity_id": "{00000000-0000-0000-0000-000000000000}", "event_flags": 576, "event_id": 7, "event_name": "", "event_opcode": 0, "event_version": 3, "process_id": 3856, "provider_name": "Microsoft-Windows-Sysmon", "task_name": "Image loaded (rule: ImageLoad) ", "thread_id": 5992, "timestamp": "2025-10-30 03:47:28Z", "trace_name": "codeintegrity"}, "properties": {"Company": "Microsoft Corporation", "Description": "WMI", "FileVersion": "10.0.19041.1566 (WinBuild.160101.0800)", "Hashes": "SHA1=3E1FF71C20DE29088AF8A2B5E81FDB0D633F208C,MD5=CC5B39D4D84945F4F12A35F56BDD32EA,SHA256=CE5642320FE480EFBA320BDAF2248D2D70E766EF4D351C6F6A189D0BEEA891F2,IMPHASH=3A260A069D925247F8437C8742521204", "Image": "C:\\Users\\cyb3r\\Downloads\\sealighter.exe", "ImageLoaded": "C:\\Windows\\System32\\wbemcomn.dll", "OriginalFileName": "wbemcomn.dll", "ProcessGuid": "{39898580-DFC2-6902-FF00-000000000300}", "ProcessId": 7660, "Product": "Microsoft Windows Operating System", "RuleName": "-", "Signature": "Microsoft Windows", "SignatureStatus": "Valid", "Signed": "true", "User": "DESKTOP-3AERCN7\\cyb3r", "UtcTime": "2025-10-30 03:47:28.328"}, "property_types": {"Company": "STRINGW", "Description": "STRINGW", "FileVersion": "STRINGW", "Hashes": "STRINGW", "Image": "STRINGW", "ImageLoaded": "STRINGW", "OriginalFileName": "STRINGW", "ProcessGuid": "GUID", "ProcessId": "UINT32", "Product": "STRINGW", "RuleName": "STRINGW", "Signature": "STRINGW", "SignatureStatus": "STRINGW", "Signed": "STRINGW", "User": "STRINGW", "UtcTime": "STRINGW"}}
{"header": {"activity_id": "{00000000-0000-0000-0000-000000000000}", "event_flags": 576, "event_id": 5, "event_name": "", "event_opcode": 0, "event_version": 0, "process_id": 7660, "provider_name": "Microsoft-Windows-Kernel-Audit-API-Calls", "task_name": "", "thread_id": 7024, "timestamp": "2025-10-30 03:47:28Z", "trace_name": "AuditAPITrace01"}, "properties": {"DesiredAccess": 0, "ReturnCode": 0, "TargetProcessId": 7660}, "property_types": {"DesiredAccess": "UINT32", "ReturnCode": "UINT32", "TargetProcessId": "UINT32"}}
{"header": {"activity_id": "{00000000-0000-0000-0000-000000000000}", "event_flags": 576, "event_id": 12, "event_name": "", "event_opcode": 0, "event_version": 2, "process_id": 3856, "provider_name": "Microsoft-Windows-Sysmon", "task_name": "Registry object added or deleted (rule: RegistryEvent) ", "thread_id": 5992, "timestamp": "2025-10-30 03:47:28Z", "trace_name": "codeintegrity"}, "properties": {"EventType": "CreateKey", "Image": "C:\\Users\\cyb3r\\Downloads\\sealighter.exe", "ProcessGuid": "{39898580-DFC2-6902-FF00-000000000300}", "ProcessId": 7660, "RuleName": "-", "TargetObject": "HKLM\\SOFTWARE\\Microsoft\\Wbem\\CIMOM", "User": "DESKTOP-3AERCN7\\cyb3r", "UtcTime": "2025-10-30 03:47:28.328"}, "property_types": {"EventType": "STRINGW", "Image": "STRINGW", "ProcessGuid": "GUID", "ProcessId": "UINT32", "RuleName": "STRINGW", "TargetObject": "STRINGW", "User": "STRINGW", "UtcTime": "STRINGW"}}
{"header": {"activity_id": "{00000000-0000-0000-0000-000000000000}", "event_flags": 576, "event_id": 5, "event_name": "", "event_opcode": 0, "event_version": 0, "process_id": 7660, "provider_name": "Microsoft-Windows-Kernel-Audit-API-Calls", "task_name": "", "thread_id": 7024, "timestamp": "2025-10-30 03:47:28Z", "trace_name": "AuditAPITrace01"}, "properties": {"DesiredAccess": 0, "ReturnCode": 0, "TargetProcessId": 7660}, "property_types": {"DesiredAccess": "UINT32", "ReturnCode": "UINT32", "TargetProcessId": "UINT32"}}
{"header": {"activity_id": "{00000000-0000-0000-0000-000000000000}", "event_flags": 576, "event_id": 12, "event_name": "", "event_opcode": 0, "event_version": 2, "process_id": 3856, "provider_name": "Microsoft-Windows-Sysmon", "task_name": "Registry object added or deleted (rule: RegistryEvent) ", "thread_id": 5992, "timestamp": "2025-10-30 03:47:28Z", "trace_name": "codeintegrity"}, "properties": {"EventType": "CreateKey", "Image": "C:\\Users\\cyb3r\\Downloads\\sealighter.exe", "ProcessGuid": "{39898580-DFC2-6902-FF00-000000000300}", "ProcessId": 7660, "RuleName": "-", "TargetObject": "HKLM\\SOFTWARE\\Microsoft\\Wbem\\CIMOM", "User": "DESKTOP-3AERCN7\\cyb3r", "UtcTime": "2025-10-30 03:47:28.328"}, "property_types": {"EventType": "STRINGW", "Image": "STRINGW", "ProcessGuid": "GUID", "ProcessId": "UINT32", "RuleName": "STRINGW", "TargetObject": "STRINGW", "User": "STRINGW", "UtcTime": "STRINGW"}}
