{"header": {"activity_id": "{3A71319B-494D-0000-5F4F-713A4D49DC01}", "event_flags": 576, "event_id": 3039, "event_name": "", "event_opcode": 2, "event_version": 1, "process_id": 3856, "provider_name": "Microsoft-Windows-CodeIntegrity", "task_name": "ValidateImageHeader", "thread_id": 5368, "timestamp": "2025-10-30 03:47:33Z", "trace_name": "codeintegrity"}, "properties": {"Status": "00000000"}, "property_types": {"Status": "OTHER"}}
{"header": {"activity_id": "{00000000-0000-0000-0000-000000000000}", "event_flags": 576, "event_id": 5, "event_name": "", "event_opcode": 0, "event_version": 0, "process_id": 3856, "provider_name": "Microsoft-Windows-Kernel-Audit-API-Calls", "task_name": "", "thread_id": 5368, "timestamp": "2025-10-30 03:47:33Z", "trace_name": "AuditAPITrace01"}, "properties": {"DesiredAccess": 2147483648, "ReturnCode": 0, "TargetProcessId": 3856}, "property_types": {"DesiredAccess": "UINT32", "ReturnCode": "UINT32", "TargetProcessId": "UINT32"}}
{"header": {"activity_id": "{00000000-0000-0000-0000-000000000000}", "event_flags": 576, "event_id": 5, "event_name": "", "event_opcode": 0, "event_version": 0, "process_id": 3856, "provider_name": "Microsoft-Windows-Kernel-Audit-API-Calls", "task_name": "", "thread_id": 5368, "timestamp": "2025-10-30 03:47:33Z", "trace_name": "AuditAPITrace01"}, "properties": {"DesiredAccess": 2147483648, "ReturnCode": 0, "TargetProcessId": 3856}, "property_types": {"DesiredAccess": "UINT32", "ReturnCode": "UINT32", "TargetProcessId": "UINT32"}}
{"header": {"activity_id": "{3A71319B-494D-0000-604F-713A4D49DC01}", "event_flags": 576, "event_id": 3038, "event_name": "", "event_opcode": 1, "event_version": 2, "process_id": 3856, "provider_name": "Microsoft-Windows-CodeIntegrity", "task_name": "ValidateImageHeader", "thread_id": 5368, "timestamp": "2025-10-30 03:47:33Z", "trace_name": "codeintegrity"}, "properties": {"FileNameBuffer": "\\Windows\\System32\\dhcpcsvc.dll", "FileNameLength": 30, "ProcessNameBuffer": "\\Device\\HarddiskVolume2\\Windows\\Sysmon64.exe", "ProcessNameLength": 44, "RequestedSigningLevel": 7, "SecureRequired": "00000000"}, "property_types": {"FileNameBuffer": "STRINGW", "FileNameLength": "UINT16", "ProcessNameBuffer": "STRINGW", "ProcessNameLength": "UINT16", "RequestedSigningLevel": "UINT8", "SecureRequired": "OTHER"}}
{"header": {"activity_id": "{3A71319B-494D-0000-604F-713A4D49DC01}", "event_flags": 576, "event_id": 3040, "event_name": "", "event_opcode": 1, "event_version": 0, "process_id": 3856, "provider_name": "Microsoft-Windows-CodeIntegrity", "task_name": "GetFileCache", "thread_id": 5368, "timestamp": "2025-10-30 03:47:33Z", "trace_name": "codeintegrity"}, "properties": {"FileNameBuffer": "\\Windows\\System32\\dhcpcsvc.dll", "FileNameLength": 30}, "property_types": {"FileNameBuffer": "STRINGW", "FileNameLength": "UINT16"}}
{"header": {"activity_id": "{3A71319B-494D-0000-604F-713A4D49DC01}", "event_flags": 576, "event_id": 3041, "event_name": "", "event_opcode": 2, "event_version": 2, "process_id": 3856, "provider_name": "Microsoft-Windows-CodeIntegrity", "task_name": "GetFileCache", "thread_id": 5368, "timestamp": "2025-10-30 03:47:33Z", "trace_name": "codeintegrity"}, "properties": {"CacheSource": 0, "CachedFlags": "42000000", "CachedPolicy": 12, "Status": "00000000"}, "property_types": {"CacheSource": "UINT8", "CachedFlags": "OTHER", "CachedPolicy": "UINT8", "Status": "OTHER"}}
{"header": {"activity_id": "{3A71319B-494D-0000-604F-713A4D49DC01}", "event_flags": 576, "event_id": 3039, "event_name": "", "event_opcode": 2, "event_version": 1, "process_id": 3856, "provider_name": "Microsoft-Windows-CodeIntegrity", "task_name": "ValidateImageHeader", "thread_id": 5368, "timestamp": "2025-10-30 03:47:33Z", "trace_name": "codeintegrity"}, "properties": {"Status": "00000000"}, "property_types": {"Status": "OTHER"}}
{"header": {"activity_id": "{00000000-0000-0000-0000-000000000000}", "event_flags": 576, "event_id": 5, "event_name": "", "event_opcode": 0, "event_version": 0, "process_id": 3856, "provider_name": "Microsoft-Windows-Kernel-Audit-API-Calls", "task_name": "", "thread_id": 5368, "timestamp": "2025-10-30 03:47:33Z", "trace_name": "AuditAPITrace01"}, "properties": {"DesiredAccess": 2147483648, "ReturnCode": 0, "TargetProcessId": 3856}, "property_types": {"DesiredAccess": "UINT32", "ReturnCode": "UINT32", "TargetProcessId": "UINT32"}}
{"header": {"activity_id": "{00000000-0000-0000-0000-000000000000}", "event_flags": 576, "event_id": 5, "event_name": "", "event_opcode": 0, "event_version": 0, "process_id": 3856, "provider_name": "Microsoft-Windows-Kernel-Audit-API-Calls", "task_name": "", "thread_id": 5368, "timestamp": "2025-10-30 03:47:33Z", "trace_name": "AuditAPITrace01"}, "properties": {"DesiredAccess": 2147483648, "ReturnCode": 0, "TargetProcessId": 3856}, "property_types": {"DesiredAccess": "UINT32", "ReturnCode": "UINT32", "TargetProcessId": "UINT32"}}
{"header": {"activity_id": "{00000000-0000-0000-0000-000000000000}", "event_flags": 576, "event_id": 5, "event_name": "", "event_opcode": 0, "event_version": 0, "process_id": 3856, "provider_name": "Microsoft-Windows-Kernel-Audit-API-Calls", "task_name": "", "thread_id": 4372, "timestamp": "2025-10-30 03:47:33Z", "trace_name": "AuditAPITrace01"}, "properties": {"DesiredAccess": 2147483648, "ReturnCode": 0, "TargetProcessId": 3856}, "property_types": {"DesiredAccess": "UINT32", "ReturnCode": "UINT32", "TargetProcessId": "UINT32"}}
{"header": {"activity_id": "{00000000-0000-0000-0000-000000000000}", "event_flags": 576, "event_id": 5, "event_name": "", "event_opcode": 0, "event_version": 0, "process_id": 3856, "provider_name": "Microsoft-Windows-Kernel-Audit-API-Calls", "task_name": "", "thread_id": 4372, "timestamp": "2025-10-30 03:47:33Z", "trace_name": "AuditAPITrace01"}, "properties": {"DesiredAccess": 2147483648, "ReturnCode": 0, "TargetProcessId": 3856}, "property_types": {"DesiredAccess": "UINT32", "ReturnCode": "UINT32", "TargetProcessId": "UINT32"}}
{"header": {"activity_id": "{3A71319B-494D-0001-244E-713A4D49DC01}", "event_flags": 576, "event_id": 3038, "event_name": "", "event_opcode": 1, "event_version": 2, "process_id": 3856, "provider_name": "Microsoft-Windows-CodeIntegrity", "task_name": "ValidateImageHeader", "thread_id": 5368, "timestamp": "2025-10-30 03:47:33Z", "trace_name": "codeintegrity"}, "properties": {"FileNameBuffer": "\\Windows\\System32\\webio.dll", "FileNameLength": 27, "ProcessNameBuffer": "\\Device\\HarddiskVolume2\\Windows\\Sysmon64.exe", "ProcessNameLength": 44, "RequestedSigningLevel": 7, "SecureRequired": "00000000"}, "property_types": {"FileNameBuffer": "STRINGW", "FileNameLength": "UINT16", "ProcessNameBuffer": "STRINGW", "ProcessNameLength": "UINT16", "RequestedSigningLevel": "UINT8", "SecureRequired": "OTHER"}}
{"header": {"activity_id": "{3A71319B-494D-0001-244E-713A4D49DC01}", "event_flags": 576, "event_id": 3040, "event_name": "", "event_opcode": 1, "event_version": 0, "process_id": 3856, "provider_name": "Microsoft-Windows-CodeIntegrity", "task_name": "GetFileCache", "thread_id": 5368, "timestamp": "2025-10-30 03:47:33Z", "trace_name": "codeintegrity"}, "properties": {"FileNameBuffer": "\\Windows\\System32\\webio.dll", "FileNameLength": 27}, "property_types": {"FileNameBuffer": "STRINGW", "FileNameLength": "UINT16"}}
{"header": {"activity_id": "{3A71319B-494D-0001-244E-713A4D49DC01}", "event_flags": 576, "event_id": 3041, "event_name": "", "event_opcode": 2, "event_version": 2, "process_id": 3856, "provider_name": "Microsoft-Windows-CodeIntegrity", "task_name": "GetFileCache", "thread_id": 5368, "timestamp": "2025-10-30 03:47:33Z", "trace_name": "codeintegrity"}, "properties": {"CacheSource": 0, "CachedFlags": "42000000", "CachedPolicy": 12, "Status": "00000000"}, "property_types": {"CacheSource": "UINT8", "CachedFlags": "OTHER", "CachedPolicy": "UINT8", "Status": "OTHER"}}
{"header": {"activity_id": "{3A71319B-494D-0001-244E-713A4D49DC01}", "event_flags": 576, "event_id": 3039, "event_name": "", "event_opcode": 2, "event_version": 1, "process_id": 3856, "provider_name": "Microsoft-Windows-CodeIntegrity", "task_name": "ValidateImageHeader", "thread_id": 5368, "timestamp": "2025-10-30 03:47:33Z", "trace_name": "codeintegrity"}, "properties": {"Status": "00000000"}, "property_types": {"Status": "OTHER"}}
{"header": {"activity_id": "{00000000-0000-0000-0000-000000000000}", "event_flags": 576, "event_id": 5, "event_name": "", "event_opcode": 0, "event_version": 0, "process_id": 3856, "provider_name": "Microsoft-Windows-Kernel-Audit-API-Calls", "task_name": "", "thread_id": 5368, "timestamp": "2025-10-30 03:47:33Z", "trace_name": "AuditAPITrace01"}, "properties": {"DesiredAccess": 2147483648, "ReturnCode": 0, "TargetProcessId": 3856}, "property_types": {"DesiredAccess": "UINT32", "ReturnCode": "UINT32", "TargetProcessId": "UINT32"}}
{"header": {"activity_id": "{00000000-0000-0000-0000-000000000000}", "event_flags": 576, "event_id": 5, "event_name": "", "event_opcode": 0, "event_version": 0, "process_id": 3856, "provider_name": "Microsoft-Windows-Kernel-Audit-API-Calls", "task_name": "", "thread_id": 5368, "timestamp": "2025-10-30 03:47:33Z", "trace_name": "AuditAPITrace01"}, "properties": {"DesiredAccess": 2147483648, "ReturnCode": 0, "TargetProcessId": 3856}, "property_types": {"DesiredAccess": "UINT32", "ReturnCode": "UINT32", "TargetProcessId": "UINT32"}}
{"header": {"activity_id": "{00000000-0000-0000-0000-000000000000}", "event_flags": 576, "event_id": 9, "event_name": "", "event_opcode": 40, "event_version": 0, "process_id": 3856, "provider_name": "Microsoft-Windows-Kernel-Registry", "task_name": "", "thread_id": 5368, "timestamp": "2025-10-30 03:47:34Z", "trace_name": "Kernel_Registry01"}, "properties": {"CapturedData": "", "CapturedDataSize": 0, "DataSize": 50, "Index": 0, "InfoClass": 1, "KeyName": "", "KeyObject": "0xFFFFBF864DDE3660", "Status": 0}, "property_types": {"CapturedData": "BINARY", "CapturedDataSize": "UINT16", "DataSize": "UINT32", "Index": "UINT32", "InfoClass": "UINT32", "KeyName": "STRINGW", "KeyObject": "POINTER", "Status": "UINT32"}}
{"header": {"activity_id": "{00000000-0000-0000-0000-000000000000}", "event_flags": 576, "event_id": 9, "event_name": "", "event_opcode": 40, "event_version": 0, "process_id": 3856, "provider_name": "Microsoft-Windows-Kernel-Registry", "task_name": "", "thread_id": 5368, "timestamp": "2025-10-30 03:47:34Z", "trace_name": "Kernel_Registry01"}, "properties": {"CapturedData": "", "CapturedDataSize": 0, "DataSize": 50, "Index": 1, "InfoClass": 1, "KeyName": "", "KeyObject": "0xFFFFBF864DDE3660", "Status": 2147483674}, "property_types": {"CapturedData": "BINARY", "CapturedDataSize": "UINT16", "DataSize": "UINT32", "Index": "UINT32", "InfoClass": "UINT32", "KeyName": "STRINGW", "KeyObject": "POINTER", "Status": "UINT32"}}
{"header": {"activity_id": "{00000000-0000-0000-0000-000000000000}", "event_flags": 576, "event_id": 6, "event_name": "", "event_opcode": 0, "event_version": 0, "process_id": 3856, "provider_name": "Microsoft-Windows-Kernel-Audit-API-Calls", "task_name": "", "thread_id": 320, "timestamp": "2025-10-30 03:47:34Z", "trace_name": "AuditAPITrace01"}, "properties": {"DesiredAccess": 1048592, "ReturnCode": 0, "TargetProcessId": 3856, "TargetThreatId": 320}, "property_types": {"DesiredAccess": "UINT32", "ReturnCode": "UINT32", "TargetProcessId": "UINT32", "TargetThreatId": "UINT32"}}
{"header": {"activity_id": "{00000000-0000-0000-0000-000000000000}", "event_flags": 576, "event_id": 5, "event_name": "", "event_opcode": 0, "event_version": 0, "process_id": 2144, "provider_name": "Microsoft-Windows-Kernel-Audit-API-Calls", "task_name": "", "thread_id": 2240, "timestamp": "2025-10-30 03:47:34Z", "trace_name": "AuditAPITrace01"}, "properties": {"DesiredAccess": 0, "ReturnCode": 0, "TargetProcessId": 2144}, "property_types": {"DesiredAccess": "UINT32", "ReturnCode": "UINT32", "TargetProcessId": "UINT32"}}
{"header": {"activity_id": "{00000000-0000-0000-0000-000000000000}", "event_flags": 576, "event_id": 12, "event_name": "", "event_opcode": 0, "event_version": 2, "process_id": 3856, "provider_name": "Microsoft-Windows-Sysmon", "task_name": "Registry object added or deleted (rule: RegistryEvent) ", "thread_id": 5992, "timestamp": "2025-10-30 03:47:34Z", "trace_name": "codeintegrity"}, "properties": {"EventType": "CreateKey", "Image": "C:\\Windows\\system32\\svchost.exe", "ProcessGuid": "{39898580-DB71-6902-3400-000000000300}", "ProcessId": 2144, "RuleName": "-", "TargetObject": "HKU\\.DEFAULT\\Software\\Microsoft\\Windows\\CurrentVersion\\Internet Settings\\Connections", "User": "NT AUTHORITY\\LOCAL SERVICE", "UtcTime": "2025-10-30 03:47:34.015"}, "property_types": {"EventType": "STRINGW", "Image": "STRINGW", "ProcessGuid": "GUID", "ProcessId": "UINT32", "RuleName": "STRINGW", "TargetObject": "STRINGW", "User": "STRINGW", "UtcTime": "STRINGW"}}
{"header": {"activity_id": "{00000000-0000-0000-0000-000000000000}", "event_flags": 576, "event_id": 2, "event_name": "", "event_opcode": 2, "event_version": 2, "process_id": 2648, "provider_name": "Microsoft-Windows-Kernel-Process", "task_name": "ProcessStop", "thread_id": 3688, "timestamp": "2025-10-30 03:47:34Z", "trace_name": "ProcTrace01"}, "properties": {"CPUCycleCount": 22268872620, "CommitCharge": 151007232, "CommitPeak": 151093248, "CreateTime": "2025-10-30 03:28:50Z", "ExitCode": 0, "ExitTime": "2025-10-30 03:47:34Z", "HandleCount": 729, "HardFaultCount": 2129, "ImageName": "MsMpEng.exe", "ProcessID": 2648, "ProcessSequenceNumber": 63, "ReadOperationCount": 635, "ReadTransferKiloBytes": 23451, "TokenElevationType": 1, "WriteOperationCount": 1261, "WriteTransferKiloBytes": 2479}, "property_types": {"CPUCycleCount": "UINT64", "CommitCharge": "UINT64", "CommitPeak": "UINT64", "CreateTime": "FILETIME", "ExitCode": "UINT32", "ExitTime": "FILETIME", "HandleCount": "UINT32", "HardFaultCount": "UINT32", "ImageName": "STRINGA", "ProcessID": "UINT32", "ProcessSequenceNumber": "UINT64", "ReadOperationCount": "UINT32", "ReadTransferKiloBytes": "UINT32", "TokenElevationType": "UINT32", "WriteOperationCount": "UINT32", "WriteTransferKiloBytes": "UINT32"}}
{"header": {"activity_id": "{00000000-0000-0000-0000-000000000000}", "event_flags": 576, "event_id": 5, "event_name": "", "event_opcode": 0, "event_version": 0, "process_id": 2648, "provider_name": "Microsoft-Windows-Kernel-Audit-API-Calls", "task_name": "", "thread_id": 3688, "timestamp": "2025-10-30 03:47:34Z", "trace_name": "AuditAPITrace01"}, "properties": {"DesiredAccess": 2147483648, "ReturnCode": 0, "TargetProcessId": 2648}, "property_types": {"DesiredAccess": "UINT32", "ReturnCode": "UINT32", "TargetProcessId": "UINT32"}}
{"header": {"activity_id": "{00000000-0000-0000-0000-000000000000}", "event_flags": 576, "event_id": 5, "event_name": "", "event_opcode": 0, "event_version": 0, "process_id": 2648, "provider_name": "Microsoft-Windows-Kernel-Audit-API-Calls", "task_name": "", "thread_id": 3688, "timestamp": "2025-10-30 03:47:34Z", "trace_name": "AuditAPITrace01"}, "properties": {"DesiredAccess": 2147483648, "ReturnCode": 0, "TargetProcessId": 2648}, "property_types": {"DesiredAccess": "UINT32", "ReturnCode": "UINT32", "TargetProcessId": "UINT32"}}
{"header": {"activity_id": "{00000000-0000-0000-0000-000000000000}", "event_flags": 576, "event_id": 5, "event_name": "", "event_opcode": 0, "event_version": 0, "process_id": 2648, "provider_name": "Microsoft-Windows-Kernel-Audit-API-Calls", "task_name": "", "thread_id": 3688, "timestamp": "2025-10-30 03:47:34Z", "trace_name": "AuditAPITrace01"}, "properties": {"DesiredAccess": 0, "ReturnCode": 0, "TargetProcessId": 2648}, "property_types": {"DesiredAccess": "UINT32", "ReturnCode": "UINT32", "TargetProcessId": "UINT32"}}
{"header": {"activity_id": "{00000000-0000-0000-0000-000000000000}", "event_flags": 576, "event_id": 5, "event_name": "", "event_opcode": 0, "event_version": 0, "process_id": 2648, "provider_name": "Microsoft-Windows-Kernel-Audit-API-Calls", "task_name": "", "thread_id": 3688, "timestamp": "2025-10-30 03:47:34Z", "trace_name": "AuditAPITrace01"}, "properties": {"DesiredAccess": 0, "ReturnCode": 0, "TargetProcessId": 2648}, "property_types": {"DesiredAccess": "UINT32", "ReturnCode": "UINT32", "TargetProcessId": "UINT32"}}
{"header": {"activity_id": "{00000000-0000-0000-0000-000000000000}", "event_flags": 576, "event_id": 5, "event_name": "", "event_opcode": 0, "event_version": 3, "process_id": 3856, "provider_name": "Microsoft-Windows-Sysmon", "task_name": "Process terminated (rule: ProcessTerminate) ", "thread_id": 5992, "timestamp": "2025-10-30 03:47:34Z", "trace_name": "codeintegrity"}, "properties": {"Image": "C:\\Program Files\\Windows Defender\\MsMpEng.exe", "ProcessGuid": "{39898580-DB72-6902-3F00-000000000300}", "ProcessId": 2648, "RuleName": "-", "User": "NT AUTHORITY\\SYSTEM", "UtcTime": "2025-10-30 03:47:34.047"}, "property_types": {"Image": "STRINGW", "ProcessGuid": "GUID", "ProcessId": "UINT32", "RuleName": "STRINGW", "User": "STRINGW", "UtcTime": "STRINGW"}}
{"header": {"activity_id": "{00000000-0000-0000-0000-000000000000}", "event_flags": 576, "event_id": 11, "event_name": "", "event_opcode": 0, "event_version": 0, "process_id": 2648, "provider_name": "Microsoft-Windows-Kernel-File", "task_name": "NameDelete", "thread_id": 3688, "timestamp": "2025-10-30 03:47:34Z", "trace_name": "File_Registry01"}, "properties": {"FileKey": "0xFFFFBF864CF5B700", "FileName": "\\Device\\HarddiskVolume2\\ProgramData\\Microsoft\\Windows Defender\\IMpService77BDAF73-B396-481F-9042-AD358843EC24.lock"}, "property_types": {"FileKey": "POINTER", "FileName": "STRINGW"}}
{"header": {"activity_id": "{00000000-0000-0000-0000-000000000000}", "event_flags": 576, "event_id": 5, "event_name": "", "event_opcode": 0, "event_version": 0, "process_id": 4, "provider_name": "Microsoft-Windows-Kernel-Audit-API-Calls", "task_name": "", "thread_id": 124, "timestamp": "2025-10-30 03:47:34Z", "trace_name": "AuditAPITrace01"}, "properties": {"DesiredAccess": 0, "ReturnCode": 0, "TargetProcessId": 4}, "property_types": {"DesiredAccess": "UINT32", "ReturnCode": "UINT32", "TargetProcessId": "UINT32"}}
{"header": {"activity_id": "{00000000-0000-0000-0000-000000000000}", "event_flags": 576, "event_id": 5, "event_name": "", "event_opcode": 0, "event_version": 0, "process_id": 4, "provider_name": "Microsoft-Windows-Kernel-Audit-API-Calls", "task_name": "", "thread_id": 120, "timestamp": "2025-10-30 03:47:34Z", "trace_name": "AuditAPITrace01"}, "properties": {"DesiredAccess": 0, "ReturnCode": 0, "TargetProcessId": 4}, "property_types": {"DesiredAccess": "UINT32", "ReturnCode": "UINT32", "TargetProcessId": "UINT32"}}
{"header": {"activity_id": "{3A71319B-494D-0000-634F-713A4D49DC01}", "event_flags": 576, "event_id": 3038, "event_name": "", "event_opcode": 1, "event_version": 2, "process_id": 3856, "provider_name": "Microsoft-Windows-CodeIntegrity", "task_name": "ValidateImageHeader", "thread_id": 320, "timestamp": "2025-10-30 03:47:34Z", "trace_name": "codeintegrity"}, "properties": {"FileNameBuffer": "\\Windows\\System32\\dnsapi.dll", "FileNameLength": 28, "ProcessNameBuffer": "\\Device\\HarddiskVolume2\\Windows\\Sysmon64.exe", "ProcessNameLength": 44, "RequestedSigningLevel": 7, "SecureRequired": "00000000"}, "property_types": {"FileNameBuffer": "STRINGW", "FileNameLength": "UINT16", "ProcessNameBuffer": "STRINGW", "ProcessNameLength": "UINT16", "RequestedSigningLevel": "UINT8", "SecureRequired": "OTHER"}}
{"header": {"activity_id": "{3A71319B-494D-0000-634F-713A4D49DC01}", "event_flags": 576, "event_id": 3040, "event_name": "", "event_opcode": 1, "event_version": 0, "process_id": 3856, "provider_name": "Microsoft-Windows-CodeIntegrity", "task_name": "GetFileCache", "thread_id": 320, "timestamp": "2025-10-30 03:47:34Z", "trace_name": "codeintegrity"}, "properties": {"FileNameBuffer": "\\Windows\\System32\\dnsapi.dll", "FileNameLength": 28}, "property_types": {"FileNameBuffer": "STRINGW", "FileNameLength": "UINT16"}}
{"header": {"activity_id": "{3A71319B-494D-0000-634F-713A4D49DC01}", "event_flags": 576, "event_id": 3041, "event_name": "", "event_opcode": 2, "event_version": 2, "process_id": 3856, "provider_name": "Microsoft-Windows-CodeIntegrity", "task_name": "GetFileCache", "thread_id": 320, "timestamp": "2025-10-30 03:47:34Z", "trace_name": "codeintegrity"}, "properties": {"CacheSource": 0, "CachedFlags": "42000000", "CachedPolicy": 12, "Status": "00000000"}, "property_types": {"CacheSource": "UINT8", "CachedFlags": "OTHER", "CachedPolicy": "UINT8", "Status": "OTHER"}}
{"header": {"activity_id": "{3A71319B-494D-0000-634F-713A4D49DC01}", "event_flags": 576, "event_id": 3039, "event_name": "", "event_opcode": 2, "event_version": 1, "process_id": 3856, "provider_name": "Microsoft-Windows-CodeIntegrity", "task_name": "ValidateImageHeader", "thread_id": 320, "timestamp": "2025-10-30 03:47:34Z", "trace_name": "codeintegrity"}, "properties": {"Status": "00000000"}, "property_types": {"Status": "OTHER"}}
{"header": {"activity_id": "{00000000-0000-0000-0000-000000000000}", "event_flags": 576, "event_id": 5, "event_name": "", "event_opcode": 0, "event_version": 0, "process_id": 3856, "provider_name": "Microsoft-Windows-Kernel-Audit-API-Calls", "task_name": "", "thread_id": 320, "timestamp": "2025-10-30 03:47:34Z", "trace_name": "AuditAPITrace01"}, "properties": {"DesiredAccess": 2147483648, "ReturnCode": 0, "TargetProcessId": 3856}, "property_types": {"DesiredAccess": "UINT32", "ReturnCode": "UINT32", "TargetProcessId": "UINT32"}}
{"header": {"activity_id": "{00000000-0000-0000-0000-000000000000}", "event_flags": 576, "event_id": 5, "event_name": "", "event_opcode": 0, "event_version": 0, "process_id": 3856, "provider_name": "Microsoft-Windows-Kernel-Audit-API-Calls", "task_name": "", "thread_id": 320, "timestamp": "2025-10-30 03:47:34Z", "trace_name": "AuditAPITrace01"}, "properties": {"DesiredAccess": 0, "ReturnCode": 0, "TargetProcessId": 3856}, "property_types": {"DesiredAccess": "UINT32", "ReturnCode": "UINT32", "TargetProcessId": "UINT32"}}
{"header": {"activity_id": "{00000000-0000-0000-0000-000000000000}", "event_flags": 576, "event_id": 5, "event_name": "", "event_opcode": 0, "event_version": 0, "process_id": 3856, "provider_name": "Microsoft-Windows-Kernel-Audit-API-Calls", "task_name": "", "thread_id": 320, "timestamp": "2025-10-30 03:47:34Z", "trace_name": "AuditAPITrace01"}, "properties": {"DesiredAccess": 0, "ReturnCode": 0, "TargetProcessId": 3856}, "property_types": {"DesiredAccess": "UINT32", "ReturnCode": "UINT32", "TargetProcessId": "UINT32"}}
{"header": {"activity_id": "{00000000-0000-0000-0000-000000000000}", "event_flags": 576, "event_id": 5, "event_name": "", "event_opcode": 0, "event_version": 0, "process_id": 3856, "provider_name": "Microsoft-Windows-Kernel-Audit-API-Calls", "task_name": "", "thread_id": 320, "timestamp": "2025-10-30 03:47:34Z", "trace_name": "AuditAPITrace01"}, "properties": {"DesiredAccess": 0, "ReturnCode": 0, "TargetProcessId": 3856}, "property_types": {"DesiredAccess": "UINT32", "ReturnCode": "UINT32", "TargetProcessId": "UINT32"}}
{"header": {"activity_id": "{00000000-0000-0000-0000-000000000000}", "event_flags": 576, "event_id": 5, "event_name": "", "event_opcode": 0, "event_version": 0, "process_id": 3856, "provider_name": "Microsoft-Windows-Kernel-Audit-API-Calls", "task_name": "", "thread_id": 320, "timestamp": "2025-10-30 03:47:34Z", "trace_name": "AuditAPITrace01"}, "properties": {"DesiredAccess": 0, "ReturnCode": 0, "TargetProcessId": 3856}, "property_types": {"DesiredAccess": "UINT32", "ReturnCode": "UINT32", "TargetProcessId": "UINT32"}}
{"header": {"activity_id": "{00000000-0000-0000-0000-000000000000}", "event_flags": 576, "event_id": 5, "event_name": "", "event_opcode": 0, "event_version": 0, "process_id": 3856, "provider_name": "Microsoft-Windows-Kernel-Audit-API-Calls", "task_name": "", "thread_id": 320, "timestamp": "2025-10-30 03:47:34Z", "trace_name": "AuditAPITrace01"}, "properties": {"DesiredAccess": 0, "ReturnCode": 0, "TargetProcessId": 3856}, "property_types": {"DesiredAccess": "UINT32", "ReturnCode": "UINT32", "TargetProcessId": "UINT32"}}
{"header": {"activity_id": "{00000000-0000-0000-0000-000000000000}", "event_flags": 576, "event_id": 5, "event_name": "", "event_opcode": 0, "event_version": 0, "process_id": 3856, "provider_name": "Microsoft-Windows-Kernel-Audit-API-Calls", "task_name": "", "thread_id": 320, "timestamp": "2025-10-30 03:47:34Z", "trace_name": "AuditAPITrace01"}, "properties": {"DesiredAccess": 0, "ReturnCode": 0, "TargetProcessId": 3856}, "property_types": {"DesiredAccess": "UINT32", "ReturnCode": "UINT32", "TargetProcessId": "UINT32"}}
{"header": {"activity_id": "{00000000-0000-0000-0000-000000000000}", "event_flags": 576, "event_id": 5, "event_name": "", "event_opcode": 0, "event_version": 0, "process_id": 3856, "provider_name": "Microsoft-Windows-Kernel-Audit-API-Calls", "task_name": "", "thread_id": 320, "timestamp": "2025-10-30 03:47:34Z", "trace_name": "AuditAPITrace01"}, "properties": {"DesiredAccess": 0, "ReturnCode": 0, "TargetProcessId": 3856}, "property_types": {"DesiredAccess": "UINT32", "ReturnCode": "UINT32", "TargetProcessId": "UINT32"}}
{"header": {"activity_id": "{3A71319B-494D-0000-644F-713A4D49DC01}", "event_flags": 576, "event_id": 3038, "event_name": "", "event_opcode": 1, "event_version": 2, "process_id": 3856, "provider_name": "Microsoft-Windows-CodeIntegrity", "task_name": "ValidateImageHeader", "thread_id": 5424, "timestamp": "2025-10-30 03:47:34Z", "trace_name": "codeintegrity"}, "properties": {"FileNameBuffer": "\\Windows\\System32\\rasadhlp.dll", "FileNameLength": 30, "ProcessNameBuffer": "\\Device\\HarddiskVolume2\\Windows\\Sysmon64.exe", "ProcessNameLength": 44, "RequestedSigningLevel": 7, "SecureRequired": "00000000"}, "property_types": {"FileNameBuffer": "STRINGW", "FileNameLength": "UINT16", "ProcessNameBuffer": "STRINGW", "ProcessNameLength": "UINT16", "RequestedSigningLevel": "UINT8", "SecureRequired": "OTHER"}}
{"header": {"activity_id": "{3A71319B-494D-0000-644F-713A4D49DC01}", "event_flags": 576, "event_id": 3040, "event_name": "", "event_opcode": 1, "event_version": 0, "process_id": 3856, "provider_name": "Microsoft-Windows-CodeIntegrity", "task_name": "GetFileCache", "thread_id": 5424, "timestamp": "2025-10-30 03:47:34Z", "trace_name": "codeintegrity"}, "properties": {"FileNameBuffer": "\\Windows\\System32\\rasadhlp.dll", "FileNameLength": 30}, "property_types": {"FileNameBuffer": "STRINGW", "FileNameLength": "UINT16"}}
{"header": {"activity_id": "{3A71319B-494D-0000-644F-713A4D49DC01}", "event_flags": 576, "event_id": 3041, "event_name": "", "event_opcode": 2, "event_version": 2, "process_id": 3856, "provider_name": "Microsoft-Windows-CodeIntegrity", "task_name": "GetFileCache", "thread_id": 5424, "timestamp": "2025-10-30 03:47:34Z", "trace_name": "codeintegrity"}, "properties": {"CacheSource": 0, "CachedFlags": "42000000", "CachedPolicy": 12, "Status": "00000000"}, "property_types": {"CacheSource": "UINT8", "CachedFlags": "OTHER", "CachedPolicy": "UINT8", "Status": "OTHER"}}
{"header": {"activity_id": "{3A71319B-494D-0000-644F-713A4D49DC01}", "event_flags": 576, "event_id": 3039, "event_name": "", "event_opcode": 2, "event_version": 1, "process_id": 3856, "provider_name": "Microsoft-Windows-CodeIntegrity", "task_name": "ValidateImageHeader", "thread_id": 5424, "timestamp": "2025-10-30 03:47:34Z", "trace_name": "codeintegrity"}, "properties": {"Status": "00000000"}, "property_types": {"Status": "OTHER"}}
{"header": {"activity_id": "{00000000-0000-0000-0000-000000000000}", "event_flags": 576, "event_id": 5, "event_name": "", "event_opcode": 0, "event_version": 0, "process_id": 3856, "provider_name": "Microsoft-Windows-Kernel-Audit-API-Calls", "task_name": "", "thread_id": 5424, "timestamp": "2025-10-30 03:47:34Z", "trace_name": "AuditAPITrace01"}, "properties": {"DesiredAccess": 2147483648, "ReturnCode": 0, "TargetProcessId": 3856}, "property_types": {"DesiredAccess": "UINT32", "ReturnCode": "UINT32", "TargetProcessId": "UINT32"}}
{"header": {"activity_id": "{00000000-0000-0000-0000-000000000000}", "event_flags": 576, "event_id": 5, "event_name": "", "event_opcode": 0, "event_version": 0, "process_id": 1096, "provider_name": "Microsoft-Windows-Kernel-Audit-API-Calls", "task_name": "", "thread_id": 1560, "timestamp": "2025-10-30 03:47:34Z", "trace_name": "AuditAPITrace01"}, "properties": {"DesiredAccess": 2147483648, "ReturnCode": 0, "TargetProcessId": 1096}, "property_types": {"DesiredAccess": "UINT32", "ReturnCode": "UINT32", "TargetProcessId": "UINT32"}}
{"header": {"activity_id": "{00000000-0000-0000-0000-000000000000}", "event_flags": 576, "event_id": 5, "event_name": "", "event_opcode": 0, "event_version": 0, "process_id": 1096, "provider_name": "Microsoft-Windows-Kernel-Audit-API-Calls", "task_name": "", "thread_id": 1560, "timestamp": "2025-10-30 03:47:34Z", "trace_name": "AuditAPITrace01"}, "properties": {"DesiredAccess": 2147483648, "ReturnCode": 0, "TargetProcessId": 1096}, "property_types": {"DesiredAccess": "UINT32", "ReturnCode": "UINT32", "TargetProcessId": "UINT32"}}
{"header": {"activity_id": "{00000000-0000-0000-0000-000000000000}", "event_flags": 576, "event_id": 5, "event_name": "", "event_opcode": 0, "event_version": 0, "process_id": 3856, "provider_name": "Microsoft-Windows-Kernel-Audit-API-Calls", "task_name": "", "thread_id": 7964, "timestamp": "2025-10-30 03:47:34Z", "trace_name": "AuditAPITrace01"}, "properties": {"DesiredAccess": 2147483648, "ReturnCode": 0, "TargetProcessId": 3856}, "property_types": {"DesiredAccess": "UINT32", "ReturnCode": "UINT32", "TargetProcessId": "UINT32"}}
{"header": {"activity_id": "{00000000-0000-0000-0000-000000000000}", "event_flags": 576, "event_id": 5, "event_name": "", "event_opcode": 0, "event_version": 0, "process_id": 3856, "provider_name": "Microsoft-Windows-Kernel-Audit-API-Calls", "task_name": "", "thread_id": 7964, "timestamp": "2025-10-30 03:47:34Z", "trace_name": "AuditAPITrace01"}, "properties": {"DesiredAccess": 2147483648, "ReturnCode": 0, "TargetProcessId": 3856}, "property_types": {"DesiredAccess": "UINT32", "ReturnCode": "UINT32", "TargetProcessId": "UINT32"}}
{"header": {"activity_id": "{3A71319B-494D-0000-654F-713A4D49DC01}", "event_flags": 576, "event_id": 3038, "event_name": "", "event_opcode": 1, "event_version": 2, "process_id": 3856, "provider_name": "Microsoft-Windows-CodeIntegrity", "task_name": "ValidateImageHeader", "thread_id": 6756, "timestamp": "2025-10-30 03:47:34Z", "trace_name": "codeintegrity"}, "properties": {"FileNameBuffer": "\\Windows\\System32\\OnDemandConnRouteHelper.dll", "FileNameLength": 45, "ProcessNameBuffer": "\\Device\\HarddiskVolume2\\Windows\\Sysmon64.exe", "ProcessNameLength": 44, "RequestedSigningLevel": 7, "SecureRequired": "00000000"}, "property_types": {"FileNameBuffer": "STRINGW", "FileNameLength": "UINT16", "ProcessNameBuffer": "STRINGW", "ProcessNameLength": "UINT16", "RequestedSigningLevel": "UINT8", "SecureRequired": "OTHER"}}
{"header": {"activity_id": "{3A71319B-494D-0000-654F-713A4D49DC01}", "event_flags": 576, "event_id": 3040, "event_name": "", "event_opcode": 1, "event_version": 0, "process_id": 3856, "provider_name": "Microsoft-Windows-CodeIntegrity", "task_name": "GetFileCache", "thread_id": 6756, "timestamp": "2025-10-30 03:47:34Z", "trace_name": "codeintegrity"}, "properties": {"FileNameBuffer": "\\Windows\\System32\\OnDemandConnRouteHelper.dll", "FileNameLength": 45}, "property_types": {"FileNameBuffer": "STRINGW", "FileNameLength": "UINT16"}}
{"header": {"activity_id": "{3A71319B-494D-0000-654F-713A4D49DC01}", "event_flags": 576, "event_id": 3041, "event_name": "", "event_opcode": 2, "event_version": 2, "process_id": 3856, "provider_name": "Microsoft-Windows-CodeIntegrity", "task_name": "GetFileCache", "thread_id": 6756, "timestamp": "2025-10-30 03:47:34Z", "trace_name": "codeintegrity"}, "properties": {"CacheSource": 0, "CachedFlags": "42000000", "CachedPolicy": 12, "Status": "00000000"}, "property_types": {"CacheSource": "UINT8", "CachedFlags": "OTHER", "CachedPolicy": "UINT8", "Status": "OTHER"}}
{"header": {"activity_id": "{3A71319B-494D-0000-654F-713A4D49DC01}", "event_flags": 576, "event_id": 3039, "event_name": "", "event_opcode": 2, "event_version": 1, "process_id": 3856, "provider_name": "Microsoft-Windows-CodeIntegrity", "task_name": "ValidateImageHeader", "thread_id": 6756, "timestamp": "2025-10-30 03:47:34Z", "trace_name": "codeintegrity"}, "properties": {"Status": "00000000"}, "property_types": {"Status": "OTHER"}}
{"header": {"activity_id": "{00000000-0000-0000-0000-000000000000}", "event_flags": 576, "event_id": 5, "event_name": "", "event_opcode": 0, "event_version": 0, "process_id": 3856, "provider_name": "Microsoft-Windows-Kernel-Audit-API-Calls", "task_name": "", "thread_id": 6756, "timestamp": "2025-10-30 03:47:34Z", "trace_name": "AuditAPITrace01"}, "properties": {"DesiredAccess": 2147483648, "ReturnCode": 0, "TargetProcessId": 3856}, "property_types": {"DesiredAccess": "UINT32", "ReturnCode": "UINT32", "TargetProcessId": "UINT32"}}
{"header": {"activity_id": "{00000000-0000-0000-0000-000000000000}", "event_flags": 576, "event_id": 5, "event_name": "", "event_opcode": 0, "event_version": 0, "process_id": 3856, "provider_name": "Microsoft-Windows-Kernel-Audit-API-Calls", "task_name": "", "thread_id": 6756, "timestamp": "2025-10-30 03:47:34Z", "trace_name": "AuditAPITrace01"}, "properties": {"DesiredAccess": 0, "ReturnCode": 0, "TargetProcessId": 3856}, "property_types": {"DesiredAccess": "UINT32", "ReturnCode": "UINT32", "TargetProcessId": "UINT32"}}
{"header": {"activity_id": "{00000000-0000-0000-0000-000000000000}", "event_flags": 576, "event_id": 5, "event_name": "", "event_opcode": 0, "event_version": 0, "process_id": 3856, "provider_name": "Microsoft-Windows-Kernel-Audit-API-Calls", "task_name": "", "thread_id": 5424, "timestamp": "2025-10-30 03:47:34Z", "trace_name": "AuditAPITrace01"}, "properties": {"DesiredAccess": 0, "ReturnCode": 0, "TargetProcessId": 3856}, "property_types": {"DesiredAccess": "UINT32", "ReturnCode": "UINT32", "TargetProcessId": "UINT32"}}
{"header": {"activity_id": "{00000000-0000-0000-0000-000000000000}", "event_flags": 576, "event_id": 5, "event_name": "", "event_opcode": 0, "event_version": 0, "process_id": 3856, "provider_name": "Microsoft-Windows-Kernel-Audit-API-Calls", "task_name": "", "thread_id": 5424, "timestamp": "2025-10-30 03:47:34Z", "trace_name": "AuditAPITrace01"}, "properties": {"DesiredAccess": 0, "ReturnCode": 0, "TargetProcessId": 3856}, "property_types": {"DesiredAccess": "UINT32", "ReturnCode": "UINT32", "TargetProcessId": "UINT32"}}
{"header": {"activity_id": "{00000000-0000-0000-0000-000000000000}", "event_flags": 576, "event_id": 5, "event_name": "", "event_opcode": 0, "event_version": 0, "process_id": 3856, "provider_name": "Microsoft-Windows-Kernel-Audit-API-Calls", "task_name": "", "thread_id": 5424, "timestamp": "2025-10-30 03:47:34Z", "trace_name": "AuditAPITrace01"}, "properties": {"DesiredAccess": 2147483648, "ReturnCode": 0, "TargetProcessId": 3856}, "property_types": {"DesiredAccess": "UINT32", "ReturnCode": "UINT32", "TargetProcessId": "UINT32"}}
{"header": {"activity_id": "{00000000-0000-0000-0000-000000000000}", "event_flags": 576, "event_id": 5, "event_name": "", "event_opcode": 0, "event_version": 0, "process_id": 3856, "provider_name": "Microsoft-Windows-Kernel-Audit-API-Calls", "task_name": "", "thread_id": 5424, "timestamp": "2025-10-30 03:47:34Z", "trace_name": "AuditAPITrace01"}, "properties": {"DesiredAccess": 2147483648, "ReturnCode": 0, "TargetProcessId": 3856}, "property_types": {"DesiredAccess": "UINT32", "ReturnCode": "UINT32", "TargetProcessId": "UINT32"}}
{"header": {"activity_id": "{00000000-0000-0000-0000-000000000000}", "event_flags": 576, "event_id": 5, "event_name": "", "event_opcode": 0, "event_version": 0, "process_id": 2144, "provider_name": "Microsoft-Windows-Kernel-Audit-API-Calls", "task_name": "", "thread_id": 3792, "timestamp": "2025-10-30 03:47:34Z", "trace_name": "AuditAPITrace01"}, "properties": {"DesiredAccess": 0, "ReturnCode": 0, "TargetProcessId": 2144}, "property_types": {"DesiredAccess": "UINT32", "ReturnCode": "UINT32", "TargetProcessId": "UINT32"}}
{"header": {"activity_id": "{00000000-0000-0000-0000-000000000000}", "event_flags": 576, "event_id": 12, "event_name": "", "event_opcode": 0, "event_version": 2, "process_id": 3856, "provider_name": "Microsoft-Windows-Sysmon", "task_name": "Registry object added or deleted (rule: RegistryEvent) ", "thread_id": 5992, "timestamp": "2025-10-30 03:47:34Z", "trace_name": "codeintegrity"}, "properties": {"EventType": "CreateKey", "Image": "C:\\Windows\\system32\\svchost.exe", "ProcessGuid": "{39898580-DB71-6902-3400-000000000300}", "ProcessId": 2144, "RuleName": "-", "TargetObject": "HKU\\.DEFAULT\\Software\\Microsoft\\Windows\\CurrentVersion\\Internet Settings\\Connections", "User": "NT AUTHORITY\\LOCAL SERVICE", "UtcTime": "2025-10-30 03:47:34.078"}, "property_types": {"EventType": "STRINGW", "Image": "STRINGW", "ProcessGuid": "GUID", "ProcessId": "UINT32", "RuleName": "STRINGW", "TargetObject": "STRINGW", "User": "STRINGW", "UtcTime": "STRINGW"}}
{"header": {"activity_id": "{00000000-0000-0000-0000-000000000000}", "event_flags": 576, "event_id": 5, "event_name": "", "event_opcode": 0, "event_version": 0, "process_id": 3856, "provider_name": "Microsoft-Windows-Kernel-Audit-API-Calls", "task_name": "", "thread_id": 4892, "timestamp": "2025-10-30 03:47:34Z", "trace_name": "AuditAPITrace01"}, "properties": {"DesiredAccess": 2147483648, "ReturnCode": 0, "TargetProcessId": 3856}, "property_types": {"DesiredAccess": "UINT32", "ReturnCode": "UINT32", "TargetProcessId": "UINT32"}}
{"header": {"activity_id": "{00000000-0000-0000-0000-000000000000}", "event_flags": 576, "event_id": 5, "event_name": "", "event_opcode": 0, "event_version": 0, "process_id": 3856, "provider_name": "Microsoft-Windows-Kernel-Audit-API-Calls", "task_name": "", "thread_id": 4892, "timestamp": "2025-10-30 03:47:34Z", "trace_name": "AuditAPITrace01"}, "properties": {"DesiredAccess": 2147483648, "ReturnCode": 0, "TargetProcessId": 3856}, "property_types": {"DesiredAccess": "UINT32", "ReturnCode": "UINT32", "TargetProcessId": "UINT32"}}
{"header": {"activity_id": "{00000000-0000-0000-0000-000000000000}", "event_flags": 576, "event_id": 5, "event_name": "", "event_opcode": 0, "event_version": 0, "process_id": 3856, "provider_name": "Microsoft-Windows-Kernel-Audit-API-Calls", "task_name": "", "thread_id": 7964, "timestamp": "2025-10-30 03:47:34Z", "trace_name": "AuditAPITrace01"}, "properties": {"DesiredAccess": 2147483648, "ReturnCode": 0, "TargetProcessId": 3856}, "property_types": {"DesiredAccess": "UINT32", "ReturnCode": "UINT32", "TargetProcessId": "UINT32"}}
{"header": {"activity_id": "{00000000-0000-0000-0000-000000000000}", "event_flags": 576, "event_id": 5, "event_name": "", "event_opcode": 0, "event_version": 0, "process_id": 3856, "provider_name": "Microsoft-Windows-Kernel-Audit-API-Calls", "task_name": "", "thread_id": 7964, "timestamp": "2025-10-30 03:47:34Z", "trace_name": "AuditAPITrace01"}, "properties": {"DesiredAccess": 2147483648, "ReturnCode": 0, "TargetProcessId": 3856}, "property_types": {"DesiredAccess": "UINT32", "ReturnCode": "UINT32", "TargetProcessId": "UINT32"}}
{"header": {"activity_id": "{00000000-0000-0000-0000-000000000000}", "event_flags": 576, "event_id": 5, "event_name": "", "event_opcode": 0, "event_version": 0, "process_id": 2144, "provider_name": "Microsoft-Windows-Kernel-Audit-API-Calls", "task_name": "", "thread_id": 3792, "timestamp": "2025-10-30 03:47:34Z", "trace_name": "AuditAPITrace01"}, "properties": {"DesiredAccess": 0, "ReturnCode": 0, "TargetProcessId": 2144}, "property_types": {"DesiredAccess": "UINT32", "ReturnCode": "UINT32", "TargetProcessId": "UINT32"}}
{"header": {"activity_id": "{00000000-0000-0000-0000-000000000000}", "event_flags": 576, "event_id": 12, "event_name": "", "event_opcode": 0, "event_version": 2, "process_id": 3856, "provider_name": "Microsoft-Windows-Sysmon", "task_name": "Registry object added or deleted (rule: RegistryEvent) ", "thread_id": 5992, "timestamp": "2025-10-30 03:47:34Z", "trace_name": "codeintegrity"}, "properties": {"EventType": "CreateKey", "Image": "C:\\Windows\\system32\\svchost.exe", "ProcessGuid": "{39898580-DB71-6902-3400-000000000300}", "ProcessId": 2144, "RuleName": "-", "TargetObject": "HKU\\.DEFAULT\\Software\\Microsoft\\Windows\\CurrentVersion\\Internet Settings\\Connections", "User": "NT AUTHORITY\\LOCAL SERVICE", "UtcTime": "2025-10-30 03:47:34.083"}, "property_types": {"EventType": "STRINGW", "Image": "STRINGW", "ProcessGuid": "GUID", "ProcessId": "UINT32", "RuleName": "STRINGW", "TargetObject": "STRINGW", "User": "STRINGW", "UtcTime": "STRINGW"}}
{"header": {"activity_id": "{00000000-0000-0000-0000-000000000000}", "event_flags": 576, "event_id": 5, "event_name": "", "event_opcode": 0, "event_version": 0, "process_id": 3856, "provider_name": "Microsoft-Windows-Kernel-Audit-API-Calls", "task_name": "", "thread_id": 7964, "timestamp": "2025-10-30 03:47:34Z", "trace_name": "AuditAPITrace01"}, "properties": {"DesiredAccess": 2147483648, "ReturnCode": 0, "TargetProcessId": 3856}, "property_types": {"DesiredAccess": "UINT32", "ReturnCode": "UINT32", "TargetProcessId": "UINT32"}}
{"header": {"activity_id": "{00000000-0000-0000-0000-000000000000}", "event_flags": 576, "event_id": 5, "event_name": "", "event_opcode": 0, "event_version": 0, "process_id": 3856, "provider_name": "Microsoft-Windows-Kernel-Audit-API-Calls", "task_name": "", "thread_id": 7964, "timestamp": "2025-10-30 03:47:34Z", "trace_name": "AuditAPITrace01"}, "properties": {"DesiredAccess": 2147483648, "ReturnCode": 0, "TargetProcessId": 3856}, "property_types": {"DesiredAccess": "UINT32", "ReturnCode": "UINT32", "TargetProcessId": "UINT32"}}
{"header": {"activity_id": "{3A71319B-494D-0000-664F-713A4D49DC01}", "event_flags": 576, "event_id": 3038, "event_name": "", "event_opcode": 1, "event_version": 2, "process_id": 3856, "provider_name": "Microsoft-Windows-CodeIntegrity", "task_name": "ValidateImageHeader", "thread_id": 4444, "timestamp": "2025-10-30 03:47:34Z", "trace_name": "codeintegrity"}, "properties": {"FileNameBuffer": "\\Windows\\System32\\OnDemandConnRouteHelper.dll", "FileNameLength": 45, "ProcessNameBuffer": "\\Device\\HarddiskVolume2\\Windows\\Sysmon64.exe", "ProcessNameLength": 44, "RequestedSigningLevel": 7, "SecureRequired": "00000000"}, "property_types": {"FileNameBuffer": "STRINGW", "FileNameLength": "UINT16", "ProcessNameBuffer": "STRINGW", "ProcessNameLength": "UINT16", "RequestedSigningLevel": "UINT8", "SecureRequired": "OTHER"}}
{"header": {"activity_id": "{3A71319B-494D-0000-664F-713A4D49DC01}", "event_flags": 576, "event_id": 3040, "event_name": "", "event_opcode": 1, "event_version": 0, "process_id": 3856, "provider_name": "Microsoft-Windows-CodeIntegrity", "task_name": "GetFileCache", "thread_id": 4444, "timestamp": "2025-10-30 03:47:34Z", "trace_name": "codeintegrity"}, "properties": {"FileNameBuffer": "\\Windows\\System32\\OnDemandConnRouteHelper.dll", "FileNameLength": 45}, "property_types": {"FileNameBuffer": "STRINGW", "FileNameLength": "UINT16"}}
{"header": {"activity_id": "{3A71319B-494D-0000-664F-713A4D49DC01}", "event_flags": 576, "event_id": 3041, "event_name": "", "event_opcode": 2, "event_version": 2, "process_id": 3856, "provider_name": "Microsoft-Windows-CodeIntegrity", "task_name": "GetFileCache", "thread_id": 4444, "timestamp": "2025-10-30 03:47:34Z", "trace_name": "codeintegrity"}, "properties": {"CacheSource": 0, "CachedFlags": "42000000", "CachedPolicy": 12, "Status": "00000000"}, "property_types": {"CacheSource": "UINT8", "CachedFlags": "OTHER", "CachedPolicy": "UINT8", "Status": "OTHER"}}
{"header": {"activity_id": "{3A71319B-494D-0000-664F-713A4D49DC01}", "event_flags": 576, "event_id": 3039, "event_name": "", "event_opcode": 2, "event_version": 1, "process_id": 3856, "provider_name": "Microsoft-Windows-CodeIntegrity", "task_name": "ValidateImageHeader", "thread_id": 4444, "timestamp": "2025-10-30 03:47:34Z", "trace_name": "codeintegrity"}, "properties": {"Status": "00000000"}, "property_types": {"Status": "OTHER"}}
{"header": {"activity_id": "{00000000-0000-0000-0000-000000000000}", "event_flags": 576, "event_id": 5, "event_name": "", "event_opcode": 0, "event_version": 0, "process_id": 3856, "provider_name": "Microsoft-Windows-Kernel-Audit-API-Calls", "task_name": "", "thread_id": 4444, "timestamp": "2025-10-30 03:47:34Z", "trace_name": "AuditAPITrace01"}, "properties": {"DesiredAccess": 2147483648, "ReturnCode": 0, "TargetProcessId": 3856}, "property_types": {"DesiredAccess": "UINT32", "ReturnCode": "UINT32", "TargetProcessId": "UINT32"}}
{"header": {"activity_id": "{00000000-0000-0000-0000-000000000000}", "event_flags": 576, "event_id": 5, "event_name": "", "event_opcode": 0, "event_version": 0, "process_id": 3856, "provider_name": "Microsoft-Windows-Kernel-Audit-API-Calls", "task_name": "", "thread_id": 4444, "timestamp": "2025-10-30 03:47:34Z", "trace_name": "AuditAPITrace01"}, "properties": {"DesiredAccess": 0, "ReturnCode": 0, "TargetProcessId": 3856}, "property_types": {"DesiredAccess": "UINT32", "ReturnCode": "UINT32", "TargetProcessId": "UINT32"}}
{"header": {"activity_id": "{00000000-0000-0000-0000-000000000000}", "event_flags": 576, "event_id": 5, "event_name": "", "event_opcode": 0, "event_version": 0, "process_id": 3856, "provider_name": "Microsoft-Windows-Kernel-Audit-API-Calls", "task_name": "", "thread_id": 4892, "timestamp": "2025-10-30 03:47:34Z", "trace_name": "AuditAPITrace01"}, "properties": {"DesiredAccess": 0, "ReturnCode": 0, "TargetProcessId": 3856}, "property_types": {"DesiredAccess": "UINT32", "ReturnCode": "UINT32", "TargetProcessId": "UINT32"}}
{"header": {"activity_id": "{00000000-0000-0000-0000-000000000000}", "event_flags": 576, "event_id": 5, "event_name": "", "event_opcode": 0, "event_version": 0, "process_id": 3856, "provider_name": "Microsoft-Windows-Kernel-Audit-API-Calls", "task_name": "", "thread_id": 4892, "timestamp": "2025-10-30 03:47:34Z", "trace_name": "AuditAPITrace01"}, "properties": {"DesiredAccess": 0, "ReturnCode": 0, "TargetProcessId": 3856}, "property_types": {"DesiredAccess": "UINT32", "ReturnCode": "UINT32", "TargetProcessId": "UINT32"}}
{"header": {"activity_id": "{00000000-0000-0000-0000-000000000000}", "event_flags": 576, "event_id": 5, "event_name": "", "event_opcode": 0, "event_version": 0, "process_id": 2144, "provider_name": "Microsoft-Windows-Kernel-Audit-API-Calls", "task_name": "", "thread_id": 3792, "timestamp": "2025-10-30 03:47:34Z", "trace_name": "AuditAPITrace01"}, "properties": {"DesiredAccess": 0, "ReturnCode": 0, "TargetProcessId": 2144}, "property_types": {"DesiredAccess": "UINT32", "ReturnCode": "UINT32", "TargetProcessId": "UINT32"}}
{"header": {"activity_id": "{00000000-0000-0000-0000-000000000000}", "event_flags": 576, "event_id": 12, "event_name": "", "event_opcode": 0, "event_version": 2, "process_id": 3856, "provider_name": "Microsoft-Windows-Sysmon", "task_name": "Registry object added or deleted (rule: RegistryEvent) ", "thread_id": 5992, "timestamp": "2025-10-30 03:47:34Z", "trace_name": "codeintegrity"}, "properties": {"EventType": "CreateKey", "Image": "C:\\Windows\\system32\\svchost.exe", "ProcessGuid": "{39898580-DB71-6902-3400-000000000300}", "ProcessId": 2144, "RuleName": "-", "TargetObject": "HKU\\.DEFAULT\\Software\\Microsoft\\Windows\\CurrentVersion\\Internet Settings\\Connections", "User": "NT AUTHORITY\\LOCAL SERVICE", "UtcTime": "2025-10-30 03:47:34.083"}, "property_types": {"EventType": "STRINGW", "Image": "STRINGW", "ProcessGuid": "GUID", "ProcessId": "UINT32", "RuleName": "STRINGW", "TargetObject": "STRINGW", "User": "STRINGW", "UtcTime": "STRINGW"}}
{"header": {"activity_id": "{00000000-0000-0000-0000-000000000000}", "event_flags": 576, "event_id": 5, "event_name": "", "event_opcode": 0, "event_version": 0, "process_id": 3856, "provider_name": "Microsoft-Windows-Kernel-Audit-API-Calls", "task_name": "", "thread_id": 7964, "timestamp": "2025-10-30 03:47:34Z", "trace_name": "AuditAPITrace01"}, "properties": {"DesiredAccess": 2147483648, "ReturnCode": 0, "TargetProcessId": 3856}, "property_types": {"DesiredAccess": "UINT32", "ReturnCode": "UINT32", "TargetProcessId": "UINT32"}}
{"header": {"activity_id": "{00000000-0000-0000-0000-000000000000}", "event_flags": 576, "event_id": 5, "event_name": "", "event_opcode": 0, "event_version": 0, "process_id": 3856, "provider_name": "Microsoft-Windows-Kernel-Audit-API-Calls", "task_name": "", "thread_id": 7964, "timestamp": "2025-10-30 03:47:34Z", "trace_name": "AuditAPITrace01"}, "properties": {"DesiredAccess": 2147483648, "ReturnCode": 0, "TargetProcessId": 3856}, "property_types": {"DesiredAccess": "UINT32", "ReturnCode": "UINT32", "TargetProcessId": "UINT32"}}
{"header": {"activity_id": "{3A71319B-494D-0000-674F-713A4D49DC01}", "event_flags": 576, "event_id": 3038, "event_name": "", "event_opcode": 1, "event_version": 2, "process_id": 3856, "provider_name": "Microsoft-Windows-CodeIntegrity", "task_name": "ValidateImageHeader", "thread_id": 1996, "timestamp": "2025-10-30 03:47:34Z", "trace_name": "codeintegrity"}, "properties": {"FileNameBuffer": "\\Windows\\System32\\OnDemandConnRouteHelper.dll", "FileNameLength": 45, "ProcessNameBuffer": "\\Device\\HarddiskVolume2\\Windows\\Sysmon64.exe", "ProcessNameLength": 44, "RequestedSigningLevel": 7, "SecureRequired": "00000000"}, "property_types": {"FileNameBuffer": "STRINGW", "FileNameLength": "UINT16", "ProcessNameBuffer": "STRINGW", "ProcessNameLength": "UINT16", "RequestedSigningLevel": "UINT8", "SecureRequired": "OTHER"}}
