{"header": {"activity_id": "{00000000-0000-0000-0000-000000000000}", "event_flags": 576, "event_id": 5, "event_name": "", "event_opcode": 0, "event_version": 0, "process_id": 6932, "provider_name": "Microsoft-Windows-Kernel-Audit-API-Calls", "task_name": "", "thread_id": 3756, "timestamp": "2025-10-30 03:48:19Z", "trace_name": "AuditAPITrace01"}, "properties": {"DesiredAccess": 0, "ReturnCode": 0, "TargetProcessId": 6932}, "property_types": {"DesiredAccess": "UINT32", "ReturnCode": "UINT32", "TargetProcessId": "UINT32"}}
{"header": {"activity_id": "{00000000-0000-0000-0000-000000000000}", "event_flags": 576, "event_id": 5, "event_name": "", "event_opcode": 0, "event_version": 0, "process_id": 6932, "provider_name": "Microsoft-Windows-Kernel-Audit-API-Calls", "task_name": "", "thread_id": 3756, "timestamp": "2025-10-30 03:48:19Z", "trace_name": "AuditAPITrace01"}, "properties": {"DesiredAccess": 0, "ReturnCode": 0, "TargetProcessId": 4636}, "property_types": {"DesiredAccess": "UINT32", "ReturnCode": "UINT32", "TargetProcessId": "UINT32"}}
{"header": {"activity_id": "{00000000-0000-0000-0000-000000000000}", "event_flags": 576, "event_id": 5, "event_name": "", "event_opcode": 0, "event_version": 0, "process_id": 6932, "provider_name": "Microsoft-Windows-Kernel-Audit-API-Calls", "task_name": "", "thread_id": 3756, "timestamp": "2025-10-30 03:48:19Z", "trace_name": "AuditAPITrace01"}, "properties": {"DesiredAccess": 0, "ReturnCode": 0, "TargetProcessId": 4636}, "property_types": {"DesiredAccess": "UINT32", "ReturnCode": "UINT32", "TargetProcessId": "UINT32"}}
{"header": {"activity_id": "{00000000-0000-0000-0000-000000000000}", "event_flags": 576, "event_id": 5, "event_name": "", "event_opcode": 0, "event_version": 0, "process_id": 6932, "provider_name": "Microsoft-Windows-Kernel-Audit-API-Calls", "task_name": "", "thread_id": 3756, "timestamp": "2025-10-30 03:48:19Z", "trace_name": "AuditAPITrace01"}, "properties": {"DesiredAccess": 33554432, "ReturnCode": 0, "TargetProcessId": 4636}, "property_types": {"DesiredAccess": "UINT32", "ReturnCode": "UINT32", "TargetProcessId": "UINT32"}}
{"header": {"activity_id": "{00000000-0000-0000-0000-000000000000}", "event_flags": 576, "event_id": 5, "event_name": "", "event_opcode": 0, "event_version": 0, "process_id": 3856, "provider_name": "Microsoft-Windows-Kernel-Audit-API-Calls", "task_name": "", "thread_id": 5992, "timestamp": "2025-10-30 03:48:19Z", "trace_name": "AuditAPITrace01"}, "properties": {"DesiredAccess": 0, "ReturnCode": 0, "TargetProcessId": 4636}, "property_types": {"DesiredAccess": "UINT32", "ReturnCode": "UINT32", "TargetProcessId": "UINT32"}}
{"header": {"activity_id": "{00000000-0000-0000-0000-000000000000}", "event_flags": 576, "event_id": 10, "event_name": "", "event_opcode": 0, "event_version": 3, "process_id": 3856, "provider_name": "Microsoft-Windows-Sysmon", "task_name": "Process accessed (rule: ProcessAccess) ", "thread_id": 5992, "timestamp": "2025-10-30 03:48:19Z", "trace_name": "codeintegrity"}, "properties": {"CallTrace": "C:\\Windows\\SYSTEM32\\ntdll.dll+9d524|C:\\Windows\\System32\\KERNELBASE.dll+308ee|C:\\Windows\\system32\\conhost.exe+13909|C:\\Windows\\system32\\conhost.exe+13a51|C:\\Windows\\system32\\conhost.exe+13bac|C:\\Windows\\system32\\conhost.exe+106cc|C:\\Windows\\System32\\KERNEL32.DLL+17614|C:\\Windows\\SYSTEM32\\ntdll.dll+526a1", "GrantedAccess": "FFFF1F00", "RuleName": "-", "SourceImage": "C:\\Windows\\system32\\conhost.exe", "SourceProcessGUID": "{39898580-DC5E-6902-B900-000000000300}", "SourceProcessId": 6932, "SourceThreadId": 3756, "SourceUser": "DESKTOP-3AERCN7\\cyb3r", "TargetImage": "C:\\Windows\\system32\\sc.exe", "TargetProcessGUID": "{39898580-E003-6902-0301-000000000300}", "TargetProcessId": 4636, "TargetUser": "DESKTOP-3AERCN7\\cyb3r", "UtcTime": "2025-10-30 03:48:19.944"}, "property_types": {"CallTrace": "STRINGW", "GrantedAccess": "OTHER", "RuleName": "STRINGW", "SourceImage": "STRINGW", "SourceProcessGUID": "GUID", "SourceProcessId": "UINT32", "SourceThreadId": "UINT32", "SourceUser": "STRINGW", "TargetImage": "STRINGW", "TargetProcessGUID": "GUID", "TargetProcessId": "UINT32", "TargetUser": "STRINGW", "UtcTime": "STRINGW"}}
{"header": {"activity_id": "{00000000-0000-0000-0000-000000000000}", "event_flags": 576, "event_id": 5, "event_name": "", "event_opcode": 0, "event_version": 0, "process_id": 4636, "provider_name": "Microsoft-Windows-Kernel-Audit-API-Calls", "task_name": "", "thread_id": 2168, "timestamp": "2025-10-30 03:48:19Z", "trace_name": "AuditAPITrace01"}, "properties": {"DesiredAccess": 2147483648, "ReturnCode": 0, "TargetProcessId": 4636}, "property_types": {"DesiredAccess": "UINT32", "ReturnCode": "UINT32", "TargetProcessId": "UINT32"}}
{"header": {"activity_id": "{00000000-0000-0000-0000-000000000000}", "event_flags": 576, "event_id": 5, "event_name": "", "event_opcode": 0, "event_version": 0, "process_id": 4, "provider_name": "Microsoft-Windows-Kernel-Audit-API-Calls", "task_name": "", "thread_id": 5188, "timestamp": "2025-10-30 03:48:19Z", "trace_name": "AuditAPITrace01"}, "properties": {"DesiredAccess": 0, "ReturnCode": 0, "TargetProcessId": 4636}, "property_types": {"DesiredAccess": "UINT32", "ReturnCode": "UINT32", "TargetProcessId": "UINT32"}}
{"header": {"activity_id": "{00000000-0000-0000-0000-000000000000}", "event_flags": 576, "event_id": 5, "event_name": "", "event_opcode": 0, "event_version": 0, "process_id": 4636, "provider_name": "Microsoft-Windows-Kernel-Audit-API-Calls", "task_name": "", "thread_id": 2168, "timestamp": "2025-10-30 03:48:19Z", "trace_name": "AuditAPITrace01"}, "properties": {"DesiredAccess": 2147483648, "ReturnCode": 0, "TargetProcessId": 4636}, "property_types": {"DesiredAccess": "UINT32", "ReturnCode": "UINT32", "TargetProcessId": "UINT32"}}
{"header": {"activity_id": "{00000000-0000-0000-0000-000000000000}", "event_flags": 576, "event_id": 5, "event_name": "", "event_opcode": 0, "event_version": 0, "process_id": 4636, "provider_name": "Microsoft-Windows-Kernel-Audit-API-Calls", "task_name": "", "thread_id": 2168, "timestamp": "2025-10-30 03:48:19Z", "trace_name": "AuditAPITrace01"}, "properties": {"DesiredAccess": 2147483648, "ReturnCode": 0, "TargetProcessId": 4636}, "property_types": {"DesiredAccess": "UINT32", "ReturnCode": "UINT32", "TargetProcessId": "UINT32"}}
{"header": {"activity_id": "{00000000-0000-0000-0000-000000000000}", "event_flags": 576, "event_id": 5, "event_name": "", "event_opcode": 0, "event_version": 0, "process_id": 3856, "provider_name": "Microsoft-Windows-Kernel-Audit-API-Calls", "task_name": "", "thread_id": 5992, "timestamp": "2025-10-30 03:48:19Z", "trace_name": "AuditAPITrace01"}, "properties": {"DesiredAccess": 0, "ReturnCode": 0, "TargetProcessId": 4636}, "property_types": {"DesiredAccess": "UINT32", "ReturnCode": "UINT32", "TargetProcessId": "UINT32"}}
{"header": {"activity_id": "{00000000-0000-0000-0000-000000000000}", "event_flags": 576, "event_id": 5, "event_name": "", "event_opcode": 0, "event_version": 0, "process_id": 4636, "provider_name": "Microsoft-Windows-Kernel-Audit-API-Calls", "task_name": "", "thread_id": 2168, "timestamp": "2025-10-30 03:48:19Z", "trace_name": "AuditAPITrace01"}, "properties": {"DesiredAccess": 2147483648, "ReturnCode": 0, "TargetProcessId": 4636}, "property_types": {"DesiredAccess": "UINT32", "ReturnCode": "UINT32", "TargetProcessId": "UINT32"}}
{"header": {"activity_id": "{00000000-0000-0000-0000-000000000000}", "event_flags": 576, "event_id": 5, "event_name": "", "event_opcode": 0, "event_version": 0, "process_id": 4, "provider_name": "Microsoft-Windows-Kernel-Audit-API-Calls", "task_name": "", "thread_id": 5188, "timestamp": "2025-10-30 03:48:19Z", "trace_name": "AuditAPITrace01"}, "properties": {"DesiredAccess": 0, "ReturnCode": 0, "TargetProcessId": 4636}, "property_types": {"DesiredAccess": "UINT32", "ReturnCode": "UINT32", "TargetProcessId": "UINT32"}}
{"header": {"activity_id": "{00000000-0000-0000-0000-000000000000}", "event_flags": 576, "event_id": 7, "event_name": "", "event_opcode": 0, "event_version": 3, "process_id": 3856, "provider_name": "Microsoft-Windows-Sysmon", "task_name": "Image loaded (rule: ImageLoad) ", "thread_id": 5992, "timestamp": "2025-10-30 03:48:19Z", "trace_name": "codeintegrity"}, "properties": {"Company": "Microsoft Corporation", "Description": "Windows NT CRT DLL", "FileVersion": "7.0.19041.546 (WinBuild.160101.0800)", "Hashes": "SHA1=5AFF4CFDEE689F127DF3C555281DC629D4D62318,MD5=A4F2D5942FB447CD48A5CEE414983E85,SHA256=DD7C8BC34CDBE30EF921395E874909BBF6BE53803822164F75F7207E9F085650,IMPHASH=1273683626EBBA703979F188A1E64237", "Image": "C:\\Windows\\System32\\sc.exe", "ImageLoaded": "C:\\Windows\\System32\\msvcrt.dll", "OriginalFileName": "msvcrt.dll", "ProcessGuid": "{39898580-E003-6902-0301-000000000300}", "ProcessId": 4636, "Product": "Microsoft Windows Operating System", "RuleName": "-", "Signature": "Microsoft Windows", "SignatureStatus": "Valid", "Signed": "true", "User": "DESKTOP-3AERCN7\\cyb3r", "UtcTime": "2025-10-30 03:48:19.944"}, "property_types": {"Company": "STRINGW", "Description": "STRINGW", "FileVersion": "STRINGW", "Hashes": "STRINGW", "Image": "STRINGW", "ImageLoaded": "STRINGW", "OriginalFileName": "STRINGW", "ProcessGuid": "GUID", "ProcessId": "UINT32", "Product": "STRINGW", "RuleName": "STRINGW", "Signature": "STRINGW", "SignatureStatus": "STRINGW", "Signed": "STRINGW", "User": "STRINGW", "UtcTime": "STRINGW"}}
{"header": {"activity_id": "{00000000-0000-0000-0000-000000000000}", "event_flags": 576, "event_id": 5, "event_name": "", "event_opcode": 0, "event_version": 0, "process_id": 3856, "provider_name": "Microsoft-Windows-Kernel-Audit-API-Calls", "task_name": "", "thread_id": 5992, "timestamp": "2025-10-30 03:48:19Z", "trace_name": "AuditAPITrace01"}, "properties": {"DesiredAccess": 0, "ReturnCode": 0, "TargetProcessId": 4636}, "property_types": {"DesiredAccess": "UINT32", "ReturnCode": "UINT32", "TargetProcessId": "UINT32"}}
{"header": {"activity_id": "{00000000-0000-0000-0000-000000000000}", "event_flags": 576, "event_id": 7, "event_name": "", "event_opcode": 0, "event_version": 3, "process_id": 3856, "provider_name": "Microsoft-Windows-Sysmon", "task_name": "Image loaded (rule: ImageLoad) ", "thread_id": 5992, "timestamp": "2025-10-30 03:48:19Z", "trace_name": "codeintegrity"}, "properties": {"Company": "Microsoft Corporation", "Description": "Remote Procedure Call Runtime", "FileVersion": "10.0.19041.2965 (WinBuild.160101.0800)", "Hashes": "SHA1=704830DE2890526D8212EC65FFF3D3BDF22A08B3,MD5=F90EA560D65015A1DAF74CB6867F985F,SHA256=170452C597CFAF5CE91F5559E6C59565C8DA1F7950B84A6EA5CE6CDAB34AACC1,IMPHASH=691FED08D927C769FAAC5041B85477B5", "Image": "C:\\Windows\\System32\\sc.exe", "ImageLoaded": "C:\\Windows\\System32\\rpcrt4.dll", "OriginalFileName": "rpcrt4.dll", "ProcessGuid": "{39898580-E003-6902-0301-000000000300}", "ProcessId": 4636, "Product": "Microsoft Windows Operating System", "RuleName": "-", "Signature": "Microsoft Windows", "SignatureStatus": "Valid", "Signed": "true", "User": "DESKTOP-3AERCN7\\cyb3r", "UtcTime": "2025-10-30 03:48:19.944"}, "property_types": {"Company": "STRINGW", "Description": "STRINGW", "FileVersion": "STRINGW", "Hashes": "STRINGW", "Image": "STRINGW", "ImageLoaded": "STRINGW", "OriginalFileName": "STRINGW", "ProcessGuid": "GUID", "ProcessId": "UINT32", "Product": "STRINGW", "RuleName": "STRINGW", "Signature": "STRINGW", "SignatureStatus": "STRINGW", "Signed": "STRINGW", "User": "STRINGW", "UtcTime": "STRINGW"}}
{"header": {"activity_id": "{00000000-0000-0000-0000-000000000000}", "event_flags": 576, "event_id": 5, "event_name": "", "event_opcode": 0, "event_version": 0, "process_id": 4636, "provider_name": "Microsoft-Windows-Kernel-Audit-API-Calls", "task_name": "", "thread_id": 2168, "timestamp": "2025-10-30 03:48:19Z", "trace_name": "AuditAPITrace01"}, "properties": {"DesiredAccess": 2147483648, "ReturnCode": 0, "TargetProcessId": 4636}, "property_types": {"DesiredAccess": "UINT32", "ReturnCode": "UINT32", "TargetProcessId": "UINT32"}}
{"header": {"activity_id": "{00000000-0000-0000-0000-000000000000}", "event_flags": 576, "event_id": 5, "event_name": "", "event_opcode": 0, "event_version": 0, "process_id": 4, "provider_name": "Microsoft-Windows-Kernel-Audit-API-Calls", "task_name": "", "thread_id": 5188, "timestamp": "2025-10-30 03:48:19Z", "trace_name": "AuditAPITrace01"}, "properties": {"DesiredAccess": 0, "ReturnCode": 0, "TargetProcessId": 4636}, "property_types": {"DesiredAccess": "UINT32", "ReturnCode": "UINT32", "TargetProcessId": "UINT32"}}
{"header": {"activity_id": "{00000000-0000-0000-0000-000000000000}", "event_flags": 576, "event_id": 5, "event_name": "", "event_opcode": 0, "event_version": 0, "process_id": 3856, "provider_name": "Microsoft-Windows-Kernel-Audit-API-Calls", "task_name": "", "thread_id": 5992, "timestamp": "2025-10-30 03:48:19Z", "trace_name": "AuditAPITrace01"}, "properties": {"DesiredAccess": 0, "ReturnCode": 0, "TargetProcessId": 4636}, "property_types": {"DesiredAccess": "UINT32", "ReturnCode": "UINT32", "TargetProcessId": "UINT32"}}
{"header": {"activity_id": "{00000000-0000-0000-0000-000000000000}", "event_flags": 576, "event_id": 7, "event_name": "", "event_opcode": 0, "event_version": 3, "process_id": 3856, "provider_name": "Microsoft-Windows-Sysmon", "task_name": "Image loaded (rule: ImageLoad) ", "thread_id": 5992, "timestamp": "2025-10-30 03:48:19Z", "trace_name": "codeintegrity"}, "properties": {"Company": "Microsoft Corporation", "Description": "Host for SCM/SDDL/LSA Lookup APIs", "FileVersion": "10.0.19041.2913 (WinBuild.160101.0800)", "Hashes": "SHA1=BBC78B7C6DD3937B2540C7C7001287A5FD937574,MD5=D5F94513E1731C22BC8854430EAA56C2,SHA256=2427BE8FE5683710405618E006AF770FEBA6E8EF20AD443B7AF7E8C1C72B63D9,IMPHASH=CE4BD072766253F6A267D0284CA82002", "Image": "C:\\Windows\\System32\\sc.exe", "ImageLoaded": "C:\\Windows\\System32\\sechost.dll", "OriginalFileName": "sechost.dll", "ProcessGuid": "{39898580-E003-6902-0301-000000000300}", "ProcessId": 4636, "Product": "Microsoft Windows Operating System", "RuleName": "-", "Signature": "Microsoft Windows", "SignatureStatus": "Valid", "Signed": "true", "User": "DESKTOP-3AERCN7\\cyb3r", "UtcTime": "2025-10-30 03:48:19.944"}, "property_types": {"Company": "STRINGW", "Description": "STRINGW", "FileVersion": "STRINGW", "Hashes": "STRINGW", "Image": "STRINGW", "ImageLoaded": "STRINGW", "OriginalFileName": "STRINGW", "ProcessGuid": "GUID", "ProcessId": "UINT32", "Product": "STRINGW", "RuleName": "STRINGW", "Signature": "STRINGW", "SignatureStatus": "STRINGW", "Signed": "STRINGW", "User": "STRINGW", "UtcTime": "STRINGW"}}
{"header": {"activity_id": "{3A71319B-494D-0001-364E-713A4D49DC01}", "event_flags": 576, "event_id": 3038, "event_name": "", "event_opcode": 1, "event_version": 2, "process_id": 4, "provider_name": "Microsoft-Windows-CodeIntegrity", "task_name": "ValidateImageHeader", "thread_id": 5188, "timestamp": "2025-10-30 03:48:20Z", "trace_name": "codeintegrity"}, "properties": {"FileNameBuffer": "\\Users\\cyb3r\\Downloads\\Sysnom.exe", "FileNameLength": 33, "ProcessNameBuffer": "System", "ProcessNameLength": 6, "RequestedSigningLevel": 1, "SecureRequired": "01000000"}, "property_types": {"FileNameBuffer": "STRINGW", "FileNameLength": "UINT16", "ProcessNameBuffer": "STRINGW", "ProcessNameLength": "UINT16", "RequestedSigningLevel": "UINT8", "SecureRequired": "OTHER"}}
{"header": {"activity_id": "{3A71319B-494D-0001-364E-713A4D49DC01}", "event_flags": 576, "event_id": 3015, "event_name": "", "event_opcode": 1, "event_version": 0, "process_id": 4, "provider_name": "Microsoft-Windows-CodeIntegrity", "task_name": "ValidateFileHash", "thread_id": 5188, "timestamp": "2025-10-30 03:48:20Z", "trace_name": "codeintegrity"}, "properties": {"FileNameBuffer": "\\Device\\HarddiskVolume2\\Users\\cyb3r\\Downloads\\Sysnom.exe", "FileNameLength": 56}, "property_types": {"FileNameBuffer": "STRINGW", "FileNameLength": "UINT16"}}
{"header": {"activity_id": "{3A71319B-494D-0001-364E-713A4D49DC01}", "event_flags": 576, "event_id": 3009, "event_name": "", "event_opcode": 0, "event_version": 0, "process_id": 4, "provider_name": "Microsoft-Windows-CodeIntegrity", "task_name": "FileHashFoundInImageCertificate", "thread_id": 5188, "timestamp": "2025-10-30 03:48:20Z", "trace_name": "codeintegrity"}, "properties": {"FileNameBuffer": "\\Device\\HarddiskVolume2\\Users\\cyb3r\\Downloads\\Sysnom.exe", "FileNameLength": 56}, "property_types": {"FileNameBuffer": "STRINGW", "FileNameLength": "UINT16"}}
{"header": {"activity_id": "{3A71319B-494D-0001-364E-713A4D49DC01}", "event_flags": 576, "event_id": 3016, "event_name": "", "event_opcode": 2, "event_version": 1, "process_id": 4, "provider_name": "Microsoft-Windows-CodeIntegrity", "task_name": "ValidateFileHash", "thread_id": 5188, "timestamp": "2025-10-30 03:48:20Z", "trace_name": "codeintegrity"}, "properties": {"Status": "00000000"}, "property_types": {"Status": "OTHER"}}
{"header": {"activity_id": "{3A71319B-494D-0001-364E-713A4D49DC01}", "event_flags": 576, "event_id": 3039, "event_name": "", "event_opcode": 2, "event_version": 1, "process_id": 4, "provider_name": "Microsoft-Windows-CodeIntegrity", "task_name": "ValidateImageHeader", "thread_id": 5188, "timestamp": "2025-10-30 03:48:20Z", "trace_name": "codeintegrity"}, "properties": {"Status": "00000000"}, "property_types": {"Status": "OTHER"}}
{"header": {"activity_id": "{00000000-0000-0000-0000-000000000000}", "event_flags": 576, "event_id": 5, "event_name": "", "event_opcode": 0, "event_version": 0, "process_id": 4, "provider_name": "Microsoft-Windows-Kernel-Audit-API-Calls", "task_name": "", "thread_id": 5188, "timestamp": "2025-10-30 03:48:20Z", "trace_name": "AuditAPITrace01"}, "properties": {"DesiredAccess": 0, "ReturnCode": 0, "TargetProcessId": 4}, "property_types": {"DesiredAccess": "UINT32", "ReturnCode": "UINT32", "TargetProcessId": "UINT32"}}
{"header": {"activity_id": "{00000000-0000-0000-0000-000000000000}", "event_flags": 576, "event_id": 5, "event_name": "", "event_opcode": 0, "event_version": 0, "process_id": 4, "provider_name": "Microsoft-Windows-Kernel-Audit-API-Calls", "task_name": "", "thread_id": 5188, "timestamp": "2025-10-30 03:48:20Z", "trace_name": "AuditAPITrace01"}, "properties": {"DesiredAccess": 0, "ReturnCode": 0, "TargetProcessId": 4}, "property_types": {"DesiredAccess": "UINT32", "ReturnCode": "UINT32", "TargetProcessId": "UINT32"}}
{"header": {"activity_id": "{00000000-0000-0000-0000-000000000000}", "event_flags": 576, "event_id": 3, "event_name": "", "event_opcode": 0, "event_version": 0, "process_id": 4, "provider_name": "Microsoft-Windows-Kernel-Audit-API-Calls", "task_name": "", "thread_id": 5188, "timestamp": "2025-10-30 03:48:20Z", "trace_name": "AuditAPITrace01"}, "properties": {"DesiredAccess": 983041, "LinkSourceName": "\\DosDevices\\TfSysMon", "LinkTargetName": "\\Device\\TfSysMon", "ReturnCode": 0}, "property_types": {"DesiredAccess": "UINT32", "LinkSourceName": "STRINGW", "LinkTargetName": "STRINGW", "ReturnCode": "UINT32"}}
{"header": {"activity_id": "{00000000-0000-0000-0000-000000000000}", "event_flags": 576, "event_id": 1, "event_name": "", "event_opcode": 0, "event_version": 0, "process_id": 4, "provider_name": "Microsoft-Windows-Kernel-Audit-API-Calls", "task_name": "", "thread_id": 5188, "timestamp": "2025-10-30 03:48:20Z", "trace_name": "AuditAPITrace01"}, "properties": {"NotifyRoutineAddress": "0xFFFFF80487DA3DD8", "ReturnCode": 0}, "property_types": {"NotifyRoutineAddress": "POINTER", "ReturnCode": "UINT32"}}
{"header": {"activity_id": "{00000000-0000-0000-0000-000000000000}", "event_flags": 576, "event_id": 5, "event_name": "", "event_opcode": 0, "event_version": 0, "process_id": 4, "provider_name": "Microsoft-Windows-Kernel-Audit-API-Calls", "task_name": "", "thread_id": 5188, "timestamp": "2025-10-30 03:48:20Z", "trace_name": "AuditAPITrace01"}, "properties": {"DesiredAccess": 2035711, "ReturnCode": 0, "TargetProcessId": 4}, "property_types": {"DesiredAccess": "UINT32", "ReturnCode": "UINT32", "TargetProcessId": "UINT32"}}
{"header": {"activity_id": "{00000000-0000-0000-0000-000000000000}", "event_flags": 576, "event_id": 5, "event_name": "", "event_opcode": 0, "event_version": 0, "process_id": 4, "provider_name": "Microsoft-Windows-Kernel-Audit-API-Calls", "task_name": "", "thread_id": 5188, "timestamp": "2025-10-30 03:48:20Z", "trace_name": "AuditAPITrace01"}, "properties": {"DesiredAccess": 2035711, "ReturnCode": 0, "TargetProcessId": 92}, "property_types": {"DesiredAccess": "UINT32", "ReturnCode": "UINT32", "TargetProcessId": "UINT32"}}
{"header": {"activity_id": "{00000000-0000-0000-0000-000000000000}", "event_flags": 576, "event_id": 5, "event_name": "", "event_opcode": 0, "event_version": 0, "process_id": 4, "provider_name": "Microsoft-Windows-Kernel-Audit-API-Calls", "task_name": "", "thread_id": 5188, "timestamp": "2025-10-30 03:48:20Z", "trace_name": "AuditAPITrace01"}, "properties": {"DesiredAccess": 2035711, "ReturnCode": 0, "TargetProcessId": 332}, "property_types": {"DesiredAccess": "UINT32", "ReturnCode": "UINT32", "TargetProcessId": "UINT32"}}
{"header": {"activity_id": "{00000000-0000-0000-0000-000000000000}", "event_flags": 576, "event_id": 5, "event_name": "", "event_opcode": 0, "event_version": 0, "process_id": 4, "provider_name": "Microsoft-Windows-Kernel-Audit-API-Calls", "task_name": "", "thread_id": 5188, "timestamp": "2025-10-30 03:48:20Z", "trace_name": "AuditAPITrace01"}, "properties": {"DesiredAccess": 2035711, "ReturnCode": 0, "TargetProcessId": 440}, "property_types": {"DesiredAccess": "UINT32", "ReturnCode": "UINT32", "TargetProcessId": "UINT32"}}
{"header": {"activity_id": "{00000000-0000-0000-0000-000000000000}", "event_flags": 576, "event_id": 5, "event_name": "", "event_opcode": 0, "event_version": 0, "process_id": 4, "provider_name": "Microsoft-Windows-Kernel-Audit-API-Calls", "task_name": "", "thread_id": 5188, "timestamp": "2025-10-30 03:48:20Z", "trace_name": "AuditAPITrace01"}, "properties": {"DesiredAccess": 2035711, "ReturnCode": 0, "TargetProcessId": 548}, "property_types": {"DesiredAccess": "UINT32", "ReturnCode": "UINT32", "TargetProcessId": "UINT32"}}
{"header": {"activity_id": "{00000000-0000-0000-0000-000000000000}", "event_flags": 576, "event_id": 5, "event_name": "", "event_opcode": 0, "event_version": 0, "process_id": 4, "provider_name": "Microsoft-Windows-Kernel-Audit-API-Calls", "task_name": "", "thread_id": 5188, "timestamp": "2025-10-30 03:48:20Z", "trace_name": "AuditAPITrace01"}, "properties": {"DesiredAccess": 2035711, "ReturnCode": 0, "TargetProcessId": 556}, "property_types": {"DesiredAccess": "UINT32", "ReturnCode": "UINT32", "TargetProcessId": "UINT32"}}
{"header": {"activity_id": "{00000000-0000-0000-0000-000000000000}", "event_flags": 576, "event_id": 5, "event_name": "", "event_opcode": 0, "event_version": 0, "process_id": 4, "provider_name": "Microsoft-Windows-Kernel-Audit-API-Calls", "task_name": "", "thread_id": 5188, "timestamp": "2025-10-30 03:48:20Z", "trace_name": "AuditAPITrace01"}, "properties": {"DesiredAccess": 2035711, "ReturnCode": 0, "TargetProcessId": 644}, "property_types": {"DesiredAccess": "UINT32", "ReturnCode": "UINT32", "TargetProcessId": "UINT32"}}
{"header": {"activity_id": "{00000000-0000-0000-0000-000000000000}", "event_flags": 576, "event_id": 5, "event_name": "", "event_opcode": 0, "event_version": 0, "process_id": 4, "provider_name": "Microsoft-Windows-Kernel-Audit-API-Calls", "task_name": "", "thread_id": 5188, "timestamp": "2025-10-30 03:48:20Z", "trace_name": "AuditAPITrace01"}, "properties": {"DesiredAccess": 2035711, "ReturnCode": 0, "TargetProcessId": 652}, "property_types": {"DesiredAccess": "UINT32", "ReturnCode": "UINT32", "TargetProcessId": "UINT32"}}
{"header": {"activity_id": "{00000000-0000-0000-0000-000000000000}", "event_flags": 576, "event_id": 5, "event_name": "", "event_opcode": 0, "event_version": 0, "process_id": 4, "provider_name": "Microsoft-Windows-Kernel-Audit-API-Calls", "task_name": "", "thread_id": 5188, "timestamp": "2025-10-30 03:48:20Z", "trace_name": "AuditAPITrace01"}, "properties": {"DesiredAccess": 2035711, "ReturnCode": 0, "TargetProcessId": 704}, "property_types": {"DesiredAccess": "UINT32", "ReturnCode": "UINT32", "TargetProcessId": "UINT32"}}
{"header": {"activity_id": "{00000000-0000-0000-0000-000000000000}", "event_flags": 576, "event_id": 5, "event_name": "", "event_opcode": 0, "event_version": 0, "process_id": 4, "provider_name": "Microsoft-Windows-Kernel-Audit-API-Calls", "task_name": "", "thread_id": 5188, "timestamp": "2025-10-30 03:48:20Z", "trace_name": "AuditAPITrace01"}, "properties": {"DesiredAccess": 2035711, "ReturnCode": 0, "TargetProcessId": 804}, "property_types": {"DesiredAccess": "UINT32", "ReturnCode": "UINT32", "TargetProcessId": "UINT32"}}
{"header": {"activity_id": "{00000000-0000-0000-0000-000000000000}", "event_flags": 576, "event_id": 5, "event_name": "", "event_opcode": 0, "event_version": 0, "process_id": 4, "provider_name": "Microsoft-Windows-Kernel-Audit-API-Calls", "task_name": "", "thread_id": 5188, "timestamp": "2025-10-30 03:48:20Z", "trace_name": "AuditAPITrace01"}, "properties": {"DesiredAccess": 2035711, "ReturnCode": 0, "TargetProcessId": 812}, "property_types": {"DesiredAccess": "UINT32", "ReturnCode": "UINT32", "TargetProcessId": "UINT32"}}
{"header": {"activity_id": "{00000000-0000-0000-0000-000000000000}", "event_flags": 576, "event_id": 5, "event_name": "", "event_opcode": 0, "event_version": 0, "process_id": 4, "provider_name": "Microsoft-Windows-Kernel-Audit-API-Calls", "task_name": "", "thread_id": 5188, "timestamp": "2025-10-30 03:48:20Z", "trace_name": "AuditAPITrace01"}, "properties": {"DesiredAccess": 2035711, "ReturnCode": 0, "TargetProcessId": 820}, "property_types": {"DesiredAccess": "UINT32", "ReturnCode": "UINT32", "TargetProcessId": "UINT32"}}
{"header": {"activity_id": "{00000000-0000-0000-0000-000000000000}", "event_flags": 576, "event_id": 5, "event_name": "", "event_opcode": 0, "event_version": 0, "process_id": 4, "provider_name": "Microsoft-Windows-Kernel-Audit-API-Calls", "task_name": "", "thread_id": 5188, "timestamp": "2025-10-30 03:48:20Z", "trace_name": "AuditAPITrace01"}, "properties": {"DesiredAccess": 2035711, "ReturnCode": 0, "TargetProcessId": 912}, "property_types": {"DesiredAccess": "UINT32", "ReturnCode": "UINT32", "TargetProcessId": "UINT32"}}
{"header": {"activity_id": "{00000000-0000-0000-0000-000000000000}", "event_flags": 576, "event_id": 5, "event_name": "", "event_opcode": 0, "event_version": 0, "process_id": 4, "provider_name": "Microsoft-Windows-Kernel-Audit-API-Calls", "task_name": "", "thread_id": 5188, "timestamp": "2025-10-30 03:48:20Z", "trace_name": "AuditAPITrace01"}, "properties": {"DesiredAccess": 2035711, "ReturnCode": 0, "TargetProcessId": 968}, "property_types": {"DesiredAccess": "UINT32", "ReturnCode": "UINT32", "TargetProcessId": "UINT32"}}
{"header": {"activity_id": "{00000000-0000-0000-0000-000000000000}", "event_flags": 576, "event_id": 5, "event_name": "", "event_opcode": 0, "event_version": 0, "process_id": 4, "provider_name": "Microsoft-Windows-Kernel-Audit-API-Calls", "task_name": "", "thread_id": 5188, "timestamp": "2025-10-30 03:48:20Z", "trace_name": "AuditAPITrace01"}, "properties": {"DesiredAccess": 2035711, "ReturnCode": 0, "TargetProcessId": 364}, "property_types": {"DesiredAccess": "UINT32", "ReturnCode": "UINT32", "TargetProcessId": "UINT32"}}
{"header": {"activity_id": "{00000000-0000-0000-0000-000000000000}", "event_flags": 576, "event_id": 5, "event_name": "", "event_opcode": 0, "event_version": 0, "process_id": 4, "provider_name": "Microsoft-Windows-Kernel-Audit-API-Calls", "task_name": "", "thread_id": 5188, "timestamp": "2025-10-30 03:48:20Z", "trace_name": "AuditAPITrace01"}, "properties": {"DesiredAccess": 2035711, "ReturnCode": 0, "TargetProcessId": 432}, "property_types": {"DesiredAccess": "UINT32", "ReturnCode": "UINT32", "TargetProcessId": "UINT32"}}
{"header": {"activity_id": "{00000000-0000-0000-0000-000000000000}", "event_flags": 576, "event_id": 5, "event_name": "", "event_opcode": 0, "event_version": 0, "process_id": 4, "provider_name": "Microsoft-Windows-Kernel-Audit-API-Calls", "task_name": "", "thread_id": 5188, "timestamp": "2025-10-30 03:48:20Z", "trace_name": "AuditAPITrace01"}, "properties": {"DesiredAccess": 2035711, "ReturnCode": 0, "TargetProcessId": 1028}, "property_types": {"DesiredAccess": "UINT32", "ReturnCode": "UINT32", "TargetProcessId": "UINT32"}}
{"header": {"activity_id": "{00000000-0000-0000-0000-000000000000}", "event_flags": 576, "event_id": 5, "event_name": "", "event_opcode": 0, "event_version": 0, "process_id": 4, "provider_name": "Microsoft-Windows-Kernel-Audit-API-Calls", "task_name": "", "thread_id": 5188, "timestamp": "2025-10-30 03:48:20Z", "trace_name": "AuditAPITrace01"}, "properties": {"DesiredAccess": 2035711, "ReturnCode": 0, "TargetProcessId": 1112}, "property_types": {"DesiredAccess": "UINT32", "ReturnCode": "UINT32", "TargetProcessId": "UINT32"}}
{"header": {"activity_id": "{00000000-0000-0000-0000-000000000000}", "event_flags": 576, "event_id": 5, "event_name": "", "event_opcode": 0, "event_version": 0, "process_id": 4, "provider_name": "Microsoft-Windows-Kernel-Audit-API-Calls", "task_name": "", "thread_id": 5188, "timestamp": "2025-10-30 03:48:20Z", "trace_name": "AuditAPITrace01"}, "properties": {"DesiredAccess": 2035711, "ReturnCode": 0, "TargetProcessId": 1132}, "property_types": {"DesiredAccess": "UINT32", "ReturnCode": "UINT32", "TargetProcessId": "UINT32"}}
{"header": {"activity_id": "{00000000-0000-0000-0000-000000000000}", "event_flags": 576, "event_id": 5, "event_name": "", "event_opcode": 0, "event_version": 0, "process_id": 4, "provider_name": "Microsoft-Windows-Kernel-Audit-API-Calls", "task_name": "", "thread_id": 5188, "timestamp": "2025-10-30 03:48:20Z", "trace_name": "AuditAPITrace01"}, "properties": {"DesiredAccess": 2035711, "ReturnCode": 0, "TargetProcessId": 1160}, "property_types": {"DesiredAccess": "UINT32", "ReturnCode": "UINT32", "TargetProcessId": "UINT32"}}
{"header": {"activity_id": "{00000000-0000-0000-0000-000000000000}", "event_flags": 576, "event_id": 5, "event_name": "", "event_opcode": 0, "event_version": 0, "process_id": 4, "provider_name": "Microsoft-Windows-Kernel-Audit-API-Calls", "task_name": "", "thread_id": 5188, "timestamp": "2025-10-30 03:48:20Z", "trace_name": "AuditAPITrace01"}, "properties": {"DesiredAccess": 2035711, "ReturnCode": 0, "TargetProcessId": 1212}, "property_types": {"DesiredAccess": "UINT32", "ReturnCode": "UINT32", "TargetProcessId": "UINT32"}}
{"header": {"activity_id": "{00000000-0000-0000-0000-000000000000}", "event_flags": 576, "event_id": 5, "event_name": "", "event_opcode": 0, "event_version": 0, "process_id": 4, "provider_name": "Microsoft-Windows-Kernel-Audit-API-Calls", "task_name": "", "thread_id": 5188, "timestamp": "2025-10-30 03:48:20Z", "trace_name": "AuditAPITrace01"}, "properties": {"DesiredAccess": 2035711, "ReturnCode": 0, "TargetProcessId": 1272}, "property_types": {"DesiredAccess": "UINT32", "ReturnCode": "UINT32", "TargetProcessId": "UINT32"}}
{"header": {"activity_id": "{00000000-0000-0000-0000-000000000000}", "event_flags": 576, "event_id": 5, "event_name": "", "event_opcode": 0, "event_version": 0, "process_id": 4, "provider_name": "Microsoft-Windows-Kernel-Audit-API-Calls", "task_name": "", "thread_id": 5188, "timestamp": "2025-10-30 03:48:20Z", "trace_name": "AuditAPITrace01"}, "properties": {"DesiredAccess": 2035711, "ReturnCode": 0, "TargetProcessId": 1324}, "property_types": {"DesiredAccess": "UINT32", "ReturnCode": "UINT32", "TargetProcessId": "UINT32"}}
{"header": {"activity_id": "{00000000-0000-0000-0000-000000000000}", "event_flags": 576, "event_id": 5, "event_name": "", "event_opcode": 0, "event_version": 0, "process_id": 4, "provider_name": "Microsoft-Windows-Kernel-Audit-API-Calls", "task_name": "", "thread_id": 5188, "timestamp": "2025-10-30 03:48:20Z", "trace_name": "AuditAPITrace01"}, "properties": {"DesiredAccess": 2035711, "ReturnCode": 0, "TargetProcessId": 1332}, "property_types": {"DesiredAccess": "UINT32", "ReturnCode": "UINT32", "TargetProcessId": "UINT32"}}
{"header": {"activity_id": "{00000000-0000-0000-0000-000000000000}", "event_flags": 576, "event_id": 5, "event_name": "", "event_opcode": 0, "event_version": 0, "process_id": 4, "provider_name": "Microsoft-Windows-Kernel-Audit-API-Calls", "task_name": "", "thread_id": 5188, "timestamp": "2025-10-30 03:48:20Z", "trace_name": "AuditAPITrace01"}, "properties": {"DesiredAccess": 2035711, "ReturnCode": 0, "TargetProcessId": 1404}, "property_types": {"DesiredAccess": "UINT32", "ReturnCode": "UINT32", "TargetProcessId": "UINT32"}}
{"header": {"activity_id": "{00000000-0000-0000-0000-000000000000}", "event_flags": 576, "event_id": 5, "event_name": "", "event_opcode": 0, "event_version": 0, "process_id": 4, "provider_name": "Microsoft-Windows-Kernel-Audit-API-Calls", "task_name": "", "thread_id": 5188, "timestamp": "2025-10-30 03:48:20Z", "trace_name": "AuditAPITrace01"}, "properties": {"DesiredAccess": 2035711, "ReturnCode": 0, "TargetProcessId": 1424}, "property_types": {"DesiredAccess": "UINT32", "ReturnCode": "UINT32", "TargetProcessId": "UINT32"}}
{"header": {"activity_id": "{00000000-0000-0000-0000-000000000000}", "event_flags": 576, "event_id": 5, "event_name": "", "event_opcode": 0, "event_version": 0, "process_id": 4, "provider_name": "Microsoft-Windows-Kernel-Audit-API-Calls", "task_name": "", "thread_id": 5188, "timestamp": "2025-10-30 03:48:20Z", "trace_name": "AuditAPITrace01"}, "properties": {"DesiredAccess": 2035711, "ReturnCode": 0, "TargetProcessId": 1476}, "property_types": {"DesiredAccess": "UINT32", "ReturnCode": "UINT32", "TargetProcessId": "UINT32"}}
{"header": {"activity_id": "{00000000-0000-0000-0000-000000000000}", "event_flags": 576, "event_id": 5, "event_name": "", "event_opcode": 0, "event_version": 0, "process_id": 4, "provider_name": "Microsoft-Windows-Kernel-Audit-API-Calls", "task_name": "", "thread_id": 5188, "timestamp": "2025-10-30 03:48:20Z", "trace_name": "AuditAPITrace01"}, "properties": {"DesiredAccess": 2035711, "ReturnCode": 0, "TargetProcessId": 1632}, "property_types": {"DesiredAccess": "UINT32", "ReturnCode": "UINT32", "TargetProcessId": "UINT32"}}
{"header": {"activity_id": "{00000000-0000-0000-0000-000000000000}", "event_flags": 576, "event_id": 5, "event_name": "", "event_opcode": 0, "event_version": 0, "process_id": 4, "provider_name": "Microsoft-Windows-Kernel-Audit-API-Calls", "task_name": "", "thread_id": 5188, "timestamp": "2025-10-30 03:48:20Z", "trace_name": "AuditAPITrace01"}, "properties": {"DesiredAccess": 2035711, "ReturnCode": 0, "TargetProcessId": 1640}, "property_types": {"DesiredAccess": "UINT32", "ReturnCode": "UINT32", "TargetProcessId": "UINT32"}}
{"header": {"activity_id": "{00000000-0000-0000-0000-000000000000}", "event_flags": 576, "event_id": 5, "event_name": "", "event_opcode": 0, "event_version": 0, "process_id": 4, "provider_name": "Microsoft-Windows-Kernel-Audit-API-Calls", "task_name": "", "thread_id": 5188, "timestamp": "2025-10-30 03:48:20Z", "trace_name": "AuditAPITrace01"}, "properties": {"DesiredAccess": 2035711, "ReturnCode": 0, "TargetProcessId": 1648}, "property_types": {"DesiredAccess": "UINT32", "ReturnCode": "UINT32", "TargetProcessId": "UINT32"}}
{"header": {"activity_id": "{00000000-0000-0000-0000-000000000000}", "event_flags": 576, "event_id": 5, "event_name": "", "event_opcode": 0, "event_version": 0, "process_id": 4, "provider_name": "Microsoft-Windows-Kernel-Audit-API-Calls", "task_name": "", "thread_id": 5188, "timestamp": "2025-10-30 03:48:20Z", "trace_name": "AuditAPITrace01"}, "properties": {"DesiredAccess": 2035711, "ReturnCode": 0, "TargetProcessId": 1664}, "property_types": {"DesiredAccess": "UINT32", "ReturnCode": "UINT32", "TargetProcessId": "UINT32"}}
{"header": {"activity_id": "{00000000-0000-0000-0000-000000000000}", "event_flags": 576, "event_id": 5, "event_name": "", "event_opcode": 0, "event_version": 0, "process_id": 4, "provider_name": "Microsoft-Windows-Kernel-Audit-API-Calls", "task_name": "", "thread_id": 5188, "timestamp": "2025-10-30 03:48:20Z", "trace_name": "AuditAPITrace01"}, "properties": {"DesiredAccess": 2035711, "ReturnCode": 0, "TargetProcessId": 1736}, "property_types": {"DesiredAccess": "UINT32", "ReturnCode": "UINT32", "TargetProcessId": "UINT32"}}
{"header": {"activity_id": "{00000000-0000-0000-0000-000000000000}", "event_flags": 576, "event_id": 5, "event_name": "", "event_opcode": 0, "event_version": 0, "process_id": 4, "provider_name": "Microsoft-Windows-Kernel-Audit-API-Calls", "task_name": "", "thread_id": 5188, "timestamp": "2025-10-30 03:48:20Z", "trace_name": "AuditAPITrace01"}, "properties": {"DesiredAccess": 2035711, "ReturnCode": 0, "TargetProcessId": 1768}, "property_types": {"DesiredAccess": "UINT32", "ReturnCode": "UINT32", "TargetProcessId": "UINT32"}}
{"header": {"activity_id": "{00000000-0000-0000-0000-000000000000}", "event_flags": 576, "event_id": 5, "event_name": "", "event_opcode": 0, "event_version": 0, "process_id": 4, "provider_name": "Microsoft-Windows-Kernel-Audit-API-Calls", "task_name": "", "thread_id": 5188, "timestamp": "2025-10-30 03:48:20Z", "trace_name": "AuditAPITrace01"}, "properties": {"DesiredAccess": 2035711, "ReturnCode": 0, "TargetProcessId": 1864}, "property_types": {"DesiredAccess": "UINT32", "ReturnCode": "UINT32", "TargetProcessId": "UINT32"}}
{"header": {"activity_id": "{00000000-0000-0000-0000-000000000000}", "event_flags": 576, "event_id": 5, "event_name": "", "event_opcode": 0, "event_version": 0, "process_id": 4, "provider_name": "Microsoft-Windows-Kernel-Audit-API-Calls", "task_name": "", "thread_id": 5188, "timestamp": "2025-10-30 03:48:20Z", "trace_name": "AuditAPITrace01"}, "properties": {"DesiredAccess": 2035711, "ReturnCode": 0, "TargetProcessId": 1876}, "property_types": {"DesiredAccess": "UINT32", "ReturnCode": "UINT32", "TargetProcessId": "UINT32"}}
{"header": {"activity_id": "{00000000-0000-0000-0000-000000000000}", "event_flags": 576, "event_id": 5, "event_name": "", "event_opcode": 0, "event_version": 0, "process_id": 4, "provider_name": "Microsoft-Windows-Kernel-Audit-API-Calls", "task_name": "", "thread_id": 5188, "timestamp": "2025-10-30 03:48:20Z", "trace_name": "AuditAPITrace01"}, "properties": {"DesiredAccess": 2035711, "ReturnCode": 0, "TargetProcessId": 1936}, "property_types": {"DesiredAccess": "UINT32", "ReturnCode": "UINT32", "TargetProcessId": "UINT32"}}
{"header": {"activity_id": "{00000000-0000-0000-0000-000000000000}", "event_flags": 576, "event_id": 5, "event_name": "", "event_opcode": 0, "event_version": 0, "process_id": 4, "provider_name": "Microsoft-Windows-Kernel-Audit-API-Calls", "task_name": "", "thread_id": 5188, "timestamp": "2025-10-30 03:48:20Z", "trace_name": "AuditAPITrace01"}, "properties": {"DesiredAccess": 2035711, "ReturnCode": 0, "TargetProcessId": 1952}, "property_types": {"DesiredAccess": "UINT32", "ReturnCode": "UINT32", "TargetProcessId": "UINT32"}}
{"header": {"activity_id": "{00000000-0000-0000-0000-000000000000}", "event_flags": 576, "event_id": 5, "event_name": "", "event_opcode": 0, "event_version": 0, "process_id": 4, "provider_name": "Microsoft-Windows-Kernel-Audit-API-Calls", "task_name": "", "thread_id": 5188, "timestamp": "2025-10-30 03:48:20Z", "trace_name": "AuditAPITrace01"}, "properties": {"DesiredAccess": 2035711, "ReturnCode": 0, "TargetProcessId": 1096}, "property_types": {"DesiredAccess": "UINT32", "ReturnCode": "UINT32", "TargetProcessId": "UINT32"}}
{"header": {"activity_id": "{00000000-0000-0000-0000-000000000000}", "event_flags": 576, "event_id": 5, "event_name": "", "event_opcode": 0, "event_version": 0, "process_id": 4, "provider_name": "Microsoft-Windows-Kernel-Audit-API-Calls", "task_name": "", "thread_id": 5188, "timestamp": "2025-10-30 03:48:20Z", "trace_name": "AuditAPITrace01"}, "properties": {"DesiredAccess": 2035711, "ReturnCode": 0, "TargetProcessId": 1372}, "property_types": {"DesiredAccess": "UINT32", "ReturnCode": "UINT32", "TargetProcessId": "UINT32"}}
{"header": {"activity_id": "{00000000-0000-0000-0000-000000000000}", "event_flags": 576, "event_id": 5, "event_name": "", "event_opcode": 0, "event_version": 0, "process_id": 4, "provider_name": "Microsoft-Windows-Kernel-Audit-API-Calls", "task_name": "", "thread_id": 5188, "timestamp": "2025-10-30 03:48:20Z", "trace_name": "AuditAPITrace01"}, "properties": {"DesiredAccess": 2035711, "ReturnCode": 0, "TargetProcessId": 1540}, "property_types": {"DesiredAccess": "UINT32", "ReturnCode": "UINT32", "TargetProcessId": "UINT32"}}
{"header": {"activity_id": "{00000000-0000-0000-0000-000000000000}", "event_flags": 576, "event_id": 5, "event_name": "", "event_opcode": 0, "event_version": 0, "process_id": 4, "provider_name": "Microsoft-Windows-Kernel-Audit-API-Calls", "task_name": "", "thread_id": 5188, "timestamp": "2025-10-30 03:48:20Z", "trace_name": "AuditAPITrace01"}, "properties": {"DesiredAccess": 2035711, "ReturnCode": 0, "TargetProcessId": 2132}, "property_types": {"DesiredAccess": "UINT32", "ReturnCode": "UINT32", "TargetProcessId": "UINT32"}}
{"header": {"activity_id": "{00000000-0000-0000-0000-000000000000}", "event_flags": 576, "event_id": 5, "event_name": "", "event_opcode": 0, "event_version": 0, "process_id": 4, "provider_name": "Microsoft-Windows-Kernel-Audit-API-Calls", "task_name": "", "thread_id": 5188, "timestamp": "2025-10-30 03:48:20Z", "trace_name": "AuditAPITrace01"}, "properties": {"DesiredAccess": 2035711, "ReturnCode": 0, "TargetProcessId": 2144}, "property_types": {"DesiredAccess": "UINT32", "ReturnCode": "UINT32", "TargetProcessId": "UINT32"}}
{"header": {"activity_id": "{00000000-0000-0000-0000-000000000000}", "event_flags": 576, "event_id": 5, "event_name": "", "event_opcode": 0, "event_version": 0, "process_id": 4, "provider_name": "Microsoft-Windows-Kernel-Audit-API-Calls", "task_name": "", "thread_id": 5188, "timestamp": "2025-10-30 03:48:20Z", "trace_name": "AuditAPITrace01"}, "properties": {"DesiredAccess": 2035711, "ReturnCode": 0, "TargetProcessId": 2284}, "property_types": {"DesiredAccess": "UINT32", "ReturnCode": "UINT32", "TargetProcessId": "UINT32"}}
{"header": {"activity_id": "{00000000-0000-0000-0000-000000000000}", "event_flags": 576, "event_id": 5, "event_name": "", "event_opcode": 0, "event_version": 0, "process_id": 4, "provider_name": "Microsoft-Windows-Kernel-Audit-API-Calls", "task_name": "", "thread_id": 5188, "timestamp": "2025-10-30 03:48:20Z", "trace_name": "AuditAPITrace01"}, "properties": {"DesiredAccess": 2035711, "ReturnCode": 0, "TargetProcessId": 2312}, "property_types": {"DesiredAccess": "UINT32", "ReturnCode": "UINT32", "TargetProcessId": "UINT32"}}
{"header": {"activity_id": "{00000000-0000-0000-0000-000000000000}", "event_flags": 576, "event_id": 5, "event_name": "", "event_opcode": 0, "event_version": 0, "process_id": 4, "provider_name": "Microsoft-Windows-Kernel-Audit-API-Calls", "task_name": "", "thread_id": 5188, "timestamp": "2025-10-30 03:48:20Z", "trace_name": "AuditAPITrace01"}, "properties": {"DesiredAccess": 2035711, "ReturnCode": 0, "TargetProcessId": 2344}, "property_types": {"DesiredAccess": "UINT32", "ReturnCode": "UINT32", "TargetProcessId": "UINT32"}}
{"header": {"activity_id": "{00000000-0000-0000-0000-000000000000}", "event_flags": 576, "event_id": 5, "event_name": "", "event_opcode": 0, "event_version": 0, "process_id": 4, "provider_name": "Microsoft-Windows-Kernel-Audit-API-Calls", "task_name": "", "thread_id": 5188, "timestamp": "2025-10-30 03:48:20Z", "trace_name": "AuditAPITrace01"}, "properties": {"DesiredAccess": 2035711, "ReturnCode": 0, "TargetProcessId": 2480}, "property_types": {"DesiredAccess": "UINT32", "ReturnCode": "UINT32", "TargetProcessId": "UINT32"}}
{"header": {"activity_id": "{00000000-0000-0000-0000-000000000000}", "event_flags": 576, "event_id": 5, "event_name": "", "event_opcode": 0, "event_version": 0, "process_id": 4, "provider_name": "Microsoft-Windows-Kernel-Audit-API-Calls", "task_name": "", "thread_id": 5188, "timestamp": "2025-10-30 03:48:20Z", "trace_name": "AuditAPITrace01"}, "properties": {"DesiredAccess": 2035711, "ReturnCode": 0, "TargetProcessId": 2488}, "property_types": {"DesiredAccess": "UINT32", "ReturnCode": "UINT32", "TargetProcessId": "UINT32"}}
{"header": {"activity_id": "{00000000-0000-0000-0000-000000000000}", "event_flags": 576, "event_id": 5, "event_name": "", "event_opcode": 0, "event_version": 0, "process_id": 4, "provider_name": "Microsoft-Windows-Kernel-Audit-API-Calls", "task_name": "", "thread_id": 5188, "timestamp": "2025-10-30 03:48:20Z", "trace_name": "AuditAPITrace01"}, "properties": {"DesiredAccess": 2035711, "ReturnCode": 0, "TargetProcessId": 2496}, "property_types": {"DesiredAccess": "UINT32", "ReturnCode": "UINT32", "TargetProcessId": "UINT32"}}
{"header": {"activity_id": "{00000000-0000-0000-0000-000000000000}", "event_flags": 576, "event_id": 5, "event_name": "", "event_opcode": 0, "event_version": 0, "process_id": 4, "provider_name": "Microsoft-Windows-Kernel-Audit-API-Calls", "task_name": "", "thread_id": 5188, "timestamp": "2025-10-30 03:48:20Z", "trace_name": "AuditAPITrace01"}, "properties": {"DesiredAccess": 2035711, "ReturnCode": 0, "TargetProcessId": 2516}, "property_types": {"DesiredAccess": "UINT32", "ReturnCode": "UINT32", "TargetProcessId": "UINT32"}}
{"header": {"activity_id": "{00000000-0000-0000-0000-000000000000}", "event_flags": 576, "event_id": 5, "event_name": "", "event_opcode": 0, "event_version": 0, "process_id": 4, "provider_name": "Microsoft-Windows-Kernel-Audit-API-Calls", "task_name": "", "thread_id": 5188, "timestamp": "2025-10-30 03:48:20Z", "trace_name": "AuditAPITrace01"}, "properties": {"DesiredAccess": 2035711, "ReturnCode": 0, "TargetProcessId": 2592}, "property_types": {"DesiredAccess": "UINT32", "ReturnCode": "UINT32", "TargetProcessId": "UINT32"}}
{"header": {"activity_id": "{00000000-0000-0000-0000-000000000000}", "event_flags": 576, "event_id": 5, "event_name": "", "event_opcode": 0, "event_version": 0, "process_id": 4, "provider_name": "Microsoft-Windows-Kernel-Audit-API-Calls", "task_name": "", "thread_id": 5188, "timestamp": "2025-10-30 03:48:20Z", "trace_name": "AuditAPITrace01"}, "properties": {"DesiredAccess": 2035711, "ReturnCode": 0, "TargetProcessId": 2600}, "property_types": {"DesiredAccess": "UINT32", "ReturnCode": "UINT32", "TargetProcessId": "UINT32"}}
{"header": {"activity_id": "{00000000-0000-0000-0000-000000000000}", "event_flags": 576, "event_id": 5, "event_name": "", "event_opcode": 0, "event_version": 0, "process_id": 4, "provider_name": "Microsoft-Windows-Kernel-Audit-API-Calls", "task_name": "", "thread_id": 5188, "timestamp": "2025-10-30 03:48:20Z", "trace_name": "AuditAPITrace01"}, "properties": {"DesiredAccess": 2035711, "ReturnCode": 0, "TargetProcessId": 2612}, "property_types": {"DesiredAccess": "UINT32", "ReturnCode": "UINT32", "TargetProcessId": "UINT32"}}
{"header": {"activity_id": "{00000000-0000-0000-0000-000000000000}", "event_flags": 576, "event_id": 5, "event_name": "", "event_opcode": 0, "event_version": 0, "process_id": 4, "provider_name": "Microsoft-Windows-Kernel-Audit-API-Calls", "task_name": "", "thread_id": 5188, "timestamp": "2025-10-30 03:48:20Z", "trace_name": "AuditAPITrace01"}, "properties": {"DesiredAccess": 2035711, "ReturnCode": 0, "TargetProcessId": 2668}, "property_types": {"DesiredAccess": "UINT32", "ReturnCode": "UINT32", "TargetProcessId": "UINT32"}}
{"header": {"activity_id": "{00000000-0000-0000-0000-000000000000}", "event_flags": 576, "event_id": 5, "event_name": "", "event_opcode": 0, "event_version": 0, "process_id": 4, "provider_name": "Microsoft-Windows-Kernel-Audit-API-Calls", "task_name": "", "thread_id": 5188, "timestamp": "2025-10-30 03:48:20Z", "trace_name": "AuditAPITrace01"}, "properties": {"DesiredAccess": 2035711, "ReturnCode": 0, "TargetProcessId": 2676}, "property_types": {"DesiredAccess": "UINT32", "ReturnCode": "UINT32", "TargetProcessId": "UINT32"}}
{"header": {"activity_id": "{00000000-0000-0000-0000-000000000000}", "event_flags": 576, "event_id": 5, "event_name": "", "event_opcode": 0, "event_version": 0, "process_id": 4, "provider_name": "Microsoft-Windows-Kernel-Audit-API-Calls", "task_name": "", "thread_id": 5188, "timestamp": "2025-10-30 03:48:20Z", "trace_name": "AuditAPITrace01"}, "properties": {"DesiredAccess": 2035711, "ReturnCode": 0, "TargetProcessId": 2700}, "property_types": {"DesiredAccess": "UINT32", "ReturnCode": "UINT32", "TargetProcessId": "UINT32"}}
{"header": {"activity_id": "{00000000-0000-0000-0000-000000000000}", "event_flags": 576, "event_id": 5, "event_name": "", "event_opcode": 0, "event_version": 0, "process_id": 4, "provider_name": "Microsoft-Windows-Kernel-Audit-API-Calls", "task_name": "", "thread_id": 5188, "timestamp": "2025-10-30 03:48:20Z", "trace_name": "AuditAPITrace01"}, "properties": {"DesiredAccess": 2035711, "ReturnCode": 0, "TargetProcessId": 2816}, "property_types": {"DesiredAccess": "UINT32", "ReturnCode": "UINT32", "TargetProcessId": "UINT32"}}
{"header": {"activity_id": "{00000000-0000-0000-0000-000000000000}", "event_flags": 576, "event_id": 5, "event_name": "", "event_opcode": 0, "event_version": 0, "process_id": 4, "provider_name": "Microsoft-Windows-Kernel-Audit-API-Calls", "task_name": "", "thread_id": 5188, "timestamp": "2025-10-30 03:48:20Z", "trace_name": "AuditAPITrace01"}, "properties": {"DesiredAccess": 2035711, "ReturnCode": 0, "TargetProcessId": 2884}, "property_types": {"DesiredAccess": "UINT32", "ReturnCode": "UINT32", "TargetProcessId": "UINT32"}}
