{"header": {"activity_id": "{00000000-0000-0000-0000-000000000000}", "event_flags": 576, "event_id": 10, "event_name": "", "event_opcode": 0, "event_version": 3, "process_id": 3856, "provider_name": "Microsoft-Windows-Sysmon", "task_name": "Process accessed (rule: ProcessAccess) ", "thread_id": 5992, "timestamp": "2025-10-30 03:48:00Z", "trace_name": "codeintegrity"}, "properties": {"CallTrace": "C:\\Windows\\SYSTEM32\\ntdll.dll+9d524|C:\\Windows\\System32\\KERNELBASE.dll+6f176|c:\\windows\\system32\\lsm.dll+103a7|C:\\Windows\\System32\\RPCRT4.dll+7b253|C:\\Windows\\System32\\RPCRT4.dll+de77b|C:\\Windows\\System32\\RPCRT4.dll+5bc7c|C:\\Windows\\System32\\RPCRT4.dll+58f88|C:\\Windows\\System32\\RPCRT4.dll+3a1a6|C:\\Windows\\System32\\RPCRT4.dll+39af8|C:\\Windows\\System32\\RPCRT4.dll+472bf|C:\\Windows\\System32\\RPCRT4.dll+466c8|C:\\Windows\\System32\\RPCRT4.dll+45cb1|C:\\Windows\\System32\\RPCRT4.dll+4571e|C:\\Windows\\System32\\RPCRT4.dll+49e32|C:\\Windows\\SYSTEM32\\ntdll.dll+20330|C:\\Windows\\SYSTEM32\\ntdll.dll+52f76|C:\\Windows\\System32\\KERNEL32.DLL+17614|C:\\Windows\\SYSTEM32\\ntdll.dll+526a1", "GrantedAccess": "00100000", "RuleName": "-", "SourceImage": "C:\\Windows\\system32\\svchost.exe", "SourceProcessGUID": "{39898580-DB70-6902-1100-000000000300}", "SourceProcessId": 968, "SourceThreadId": 800, "SourceUser": "NT AUTHORITY\\SYSTEM", "TargetImage": "C:\\Windows\\System32\\svchost.exe", "TargetProcessGUID": "{39898580-DB72-6902-3A00-000000000300}", "TargetProcessId": 2496, "TargetUser": "NT AUTHORITY\\LOCAL SERVICE", "UtcTime": "2025-10-30 03:48:00.007"}, "property_types": {"CallTrace": "STRINGW", "GrantedAccess": "OTHER", "RuleName": "STRINGW", "SourceImage": "STRINGW", "SourceProcessGUID": "GUID", "SourceProcessId": "UINT32", "SourceThreadId": "UINT32", "SourceUser": "STRINGW", "TargetImage": "STRINGW", "TargetProcessGUID": "GUID", "TargetProcessId": "UINT32", "TargetUser": "STRINGW", "UtcTime": "STRINGW"}}
{"header": {"activity_id": "{00000000-0000-0000-0000-000000000000}", "event_flags": 576, "event_id": 10, "event_name": "", "event_opcode": 0, "event_version": 3, "process_id": 3856, "provider_name": "Microsoft-Windows-Sysmon", "task_name": "Process accessed (rule: ProcessAccess) ", "thread_id": 5992, "timestamp": "2025-10-30 03:48:00Z", "trace_name": "codeintegrity"}, "properties": {"CallTrace": "C:\\Windows\\SYSTEM32\\ntdll.dll+9d524|C:\\Windows\\System32\\KERNELBASE.dll+6f176|c:\\windows\\system32\\lsm.dll+103a7|C:\\Windows\\System32\\RPCRT4.dll+7b253|C:\\Windows\\System32\\RPCRT4.dll+de77b|C:\\Windows\\System32\\RPCRT4.dll+5bc7c|C:\\Windows\\System32\\RPCRT4.dll+58f88|C:\\Windows\\System32\\RPCRT4.dll+3a1a6|C:\\Windows\\System32\\RPCRT4.dll+39af8|C:\\Windows\\System32\\RPCRT4.dll+472bf|C:\\Windows\\System32\\RPCRT4.dll+466c8|C:\\Windows\\System32\\RPCRT4.dll+45cb1|C:\\Windows\\System32\\RPCRT4.dll+4571e|C:\\Windows\\System32\\RPCRT4.dll+49e32|C:\\Windows\\SYSTEM32\\ntdll.dll+20330|C:\\Windows\\SYSTEM32\\ntdll.dll+52f76|C:\\Windows\\System32\\KERNEL32.DLL+17614|C:\\Windows\\SYSTEM32\\ntdll.dll+526a1", "GrantedAccess": "00100000", "RuleName": "-", "SourceImage": "C:\\Windows\\system32\\svchost.exe", "SourceProcessGUID": "{39898580-DB70-6902-1100-000000000300}", "SourceProcessId": 968, "SourceThreadId": 800, "SourceUser": "NT AUTHORITY\\SYSTEM", "TargetImage": "C:\\Windows\\System32\\svchost.exe", "TargetProcessGUID": "{39898580-DB72-6902-3A00-000000000300}", "TargetProcessId": 2496, "TargetUser": "NT AUTHORITY\\LOCAL SERVICE", "UtcTime": "2025-10-30 03:48:00.007"}, "property_types": {"CallTrace": "STRINGW", "GrantedAccess": "OTHER", "RuleName": "STRINGW", "SourceImage": "STRINGW", "SourceProcessGUID": "GUID", "SourceProcessId": "UINT32", "SourceThreadId": "UINT32", "SourceUser": "STRINGW", "TargetImage": "STRINGW", "TargetProcessGUID": "GUID", "TargetProcessId": "UINT32", "TargetUser": "STRINGW", "UtcTime": "STRINGW"}}
{"header": {"activity_id": "{00000000-0000-0000-0000-000000000000}", "event_flags": 576, "event_id": 12, "event_name": "", "event_opcode": 0, "event_version": 2, "process_id": 3856, "provider_name": "Microsoft-Windows-Sysmon", "task_name": "Registry object added or deleted (rule: RegistryEvent) ", "thread_id": 5992, "timestamp": "2025-10-30 03:48:00Z", "trace_name": "codeintegrity"}, "properties": {"EventType": "CreateKey", "Image": "C:\\Windows\\System32\\svchost.exe", "ProcessGuid": "{39898580-DB72-6902-3A00-000000000300}", "ProcessId": 2496, "RuleName": "-", "TargetObject": "HKLM\\SOFTWARE\\Microsoft\\Windows\\CurrentVersion\\VFUProvider", "User": "NT AUTHORITY\\LOCAL SERVICE", "UtcTime": "2025-10-30 03:48:00.007"}, "property_types": {"EventType": "STRINGW", "Image": "STRINGW", "ProcessGuid": "GUID", "ProcessId": "UINT32", "RuleName": "STRINGW", "TargetObject": "STRINGW", "User": "STRINGW", "UtcTime": "STRINGW"}}
{"header": {"activity_id": "{00000000-0000-0000-0000-000000000000}", "event_flags": 576, "event_id": 13, "event_name": "", "event_opcode": 0, "event_version": 2, "process_id": 3856, "provider_name": "Microsoft-Windows-Sysmon", "task_name": "Registry value set (rule: RegistryEvent) ", "thread_id": 5992, "timestamp": "2025-10-30 03:48:00Z", "trace_name": "codeintegrity"}, "properties": {"Details": "QWORD (0x01dc494f-0xfc662e2b)", "EventType": "SetValue", "Image": "C:\\Windows\\System32\\svchost.exe", "ProcessGuid": "{39898580-DB72-6902-3A00-000000000300}", "ProcessId": 2496, "RuleName": "-", "TargetObject": "HKLM\\SOFTWARE\\Microsoft\\Windows\\CurrentVersion\\VFUProvider\\StartTime", "User": "NT AUTHORITY\\LOCAL SERVICE", "UtcTime": "2025-10-30 03:48:00.007"}, "property_types": {"Details": "STRINGW", "EventType": "STRINGW", "Image": "STRINGW", "ProcessGuid": "GUID", "ProcessId": "UINT32", "RuleName": "STRINGW", "TargetObject": "STRINGW", "User": "STRINGW", "UtcTime": "STRINGW"}}
{"header": {"activity_id": "{00000000-0000-0000-0000-000000000000}", "event_flags": 576, "event_id": 11, "event_name": "", "event_opcode": 0, "event_version": 0, "process_id": 4, "provider_name": "Microsoft-Windows-Kernel-File", "task_name": "NameDelete", "thread_id": 32, "timestamp": "2025-10-30 03:48:02Z", "trace_name": "File_Registry01"}, "properties": {"FileKey": "0xFFFFBF8648D87B90", "FileName": "\\Device\\HarddiskVolume2\\Windows\\System32\\CatRoot\\{F750E6C3-38EE-11D1-85E5-00C04FC295EE}\\Microsoft-Windows-Client-Desktop-Required-Package01~31bf3856ad364e35~amd64~~10.0.19041.2965.cat"}, "property_types": {"FileKey": "POINTER", "FileName": "STRINGW"}}
{"header": {"activity_id": "{00000000-0000-0000-0000-000000000000}", "event_flags": 576, "event_id": 11, "event_name": "", "event_opcode": 0, "event_version": 0, "process_id": 4, "provider_name": "Microsoft-Windows-Kernel-File", "task_name": "NameDelete", "thread_id": 6972, "timestamp": "2025-10-30 03:48:02Z", "trace_name": "File_Registry01"}, "properties": {"FileKey": "0xFFFFBF8648CF19A0", "FileName": "\\Device\\HarddiskVolume2\\Windows\\System32\\CatRoot\\{F750E6C3-38EE-11D1-85E5-00C04FC295EE}\\Microsoft-Windows-Client-Desktop-Required-Package0110~31bf3856ad364e35~amd64~~10.0.19041.2965.cat"}, "property_types": {"FileKey": "POINTER", "FileName": "STRINGW"}}
{"header": {"activity_id": "{00000000-0000-0000-0000-000000000000}", "event_flags": 576, "event_id": 11, "event_name": "", "event_opcode": 0, "event_version": 0, "process_id": 4, "provider_name": "Microsoft-Windows-Kernel-File", "task_name": "NameDelete", "thread_id": 6972, "timestamp": "2025-10-30 03:48:02Z", "trace_name": "File_Registry01"}, "properties": {"FileKey": "0xFFFFBF8648E0CB90", "FileName": "\\Device\\HarddiskVolume2\\Windows\\System32\\CatRoot\\{F750E6C3-38EE-11D1-85E5-00C04FC295EE}\\Microsoft-Windows-Client-Features-Package0315~31bf3856ad364e35~amd64~~10.0.19041.2075.cat"}, "property_types": {"FileKey": "POINTER", "FileName": "STRINGW"}}
{"header": {"activity_id": "{00000000-0000-0000-0000-000000000000}", "event_flags": 576, "event_id": 11, "event_name": "", "event_opcode": 0, "event_version": 0, "process_id": 4, "provider_name": "Microsoft-Windows-Kernel-File", "task_name": "NameDelete", "thread_id": 6972, "timestamp": "2025-10-30 03:48:02Z", "trace_name": "File_Registry01"}, "properties": {"FileKey": "0xFFFFBF8648E6E700", "FileName": "\\Device\\HarddiskVolume2\\Windows\\System32\\CatRoot\\{F750E6C3-38EE-11D1-85E5-00C04FC295EE}\\Microsoft-Windows-Client-Features-Package0316~31bf3856ad364e35~amd64~~10.0.19041.2913.cat"}, "property_types": {"FileKey": "POINTER", "FileName": "STRINGW"}}
{"header": {"activity_id": "{00000000-0000-0000-0000-000000000000}", "event_flags": 576, "event_id": 11, "event_name": "", "event_opcode": 0, "event_version": 0, "process_id": 4, "provider_name": "Microsoft-Windows-Kernel-File", "task_name": "NameDelete", "thread_id": 6972, "timestamp": "2025-10-30 03:48:02Z", "trace_name": "File_Registry01"}, "properties": {"FileKey": "0xFFFFBF8648E69170", "FileName": "\\Device\\HarddiskVolume2\\Windows\\System32\\CatRoot\\{F750E6C3-38EE-11D1-85E5-00C04FC295EE}\\Microsoft-Windows-OfflineFiles-merged-Package~31bf3856ad364e35~amd64~~10.0.19041.1949.cat"}, "property_types": {"FileKey": "POINTER", "FileName": "STRINGW"}}
{"header": {"activity_id": "{00000000-0000-0000-0000-000000000000}", "event_flags": 576, "event_id": 11, "event_name": "", "event_opcode": 0, "event_version": 0, "process_id": 4, "provider_name": "Microsoft-Windows-Kernel-File", "task_name": "NameDelete", "thread_id": 6972, "timestamp": "2025-10-30 03:48:02Z", "trace_name": "File_Registry01"}, "properties": {"FileKey": "0xFFFFBF8648ED2640", "FileName": "\\Device\\HarddiskVolume2\\Windows\\System32\\CatRoot\\{F750E6C3-38EE-11D1-85E5-00C04FC295EE}\\Microsoft-Windows-Client-Desktop-Required-Package~31bf3856ad364e35~amd64~~10.0.19041.2965.cat"}, "property_types": {"FileKey": "POINTER", "FileName": "STRINGW"}}
{"header": {"activity_id": "{00000000-0000-0000-0000-000000000000}", "event_flags": 576, "event_id": 11, "event_name": "", "event_opcode": 0, "event_version": 0, "process_id": 4, "provider_name": "Microsoft-Windows-Kernel-File", "task_name": "NameDelete", "thread_id": 5188, "timestamp": "2025-10-30 03:48:03Z", "trace_name": "File_Registry01"}, "properties": {"FileKey": "0xFFFFBF864C991A80", "FileName": "\\Device\\HarddiskVolume2\\Windows\\System32\\CatRoot\\{F750E6C3-38EE-11D1-85E5-00C04FC295EE}\\Microsoft-Windows-Client-Desktop-Required-Package03~31bf3856ad364e35~amd64~~10.0.19041.2965.cat"}, "property_types": {"FileKey": "POINTER", "FileName": "STRINGW"}}
{"header": {"activity_id": "{00000000-0000-0000-0000-000000000000}", "event_flags": 576, "event_id": 11, "event_name": "", "event_opcode": 0, "event_version": 0, "process_id": 4, "provider_name": "Microsoft-Windows-Kernel-File", "task_name": "NameDelete", "thread_id": 5188, "timestamp": "2025-10-30 03:48:03Z", "trace_name": "File_Registry01"}, "properties": {"FileKey": "0xFFFFBF864C9D8A80", "FileName": "\\Device\\HarddiskVolume2\\Windows\\System32\\ntoskrnl.exe"}, "property_types": {"FileKey": "POINTER", "FileName": "STRINGW"}}
{"header": {"activity_id": "{00000000-0000-0000-0000-000000000000}", "event_flags": 576, "event_id": 11, "event_name": "", "event_opcode": 0, "event_version": 0, "process_id": 4, "provider_name": "Microsoft-Windows-Kernel-File", "task_name": "NameDelete", "thread_id": 5188, "timestamp": "2025-10-30 03:48:03Z", "trace_name": "File_Registry01"}, "properties": {"FileKey": "0xFFFFBF864C98CA80", "FileName": "\\Device\\HarddiskVolume2\\Windows\\System32\\hal.dll"}, "property_types": {"FileKey": "POINTER", "FileName": "STRINGW"}}
{"header": {"activity_id": "{00000000-0000-0000-0000-000000000000}", "event_flags": 576, "event_id": 11, "event_name": "", "event_opcode": 0, "event_version": 0, "process_id": 4, "provider_name": "Microsoft-Windows-Kernel-File", "task_name": "NameDelete", "thread_id": 5188, "timestamp": "2025-10-30 03:48:03Z", "trace_name": "File_Registry01"}, "properties": {"FileKey": "0xFFFFBF864C9ABA80", "FileName": "\\Device\\HarddiskVolume2\\Windows\\System32\\kd.dll"}, "property_types": {"FileKey": "POINTER", "FileName": "STRINGW"}}
{"header": {"activity_id": "{00000000-0000-0000-0000-000000000000}", "event_flags": 576, "event_id": 11, "event_name": "", "event_opcode": 0, "event_version": 0, "process_id": 4, "provider_name": "Microsoft-Windows-Kernel-File", "task_name": "NameDelete", "thread_id": 5188, "timestamp": "2025-10-30 03:48:03Z", "trace_name": "File_Registry01"}, "properties": {"FileKey": "0xFFFFBF864C98AA80", "FileName": "\\Device\\HarddiskVolume2\\Windows\\System32\\mcupdate_GenuineIntel.dll"}, "property_types": {"FileKey": "POINTER", "FileName": "STRINGW"}}
{"header": {"activity_id": "{00000000-0000-0000-0000-000000000000}", "event_flags": 576, "event_id": 11, "event_name": "", "event_opcode": 0, "event_version": 0, "process_id": 4, "provider_name": "Microsoft-Windows-Kernel-File", "task_name": "NameDelete", "thread_id": 5188, "timestamp": "2025-10-30 03:48:03Z", "trace_name": "File_Registry01"}, "properties": {"FileKey": "0xFFFFBF864C990A80", "FileName": "\\Device\\HarddiskVolume2\\Windows\\System32\\drivers\\clfs.sys"}, "property_types": {"FileKey": "POINTER", "FileName": "STRINGW"}}
{"header": {"activity_id": "{00000000-0000-0000-0000-000000000000}", "event_flags": 576, "event_id": 11, "event_name": "", "event_opcode": 0, "event_version": 0, "process_id": 4, "provider_name": "Microsoft-Windows-Kernel-File", "task_name": "NameDelete", "thread_id": 5188, "timestamp": "2025-10-30 03:48:03Z", "trace_name": "File_Registry01"}, "properties": {"FileKey": "0xFFFFBF864C9A9A80", "FileName": "\\Device\\HarddiskVolume2\\Windows\\System32\\drivers\\tm.sys"}, "property_types": {"FileKey": "POINTER", "FileName": "STRINGW"}}
{"header": {"activity_id": "{00000000-0000-0000-0000-000000000000}", "event_flags": 576, "event_id": 11, "event_name": "", "event_opcode": 0, "event_version": 0, "process_id": 4, "provider_name": "Microsoft-Windows-Kernel-File", "task_name": "NameDelete", "thread_id": 5188, "timestamp": "2025-10-30 03:48:03Z", "trace_name": "File_Registry01"}, "properties": {"FileKey": "0xFFFFBF864CA2E700", "FileName": "\\Device\\HarddiskVolume2\\Windows\\System32\\BOOTVID.DLL"}, "property_types": {"FileKey": "POINTER", "FileName": "STRINGW"}}
{"header": {"activity_id": "{00000000-0000-0000-0000-000000000000}", "event_flags": 576, "event_id": 11, "event_name": "", "event_opcode": 0, "event_version": 0, "process_id": 4, "provider_name": "Microsoft-Windows-Kernel-File", "task_name": "NameDelete", "thread_id": 5188, "timestamp": "2025-10-30 03:48:03Z", "trace_name": "File_Registry01"}, "properties": {"FileKey": "0xFFFFBF864CA2E170", "FileName": "\\Device\\HarddiskVolume2\\Windows\\System32\\drivers\\msrpc.sys"}, "property_types": {"FileKey": "POINTER", "FileName": "STRINGW"}}
{"header": {"activity_id": "{00000000-0000-0000-0000-000000000000}", "event_flags": 576, "event_id": 11, "event_name": "", "event_opcode": 0, "event_version": 0, "process_id": 4, "provider_name": "Microsoft-Windows-Kernel-File", "task_name": "NameDelete", "thread_id": 5188, "timestamp": "2025-10-30 03:48:03Z", "trace_name": "File_Registry01"}, "properties": {"FileKey": "0xFFFFBF864CA20740", "FileName": "\\Device\\HarddiskVolume2\\Windows\\System32\\drivers\\ksecdd.sys"}, "property_types": {"FileKey": "POINTER", "FileName": "STRINGW"}}
{"header": {"activity_id": "{00000000-0000-0000-0000-000000000000}", "event_flags": 576, "event_id": 11, "event_name": "", "event_opcode": 0, "event_version": 0, "process_id": 4, "provider_name": "Microsoft-Windows-Kernel-File", "task_name": "NameDelete", "thread_id": 5188, "timestamp": "2025-10-30 03:48:03Z", "trace_name": "File_Registry01"}, "properties": {"FileKey": "0xFFFFBF864C9E2780", "FileName": "\\Device\\HarddiskVolume2\\Windows\\System32\\drivers\\ClipSp.sys"}, "property_types": {"FileKey": "POINTER", "FileName": "STRINGW"}}
{"header": {"activity_id": "{00000000-0000-0000-0000-000000000000}", "event_flags": 576, "event_id": 11, "event_name": "", "event_opcode": 0, "event_version": 0, "process_id": 4, "provider_name": "Microsoft-Windows-Kernel-File", "task_name": "NameDelete", "thread_id": 5188, "timestamp": "2025-10-30 03:48:03Z", "trace_name": "File_Registry01"}, "properties": {"FileKey": "0xFFFFBF864C9E5840", "FileName": "\\Device\\HarddiskVolume2\\Windows\\System32\\drivers\\werkernel.sys"}, "property_types": {"FileKey": "POINTER", "FileName": "STRINGW"}}
{"header": {"activity_id": "{00000000-0000-0000-0000-000000000000}", "event_flags": 576, "event_id": 11, "event_name": "", "event_opcode": 0, "event_version": 0, "process_id": 4, "provider_name": "Microsoft-Windows-Kernel-File", "task_name": "NameDelete", "thread_id": 5188, "timestamp": "2025-10-30 03:48:03Z", "trace_name": "File_Registry01"}, "properties": {"FileKey": "0xFFFFBF864C9E52B0", "FileName": "\\Device\\HarddiskVolume2\\Windows\\System32\\drivers\\ntosext.sys"}, "property_types": {"FileKey": "POINTER", "FileName": "STRINGW"}}
{"header": {"activity_id": "{00000000-0000-0000-0000-000000000000}", "event_flags": 576, "event_id": 11, "event_name": "", "event_opcode": 0, "event_version": 0, "process_id": 4, "provider_name": "Microsoft-Windows-Kernel-File", "task_name": "NameDelete", "thread_id": 5188, "timestamp": "2025-10-30 03:48:03Z", "trace_name": "File_Registry01"}, "properties": {"FileKey": "0xFFFFBF864CA2D700", "FileName": "\\Device\\HarddiskVolume2\\Windows\\System32\\drivers\\WdfLdr.sys"}, "property_types": {"FileKey": "POINTER", "FileName": "STRINGW"}}
{"header": {"activity_id": "{00000000-0000-0000-0000-000000000000}", "event_flags": 576, "event_id": 11, "event_name": "", "event_opcode": 0, "event_version": 0, "process_id": 4, "provider_name": "Microsoft-Windows-Kernel-File", "task_name": "NameDelete", "thread_id": 5188, "timestamp": "2025-10-30 03:48:03Z", "trace_name": "File_Registry01"}, "properties": {"FileKey": "0xFFFFBF864CA2D170", "FileName": "\\Device\\HarddiskVolume2\\Windows\\System32\\drivers\\WppRecorder.sys"}, "property_types": {"FileKey": "POINTER", "FileName": "STRINGW"}}
{"header": {"activity_id": "{00000000-0000-0000-0000-000000000000}", "event_flags": 576, "event_id": 11, "event_name": "", "event_opcode": 0, "event_version": 0, "process_id": 4, "provider_name": "Microsoft-Windows-Kernel-File", "task_name": "NameDelete", "thread_id": 5188, "timestamp": "2025-10-30 03:48:03Z", "trace_name": "File_Registry01"}, "properties": {"FileKey": "0xFFFFBF864CA2F980", "FileName": "\\Device\\HarddiskVolume2\\Windows\\System32\\drivers\\SleepStudyHelper.sys"}, "property_types": {"FileKey": "POINTER", "FileName": "STRINGW"}}
{"header": {"activity_id": "{00000000-0000-0000-0000-000000000000}", "event_flags": 576, "event_id": 11, "event_name": "", "event_opcode": 0, "event_version": 0, "process_id": 4, "provider_name": "Microsoft-Windows-Kernel-File", "task_name": "NameDelete", "thread_id": 5188, "timestamp": "2025-10-30 03:48:03Z", "trace_name": "File_Registry01"}, "properties": {"FileKey": "0xFFFFBF864C973980", "FileName": "\\Device\\HarddiskVolume2\\Windows\\System32\\drivers\\acpiex.sys"}, "property_types": {"FileKey": "POINTER", "FileName": "STRINGW"}}
{"header": {"activity_id": "{00000000-0000-0000-0000-000000000000}", "event_flags": 576, "event_id": 11, "event_name": "", "event_opcode": 0, "event_version": 0, "process_id": 4, "provider_name": "Microsoft-Windows-Kernel-File", "task_name": "NameDelete", "thread_id": 5188, "timestamp": "2025-10-30 03:48:03Z", "trace_name": "File_Registry01"}, "properties": {"FileKey": "0xFFFFBF864C9A5A00", "FileName": "\\Device\\HarddiskVolume2\\Windows\\System32\\drivers\\msseccore.sys"}, "property_types": {"FileKey": "POINTER", "FileName": "STRINGW"}}
{"header": {"activity_id": "{00000000-0000-0000-0000-000000000000}", "event_flags": 576, "event_id": 11, "event_name": "", "event_opcode": 0, "event_version": 0, "process_id": 4, "provider_name": "Microsoft-Windows-Kernel-File", "task_name": "NameDelete", "thread_id": 5188, "timestamp": "2025-10-30 03:48:03Z", "trace_name": "File_Registry01"}, "properties": {"FileKey": "0xFFFFBF864CA22A50", "FileName": "\\Device\\HarddiskVolume2\\Windows\\System32\\drivers\\SgrmAgent.sys"}, "property_types": {"FileKey": "POINTER", "FileName": "STRINGW"}}
{"header": {"activity_id": "{00000000-0000-0000-0000-000000000000}", "event_flags": 576, "event_id": 11, "event_name": "", "event_opcode": 0, "event_version": 0, "process_id": 4, "provider_name": "Microsoft-Windows-Kernel-File", "task_name": "NameDelete", "thread_id": 5188, "timestamp": "2025-10-30 03:48:03Z", "trace_name": "File_Registry01"}, "properties": {"FileKey": "0xFFFFBF864CA56700", "FileName": "\\Device\\HarddiskVolume2\\Windows\\System32\\drivers\\wmilib.sys"}, "property_types": {"FileKey": "POINTER", "FileName": "STRINGW"}}
{"header": {"activity_id": "{00000000-0000-0000-0000-000000000000}", "event_flags": 576, "event_id": 11, "event_name": "", "event_opcode": 0, "event_version": 0, "process_id": 4, "provider_name": "Microsoft-Windows-Kernel-File", "task_name": "NameDelete", "thread_id": 5188, "timestamp": "2025-10-30 03:48:03Z", "trace_name": "File_Registry01"}, "properties": {"FileKey": "0xFFFFBF864CA56170", "FileName": "\\Device\\HarddiskVolume2\\Windows\\System32\\drivers\\WdBoot.sys"}, "property_types": {"FileKey": "POINTER", "FileName": "STRINGW"}}
{"header": {"activity_id": "{00000000-0000-0000-0000-000000000000}", "event_flags": 576, "event_id": 11, "event_name": "", "event_opcode": 0, "event_version": 0, "process_id": 4, "provider_name": "Microsoft-Windows-Kernel-File", "task_name": "NameDelete", "thread_id": 5188, "timestamp": "2025-10-30 03:48:03Z", "trace_name": "File_Registry01"}, "properties": {"FileKey": "0xFFFFBF864CAB2700", "FileName": "\\Device\\HarddiskVolume2\\Windows\\System32\\drivers\\intelpep.sys"}, "property_types": {"FileKey": "POINTER", "FileName": "STRINGW"}}
{"header": {"activity_id": "{00000000-0000-0000-0000-000000000000}", "event_flags": 576, "event_id": 11, "event_name": "", "event_opcode": 0, "event_version": 0, "process_id": 4, "provider_name": "Microsoft-Windows-Kernel-File", "task_name": "NameDelete", "thread_id": 5188, "timestamp": "2025-10-30 03:48:03Z", "trace_name": "File_Registry01"}, "properties": {"FileKey": "0xFFFFBF864CAB2170", "FileName": "\\Device\\HarddiskVolume2\\Windows\\System32\\drivers\\WindowsTrustedRT.sys"}, "property_types": {"FileKey": "POINTER", "FileName": "STRINGW"}}
{"header": {"activity_id": "{00000000-0000-0000-0000-000000000000}", "event_flags": 576, "event_id": 11, "event_name": "", "event_opcode": 0, "event_version": 0, "process_id": 4, "provider_name": "Microsoft-Windows-Kernel-File", "task_name": "NameDelete", "thread_id": 5188, "timestamp": "2025-10-30 03:48:03Z", "trace_name": "File_Registry01"}, "properties": {"FileKey": "0xFFFFBF864CAAB700", "FileName": "\\Device\\HarddiskVolume2\\Windows\\System32\\drivers\\IntelTA.sys"}, "property_types": {"FileKey": "POINTER", "FileName": "STRINGW"}}
{"header": {"activity_id": "{00000000-0000-0000-0000-000000000000}", "event_flags": 576, "event_id": 11, "event_name": "", "event_opcode": 0, "event_version": 0, "process_id": 4, "provider_name": "Microsoft-Windows-Kernel-File", "task_name": "NameDelete", "thread_id": 5188, "timestamp": "2025-10-30 03:48:03Z", "trace_name": "File_Registry01"}, "properties": {"FileKey": "0xFFFFBF864CAAC170", "FileName": "\\Device\\HarddiskVolume2\\Windows\\System32\\drivers\\WindowsTrustedRTProxy.sys"}, "property_types": {"FileKey": "POINTER", "FileName": "STRINGW"}}
{"header": {"activity_id": "{00000000-0000-0000-0000-000000000000}", "event_flags": 576, "event_id": 11, "event_name": "", "event_opcode": 0, "event_version": 0, "process_id": 4, "provider_name": "Microsoft-Windows-Kernel-File", "task_name": "NameDelete", "thread_id": 5188, "timestamp": "2025-10-30 03:48:03Z", "trace_name": "File_Registry01"}, "properties": {"FileKey": "0xFFFFBF864CAAB170", "FileName": "\\Device\\HarddiskVolume2\\Windows\\System32\\drivers\\pcw.sys"}, "property_types": {"FileKey": "POINTER", "FileName": "STRINGW"}}
{"header": {"activity_id": "{00000000-0000-0000-0000-000000000000}", "event_flags": 576, "event_id": 11, "event_name": "", "event_opcode": 0, "event_version": 0, "process_id": 4, "provider_name": "Microsoft-Windows-Kernel-File", "task_name": "NameDelete", "thread_id": 5188, "timestamp": "2025-10-30 03:48:03Z", "trace_name": "File_Registry01"}, "properties": {"FileKey": "0xFFFFBF864CADF170", "FileName": "\\Device\\HarddiskVolume2\\Windows\\System32\\drivers\\msisadrv.sys"}, "property_types": {"FileKey": "POINTER", "FileName": "STRINGW"}}
{"header": {"activity_id": "{00000000-0000-0000-0000-000000000000}", "event_flags": 576, "event_id": 11, "event_name": "", "event_opcode": 0, "event_version": 0, "process_id": 4, "provider_name": "Microsoft-Windows-Kernel-File", "task_name": "NameDelete", "thread_id": 5188, "timestamp": "2025-10-30 03:48:03Z", "trace_name": "File_Registry01"}, "properties": {"FileKey": "0xFFFFBF864CAD7170", "FileName": "\\Device\\HarddiskVolume2\\Windows\\System32\\drivers\\pdc.sys"}, "property_types": {"FileKey": "POINTER", "FileName": "STRINGW"}}
{"header": {"activity_id": "{00000000-0000-0000-0000-000000000000}", "event_flags": 576, "event_id": 11, "event_name": "", "event_opcode": 0, "event_version": 0, "process_id": 4, "provider_name": "Microsoft-Windows-Kernel-File", "task_name": "NameDelete", "thread_id": 5188, "timestamp": "2025-10-30 03:48:03Z", "trace_name": "File_Registry01"}, "properties": {"FileKey": "0xFFFFBF864CADD700", "FileName": "\\Device\\HarddiskVolume2\\Windows\\System32\\drivers\\CEA.sys"}, "property_types": {"FileKey": "POINTER", "FileName": "STRINGW"}}
{"header": {"activity_id": "{00000000-0000-0000-0000-000000000000}", "event_flags": 576, "event_id": 11, "event_name": "", "event_opcode": 0, "event_version": 0, "process_id": 4, "provider_name": "Microsoft-Windows-Kernel-File", "task_name": "NameDelete", "thread_id": 5188, "timestamp": "2025-10-30 03:48:03Z", "trace_name": "File_Registry01"}, "properties": {"FileKey": "0xFFFFBF864CADD170", "FileName": "\\Device\\HarddiskVolume2\\Windows\\System32\\drivers\\intelide.sys"}, "property_types": {"FileKey": "POINTER", "FileName": "STRINGW"}}
{"header": {"activity_id": "{00000000-0000-0000-0000-000000000000}", "event_flags": 576, "event_id": 11, "event_name": "", "event_opcode": 0, "event_version": 0, "process_id": 4, "provider_name": "Microsoft-Windows-Kernel-File", "task_name": "NameDelete", "thread_id": 5188, "timestamp": "2025-10-30 03:48:03Z", "trace_name": "File_Registry01"}, "properties": {"FileKey": "0xFFFFBF864CAD6840", "FileName": "\\Device\\HarddiskVolume2\\Windows\\System32\\drivers\\pciidex.sys"}, "property_types": {"FileKey": "POINTER", "FileName": "STRINGW"}}
{"header": {"activity_id": "{00000000-0000-0000-0000-000000000000}", "event_flags": 576, "event_id": 11, "event_name": "", "event_opcode": 0, "event_version": 0, "process_id": 4, "provider_name": "Microsoft-Windows-Kernel-File", "task_name": "NameDelete", "thread_id": 5188, "timestamp": "2025-10-30 03:48:03Z", "trace_name": "File_Registry01"}, "properties": {"FileKey": "0xFFFFBF864CB0B170", "FileName": "\\Device\\HarddiskVolume2\\Windows\\System32\\drivers\\volmgrx.sys"}, "property_types": {"FileKey": "POINTER", "FileName": "STRINGW"}}
{"header": {"activity_id": "{00000000-0000-0000-0000-000000000000}", "event_flags": 576, "event_id": 11, "event_name": "", "event_opcode": 0, "event_version": 0, "process_id": 4, "provider_name": "Microsoft-Windows-Kernel-File", "task_name": "NameDelete", "thread_id": 5188, "timestamp": "2025-10-30 03:48:03Z", "trace_name": "File_Registry01"}, "properties": {"FileKey": "0xFFFFBF864CB0A700", "FileName": "\\Device\\HarddiskVolume2\\Windows\\System32\\drivers\\vsock.sys"}, "property_types": {"FileKey": "POINTER", "FileName": "STRINGW"}}
{"header": {"activity_id": "{00000000-0000-0000-0000-000000000000}", "event_flags": 576, "event_id": 11, "event_name": "", "event_opcode": 0, "event_version": 0, "process_id": 4, "provider_name": "Microsoft-Windows-Kernel-File", "task_name": "NameDelete", "thread_id": 5188, "timestamp": "2025-10-30 03:48:03Z", "trace_name": "File_Registry01"}, "properties": {"FileKey": "0xFFFFBF864CB87170", "FileName": "\\Device\\HarddiskVolume2\\Windows\\System32\\drivers\\vmci.sys"}, "property_types": {"FileKey": "POINTER", "FileName": "STRINGW"}}
{"header": {"activity_id": "{00000000-0000-0000-0000-000000000000}", "event_flags": 576, "event_id": 11, "event_name": "", "event_opcode": 0, "event_version": 0, "process_id": 4, "provider_name": "Microsoft-Windows-Kernel-File", "task_name": "NameDelete", "thread_id": 5188, "timestamp": "2025-10-30 03:48:03Z", "trace_name": "File_Registry01"}, "properties": {"FileKey": "0xFFFFBF864CB93A20", "FileName": "\\Device\\HarddiskVolume2\\Windows\\System32\\drivers\\urscx01000.sys"}, "property_types": {"FileKey": "POINTER", "FileName": "STRINGW"}}
{"header": {"activity_id": "{00000000-0000-0000-0000-000000000000}", "event_flags": 576, "event_id": 11, "event_name": "", "event_opcode": 0, "event_version": 0, "process_id": 4, "provider_name": "Microsoft-Windows-Kernel-File", "task_name": "NameDelete", "thread_id": 5188, "timestamp": "2025-10-30 03:48:03Z", "trace_name": "File_Registry01"}, "properties": {"FileKey": "0xFFFFBF864CBBB170", "FileName": "\\Device\\HarddiskVolume2\\Windows\\System32\\drivers\\atapi.sys"}, "property_types": {"FileKey": "POINTER", "FileName": "STRINGW"}}
{"header": {"activity_id": "{00000000-0000-0000-0000-000000000000}", "event_flags": 576, "event_id": 11, "event_name": "", "event_opcode": 0, "event_version": 0, "process_id": 4, "provider_name": "Microsoft-Windows-Kernel-File", "task_name": "NameDelete", "thread_id": 5188, "timestamp": "2025-10-30 03:48:03Z", "trace_name": "File_Registry01"}, "properties": {"FileKey": "0xFFFFBF864CBAD170", "FileName": "\\Device\\HarddiskVolume2\\Windows\\System32\\drivers\\storahci.sys"}, "property_types": {"FileKey": "POINTER", "FileName": "STRINGW"}}
{"header": {"activity_id": "{00000000-0000-0000-0000-000000000000}", "event_flags": 576, "event_id": 11, "event_name": "", "event_opcode": 0, "event_version": 0, "process_id": 4, "provider_name": "Microsoft-Windows-Kernel-File", "task_name": "NameDelete", "thread_id": 5188, "timestamp": "2025-10-30 03:48:03Z", "trace_name": "File_Registry01"}, "properties": {"FileKey": "0xFFFFBF864CBEEA00", "FileName": "\\Device\\HarddiskVolume2\\Windows\\System32\\drivers\\EhStorClass.sys"}, "property_types": {"FileKey": "POINTER", "FileName": "STRINGW"}}
{"header": {"activity_id": "{00000000-0000-0000-0000-000000000000}", "event_flags": 576, "event_id": 11, "event_name": "", "event_opcode": 0, "event_version": 0, "process_id": 4, "provider_name": "Microsoft-Windows-Kernel-File", "task_name": "NameDelete", "thread_id": 5188, "timestamp": "2025-10-30 03:48:03Z", "trace_name": "File_Registry01"}, "properties": {"FileKey": "0xFFFFBF864CC8A170", "FileName": "\\Device\\HarddiskVolume2\\Windows\\System32\\drivers\\usbccgp.sys"}, "property_types": {"FileKey": "POINTER", "FileName": "STRINGW"}}
{"header": {"activity_id": "{00000000-0000-0000-0000-000000000000}", "event_flags": 576, "event_id": 11, "event_name": "", "event_opcode": 0, "event_version": 0, "process_id": 4, "provider_name": "Microsoft-Windows-Kernel-File", "task_name": "NameDelete", "thread_id": 5188, "timestamp": "2025-10-30 03:48:03Z", "trace_name": "File_Registry01"}, "properties": {"FileKey": "0xFFFFBF864CC89700", "FileName": "\\Device\\HarddiskVolume2\\Windows\\System32\\drivers\\usbd.sys"}, "property_types": {"FileKey": "POINTER", "FileName": "STRINGW"}}
{"header": {"activity_id": "{00000000-0000-0000-0000-000000000000}", "event_flags": 576, "event_id": 11, "event_name": "", "event_opcode": 0, "event_version": 0, "process_id": 4, "provider_name": "Microsoft-Windows-Kernel-File", "task_name": "NameDelete", "thread_id": 5188, "timestamp": "2025-10-30 03:48:03Z", "trace_name": "File_Registry01"}, "properties": {"FileKey": "0xFFFFBF864CC89170", "FileName": "\\Device\\HarddiskVolume2\\Windows\\System32\\DriverStore\\FileRepository\\urschipidea.inf_amd64_78ad1c14e33df968\\urschipidea.sys"}, "property_types": {"FileKey": "POINTER", "FileName": "STRINGW"}}
{"header": {"activity_id": "{00000000-0000-0000-0000-000000000000}", "event_flags": 576, "event_id": 11, "event_name": "", "event_opcode": 0, "event_version": 0, "process_id": 4, "provider_name": "Microsoft-Windows-Kernel-File", "task_name": "NameDelete", "thread_id": 5188, "timestamp": "2025-10-30 03:48:03Z", "trace_name": "File_Registry01"}, "properties": {"FileKey": "0xFFFFBF864CC88700", "FileName": "\\Device\\HarddiskVolume2\\Windows\\System32\\drivers\\usbehci.sys"}, "property_types": {"FileKey": "POINTER", "FileName": "STRINGW"}}
{"header": {"activity_id": "{00000000-0000-0000-0000-000000000000}", "event_flags": 576, "event_id": 11, "event_name": "", "event_opcode": 0, "event_version": 0, "process_id": 4, "provider_name": "Microsoft-Windows-Kernel-File", "task_name": "NameDelete", "thread_id": 5188, "timestamp": "2025-10-30 03:48:03Z", "trace_name": "File_Registry01"}, "properties": {"FileKey": "0xFFFFBF864CC86700", "FileName": "\\Device\\HarddiskVolume2\\Windows\\System32\\drivers\\fs_rec.sys"}, "property_types": {"FileKey": "POINTER", "FileName": "STRINGW"}}
{"header": {"activity_id": "{00000000-0000-0000-0000-000000000000}", "event_flags": 576, "event_id": 11, "event_name": "", "event_opcode": 0, "event_version": 0, "process_id": 4, "provider_name": "Microsoft-Windows-Kernel-File", "task_name": "NameDelete", "thread_id": 5188, "timestamp": "2025-10-30 03:48:03Z", "trace_name": "File_Registry01"}, "properties": {"FileKey": "0xFFFFBF864CC85700", "FileName": "\\Device\\HarddiskVolume2\\Windows\\System32\\drivers\\netio.sys"}, "property_types": {"FileKey": "POINTER", "FileName": "STRINGW"}}
{"header": {"activity_id": "{00000000-0000-0000-0000-000000000000}", "event_flags": 576, "event_id": 11, "event_name": "", "event_opcode": 0, "event_version": 0, "process_id": 4, "provider_name": "Microsoft-Windows-Kernel-File", "task_name": "NameDelete", "thread_id": 5188, "timestamp": "2025-10-30 03:48:03Z", "trace_name": "File_Registry01"}, "properties": {"FileKey": "0xFFFFBF864CC85170", "FileName": "\\Device\\HarddiskVolume2\\Windows\\System32\\drivers\\ksecpkg.sys"}, "property_types": {"FileKey": "POINTER", "FileName": "STRINGW"}}
{"header": {"activity_id": "{00000000-0000-0000-0000-000000000000}", "event_flags": 576, "event_id": 11, "event_name": "", "event_opcode": 0, "event_version": 0, "process_id": 4, "provider_name": "Microsoft-Windows-Kernel-File", "task_name": "NameDelete", "thread_id": 5188, "timestamp": "2025-10-30 03:48:03Z", "trace_name": "File_Registry01"}, "properties": {"FileKey": "0xFFFFBF864CC84170", "FileName": "\\Device\\HarddiskVolume2\\Windows\\System32\\drivers\\wfplwfs.sys"}, "property_types": {"FileKey": "POINTER", "FileName": "STRINGW"}}
{"header": {"activity_id": "{00000000-0000-0000-0000-000000000000}", "event_flags": 576, "event_id": 11, "event_name": "", "event_opcode": 0, "event_version": 0, "process_id": 4, "provider_name": "Microsoft-Windows-Kernel-File", "task_name": "NameDelete", "thread_id": 5188, "timestamp": "2025-10-30 03:48:03Z", "trace_name": "File_Registry01"}, "properties": {"FileKey": "0xFFFFBF864CC83170", "FileName": "\\Device\\HarddiskVolume2\\Windows\\System32\\drivers\\volume.sys"}, "property_types": {"FileKey": "POINTER", "FileName": "STRINGW"}}
{"header": {"activity_id": "{00000000-0000-0000-0000-000000000000}", "event_flags": 576, "event_id": 11, "event_name": "", "event_opcode": 0, "event_version": 0, "process_id": 4, "provider_name": "Microsoft-Windows-Kernel-File", "task_name": "NameDelete", "thread_id": 5188, "timestamp": "2025-10-30 03:48:03Z", "trace_name": "File_Registry01"}, "properties": {"FileKey": "0xFFFFBF864CC8C700", "FileName": "\\Device\\HarddiskVolume2\\Windows\\System32\\drivers\\USBSTOR.SYS"}, "property_types": {"FileKey": "POINTER", "FileName": "STRINGW"}}
{"header": {"activity_id": "{00000000-0000-0000-0000-000000000000}", "event_flags": 576, "event_id": 11, "event_name": "", "event_opcode": 0, "event_version": 0, "process_id": 4, "provider_name": "Microsoft-Windows-Kernel-File", "task_name": "NameDelete", "thread_id": 5188, "timestamp": "2025-10-30 03:48:03Z", "trace_name": "File_Registry01"}, "properties": {"FileKey": "0xFFFFBF864CC8C170", "FileName": "\\Device\\HarddiskVolume2\\Windows\\System32\\drivers\\uaspstor.sys"}, "property_types": {"FileKey": "POINTER", "FileName": "STRINGW"}}
{"header": {"activity_id": "{00000000-0000-0000-0000-000000000000}", "event_flags": 576, "event_id": 11, "event_name": "", "event_opcode": 0, "event_version": 0, "process_id": 4, "provider_name": "Microsoft-Windows-Kernel-File", "task_name": "NameDelete", "thread_id": 5188, "timestamp": "2025-10-30 03:48:03Z", "trace_name": "File_Registry01"}, "properties": {"FileKey": "0xFFFFBF864CC5E170", "FileName": "\\Device\\HarddiskVolume2\\Windows\\System32\\drivers\\iorate.sys"}, "property_types": {"FileKey": "POINTER", "FileName": "STRINGW"}}
{"header": {"activity_id": "{00000000-0000-0000-0000-000000000000}", "event_flags": 576, "event_id": 11, "event_name": "", "event_opcode": 0, "event_version": 0, "process_id": 4, "provider_name": "Microsoft-Windows-Kernel-File", "task_name": "NameDelete", "thread_id": 5188, "timestamp": "2025-10-30 03:48:03Z", "trace_name": "File_Registry01"}, "properties": {"FileKey": "0xFFFFBF864CC5D700", "FileName": "\\Device\\HarddiskVolume2\\Windows\\System32\\drivers\\hwpolicy.sys"}, "property_types": {"FileKey": "POINTER", "FileName": "STRINGW"}}
{"header": {"activity_id": "{00000000-0000-0000-0000-000000000000}", "event_flags": 576, "event_id": 11, "event_name": "", "event_opcode": 0, "event_version": 0, "process_id": 4, "provider_name": "Microsoft-Windows-Kernel-File", "task_name": "NameDelete", "thread_id": 32, "timestamp": "2025-10-30 03:48:06Z", "trace_name": "File_Registry01"}, "properties": {"FileKey": "0xFFFFE78218046010", "FileName": "\\Device\\HarddiskVolume2\\Program Files\\WindowsApps\\Microsoft.Xbox.TCUI_1.23.28002.0_x64__8wekyb3d8bbwe\\clrcompression.dll::$ATTRIBUTE_LIST"}, "property_types": {"FileKey": "POINTER", "FileName": "STRINGW"}}
{"header": {"activity_id": "{00000000-0000-0000-0000-000000000000}", "event_flags": 576, "event_id": 11, "event_name": "", "event_opcode": 0, "event_version": 0, "process_id": 4, "provider_name": "Microsoft-Windows-Kernel-File", "task_name": "NameDelete", "thread_id": 32, "timestamp": "2025-10-30 03:48:06Z", "trace_name": "File_Registry01"}, "properties": {"FileKey": "0xFFFFE7821A872010", "FileName": "\\Device\\HarddiskVolume2\\Program Files\\WindowsApps\\Microsoft.DesktopAppInstaller_1.0.30251.0_x64__8wekyb3d8bbwe\\Assets\\contrast-black\\AppPackageBadgeLogo.scale-100_contrast-black.png::$ATTRIBUTE_LIST"}, "property_types": {"FileKey": "POINTER", "FileName": "STRINGW"}}
{"header": {"activity_id": "{00000000-0000-0000-0000-000000000000}", "event_flags": 576, "event_id": 11, "event_name": "", "event_opcode": 0, "event_version": 0, "process_id": 4, "provider_name": "Microsoft-Windows-Kernel-File", "task_name": "NameDelete", "thread_id": 32, "timestamp": "2025-10-30 03:48:06Z", "trace_name": "File_Registry01"}, "properties": {"FileKey": "0xFFFFE7821AE8ACA0", "FileName": "\\Device\\HarddiskVolume2\\Program Files\\WindowsApps\\Microsoft.DesktopAppInstaller_1.0.30251.0_x64__8wekyb3d8bbwe\\Assets\\contrast-black\\AppPackageBadgeLogo.scale-125_contrast-black.png::$ATTRIBUTE_LIST"}, "property_types": {"FileKey": "POINTER", "FileName": "STRINGW"}}
{"header": {"activity_id": "{00000000-0000-0000-0000-000000000000}", "event_flags": 576, "event_id": 11, "event_name": "", "event_opcode": 0, "event_version": 0, "process_id": 4, "provider_name": "Microsoft-Windows-Kernel-File", "task_name": "NameDelete", "thread_id": 32, "timestamp": "2025-10-30 03:48:06Z", "trace_name": "File_Registry01"}, "properties": {"FileKey": "0xFFFFE7821ADE4CA0", "FileName": "\\Device\\HarddiskVolume2\\Program Files\\WindowsApps\\Microsoft.WebMediaExtensions_1.0.20875.0_neutral_split.scale-100_8wekyb3d8bbwe\\Assets\\contrast-black\\AppList.scale-100_contrast-black.png::$ATTRIBUTE_LIST"}, "property_types": {"FileKey": "POINTER", "FileName": "STRINGW"}}
{"header": {"activity_id": "{00000000-0000-0000-0000-000000000000}", "event_flags": 576, "event_id": 11, "event_name": "", "event_opcode": 0, "event_version": 0, "process_id": 4, "provider_name": "Microsoft-Windows-Kernel-File", "task_name": "NameDelete", "thread_id": 32, "timestamp": "2025-10-30 03:48:06Z", "trace_name": "File_Registry01"}, "properties": {"FileKey": "0xFFFFE7821AB0CC70", "FileName": "\\Device\\HarddiskVolume2\\Program Files\\WindowsApps\\Microsoft.WebpImageExtension_1.0.22753.0_x64__8wekyb3d8bbwe\\Assets\\AppList.scale-125.png::$ATTRIBUTE_LIST"}, "property_types": {"FileKey": "POINTER", "FileName": "STRINGW"}}
{"header": {"activity_id": "{00000000-0000-0000-0000-000000000000}", "event_flags": 576, "event_id": 11, "event_name": "", "event_opcode": 0, "event_version": 0, "process_id": 4, "provider_name": "Microsoft-Windows-Kernel-File", "task_name": "NameDelete", "thread_id": 32, "timestamp": "2025-10-30 03:48:06Z", "trace_name": "File_Registry01"}, "properties": {"FileKey": "0xFFFFE7821AF2FC60", "FileName": "\\Device\\HarddiskVolume2\\Program Files\\WindowsApps\\Microsoft.VP9VideoExtensions_1.0.22681.0_x64__8wekyb3d8bbwe\\Assets\\AppList.scale-150.png::$ATTRIBUTE_LIST"}, "property_types": {"FileKey": "POINTER", "FileName": "STRINGW"}}
{"header": {"activity_id": "{00000000-0000-0000-0000-000000000000}", "event_flags": 576, "event_id": 11, "event_name": "", "event_opcode": 0, "event_version": 0, "process_id": 4, "provider_name": "Microsoft-Windows-Kernel-File", "task_name": "NameDelete", "thread_id": 32, "timestamp": "2025-10-30 03:48:06Z", "trace_name": "File_Registry01"}, "properties": {"FileKey": "0xFFFFE7821AF31C60", "FileName": "\\Device\\HarddiskVolume2\\Program Files\\WindowsApps\\Microsoft.WebMediaExtensions_1.0.20875.0_x64__8wekyb3d8bbwe\\Assets\\AppList.scale-200.png::$ATTRIBUTE_LIST"}, "property_types": {"FileKey": "POINTER", "FileName": "STRINGW"}}
{"header": {"activity_id": "{00000000-0000-0000-0000-000000000000}", "event_flags": 576, "event_id": 11, "event_name": "", "event_opcode": 0, "event_version": 0, "process_id": 4, "provider_name": "Microsoft-Windows-Kernel-File", "task_name": "NameDelete", "thread_id": 32, "timestamp": "2025-10-30 03:48:06Z", "trace_name": "File_Registry01"}, "properties": {"FileKey": "0xFFFFE7821AEA8CA0", "FileName": "\\Device\\HarddiskVolume2\\Program Files\\WindowsApps\\Microsoft.VP9VideoExtensions_1.0.22681.0_x64__8wekyb3d8bbwe\\Assets\\AppList.scale-400.png::$ATTRIBUTE_LIST"}, "property_types": {"FileKey": "POINTER", "FileName": "STRINGW"}}
{"header": {"activity_id": "{00000000-0000-0000-0000-000000000000}", "event_flags": 576, "event_id": 11, "event_name": "", "event_opcode": 0, "event_version": 0, "process_id": 4, "provider_name": "Microsoft-Windows-Kernel-File", "task_name": "NameDelete", "thread_id": 32, "timestamp": "2025-10-30 03:48:06Z", "trace_name": "File_Registry01"}, "properties": {"FileKey": "0xFFFFE7821ABB9C60", "FileName": "\\Device\\HarddiskVolume2\\Program Files\\WindowsApps\\Microsoft.WebpImageExtension_1.0.22753.0_x64__8wekyb3d8bbwe\\Assets\\AppList.targetsize-16_altform-unplated.png::$ATTRIBUTE_LIST"}, "property_types": {"FileKey": "POINTER", "FileName": "STRINGW"}}
{"header": {"activity_id": "{00000000-0000-0000-0000-000000000000}", "event_flags": 576, "event_id": 11, "event_name": "", "event_opcode": 0, "event_version": 0, "process_id": 4, "provider_name": "Microsoft-Windows-Kernel-File", "task_name": "NameDelete", "thread_id": 32, "timestamp": "2025-10-30 03:48:06Z", "trace_name": "File_Registry01"}, "properties": {"FileKey": "0xFFFFE7821ABB7C60", "FileName": "\\Device\\HarddiskVolume2\\Program Files\\WindowsApps\\Microsoft.WebpImageExtension_1.0.22753.0_x64__8wekyb3d8bbwe\\Assets\\AppList.targetsize-20_altform-unplated.png::$ATTRIBUTE_LIST"}, "property_types": {"FileKey": "POINTER", "FileName": "STRINGW"}}
{"header": {"activity_id": "{00000000-0000-0000-0000-000000000000}", "event_flags": 576, "event_id": 11, "event_name": "", "event_opcode": 0, "event_version": 0, "process_id": 4, "provider_name": "Microsoft-Windows-Kernel-File", "task_name": "NameDelete", "thread_id": 32, "timestamp": "2025-10-30 03:48:06Z", "trace_name": "File_Registry01"}, "properties": {"FileKey": "0xFFFFE78218237C60", "FileName": "\\Device\\HarddiskVolume2\\Program Files\\WindowsApps\\Microsoft.WebpImageExtension_1.0.22753.0_x64__8wekyb3d8bbwe\\Assets\\contrast-black\\AppList.targetsize-24_contrast-black.png::$ATTRIBUTE_LIST"}, "property_types": {"FileKey": "POINTER", "FileName": "STRINGW"}}
{"header": {"activity_id": "{00000000-0000-0000-0000-000000000000}", "event_flags": 576, "event_id": 11, "event_name": "", "event_opcode": 0, "event_version": 0, "process_id": 4, "provider_name": "Microsoft-Windows-Kernel-File", "task_name": "NameDelete", "thread_id": 32, "timestamp": "2025-10-30 03:48:06Z", "trace_name": "File_Registry01"}, "properties": {"FileKey": "0xFFFFE7821A8D98E0", "FileName": "\\Device\\HarddiskVolume2\\Program Files\\WindowsApps\\Microsoft.WebpImageExtension_1.0.22753.0_x64__8wekyb3d8bbwe\\Assets\\contrast-black\\AppList.targetsize-30_contrast-black.png::$ATTRIBUTE_LIST"}, "property_types": {"FileKey": "POINTER", "FileName": "STRINGW"}}
{"header": {"activity_id": "{00000000-0000-0000-0000-000000000000}", "event_flags": 576, "event_id": 11, "event_name": "", "event_opcode": 0, "event_version": 0, "process_id": 4, "provider_name": "Microsoft-Windows-Kernel-File", "task_name": "NameDelete", "thread_id": 32, "timestamp": "2025-10-30 03:48:06Z", "trace_name": "File_Registry01"}, "properties": {"FileKey": "0xFFFFE7821A95E8A0", "FileName": "\\Device\\HarddiskVolume2\\Program Files\\WindowsApps\\Microsoft.WebpImageExtension_1.0.22753.0_x64__8wekyb3d8bbwe\\Assets\\contrast-black\\AppList.targetsize-32_altform-unplated_contrast-black.png::$ATTRIBUTE_LIST"}, "property_types": {"FileKey": "POINTER", "FileName": "STRINGW"}}
{"header": {"activity_id": "{00000000-0000-0000-0000-000000000000}", "event_flags": 576, "event_id": 11, "event_name": "", "event_opcode": 0, "event_version": 0, "process_id": 4, "provider_name": "Microsoft-Windows-Kernel-File", "task_name": "NameDelete", "thread_id": 32, "timestamp": "2025-10-30 03:48:06Z", "trace_name": "File_Registry01"}, "properties": {"FileKey": "0xFFFFE7821AE5F8A0", "FileName": "\\Device\\HarddiskVolume2\\Program Files\\WindowsApps\\Microsoft.WebpImageExtension_1.0.22753.0_x64__8wekyb3d8bbwe\\Assets\\contrast-black\\AppList.targetsize-36_contrast-black.png::$ATTRIBUTE_LIST"}, "property_types": {"FileKey": "POINTER", "FileName": "STRINGW"}}
{"header": {"activity_id": "{00000000-0000-0000-0000-000000000000}", "event_flags": 576, "event_id": 11, "event_name": "", "event_opcode": 0, "event_version": 0, "process_id": 4, "provider_name": "Microsoft-Windows-Kernel-File", "task_name": "NameDelete", "thread_id": 32, "timestamp": "2025-10-30 03:48:06Z", "trace_name": "File_Registry01"}, "properties": {"FileKey": "0xFFFFE78214ED6010", "FileName": "\\Device\\HarddiskVolume2\\Program Files\\WindowsApps\\Microsoft.WebpImageExtension_1.0.22753.0_x64__8wekyb3d8bbwe\\Assets\\contrast-black\\AppList.targetsize-40_altform-unplated_contrast-black.png::$ATTRIBUTE_LIST"}, "property_types": {"FileKey": "POINTER", "FileName": "STRINGW"}}
{"header": {"activity_id": "{00000000-0000-0000-0000-000000000000}", "event_flags": 576, "event_id": 11, "event_name": "", "event_opcode": 0, "event_version": 0, "process_id": 4, "provider_name": "Microsoft-Windows-Kernel-File", "task_name": "NameDelete", "thread_id": 32, "timestamp": "2025-10-30 03:48:06Z", "trace_name": "File_Registry01"}, "properties": {"FileKey": "0xFFFFE782181A5010", "FileName": "\\Device\\HarddiskVolume2\\Program Files\\WindowsApps\\Microsoft.WebpImageExtension_1.0.22753.0_x64__8wekyb3d8bbwe\\Assets\\contrast-black\\AppList.targetsize-48_contrast-black.png::$ATTRIBUTE_LIST"}, "property_types": {"FileKey": "POINTER", "FileName": "STRINGW"}}
{"header": {"activity_id": "{00000000-0000-0000-0000-000000000000}", "event_flags": 576, "event_id": 11, "event_name": "", "event_opcode": 0, "event_version": 0, "process_id": 4, "provider_name": "Microsoft-Windows-Kernel-File", "task_name": "NameDelete", "thread_id": 32, "timestamp": "2025-10-30 03:48:06Z", "trace_name": "File_Registry01"}, "properties": {"FileKey": "0xFFFFE78214ED8010", "FileName": "\\Device\\HarddiskVolume2\\Program Files\\WindowsApps\\Microsoft.WebpImageExtension_1.0.22753.0_x64__8wekyb3d8bbwe\\Assets\\AppList.targetsize-60_altform-unplated.png::$ATTRIBUTE_LIST"}, "property_types": {"FileKey": "POINTER", "FileName": "STRINGW"}}
{"header": {"activity_id": "{00000000-0000-0000-0000-000000000000}", "event_flags": 576, "event_id": 11, "event_name": "", "event_opcode": 0, "event_version": 0, "process_id": 4, "provider_name": "Microsoft-Windows-Kernel-File", "task_name": "NameDelete", "thread_id": 32, "timestamp": "2025-10-30 03:48:06Z", "trace_name": "File_Registry01"}, "properties": {"FileKey": "0xFFFFE7821A983010", "FileName": "\\Device\\HarddiskVolume2\\Program Files\\WindowsApps\\Microsoft.WebpImageExtension_1.0.22753.0_x64__8wekyb3d8bbwe\\Assets\\AppList.targetsize-64_altform-unplated.png::$ATTRIBUTE_LIST"}, "property_types": {"FileKey": "POINTER", "FileName": "STRINGW"}}
