{"header": {"activity_id": "{00000000-0000-0000-0000-000000000000}", "event_flags": 576, "event_id": 7, "event_name": "", "event_opcode": 0, "event_version": 3, "process_id": 3856, "provider_name": "Microsoft-Windows-Sysmon", "task_name": "Image loaded (rule: ImageLoad) ", "thread_id": 5992, "timestamp": "2025-10-30 03:47:28Z", "trace_name": "codeintegrity"}, "properties": {"Company": "Microsoft Corporation", "Description": "WMI", "FileVersion": "10.0.19041.1320 (WinBuild.160101.0800)", "Hashes": "SHA1=EE432AD64C6F9146261BF8D8CEF1C685A7FA3B12,MD5=AEE2A482C5535ECB6E942A7E47A6B51E,SHA256=14A90A5D423F74CF0575A17A00CCE1942881ACB5378ED983DFBFD420B41786D0,IMPHASH=1CF44754B099F8487ECC57BDB08B3B52", "Image": "C:\\Users\\cyb3r\\Downloads\\sealighter.exe", "ImageLoaded": "C:\\Windows\\System32\\wbem\\wbemsvc.dll", "OriginalFileName": "wbemsvc.dll", "ProcessGuid": "{39898580-DFC2-6902-FF00-000000000300}", "ProcessId": 7660, "Product": "Microsoft Windows Operating System", "RuleName": "-", "Signature": "Microsoft Windows", "SignatureStatus": "Valid", "Signed": "true", "User": "DESKTOP-3AERCN7\\cyb3r", "UtcTime": "2025-10-30 03:47:28.890"}, "property_types": {"Company": "STRINGW", "Description": "STRINGW", "FileVersion": "STRINGW", "Hashes": "STRINGW", "Image": "STRINGW", "ImageLoaded": "STRINGW", "OriginalFileName": "STRINGW", "ProcessGuid": "GUID", "ProcessId": "UINT32", "Product": "STRINGW", "RuleName": "STRINGW", "Signature": "STRINGW", "SignatureStatus": "STRINGW", "Signed": "STRINGW", "User": "STRINGW", "UtcTime": "STRINGW"}}
{"header": {"activity_id": "{00000000-0000-0000-0000-000000000000}", "event_flags": 576, "event_id": 5, "event_name": "", "event_opcode": 0, "event_version": 0, "process_id": 7660, "provider_name": "Microsoft-Windows-Kernel-Audit-API-Calls", "task_name": "", "thread_id": 7024, "timestamp": "2025-10-30 03:47:28Z", "trace_name": "AuditAPITrace01"}, "properties": {"DesiredAccess": 2147483648, "ReturnCode": 0, "TargetProcessId": 7660}, "property_types": {"DesiredAccess": "UINT32", "ReturnCode": "UINT32", "TargetProcessId": "UINT32"}}
{"header": {"activity_id": "{00000000-0000-0000-0000-000000000000}", "event_flags": 576, "event_id": 5, "event_name": "", "event_opcode": 0, "event_version": 0, "process_id": 7660, "provider_name": "Microsoft-Windows-Kernel-Audit-API-Calls", "task_name": "", "thread_id": 7024, "timestamp": "2025-10-30 03:47:28Z", "trace_name": "AuditAPITrace01"}, "properties": {"DesiredAccess": 2147483648, "ReturnCode": 0, "TargetProcessId": 7660}, "property_types": {"DesiredAccess": "UINT32", "ReturnCode": "UINT32", "TargetProcessId": "UINT32"}}
{"header": {"activity_id": "{00000000-0000-0000-0000-000000000000}", "event_flags": 576, "event_id": 5, "event_name": "", "event_opcode": 0, "event_version": 0, "process_id": 4, "provider_name": "Microsoft-Windows-Kernel-Audit-API-Calls", "task_name": "", "thread_id": 6976, "timestamp": "2025-10-30 03:47:28Z", "trace_name": "AuditAPITrace01"}, "properties": {"DesiredAccess": 0, "ReturnCode": 0, "TargetProcessId": 7660}, "property_types": {"DesiredAccess": "UINT32", "ReturnCode": "UINT32", "TargetProcessId": "UINT32"}}
{"header": {"activity_id": "{00000000-0000-0000-0000-000000000000}", "event_flags": 576, "event_id": 7, "event_name": "", "event_opcode": 0, "event_version": 3, "process_id": 3856, "provider_name": "Microsoft-Windows-Sysmon", "task_name": "Image loaded (rule: ImageLoad) ", "thread_id": 5992, "timestamp": "2025-10-30 03:47:28Z", "trace_name": "codeintegrity"}, "properties": {"Company": "Microsoft Corporation", "Description": "WMI Custom Marshaller", "FileVersion": "10.0.19041.546 (WinBuild.160101.0800)", "Hashes": "SHA1=1817AFFE0FCDB9F290404B7F92CA8F0A45D16718,MD5=3A1A5EFA7D0C56DC75E1680002894936,SHA256=5DA409F81810BC0CF9419A7F67D61DB00C63275E118C29528DA73D315B191654,IMPHASH=D289F182A8B57C923BDB629966C00369", "Image": "C:\\Users\\cyb3r\\Downloads\\sealighter.exe", "ImageLoaded": "C:\\Windows\\System32\\wbem\\fastprox.dll", "OriginalFileName": "fastprox.dll", "ProcessGuid": "{39898580-DFC2-6902-FF00-000000000300}", "ProcessId": 7660, "Product": "Microsoft Windows Operating System", "RuleName": "-", "Signature": "Microsoft Windows", "SignatureStatus": "Valid", "Signed": "true", "User": "DESKTOP-3AERCN7\\cyb3r", "UtcTime": "2025-10-30 03:47:28.890"}, "property_types": {"Company": "STRINGW", "Description": "STRINGW", "FileVersion": "STRINGW", "Hashes": "STRINGW", "Image": "STRINGW", "ImageLoaded": "STRINGW", "OriginalFileName": "STRINGW", "ProcessGuid": "GUID", "ProcessId": "UINT32", "Product": "STRINGW", "RuleName": "STRINGW", "Signature": "STRINGW", "SignatureStatus": "STRINGW", "Signed": "STRINGW", "User": "STRINGW", "UtcTime": "STRINGW"}}
{"header": {"activity_id": "{00000000-0000-0000-0000-000000000000}", "event_flags": 576, "event_id": 5, "event_name": "", "event_opcode": 0, "event_version": 0, "process_id": 2320, "provider_name": "Microsoft-Windows-Kernel-Audit-API-Calls", "task_name": "", "thread_id": 2632, "timestamp": "2025-10-30 03:47:32Z", "trace_name": "AuditAPITrace01"}, "properties": {"DesiredAccess": 2147483648, "ReturnCode": 0, "TargetProcessId": 2320}, "property_types": {"DesiredAccess": "UINT32", "ReturnCode": "UINT32", "TargetProcessId": "UINT32"}}
{"header": {"activity_id": "{00000000-0000-0000-0000-000000000000}", "event_flags": 576, "event_id": 5, "event_name": "", "event_opcode": 0, "event_version": 0, "process_id": 2320, "provider_name": "Microsoft-Windows-Kernel-Audit-API-Calls", "task_name": "", "thread_id": 2632, "timestamp": "2025-10-30 03:47:32Z", "trace_name": "AuditAPITrace01"}, "properties": {"DesiredAccess": 2147483648, "ReturnCode": 0, "TargetProcessId": 2320}, "property_types": {"DesiredAccess": "UINT32", "ReturnCode": "UINT32", "TargetProcessId": "UINT32"}}
{"header": {"activity_id": "{00000000-0000-0000-0000-000000000000}", "event_flags": 576, "event_id": 5, "event_name": "", "event_opcode": 0, "event_version": 0, "process_id": 4824, "provider_name": "Microsoft-Windows-Kernel-Audit-API-Calls", "task_name": "", "thread_id": 7232, "timestamp": "2025-10-30 03:47:33Z", "trace_name": "AuditAPITrace01"}, "properties": {"DesiredAccess": 0, "ReturnCode": 0, "TargetProcessId": 2176}, "property_types": {"DesiredAccess": "UINT32", "ReturnCode": "UINT32", "TargetProcessId": "UINT32"}}
{"header": {"activity_id": "{00000000-0000-0000-0000-000000000000}", "event_flags": 576, "event_id": 5, "event_name": "", "event_opcode": 0, "event_version": 0, "process_id": 4824, "provider_name": "Microsoft-Windows-Kernel-Audit-API-Calls", "task_name": "", "thread_id": 7232, "timestamp": "2025-10-30 03:47:33Z", "trace_name": "AuditAPITrace01"}, "properties": {"DesiredAccess": 0, "ReturnCode": 0, "TargetProcessId": 4824}, "property_types": {"DesiredAccess": "UINT32", "ReturnCode": "UINT32", "TargetProcessId": "UINT32"}}
{"header": {"activity_id": "{00000000-0000-0000-0000-000000000000}", "event_flags": 576, "event_id": 5, "event_name": "", "event_opcode": 0, "event_version": 0, "process_id": 4824, "provider_name": "Microsoft-Windows-Kernel-Audit-API-Calls", "task_name": "", "thread_id": 7232, "timestamp": "2025-10-30 03:47:33Z", "trace_name": "AuditAPITrace01"}, "properties": {"DesiredAccess": 0, "ReturnCode": 0, "TargetProcessId": 4824}, "property_types": {"DesiredAccess": "UINT32", "ReturnCode": "UINT32", "TargetProcessId": "UINT32"}}
{"header": {"activity_id": "{00000000-0000-0000-0000-000000000000}", "event_flags": 576, "event_id": 5, "event_name": "", "event_opcode": 0, "event_version": 0, "process_id": 4824, "provider_name": "Microsoft-Windows-Kernel-Audit-API-Calls", "task_name": "", "thread_id": 7232, "timestamp": "2025-10-30 03:47:33Z", "trace_name": "AuditAPITrace01"}, "properties": {"DesiredAccess": 0, "ReturnCode": 0, "TargetProcessId": 2176}, "property_types": {"DesiredAccess": "UINT32", "ReturnCode": "UINT32", "TargetProcessId": "UINT32"}}
{"header": {"activity_id": "{00000000-0000-0000-0000-000000000000}", "event_flags": 576, "event_id": 5, "event_name": "", "event_opcode": 0, "event_version": 0, "process_id": 4824, "provider_name": "Microsoft-Windows-Kernel-Audit-API-Calls", "task_name": "", "thread_id": 7232, "timestamp": "2025-10-30 03:47:33Z", "trace_name": "AuditAPITrace01"}, "properties": {"DesiredAccess": 0, "ReturnCode": 0, "TargetProcessId": 2176}, "property_types": {"DesiredAccess": "UINT32", "ReturnCode": "UINT32", "TargetProcessId": "UINT32"}}
{"header": {"activity_id": "{00000000-0000-0000-0000-000000000000}", "event_flags": 576, "event_id": 5, "event_name": "", "event_opcode": 0, "event_version": 0, "process_id": 4824, "provider_name": "Microsoft-Windows-Kernel-Audit-API-Calls", "task_name": "", "thread_id": 7232, "timestamp": "2025-10-30 03:47:33Z", "trace_name": "AuditAPITrace01"}, "properties": {"DesiredAccess": 4096, "ReturnCode": 0, "TargetProcessId": 2176}, "property_types": {"DesiredAccess": "UINT32", "ReturnCode": "UINT32", "TargetProcessId": "UINT32"}}
{"header": {"activity_id": "{00000000-0000-0000-0000-000000000000}", "event_flags": 576, "event_id": 5, "event_name": "", "event_opcode": 0, "event_version": 0, "process_id": 4824, "provider_name": "Microsoft-Windows-Kernel-Audit-API-Calls", "task_name": "", "thread_id": 4604, "timestamp": "2025-10-30 03:47:33Z", "trace_name": "AuditAPITrace01"}, "properties": {"DesiredAccess": 0, "ReturnCode": 0, "TargetProcessId": 2176}, "property_types": {"DesiredAccess": "UINT32", "ReturnCode": "UINT32", "TargetProcessId": "UINT32"}}
{"header": {"activity_id": "{00000000-0000-0000-0000-000000000000}", "event_flags": 576, "event_id": 5, "event_name": "", "event_opcode": 0, "event_version": 0, "process_id": 4824, "provider_name": "Microsoft-Windows-Kernel-Audit-API-Calls", "task_name": "", "thread_id": 4604, "timestamp": "2025-10-30 03:47:33Z", "trace_name": "AuditAPITrace01"}, "properties": {"DesiredAccess": 0, "ReturnCode": 0, "TargetProcessId": 4824}, "property_types": {"DesiredAccess": "UINT32", "ReturnCode": "UINT32", "TargetProcessId": "UINT32"}}
{"header": {"activity_id": "{00000000-0000-0000-0000-000000000000}", "event_flags": 576, "event_id": 5, "event_name": "", "event_opcode": 0, "event_version": 0, "process_id": 4824, "provider_name": "Microsoft-Windows-Kernel-Audit-API-Calls", "task_name": "", "thread_id": 4604, "timestamp": "2025-10-30 03:47:33Z", "trace_name": "AuditAPITrace01"}, "properties": {"DesiredAccess": 0, "ReturnCode": 0, "TargetProcessId": 4824}, "property_types": {"DesiredAccess": "UINT32", "ReturnCode": "UINT32", "TargetProcessId": "UINT32"}}
{"header": {"activity_id": "{00000000-0000-0000-0000-000000000000}", "event_flags": 576, "event_id": 5, "event_name": "", "event_opcode": 0, "event_version": 0, "process_id": 4824, "provider_name": "Microsoft-Windows-Kernel-Audit-API-Calls", "task_name": "", "thread_id": 4604, "timestamp": "2025-10-30 03:47:33Z", "trace_name": "AuditAPITrace01"}, "properties": {"DesiredAccess": 0, "ReturnCode": 0, "TargetProcessId": 2176}, "property_types": {"DesiredAccess": "UINT32", "ReturnCode": "UINT32", "TargetProcessId": "UINT32"}}
{"header": {"activity_id": "{00000000-0000-0000-0000-000000000000}", "event_flags": 576, "event_id": 5, "event_name": "", "event_opcode": 0, "event_version": 0, "process_id": 4824, "provider_name": "Microsoft-Windows-Kernel-Audit-API-Calls", "task_name": "", "thread_id": 4604, "timestamp": "2025-10-30 03:47:33Z", "trace_name": "AuditAPITrace01"}, "properties": {"DesiredAccess": 0, "ReturnCode": 0, "TargetProcessId": 2176}, "property_types": {"DesiredAccess": "UINT32", "ReturnCode": "UINT32", "TargetProcessId": "UINT32"}}
{"header": {"activity_id": "{00000000-0000-0000-0000-000000000000}", "event_flags": 576, "event_id": 5, "event_name": "", "event_opcode": 0, "event_version": 0, "process_id": 4824, "provider_name": "Microsoft-Windows-Kernel-Audit-API-Calls", "task_name": "", "thread_id": 4604, "timestamp": "2025-10-30 03:47:33Z", "trace_name": "AuditAPITrace01"}, "properties": {"DesiredAccess": 4096, "ReturnCode": 0, "TargetProcessId": 2176}, "property_types": {"DesiredAccess": "UINT32", "ReturnCode": "UINT32", "TargetProcessId": "UINT32"}}
{"header": {"activity_id": "{00000000-0000-0000-0000-000000000000}", "event_flags": 576, "event_id": 5, "event_name": "", "event_opcode": 0, "event_version": 0, "process_id": 4824, "provider_name": "Microsoft-Windows-Kernel-Audit-API-Calls", "task_name": "", "thread_id": 4604, "timestamp": "2025-10-30 03:47:33Z", "trace_name": "AuditAPITrace01"}, "properties": {"DesiredAccess": 0, "ReturnCode": 0, "TargetProcessId": 2176}, "property_types": {"DesiredAccess": "UINT32", "ReturnCode": "UINT32", "TargetProcessId": "UINT32"}}
{"header": {"activity_id": "{00000000-0000-0000-0000-000000000000}", "event_flags": 576, "event_id": 5, "event_name": "", "event_opcode": 0, "event_version": 0, "process_id": 4824, "provider_name": "Microsoft-Windows-Kernel-Audit-API-Calls", "task_name": "", "thread_id": 4604, "timestamp": "2025-10-30 03:47:33Z", "trace_name": "AuditAPITrace01"}, "properties": {"DesiredAccess": 0, "ReturnCode": 0, "TargetProcessId": 4824}, "property_types": {"DesiredAccess": "UINT32", "ReturnCode": "UINT32", "TargetProcessId": "UINT32"}}
{"header": {"activity_id": "{00000000-0000-0000-0000-000000000000}", "event_flags": 576, "event_id": 5, "event_name": "", "event_opcode": 0, "event_version": 0, "process_id": 4824, "provider_name": "Microsoft-Windows-Kernel-Audit-API-Calls", "task_name": "", "thread_id": 4604, "timestamp": "2025-10-30 03:47:33Z", "trace_name": "AuditAPITrace01"}, "properties": {"DesiredAccess": 0, "ReturnCode": 0, "TargetProcessId": 4824}, "property_types": {"DesiredAccess": "UINT32", "ReturnCode": "UINT32", "TargetProcessId": "UINT32"}}
{"header": {"activity_id": "{00000000-0000-0000-0000-000000000000}", "event_flags": 576, "event_id": 5, "event_name": "", "event_opcode": 0, "event_version": 0, "process_id": 4824, "provider_name": "Microsoft-Windows-Kernel-Audit-API-Calls", "task_name": "", "thread_id": 4604, "timestamp": "2025-10-30 03:47:33Z", "trace_name": "AuditAPITrace01"}, "properties": {"DesiredAccess": 0, "ReturnCode": 0, "TargetProcessId": 2176}, "property_types": {"DesiredAccess": "UINT32", "ReturnCode": "UINT32", "TargetProcessId": "UINT32"}}
{"header": {"activity_id": "{00000000-0000-0000-0000-000000000000}", "event_flags": 576, "event_id": 5, "event_name": "", "event_opcode": 0, "event_version": 0, "process_id": 4824, "provider_name": "Microsoft-Windows-Kernel-Audit-API-Calls", "task_name": "", "thread_id": 4604, "timestamp": "2025-10-30 03:47:33Z", "trace_name": "AuditAPITrace01"}, "properties": {"DesiredAccess": 0, "ReturnCode": 0, "TargetProcessId": 2176}, "property_types": {"DesiredAccess": "UINT32", "ReturnCode": "UINT32", "TargetProcessId": "UINT32"}}
{"header": {"activity_id": "{00000000-0000-0000-0000-000000000000}", "event_flags": 576, "event_id": 5, "event_name": "", "event_opcode": 0, "event_version": 0, "process_id": 4824, "provider_name": "Microsoft-Windows-Kernel-Audit-API-Calls", "task_name": "", "thread_id": 4604, "timestamp": "2025-10-30 03:47:33Z", "trace_name": "AuditAPITrace01"}, "properties": {"DesiredAccess": 4096, "ReturnCode": 0, "TargetProcessId": 2176}, "property_types": {"DesiredAccess": "UINT32", "ReturnCode": "UINT32", "TargetProcessId": "UINT32"}}
{"header": {"activity_id": "{00000000-0000-0000-0000-000000000000}", "event_flags": 576, "event_id": 5, "event_name": "", "event_opcode": 0, "event_version": 0, "process_id": 4824, "provider_name": "Microsoft-Windows-Kernel-Audit-API-Calls", "task_name": "", "thread_id": 4604, "timestamp": "2025-10-30 03:47:33Z", "trace_name": "AuditAPITrace01"}, "properties": {"DesiredAccess": 1024, "ReturnCode": 3221225506, "TargetProcessId": 2176}, "property_types": {"DesiredAccess": "UINT32", "ReturnCode": "UINT32", "TargetProcessId": "UINT32"}}
{"header": {"activity_id": "{00000000-0000-0000-0000-000000000000}", "event_flags": 576, "event_id": 10, "event_name": "", "event_opcode": 0, "event_version": 3, "process_id": 3856, "provider_name": "Microsoft-Windows-Sysmon", "task_name": "Process accessed (rule: ProcessAccess) ", "thread_id": 5992, "timestamp": "2025-10-30 03:47:33Z", "trace_name": "codeintegrity"}, "properties": {"CallTrace": "C:\\Windows\\SYSTEM32\\ntdll.dll+9d524|C:\\Windows\\System32\\KERNELBASE.dll+308ee|c:\\windows\\system32\\cbdhsvc.dll+b0d3e|c:\\windows\\system32\\cbdhsvc.dll+21b62|c:\\windows\\system32\\cbdhsvc.dll+21473|c:\\windows\\system32\\cbdhsvc.dll+2234e|c:\\windows\\system32\\cbdhsvc.dll+422b2|c:\\windows\\system32\\cbdhsvc.dll+3fe83|c:\\windows\\system32\\cbdhsvc.dll+3f6de|C:\\Windows\\System32\\shcore.dll+3d492|C:\\Windows\\System32\\shcore.dll+16d05|C:\\Windows\\System32\\shcore.dll+16be0|C:\\Windows\\System32\\shcore.dll+153e1|C:\\Windows\\System32\\KERNEL32.DLL+17614|C:\\Windows\\SYSTEM32\\ntdll.dll+526a1", "GrantedAccess": "00100000", "RuleName": "-", "SourceImage": "C:\\Windows\\system32\\svchost.exe", "SourceProcessGUID": "{39898580-DB93-6902-6300-000000000300}", "SourceProcessId": 4824, "SourceThreadId": 7232, "SourceUser": "DESKTOP-3AERCN7\\cyb3r", "TargetImage": "C:\\Windows\\system32\\cmd.exe", "TargetProcessGUID": "{39898580-DC27-6902-B300-000000000300}", "TargetProcessId": 2176, "TargetUser": "DESKTOP-3AERCN7\\cyb3r", "UtcTime": "2025-10-30 03:47:33.187"}, "property_types": {"CallTrace": "STRINGW", "GrantedAccess": "OTHER", "RuleName": "STRINGW", "SourceImage": "STRINGW", "SourceProcessGUID": "GUID", "SourceProcessId": "UINT32", "SourceThreadId": "UINT32", "SourceUser": "STRINGW", "TargetImage": "STRINGW", "TargetProcessGUID": "GUID", "TargetProcessId": "UINT32", "TargetUser": "STRINGW", "UtcTime": "STRINGW"}}
{"header": {"activity_id": "{00000000-0000-0000-0000-000000000000}", "event_flags": 576, "event_id": 10, "event_name": "", "event_opcode": 0, "event_version": 3, "process_id": 3856, "provider_name": "Microsoft-Windows-Sysmon", "task_name": "Process accessed (rule: ProcessAccess) ", "thread_id": 5992, "timestamp": "2025-10-30 03:47:33Z", "trace_name": "codeintegrity"}, "properties": {"CallTrace": "C:\\Windows\\SYSTEM32\\ntdll.dll+9d524|C:\\Windows\\System32\\KERNELBASE.dll+308ee|c:\\windows\\system32\\cbdhsvc.dll+22fd4|C:\\Windows\\System32\\shcore.dll+3d492|C:\\Windows\\System32\\shcore.dll+16d05|C:\\Windows\\System32\\shcore.dll+16be0|C:\\Windows\\System32\\shcore.dll+153e1|C:\\Windows\\System32\\KERNEL32.DLL+17614|C:\\Windows\\SYSTEM32\\ntdll.dll+526a1", "GrantedAccess": "00100000", "RuleName": "-", "SourceImage": "C:\\Windows\\system32\\svchost.exe", "SourceProcessGUID": "{39898580-DB93-6902-6300-000000000300}", "SourceProcessId": 4824, "SourceThreadId": 4604, "SourceUser": "DESKTOP-3AERCN7\\cyb3r", "TargetImage": "C:\\Windows\\system32\\cmd.exe", "TargetProcessGUID": "{39898580-DC27-6902-B300-000000000300}", "TargetProcessId": 2176, "TargetUser": "DESKTOP-3AERCN7\\cyb3r", "UtcTime": "2025-10-30 03:47:33.187"}, "property_types": {"CallTrace": "STRINGW", "GrantedAccess": "OTHER", "RuleName": "STRINGW", "SourceImage": "STRINGW", "SourceProcessGUID": "GUID", "SourceProcessId": "UINT32", "SourceThreadId": "UINT32", "SourceUser": "STRINGW", "TargetImage": "STRINGW", "TargetProcessGUID": "GUID", "TargetProcessId": "UINT32", "TargetUser": "STRINGW", "UtcTime": "STRINGW"}}
{"header": {"activity_id": "{00000000-0000-0000-0000-000000000000}", "event_flags": 576, "event_id": 10, "event_name": "", "event_opcode": 0, "event_version": 3, "process_id": 3856, "provider_name": "Microsoft-Windows-Sysmon", "task_name": "Process accessed (rule: ProcessAccess) ", "thread_id": 5992, "timestamp": "2025-10-30 03:47:33Z", "trace_name": "codeintegrity"}, "properties": {"CallTrace": "C:\\Windows\\SYSTEM32\\ntdll.dll+9d524|C:\\Windows\\System32\\KERNELBASE.dll+308ee|C:\\Windows\\System32\\appresolver.dll+25016|C:\\Windows\\System32\\appresolver.dll+21b43|c:\\windows\\system32\\cbdhsvc.dll+230ed|C:\\Windows\\System32\\shcore.dll+3d492|C:\\Windows\\System32\\shcore.dll+16d05|C:\\Windows\\System32\\shcore.dll+16be0|C:\\Windows\\System32\\shcore.dll+153e1|C:\\Windows\\System32\\KERNEL32.DLL+17614|C:\\Windows\\SYSTEM32\\ntdll.dll+526a1", "GrantedAccess": "00100000", "RuleName": "-", "SourceImage": "C:\\Windows\\system32\\svchost.exe", "SourceProcessGUID": "{39898580-DB93-6902-6300-000000000300}", "SourceProcessId": 4824, "SourceThreadId": 4604, "SourceUser": "DESKTOP-3AERCN7\\cyb3r", "TargetImage": "C:\\Windows\\system32\\cmd.exe", "TargetProcessGUID": "{39898580-DC27-6902-B300-000000000300}", "TargetProcessId": 2176, "TargetUser": "DESKTOP-3AERCN7\\cyb3r", "UtcTime": "2025-10-30 03:47:33.187"}, "property_types": {"CallTrace": "STRINGW", "GrantedAccess": "OTHER", "RuleName": "STRINGW", "SourceImage": "STRINGW", "SourceProcessGUID": "GUID", "SourceProcessId": "UINT32", "SourceThreadId": "UINT32", "SourceUser": "STRINGW", "TargetImage": "STRINGW", "TargetProcessGUID": "GUID", "TargetProcessId": "UINT32", "TargetUser": "STRINGW", "UtcTime": "STRINGW"}}
{"header": {"activity_id": "{00000000-0000-0000-0000-000000000000}", "event_flags": 576, "event_id": 5, "event_name": "", "event_opcode": 0, "event_version": 0, "process_id": 3804, "provider_name": "Microsoft-Windows-Kernel-Audit-API-Calls", "task_name": "", "thread_id": 4672, "timestamp": "2025-10-30 03:47:33Z", "trace_name": "AuditAPITrace01"}, "properties": {"DesiredAccess": 0, "ReturnCode": 0, "TargetProcessId": 4824}, "property_types": {"DesiredAccess": "UINT32", "ReturnCode": "UINT32", "TargetProcessId": "UINT32"}}
{"header": {"activity_id": "{00000000-0000-0000-0000-000000000000}", "event_flags": 576, "event_id": 5, "event_name": "", "event_opcode": 0, "event_version": 0, "process_id": 3804, "provider_name": "Microsoft-Windows-Kernel-Audit-API-Calls", "task_name": "", "thread_id": 4672, "timestamp": "2025-10-30 03:47:33Z", "trace_name": "AuditAPITrace01"}, "properties": {"DesiredAccess": 0, "ReturnCode": 0, "TargetProcessId": 3804}, "property_types": {"DesiredAccess": "UINT32", "ReturnCode": "UINT32", "TargetProcessId": "UINT32"}}
{"header": {"activity_id": "{00000000-0000-0000-0000-000000000000}", "event_flags": 576, "event_id": 5, "event_name": "", "event_opcode": 0, "event_version": 0, "process_id": 3804, "provider_name": "Microsoft-Windows-Kernel-Audit-API-Calls", "task_name": "", "thread_id": 4672, "timestamp": "2025-10-30 03:47:33Z", "trace_name": "AuditAPITrace01"}, "properties": {"DesiredAccess": 0, "ReturnCode": 0, "TargetProcessId": 3804}, "property_types": {"DesiredAccess": "UINT32", "ReturnCode": "UINT32", "TargetProcessId": "UINT32"}}
{"header": {"activity_id": "{00000000-0000-0000-0000-000000000000}", "event_flags": 576, "event_id": 5, "event_name": "", "event_opcode": 0, "event_version": 0, "process_id": 3804, "provider_name": "Microsoft-Windows-Kernel-Audit-API-Calls", "task_name": "", "thread_id": 4672, "timestamp": "2025-10-30 03:47:33Z", "trace_name": "AuditAPITrace01"}, "properties": {"DesiredAccess": 0, "ReturnCode": 0, "TargetProcessId": 4824}, "property_types": {"DesiredAccess": "UINT32", "ReturnCode": "UINT32", "TargetProcessId": "UINT32"}}
{"header": {"activity_id": "{00000000-0000-0000-0000-000000000000}", "event_flags": 576, "event_id": 5, "event_name": "", "event_opcode": 0, "event_version": 0, "process_id": 3804, "provider_name": "Microsoft-Windows-Kernel-Audit-API-Calls", "task_name": "", "thread_id": 4672, "timestamp": "2025-10-30 03:47:33Z", "trace_name": "AuditAPITrace01"}, "properties": {"DesiredAccess": 0, "ReturnCode": 0, "TargetProcessId": 4824}, "property_types": {"DesiredAccess": "UINT32", "ReturnCode": "UINT32", "TargetProcessId": "UINT32"}}
{"header": {"activity_id": "{00000000-0000-0000-0000-000000000000}", "event_flags": 576, "event_id": 5, "event_name": "", "event_opcode": 0, "event_version": 0, "process_id": 3804, "provider_name": "Microsoft-Windows-Kernel-Audit-API-Calls", "task_name": "", "thread_id": 4672, "timestamp": "2025-10-30 03:47:33Z", "trace_name": "AuditAPITrace01"}, "properties": {"DesiredAccess": 4096, "ReturnCode": 0, "TargetProcessId": 4824}, "property_types": {"DesiredAccess": "UINT32", "ReturnCode": "UINT32", "TargetProcessId": "UINT32"}}
{"header": {"activity_id": "{00000000-0000-0000-0000-000000000000}", "event_flags": 576, "event_id": 5, "event_name": "", "event_opcode": 0, "event_version": 0, "process_id": 4824, "provider_name": "Microsoft-Windows-Kernel-Audit-API-Calls", "task_name": "", "thread_id": 7232, "timestamp": "2025-10-30 03:47:33Z", "trace_name": "AuditAPITrace01"}, "properties": {"DesiredAccess": 0, "ReturnCode": 0, "TargetProcessId": 2176}, "property_types": {"DesiredAccess": "UINT32", "ReturnCode": "UINT32", "TargetProcessId": "UINT32"}}
{"header": {"activity_id": "{00000000-0000-0000-0000-000000000000}", "event_flags": 576, "event_id": 5, "event_name": "", "event_opcode": 0, "event_version": 0, "process_id": 4824, "provider_name": "Microsoft-Windows-Kernel-Audit-API-Calls", "task_name": "", "thread_id": 7232, "timestamp": "2025-10-30 03:47:33Z", "trace_name": "AuditAPITrace01"}, "properties": {"DesiredAccess": 0, "ReturnCode": 0, "TargetProcessId": 4824}, "property_types": {"DesiredAccess": "UINT32", "ReturnCode": "UINT32", "TargetProcessId": "UINT32"}}
{"header": {"activity_id": "{00000000-0000-0000-0000-000000000000}", "event_flags": 576, "event_id": 5, "event_name": "", "event_opcode": 0, "event_version": 0, "process_id": 4824, "provider_name": "Microsoft-Windows-Kernel-Audit-API-Calls", "task_name": "", "thread_id": 7232, "timestamp": "2025-10-30 03:47:33Z", "trace_name": "AuditAPITrace01"}, "properties": {"DesiredAccess": 0, "ReturnCode": 0, "TargetProcessId": 4824}, "property_types": {"DesiredAccess": "UINT32", "ReturnCode": "UINT32", "TargetProcessId": "UINT32"}}
{"header": {"activity_id": "{00000000-0000-0000-0000-000000000000}", "event_flags": 576, "event_id": 5, "event_name": "", "event_opcode": 0, "event_version": 0, "process_id": 4824, "provider_name": "Microsoft-Windows-Kernel-Audit-API-Calls", "task_name": "", "thread_id": 7232, "timestamp": "2025-10-30 03:47:33Z", "trace_name": "AuditAPITrace01"}, "properties": {"DesiredAccess": 0, "ReturnCode": 0, "TargetProcessId": 2176}, "property_types": {"DesiredAccess": "UINT32", "ReturnCode": "UINT32", "TargetProcessId": "UINT32"}}
{"header": {"activity_id": "{00000000-0000-0000-0000-000000000000}", "event_flags": 576, "event_id": 5, "event_name": "", "event_opcode": 0, "event_version": 0, "process_id": 4824, "provider_name": "Microsoft-Windows-Kernel-Audit-API-Calls", "task_name": "", "thread_id": 7232, "timestamp": "2025-10-30 03:47:33Z", "trace_name": "AuditAPITrace01"}, "properties": {"DesiredAccess": 0, "ReturnCode": 0, "TargetProcessId": 2176}, "property_types": {"DesiredAccess": "UINT32", "ReturnCode": "UINT32", "TargetProcessId": "UINT32"}}
{"header": {"activity_id": "{00000000-0000-0000-0000-000000000000}", "event_flags": 576, "event_id": 5, "event_name": "", "event_opcode": 0, "event_version": 0, "process_id": 4824, "provider_name": "Microsoft-Windows-Kernel-Audit-API-Calls", "task_name": "", "thread_id": 7232, "timestamp": "2025-10-30 03:47:33Z", "trace_name": "AuditAPITrace01"}, "properties": {"DesiredAccess": 4096, "ReturnCode": 0, "TargetProcessId": 2176}, "property_types": {"DesiredAccess": "UINT32", "ReturnCode": "UINT32", "TargetProcessId": "UINT32"}}
{"header": {"activity_id": "{00000000-0000-0000-0000-000000000000}", "event_flags": 576, "event_id": 10, "event_name": "", "event_opcode": 0, "event_version": 3, "process_id": 3856, "provider_name": "Microsoft-Windows-Sysmon", "task_name": "Process accessed (rule: ProcessAccess) ", "thread_id": 5992, "timestamp": "2025-10-30 03:47:33Z", "trace_name": "codeintegrity"}, "properties": {"CallTrace": "C:\\Windows\\SYSTEM32\\ntdll.dll+9e134|C:\\Windows\\System32\\RPCRT4.dll+4ee34|C:\\Windows\\System32\\combase.dll+c89fc|c:\\windows\\system32\\windows.staterepository.dll+2be0b|c:\\windows\\system32\\windows.staterepository.dll+36ce5|C:\\Windows\\System32\\RPCRT4.dll+7b253|C:\\Windows\\System32\\RPCRT4.dll+de77b|C:\\Windows\\System32\\RPCRT4.dll+1d349|C:\\Windows\\System32\\combase.dll+b5f1c|C:\\Windows\\System32\\RPCRT4.dll+5a54b|C:\\Windows\\System32\\combase.dll+8bad3|C:\\Windows\\System32\\combase.dll+8b85e|C:\\Windows\\System32\\combase.dll+baaa6|C:\\Windows\\System32\\combase.dll+31283|C:\\Windows\\System32\\combase.dll+b133d|C:\\Windows\\System32\\combase.dll+25036|C:\\Windows\\System32\\combase.dll+fb8cc|C:\\Windows\\System32\\combase.dll+26ff9|C:\\Windows\\System32\\RPCRT4.dll+58f88|C:\\Windows\\System32\\RPCRT4.dll+3a1a6|C:\\Windows\\System32\\RPCRT4.dll+39dd6|C:\\Windows\\System32\\RPCRT4.dll+4710f|C:\\Windows\\System32\\RPCRT4.dll+466c8|C:\\Windows\\System32\\RPCRT4.dll+45cb1", "GrantedAccess": "00100000", "RuleName": "-", "SourceImage": "C:\\Windows\\system32\\svchost.exe", "SourceProcessGUID": "{39898580-DB8A-6902-5500-000000000300}", "SourceProcessId": 3804, "SourceThreadId": 4672, "SourceUser": "NT AUTHORITY\\SYSTEM", "TargetImage": "C:\\Windows\\system32\\svchost.exe", "TargetProcessGUID": "{39898580-DB93-6902-6300-000000000300}", "TargetProcessId": 4824, "TargetUser": "DESKTOP-3AERCN7\\cyb3r", "UtcTime": "2025-10-30 03:47:33.187"}, "property_types": {"CallTrace": "STRINGW", "GrantedAccess": "OTHER", "RuleName": "STRINGW", "SourceImage": "STRINGW", "SourceProcessGUID": "GUID", "SourceProcessId": "UINT32", "SourceThreadId": "UINT32", "SourceUser": "STRINGW", "TargetImage": "STRINGW", "TargetProcessGUID": "GUID", "TargetProcessId": "UINT32", "TargetUser": "STRINGW", "UtcTime": "STRINGW"}}
{"header": {"activity_id": "{00000000-0000-0000-0000-000000000000}", "event_flags": 576, "event_id": 10, "event_name": "", "event_opcode": 0, "event_version": 3, "process_id": 3856, "provider_name": "Microsoft-Windows-Sysmon", "task_name": "Process accessed (rule: ProcessAccess) ", "thread_id": 5992, "timestamp": "2025-10-30 03:47:33Z", "trace_name": "codeintegrity"}, "properties": {"CallTrace": "C:\\Windows\\SYSTEM32\\ntdll.dll+9d524|C:\\Windows\\System32\\KERNELBASE.dll+308ee|c:\\windows\\system32\\cbdhsvc.dll+2212d|c:\\windows\\system32\\cbdhsvc.dll+21d09|c:\\windows\\system32\\cbdhsvc.dll+21934|c:\\windows\\system32\\cbdhsvc.dll+21584|c:\\windows\\system32\\cbdhsvc.dll+2234e|c:\\windows\\system32\\cbdhsvc.dll+422b2|c:\\windows\\system32\\cbdhsvc.dll+3fe83|c:\\windows\\system32\\cbdhsvc.dll+3f6de|C:\\Windows\\System32\\shcore.dll+3d492|C:\\Windows\\System32\\shcore.dll+16d05|C:\\Windows\\System32\\shcore.dll+16be0|C:\\Windows\\System32\\shcore.dll+153e1|C:\\Windows\\System32\\KERNEL32.DLL+17614|C:\\Windows\\SYSTEM32\\ntdll.dll+526a1", "GrantedAccess": "00100000", "RuleName": "-", "SourceImage": "C:\\Windows\\system32\\svchost.exe", "SourceProcessGUID": "{39898580-DB93-6902-6300-000000000300}", "SourceProcessId": 4824, "SourceThreadId": 7232, "SourceUser": "DESKTOP-3AERCN7\\cyb3r", "TargetImage": "C:\\Windows\\system32\\cmd.exe", "TargetProcessGUID": "{39898580-DC27-6902-B300-000000000300}", "TargetProcessId": 2176, "TargetUser": "DESKTOP-3AERCN7\\cyb3r", "UtcTime": "2025-10-30 03:47:33.187"}, "property_types": {"CallTrace": "STRINGW", "GrantedAccess": "OTHER", "RuleName": "STRINGW", "SourceImage": "STRINGW", "SourceProcessGUID": "GUID", "SourceProcessId": "UINT32", "SourceThreadId": "UINT32", "SourceUser": "STRINGW", "TargetImage": "STRINGW", "TargetProcessGUID": "GUID", "TargetProcessId": "UINT32", "TargetUser": "STRINGW", "UtcTime": "STRINGW"}}
{"header": {"activity_id": "{00000000-0000-0000-0000-000000000000}", "event_flags": 576, "event_id": 5, "event_name": "", "event_opcode": 0, "event_version": 0, "process_id": 4496, "provider_name": "Microsoft-Windows-Kernel-Audit-API-Calls", "task_name": "", "thread_id": 5604, "timestamp": "2025-10-30 03:47:33Z", "trace_name": "AuditAPITrace01"}, "properties": {"DesiredAccess": 0, "ReturnCode": 0, "TargetProcessId": 4496}, "property_types": {"DesiredAccess": "UINT32", "ReturnCode": "UINT32", "TargetProcessId": "UINT32"}}
{"header": {"activity_id": "{00000000-0000-0000-0000-000000000000}", "event_flags": 576, "event_id": 5, "event_name": "", "event_opcode": 0, "event_version": 0, "process_id": 1404, "provider_name": "Microsoft-Windows-Kernel-Audit-API-Calls", "task_name": "", "thread_id": 5648, "timestamp": "2025-10-30 03:47:33Z", "trace_name": "AuditAPITrace01"}, "properties": {"DesiredAccess": 2147483648, "ReturnCode": 0, "TargetProcessId": 1404}, "property_types": {"DesiredAccess": "UINT32", "ReturnCode": "UINT32", "TargetProcessId": "UINT32"}}
{"header": {"activity_id": "{00000000-0000-0000-0000-000000000000}", "event_flags": 576, "event_id": 5, "event_name": "", "event_opcode": 0, "event_version": 0, "process_id": 1404, "provider_name": "Microsoft-Windows-Kernel-Audit-API-Calls", "task_name": "", "thread_id": 5648, "timestamp": "2025-10-30 03:47:33Z", "trace_name": "AuditAPITrace01"}, "properties": {"DesiredAccess": 2147483648, "ReturnCode": 0, "TargetProcessId": 1404}, "property_types": {"DesiredAccess": "UINT32", "ReturnCode": "UINT32", "TargetProcessId": "UINT32"}}
{"header": {"activity_id": "{00000000-0000-0000-0000-000000000000}", "event_flags": 576, "event_id": 13, "event_name": "", "event_opcode": 0, "event_version": 2, "process_id": 3856, "provider_name": "Microsoft-Windows-Sysmon", "task_name": "Registry value set (rule: RegistryEvent) ", "thread_id": 5992, "timestamp": "2025-10-30 03:47:33Z", "trace_name": "codeintegrity"}, "properties": {"Details": "Binary Data", "EventType": "SetValue", "Image": "C:\\Windows\\Explorer.EXE", "ProcessGuid": "{39898580-DB8F-6902-5F00-000000000300}", "ProcessId": 4496, "RuleName": "-", "TargetObject": "HKU\\S-1-5-21-1155846737-1485308446-292092594-1001\\SOFTWARE\\Microsoft\\Windows\\CurrentVersion\\ActivityDataModel\\ReaderRevisionInfo\\9C187B23-2A8C-DAE9-EFB6-D91A375EA15B", "User": "DESKTOP-3AERCN7\\cyb3r", "UtcTime": "2025-10-30 03:47:33.187"}, "property_types": {"Details": "STRINGW", "EventType": "STRINGW", "Image": "STRINGW", "ProcessGuid": "GUID", "ProcessId": "UINT32", "RuleName": "STRINGW", "TargetObject": "STRINGW", "User": "STRINGW", "UtcTime": "STRINGW"}}
{"header": {"activity_id": "{00000000-0000-0000-0000-000000000000}", "event_flags": 576, "event_id": 5, "event_name": "", "event_opcode": 0, "event_version": 0, "process_id": 2176, "provider_name": "Microsoft-Windows-Kernel-Audit-API-Calls", "task_name": "", "thread_id": 7552, "timestamp": "2025-10-30 03:47:33Z", "trace_name": "AuditAPITrace01"}, "properties": {"DesiredAccess": 2147483648, "ReturnCode": 0, "TargetProcessId": 2176}, "property_types": {"DesiredAccess": "UINT32", "ReturnCode": "UINT32", "TargetProcessId": "UINT32"}}
{"header": {"activity_id": "{00000000-0000-0000-0000-000000000000}", "event_flags": 576, "event_id": 5, "event_name": "", "event_opcode": 0, "event_version": 0, "process_id": 2176, "provider_name": "Microsoft-Windows-Kernel-Audit-API-Calls", "task_name": "", "thread_id": 7552, "timestamp": "2025-10-30 03:47:33Z", "trace_name": "AuditAPITrace01"}, "properties": {"DesiredAccess": 2147483648, "ReturnCode": 0, "TargetProcessId": 2176}, "property_types": {"DesiredAccess": "UINT32", "ReturnCode": "UINT32", "TargetProcessId": "UINT32"}}
{"header": {"activity_id": "{00000000-0000-0000-0000-000000000000}", "event_flags": 576, "event_id": 5, "event_name": "", "event_opcode": 0, "event_version": 0, "process_id": 4, "provider_name": "Microsoft-Windows-Kernel-Audit-API-Calls", "task_name": "", "thread_id": 5204, "timestamp": "2025-10-30 03:47:33Z", "trace_name": "AuditAPITrace01"}, "properties": {"DesiredAccess": 0, "ReturnCode": 0, "TargetProcessId": 2176}, "property_types": {"DesiredAccess": "UINT32", "ReturnCode": "UINT32", "TargetProcessId": "UINT32"}}
{"header": {"activity_id": "{00000000-0000-0000-0000-000000000000}", "event_flags": 576, "event_id": 5, "event_name": "", "event_opcode": 0, "event_version": 0, "process_id": 2176, "provider_name": "Microsoft-Windows-Kernel-Audit-API-Calls", "task_name": "", "thread_id": 7552, "timestamp": "2025-10-30 03:47:33Z", "trace_name": "AuditAPITrace01"}, "properties": {"DesiredAccess": 2147483648, "ReturnCode": 0, "TargetProcessId": 2176}, "property_types": {"DesiredAccess": "UINT32", "ReturnCode": "UINT32", "TargetProcessId": "UINT32"}}
{"header": {"activity_id": "{00000000-0000-0000-0000-000000000000}", "event_flags": 576, "event_id": 5, "event_name": "", "event_opcode": 0, "event_version": 0, "process_id": 2176, "provider_name": "Microsoft-Windows-Kernel-Audit-API-Calls", "task_name": "", "thread_id": 7552, "timestamp": "2025-10-30 03:47:33Z", "trace_name": "AuditAPITrace01"}, "properties": {"DesiredAccess": 2147483648, "ReturnCode": 0, "TargetProcessId": 2176}, "property_types": {"DesiredAccess": "UINT32", "ReturnCode": "UINT32", "TargetProcessId": "UINT32"}}
{"header": {"activity_id": "{00000000-0000-0000-0000-000000000000}", "event_flags": 576, "event_id": 3040, "event_name": "", "event_opcode": 1, "event_version": 0, "process_id": 2176, "provider_name": "Microsoft-Windows-CodeIntegrity", "task_name": "GetFileCache", "thread_id": 7552, "timestamp": "2025-10-30 03:47:33Z", "trace_name": "codeintegrity"}, "properties": {"FileNameBuffer": "\\Users\\cyb3r\\Downloads\\NSec-Killer.exe", "FileNameLength": 38}, "property_types": {"FileNameBuffer": "STRINGW", "FileNameLength": "UINT16"}}
{"header": {"activity_id": "{00000000-0000-0000-0000-000000000000}", "event_flags": 576, "event_id": 3041, "event_name": "", "event_opcode": 2, "event_version": 2, "process_id": 2176, "provider_name": "Microsoft-Windows-CodeIntegrity", "task_name": "GetFileCache", "thread_id": 7552, "timestamp": "2025-10-30 03:47:33Z", "trace_name": "codeintegrity"}, "properties": {"CacheSource": 0, "CachedFlags": "00000000", "CachedPolicy": 0, "Status": "250200C0"}, "property_types": {"CacheSource": "UINT8", "CachedFlags": "OTHER", "CachedPolicy": "UINT8", "Status": "OTHER"}}
{"header": {"activity_id": "{00000000-0000-0000-0000-000000000000}", "event_flags": 576, "event_id": 6, "event_name": "", "event_opcode": 0, "event_version": 0, "process_id": 2648, "provider_name": "Microsoft-Windows-Kernel-Audit-API-Calls", "task_name": "", "thread_id": 3672, "timestamp": "2025-10-30 03:47:33Z", "trace_name": "AuditAPITrace01"}, "properties": {"DesiredAccess": 2097151, "ReturnCode": 0, "TargetProcessId": 2648, "TargetThreatId": 3672}, "property_types": {"DesiredAccess": "UINT32", "ReturnCode": "UINT32", "TargetProcessId": "UINT32", "TargetThreatId": "UINT32"}}
{"header": {"activity_id": "{00000000-0000-0000-0000-000000000000}", "event_flags": 576, "event_id": 5, "event_name": "", "event_opcode": 0, "event_version": 0, "process_id": 2648, "provider_name": "Microsoft-Windows-Kernel-Audit-API-Calls", "task_name": "", "thread_id": 3672, "timestamp": "2025-10-30 03:47:33Z", "trace_name": "AuditAPITrace01"}, "properties": {"DesiredAccess": 0, "ReturnCode": 0, "TargetProcessId": 2176}, "property_types": {"DesiredAccess": "UINT32", "ReturnCode": "UINT32", "TargetProcessId": "UINT32"}}
{"header": {"activity_id": "{00000000-0000-0000-0000-000000000000}", "event_flags": 576, "event_id": 5, "event_name": "", "event_opcode": 0, "event_version": 0, "process_id": 2648, "provider_name": "Microsoft-Windows-Kernel-Audit-API-Calls", "task_name": "", "thread_id": 3672, "timestamp": "2025-10-30 03:47:33Z", "trace_name": "AuditAPITrace01"}, "properties": {"DesiredAccess": 0, "ReturnCode": 0, "TargetProcessId": 2648}, "property_types": {"DesiredAccess": "UINT32", "ReturnCode": "UINT32", "TargetProcessId": "UINT32"}}
{"header": {"activity_id": "{00000000-0000-0000-0000-000000000000}", "event_flags": 576, "event_id": 5, "event_name": "", "event_opcode": 0, "event_version": 0, "process_id": 2648, "provider_name": "Microsoft-Windows-Kernel-Audit-API-Calls", "task_name": "", "thread_id": 3672, "timestamp": "2025-10-30 03:47:33Z", "trace_name": "AuditAPITrace01"}, "properties": {"DesiredAccess": 0, "ReturnCode": 0, "TargetProcessId": 2648}, "property_types": {"DesiredAccess": "UINT32", "ReturnCode": "UINT32", "TargetProcessId": "UINT32"}}
{"header": {"activity_id": "{00000000-0000-0000-0000-000000000000}", "event_flags": 576, "event_id": 5, "event_name": "", "event_opcode": 0, "event_version": 0, "process_id": 2648, "provider_name": "Microsoft-Windows-Kernel-Audit-API-Calls", "task_name": "", "thread_id": 3672, "timestamp": "2025-10-30 03:47:33Z", "trace_name": "AuditAPITrace01"}, "properties": {"DesiredAccess": 0, "ReturnCode": 0, "TargetProcessId": 2176}, "property_types": {"DesiredAccess": "UINT32", "ReturnCode": "UINT32", "TargetProcessId": "UINT32"}}
{"header": {"activity_id": "{00000000-0000-0000-0000-000000000000}", "event_flags": 576, "event_id": 5, "event_name": "", "event_opcode": 0, "event_version": 0, "process_id": 2648, "provider_name": "Microsoft-Windows-Kernel-Audit-API-Calls", "task_name": "", "thread_id": 3672, "timestamp": "2025-10-30 03:47:33Z", "trace_name": "AuditAPITrace01"}, "properties": {"DesiredAccess": 0, "ReturnCode": 0, "TargetProcessId": 2176}, "property_types": {"DesiredAccess": "UINT32", "ReturnCode": "UINT32", "TargetProcessId": "UINT32"}}
{"header": {"activity_id": "{00000000-0000-0000-0000-000000000000}", "event_flags": 576, "event_id": 5, "event_name": "", "event_opcode": 0, "event_version": 0, "process_id": 2648, "provider_name": "Microsoft-Windows-Kernel-Audit-API-Calls", "task_name": "", "thread_id": 3672, "timestamp": "2025-10-30 03:47:33Z", "trace_name": "AuditAPITrace01"}, "properties": {"DesiredAccess": 1052672, "ReturnCode": 0, "TargetProcessId": 2176}, "property_types": {"DesiredAccess": "UINT32", "ReturnCode": "UINT32", "TargetProcessId": "UINT32"}}
{"header": {"activity_id": "{00000000-0000-0000-0000-000000000000}", "event_flags": 576, "event_id": 5, "event_name": "", "event_opcode": 0, "event_version": 0, "process_id": 2648, "provider_name": "Microsoft-Windows-Kernel-Audit-API-Calls", "task_name": "", "thread_id": 3672, "timestamp": "2025-10-30 03:47:33Z", "trace_name": "AuditAPITrace01"}, "properties": {"DesiredAccess": 0, "ReturnCode": 0, "TargetProcessId": 2176}, "property_types": {"DesiredAccess": "UINT32", "ReturnCode": "UINT32", "TargetProcessId": "UINT32"}}
{"header": {"activity_id": "{00000000-0000-0000-0000-000000000000}", "event_flags": 576, "event_id": 5, "event_name": "", "event_opcode": 0, "event_version": 0, "process_id": 2648, "provider_name": "Microsoft-Windows-Kernel-Audit-API-Calls", "task_name": "", "thread_id": 3672, "timestamp": "2025-10-30 03:47:33Z", "trace_name": "AuditAPITrace01"}, "properties": {"DesiredAccess": 0, "ReturnCode": 0, "TargetProcessId": 2648}, "property_types": {"DesiredAccess": "UINT32", "ReturnCode": "UINT32", "TargetProcessId": "UINT32"}}
{"header": {"activity_id": "{00000000-0000-0000-0000-000000000000}", "event_flags": 576, "event_id": 5, "event_name": "", "event_opcode": 0, "event_version": 0, "process_id": 2648, "provider_name": "Microsoft-Windows-Kernel-Audit-API-Calls", "task_name": "", "thread_id": 3672, "timestamp": "2025-10-30 03:47:33Z", "trace_name": "AuditAPITrace01"}, "properties": {"DesiredAccess": 0, "ReturnCode": 0, "TargetProcessId": 2648}, "property_types": {"DesiredAccess": "UINT32", "ReturnCode": "UINT32", "TargetProcessId": "UINT32"}}
{"header": {"activity_id": "{00000000-0000-0000-0000-000000000000}", "event_flags": 576, "event_id": 5, "event_name": "", "event_opcode": 0, "event_version": 0, "process_id": 2648, "provider_name": "Microsoft-Windows-Kernel-Audit-API-Calls", "task_name": "", "thread_id": 3672, "timestamp": "2025-10-30 03:47:33Z", "trace_name": "AuditAPITrace01"}, "properties": {"DesiredAccess": 0, "ReturnCode": 0, "TargetProcessId": 2176}, "property_types": {"DesiredAccess": "UINT32", "ReturnCode": "UINT32", "TargetProcessId": "UINT32"}}
{"header": {"activity_id": "{00000000-0000-0000-0000-000000000000}", "event_flags": 576, "event_id": 5, "event_name": "", "event_opcode": 0, "event_version": 0, "process_id": 2648, "provider_name": "Microsoft-Windows-Kernel-Audit-API-Calls", "task_name": "", "thread_id": 3672, "timestamp": "2025-10-30 03:47:33Z", "trace_name": "AuditAPITrace01"}, "properties": {"DesiredAccess": 0, "ReturnCode": 0, "TargetProcessId": 2176}, "property_types": {"DesiredAccess": "UINT32", "ReturnCode": "UINT32", "TargetProcessId": "UINT32"}}
{"header": {"activity_id": "{00000000-0000-0000-0000-000000000000}", "event_flags": 576, "event_id": 5, "event_name": "", "event_opcode": 0, "event_version": 0, "process_id": 2648, "provider_name": "Microsoft-Windows-Kernel-Audit-API-Calls", "task_name": "", "thread_id": 3672, "timestamp": "2025-10-30 03:47:33Z", "trace_name": "AuditAPITrace01"}, "properties": {"DesiredAccess": 1052672, "ReturnCode": 0, "TargetProcessId": 2176}, "property_types": {"DesiredAccess": "UINT32", "ReturnCode": "UINT32", "TargetProcessId": "UINT32"}}
{"header": {"activity_id": "{00000000-0000-0000-0000-000000000000}", "event_flags": 576, "event_id": 5, "event_name": "", "event_opcode": 0, "event_version": 0, "process_id": 704, "provider_name": "Microsoft-Windows-Kernel-Audit-API-Calls", "task_name": "", "thread_id": 4616, "timestamp": "2025-10-30 03:47:33Z", "trace_name": "AuditAPITrace01"}, "properties": {"DesiredAccess": 0, "ReturnCode": 0, "TargetProcessId": 2648}, "property_types": {"DesiredAccess": "UINT32", "ReturnCode": "UINT32", "TargetProcessId": "UINT32"}}
{"header": {"activity_id": "{00000000-0000-0000-0000-000000000000}", "event_flags": 576, "event_id": 5, "event_name": "", "event_opcode": 0, "event_version": 0, "process_id": 704, "provider_name": "Microsoft-Windows-Kernel-Audit-API-Calls", "task_name": "", "thread_id": 4616, "timestamp": "2025-10-30 03:47:33Z", "trace_name": "AuditAPITrace01"}, "properties": {"DesiredAccess": 0, "ReturnCode": 0, "TargetProcessId": 704}, "property_types": {"DesiredAccess": "UINT32", "ReturnCode": "UINT32", "TargetProcessId": "UINT32"}}
{"header": {"activity_id": "{00000000-0000-0000-0000-000000000000}", "event_flags": 576, "event_id": 5, "event_name": "", "event_opcode": 0, "event_version": 0, "process_id": 704, "provider_name": "Microsoft-Windows-Kernel-Audit-API-Calls", "task_name": "", "thread_id": 4616, "timestamp": "2025-10-30 03:47:33Z", "trace_name": "AuditAPITrace01"}, "properties": {"DesiredAccess": 0, "ReturnCode": 0, "TargetProcessId": 704}, "property_types": {"DesiredAccess": "UINT32", "ReturnCode": "UINT32", "TargetProcessId": "UINT32"}}
{"header": {"activity_id": "{00000000-0000-0000-0000-000000000000}", "event_flags": 576, "event_id": 5, "event_name": "", "event_opcode": 0, "event_version": 0, "process_id": 704, "provider_name": "Microsoft-Windows-Kernel-Audit-API-Calls", "task_name": "", "thread_id": 4616, "timestamp": "2025-10-30 03:47:33Z", "trace_name": "AuditAPITrace01"}, "properties": {"DesiredAccess": 0, "ReturnCode": 0, "TargetProcessId": 2648}, "property_types": {"DesiredAccess": "UINT32", "ReturnCode": "UINT32", "TargetProcessId": "UINT32"}}
{"header": {"activity_id": "{00000000-0000-0000-0000-000000000000}", "event_flags": 576, "event_id": 5, "event_name": "", "event_opcode": 0, "event_version": 0, "process_id": 704, "provider_name": "Microsoft-Windows-Kernel-Audit-API-Calls", "task_name": "", "thread_id": 4616, "timestamp": "2025-10-30 03:47:33Z", "trace_name": "AuditAPITrace01"}, "properties": {"DesiredAccess": 0, "ReturnCode": 0, "TargetProcessId": 2648}, "property_types": {"DesiredAccess": "UINT32", "ReturnCode": "UINT32", "TargetProcessId": "UINT32"}}
{"header": {"activity_id": "{00000000-0000-0000-0000-000000000000}", "event_flags": 576, "event_id": 5, "event_name": "", "event_opcode": 0, "event_version": 0, "process_id": 704, "provider_name": "Microsoft-Windows-Kernel-Audit-API-Calls", "task_name": "", "thread_id": 4616, "timestamp": "2025-10-30 03:47:33Z", "trace_name": "AuditAPITrace01"}, "properties": {"DesiredAccess": 4096, "ReturnCode": 0, "TargetProcessId": 2648}, "property_types": {"DesiredAccess": "UINT32", "ReturnCode": "UINT32", "TargetProcessId": "UINT32"}}
{"header": {"activity_id": "{00000000-0000-0000-0000-000000000000}", "event_flags": 576, "event_id": 7, "event_name": "", "event_opcode": 0, "event_version": 3, "process_id": 3856, "provider_name": "Microsoft-Windows-Sysmon", "task_name": "Image loaded (rule: ImageLoad) ", "thread_id": 5992, "timestamp": "2025-10-30 03:47:33Z", "trace_name": "codeintegrity"}, "properties": {"Company": "Microsoft Corporation", "Description": "Host for SCM/SDDL/LSA Lookup APIs", "FileVersion": "10.0.19041.2913 (WinBuild.160101.0800)", "Hashes": "SHA1=BBC78B7C6DD3937B2540C7C7001287A5FD937574,MD5=D5F94513E1731C22BC8854430EAA56C2,SHA256=2427BE8FE5683710405618E006AF770FEBA6E8EF20AD443B7AF7E8C1C72B63D9,IMPHASH=CE4BD072766253F6A267D0284CA82002", "Image": "C:\\Windows\\System32\\cmd.exe", "ImageLoaded": "C:\\Windows\\System32\\sechost.dll", "OriginalFileName": "sechost.dll", "ProcessGuid": "{39898580-DC27-6902-B300-000000000300}", "ProcessId": 2176, "Product": "Microsoft Windows Operating System", "RuleName": "-", "Signature": "Microsoft Windows", "SignatureStatus": "Valid", "Signed": "true", "User": "DESKTOP-3AERCN7\\cyb3r", "UtcTime": "2025-10-30 03:47:33.594"}, "property_types": {"Company": "STRINGW", "Description": "STRINGW", "FileVersion": "STRINGW", "Hashes": "STRINGW", "Image": "STRINGW", "ImageLoaded": "STRINGW", "OriginalFileName": "STRINGW", "ProcessGuid": "GUID", "ProcessId": "UINT32", "Product": "STRINGW", "RuleName": "STRINGW", "Signature": "STRINGW", "SignatureStatus": "STRINGW", "Signed": "STRINGW", "User": "STRINGW", "UtcTime": "STRINGW"}}
